<?xml version="1.0" encoding="utf-8"?>
<!DOCTYPE coverage SYSTEM "http://cobertura.sourceforge.net/xml/coverage-04.dtd">
<coverage line-rate="0.639097744360902" branch-rate="0.474137931034483" lines-covered="595" lines-valid="931" branches-covered="110" branches-valid="232" complexity="305" version="0" timestamp="1670788665">
  <sources>
    <source>C:\Users\Tarik\</source>
  </sources>
  <packages>
    <package name="TestIzboriVVS" line-rate="0.93968253968254" branch-rate="1" complexity="68">
      <classes>
        <class name="AutoGeneratedProgram" filename="C:\Users\Tarik\.nuget\packages\microsoft.net.test.sdk\17.3.2\build\netcoreapp2.1\Microsoft.NET.Test.Sdk.Program.cs" line-rate="0" branch-rate="1" complexity="1">
          <methods>
            <method name="Main" signature="(...)" line-rate="0" branch-rate="1" complexity="1">
              <lines>
                <line number="4" hits="0" branch="false" />
              </lines>
            </method>
          </methods>
          <lines>
            <line number="4" hits="0" branch="false" />
          </lines>
        </class>
        <class name="TestGlasac.UnitTestFunkcionalnost1" filename="C:\Users\Tarik\Documents\GitHub\vvs-zad1\TestIzboriVVS\UnitTestFunkcionalnost1.cs" line-rate="0.870967741935484" branch-rate="1" complexity="31">
          <methods>
            <method name="Postavi" signature="()" line-rate="1" branch-rate="1" complexity="1">
              <lines>
                <line number="20" hits="26" branch="false" />
                <line number="21" hits="26" branch="false" />
                <line number="22" hits="26" branch="false" />
              </lines>
            </method>
            <method name="TestInLineIDKod" signature="()" line-rate="1" branch-rate="1" complexity="1">
              <lines>
                <line number="27" hits="1" branch="false" />
                <line number="28" hits="1" branch="false" />
                <line number="29" hits="1" branch="false" />
                <line number="30" hits="1" branch="false" />
              </lines>
            </method>
            <method name="get_GlasacCSV" signature="()" line-rate="1" branch-rate="1" complexity="1">
              <lines>
                <line number="52" hits="1" branch="false" />
                <line number="53" hits="1" branch="false" />
                <line number="54" hits="1" branch="false" />
              </lines>
            </method>
            <method name="TestKonstruktoraGlasacaCSV" signature="(...)" line-rate="1" branch-rate="1" complexity="1">
              <lines>
                <line number="59" hits="2" branch="false" />
                <line number="60" hits="2" branch="false" />
                <line number="61" hits="2" branch="false" />
                <line number="62" hits="2" branch="false" />
                <line number="63" hits="2" branch="false" />
              </lines>
            </method>
            <method name="TestPredugoIme" signature="()" line-rate="0.666666666666667" branch-rate="1" complexity="1">
              <lines>
                <line number="68" hits="1" branch="false" />
                <line number="69" hits="1" branch="false" />
                <line number="70" hits="0" branch="false" />
              </lines>
            </method>
            <method name="TestPrekratkoIme" signature="()" line-rate="0.666666666666667" branch-rate="1" complexity="1">
              <lines>
                <line number="75" hits="1" branch="false" />
                <line number="76" hits="1" branch="false" />
                <line number="77" hits="0" branch="false" />
              </lines>
            </method>
            <method name="TestPrekratkoPrezime" signature="()" line-rate="0.666666666666667" branch-rate="1" complexity="1">
              <lines>
                <line number="82" hits="1" branch="false" />
                <line number="83" hits="1" branch="false" />
                <line number="84" hits="0" branch="false" />
              </lines>
            </method>
            <method name="TestPredugoPrezime" signature="()" line-rate="0.666666666666667" branch-rate="1" complexity="1">
              <lines>
                <line number="89" hits="1" branch="false" />
                <line number="90" hits="1" branch="false" />
                <line number="91" hits="0" branch="false" />
              </lines>
            </method>
            <method name="TestImePrazanString" signature="()" line-rate="0.666666666666667" branch-rate="1" complexity="1">
              <lines>
                <line number="96" hits="1" branch="false" />
                <line number="97" hits="1" branch="false" />
                <line number="98" hits="0" branch="false" />
              </lines>
            </method>
            <method name="TestPrezimePrazanString" signature="()" line-rate="0.666666666666667" branch-rate="1" complexity="1">
              <lines>
                <line number="104" hits="1" branch="false" />
                <line number="105" hits="1" branch="false" />
                <line number="106" hits="0" branch="false" />
              </lines>
            </method>
            <method name="TestImeNull" signature="()" line-rate="0.666666666666667" branch-rate="1" complexity="1">
              <lines>
                <line number="111" hits="1" branch="false" />
                <line number="112" hits="1" branch="false" />
                <line number="113" hits="0" branch="false" />
              </lines>
            </method>
            <method name="TestPrezimeNull" signature="()" line-rate="0.666666666666667" branch-rate="1" complexity="1">
              <lines>
                <line number="119" hits="1" branch="false" />
                <line number="120" hits="1" branch="false" />
                <line number="121" hits="0" branch="false" />
              </lines>
            </method>
            <method name="TestBrojLicneKarte" signature="()" line-rate="0.666666666666667" branch-rate="1" complexity="1">
              <lines>
                <line number="126" hits="1" branch="false" />
                <line number="127" hits="1" branch="false" />
                <line number="128" hits="0" branch="false" />
              </lines>
            </method>
            <method name="TestBrojLicneKarte2" signature="()" line-rate="0.666666666666667" branch-rate="1" complexity="1">
              <lines>
                <line number="133" hits="1" branch="false" />
                <line number="134" hits="1" branch="false" />
                <line number="135" hits="0" branch="false" />
              </lines>
            </method>
            <method name="TestBrojLicneKarte3" signature="()" line-rate="0.666666666666667" branch-rate="1" complexity="1">
              <lines>
                <line number="140" hits="1" branch="false" />
                <line number="141" hits="1" branch="false" />
                <line number="142" hits="0" branch="false" />
              </lines>
            </method>
            <method name="TestMaticniBroj" signature="()" line-rate="0.666666666666667" branch-rate="1" complexity="1">
              <lines>
                <line number="148" hits="1" branch="false" />
                <line number="149" hits="1" branch="false" />
                <line number="150" hits="0" branch="false" />
              </lines>
            </method>
            <method name="TestMaticniBroj2" signature="()" line-rate="0.666666666666667" branch-rate="1" complexity="1">
              <lines>
                <line number="155" hits="1" branch="false" />
                <line number="156" hits="1" branch="false" />
                <line number="157" hits="0" branch="false" />
              </lines>
            </method>
            <method name="TestMaticniBroj3" signature="()" line-rate="0.666666666666667" branch-rate="1" complexity="1">
              <lines>
                <line number="164" hits="1" branch="false" />
                <line number="165" hits="1" branch="false" />
                <line number="166" hits="0" branch="false" />
              </lines>
            </method>
            <method name="TestMaticniBroj4" signature="()" line-rate="0.666666666666667" branch-rate="1" complexity="1">
              <lines>
                <line number="171" hits="1" branch="false" />
                <line number="172" hits="1" branch="false" />
                <line number="173" hits="0" branch="false" />
              </lines>
            </method>
            <method name="TestNevalidanDatum" signature="()" line-rate="0.666666666666667" branch-rate="1" complexity="1">
              <lines>
                <line number="179" hits="1" branch="false" />
                <line number="180" hits="1" branch="false" />
                <line number="181" hits="0" branch="false" />
              </lines>
            </method>
            <method name="TestIdentifikacioniKod" signature="()" line-rate="1" branch-rate="1" complexity="1">
              <lines>
                <line number="185" hits="1" branch="false" />
                <line number="186" hits="1" branch="false" />
                <line number="187" hits="1" branch="false" />
                <line number="188" hits="1" branch="false" />
                <line number="189" hits="1" branch="false" />
              </lines>
            </method>
            <method name="TestIdentifikacioniKod2" signature="()" line-rate="1" branch-rate="1" complexity="1">
              <lines>
                <line number="194" hits="1" branch="false" />
                <line number="195" hits="1" branch="false" />
                <line number="196" hits="1" branch="false" />
                <line number="197" hits="1" branch="false" />
                <line number="198" hits="1" branch="false" />
              </lines>
            </method>
            <method name="TestIdentifikacioniKod3" signature="()" line-rate="1" branch-rate="1" complexity="1">
              <lines>
                <line number="202" hits="1" branch="false" />
                <line number="203" hits="1" branch="false" />
                <line number="204" hits="1" branch="false" />
                <line number="205" hits="1" branch="false" />
                <line number="206" hits="1" branch="false" />
              </lines>
            </method>
            <method name="TestPostaviVrijednosti" signature="()" line-rate="1" branch-rate="1" complexity="1">
              <lines>
                <line number="211" hits="1" branch="false" />
                <line number="212" hits="1" branch="false" />
                <line number="213" hits="1" branch="false" />
                <line number="214" hits="1" branch="false" />
                <line number="215" hits="1" branch="false" />
                <line number="216" hits="1" branch="false" />
                <line number="217" hits="1" branch="false" />
                <line number="218" hits="1" branch="false" />
                <line number="220" hits="1" branch="false" />
                <line number="221" hits="1" branch="false" />
                <line number="222" hits="1" branch="false" />
              </lines>
            </method>
            <method name="TestDaLiJeGlasao" signature="()" line-rate="1" branch-rate="1" complexity="1">
              <lines>
                <line number="227" hits="1" branch="false" />
                <line number="228" hits="1" branch="false" />
                <line number="229" hits="1" branch="false" />
                <line number="230" hits="1" branch="false" />
                <line number="231" hits="1" branch="false" />
                <line number="232" hits="1" branch="false" />
                <line number="233" hits="1" branch="false" />
                <line number="234" hits="1" branch="false" />
                <line number="236" hits="1" branch="false" />
                <line number="237" hits="1" branch="false" />
                <line number="238" hits="1" branch="false" />
                <line number="239" hits="1" branch="false" />
              </lines>
            </method>
            <method name="TestDaLiJeGlasao2" signature="()" line-rate="1" branch-rate="1" complexity="1">
              <lines>
                <line number="243" hits="1" branch="false" />
                <line number="244" hits="1" branch="false" />
                <line number="245" hits="1" branch="false" />
                <line number="246" hits="1" branch="false" />
                <line number="247" hits="1" branch="false" />
              </lines>
            </method>
            <method name="TestDuzinaIdentifikacijskogKoda" signature="()" line-rate="1" branch-rate="1" complexity="1">
              <lines>
                <line number="251" hits="1" branch="false" />
                <line number="252" hits="1" branch="false" />
                <line number="253" hits="1" branch="false" />
                <line number="254" hits="1" branch="false" />
              </lines>
            </method>
            <method name="UčitajPodatkeCSV" signature="()" line-rate="1" branch-rate="1" complexity="4">
              <lines>
                <line number="34" hits="2" branch="false" />
                <line number="35" hits="2" branch="false" />
                <line number="36" hits="2" branch="false" />
                <line number="37" hits="2" branch="false" />
                <line number="38" hits="2" branch="false" />
                <line number="39" hits="11" branch="true" condition-coverage="100% (2/2)" />
                <line number="40" hits="3" branch="false" />
                <line number="41" hits="3" branch="true" condition-coverage="100% (2/2)" />
                <line number="42" hits="24" branch="false" />
                <line number="43" hits="3" branch="false" />
                <line number="44" hits="3" branch="false" />
                <line number="45" hits="2" branch="false" />
                <line number="46" hits="1" branch="false" />
                <line number="47" hits="1" branch="false" />
              </lines>
            </method>
          </methods>
          <lines>
            <line number="20" hits="26" branch="false" />
            <line number="21" hits="26" branch="false" />
            <line number="22" hits="26" branch="false" />
            <line number="27" hits="1" branch="false" />
            <line number="28" hits="1" branch="false" />
            <line number="29" hits="1" branch="false" />
            <line number="30" hits="1" branch="false" />
            <line number="34" hits="2" branch="false" />
            <line number="35" hits="2" branch="false" />
            <line number="36" hits="2" branch="false" />
            <line number="37" hits="2" branch="false" />
            <line number="38" hits="2" branch="false" />
            <line number="39" hits="11" branch="true" condition-coverage="100% (2/2)" />
            <line number="40" hits="3" branch="false" />
            <line number="41" hits="3" branch="true" condition-coverage="100% (2/2)" />
            <line number="42" hits="24" branch="false" />
            <line number="43" hits="3" branch="false" />
            <line number="44" hits="3" branch="false" />
            <line number="45" hits="2" branch="false" />
            <line number="46" hits="1" branch="false" />
            <line number="47" hits="1" branch="false" />
            <line number="52" hits="1" branch="false" />
            <line number="53" hits="1" branch="false" />
            <line number="54" hits="1" branch="false" />
            <line number="59" hits="2" branch="false" />
            <line number="60" hits="2" branch="false" />
            <line number="61" hits="2" branch="false" />
            <line number="62" hits="2" branch="false" />
            <line number="63" hits="2" branch="false" />
            <line number="68" hits="1" branch="false" />
            <line number="69" hits="1" branch="false" />
            <line number="70" hits="0" branch="false" />
            <line number="75" hits="1" branch="false" />
            <line number="76" hits="1" branch="false" />
            <line number="77" hits="0" branch="false" />
            <line number="82" hits="1" branch="false" />
            <line number="83" hits="1" branch="false" />
            <line number="84" hits="0" branch="false" />
            <line number="89" hits="1" branch="false" />
            <line number="90" hits="1" branch="false" />
            <line number="91" hits="0" branch="false" />
            <line number="96" hits="1" branch="false" />
            <line number="97" hits="1" branch="false" />
            <line number="98" hits="0" branch="false" />
            <line number="104" hits="1" branch="false" />
            <line number="105" hits="1" branch="false" />
            <line number="106" hits="0" branch="false" />
            <line number="111" hits="1" branch="false" />
            <line number="112" hits="1" branch="false" />
            <line number="113" hits="0" branch="false" />
            <line number="119" hits="1" branch="false" />
            <line number="120" hits="1" branch="false" />
            <line number="121" hits="0" branch="false" />
            <line number="126" hits="1" branch="false" />
            <line number="127" hits="1" branch="false" />
            <line number="128" hits="0" branch="false" />
            <line number="133" hits="1" branch="false" />
            <line number="134" hits="1" branch="false" />
            <line number="135" hits="0" branch="false" />
            <line number="140" hits="1" branch="false" />
            <line number="141" hits="1" branch="false" />
            <line number="142" hits="0" branch="false" />
            <line number="148" hits="1" branch="false" />
            <line number="149" hits="1" branch="false" />
            <line number="150" hits="0" branch="false" />
            <line number="155" hits="1" branch="false" />
            <line number="156" hits="1" branch="false" />
            <line number="157" hits="0" branch="false" />
            <line number="164" hits="1" branch="false" />
            <line number="165" hits="1" branch="false" />
            <line number="166" hits="0" branch="false" />
            <line number="171" hits="1" branch="false" />
            <line number="172" hits="1" branch="false" />
            <line number="173" hits="0" branch="false" />
            <line number="179" hits="1" branch="false" />
            <line number="180" hits="1" branch="false" />
            <line number="181" hits="0" branch="false" />
            <line number="185" hits="1" branch="false" />
            <line number="186" hits="1" branch="false" />
            <line number="187" hits="1" branch="false" />
            <line number="188" hits="1" branch="false" />
            <line number="189" hits="1" branch="false" />
            <line number="194" hits="1" branch="false" />
            <line number="195" hits="1" branch="false" />
            <line number="196" hits="1" branch="false" />
            <line number="197" hits="1" branch="false" />
            <line number="198" hits="1" branch="false" />
            <line number="202" hits="1" branch="false" />
            <line number="203" hits="1" branch="false" />
            <line number="204" hits="1" branch="false" />
            <line number="205" hits="1" branch="false" />
            <line number="206" hits="1" branch="false" />
            <line number="211" hits="1" branch="false" />
            <line number="212" hits="1" branch="false" />
            <line number="213" hits="1" branch="false" />
            <line number="214" hits="1" branch="false" />
            <line number="215" hits="1" branch="false" />
            <line number="216" hits="1" branch="false" />
            <line number="217" hits="1" branch="false" />
            <line number="218" hits="1" branch="false" />
            <line number="220" hits="1" branch="false" />
            <line number="221" hits="1" branch="false" />
            <line number="222" hits="1" branch="false" />
            <line number="227" hits="1" branch="false" />
            <line number="228" hits="1" branch="false" />
            <line number="229" hits="1" branch="false" />
            <line number="230" hits="1" branch="false" />
            <line number="231" hits="1" branch="false" />
            <line number="232" hits="1" branch="false" />
            <line number="233" hits="1" branch="false" />
            <line number="234" hits="1" branch="false" />
            <line number="236" hits="1" branch="false" />
            <line number="237" hits="1" branch="false" />
            <line number="238" hits="1" branch="false" />
            <line number="239" hits="1" branch="false" />
            <line number="243" hits="1" branch="false" />
            <line number="244" hits="1" branch="false" />
            <line number="245" hits="1" branch="false" />
            <line number="246" hits="1" branch="false" />
            <line number="247" hits="1" branch="false" />
            <line number="251" hits="1" branch="false" />
            <line number="252" hits="1" branch="false" />
            <line number="253" hits="1" branch="false" />
            <line number="254" hits="1" branch="false" />
          </lines>
        </class>
        <class name="TestIzboriVVS.UnitTestDrugi" filename="C:\Users\Tarik\Documents\GitHub\vvs-zad1\TestIzboriVVS\UnitTestDrugi.cs" line-rate="0.882352941176471" branch-rate="1" complexity="3">
          <methods>
            <method name="inicijalizacija" signature="(...)" line-rate="1" branch-rate="1" complexity="1">
              <lines>
                <line number="19" hits="1" branch="false" />
                <line number="20" hits="1" branch="false" />
                <line number="21" hits="1" branch="false" />
              </lines>
            </method>
            <method name="InicijalizacijaPrijeSvakogTesta" signature="()" line-rate="1" branch-rate="1" complexity="1">
              <lines>
                <line number="24" hits="1" branch="false" />
                <line number="25" hits="1" branch="false" />
                <line number="26" hits="1" branch="false" />
              </lines>
            </method>
            <method name="TestZamjenskiObjekat" signature="()" line-rate="0.818181818181818" branch-rate="1" complexity="1">
              <lines>
                <line number="31" hits="1" branch="false" />
                <line number="32" hits="1" branch="false" />
                <line number="33" hits="1" branch="false" />
                <line number="35" hits="1" branch="false" />
                <line number="36" hits="1" branch="false" />
                <line number="37" hits="1" branch="false" />
                <line number="38" hits="0" branch="false" />
                <line number="39" hits="2" branch="false" />
                <line number="40" hits="1" branch="false" />
                <line number="41" hits="1" branch="false" />
                <line number="43" hits="0" branch="false" />
              </lines>
            </method>
          </methods>
          <lines>
            <line number="19" hits="1" branch="false" />
            <line number="20" hits="1" branch="false" />
            <line number="21" hits="1" branch="false" />
            <line number="24" hits="1" branch="false" />
            <line number="25" hits="1" branch="false" />
            <line number="26" hits="1" branch="false" />
            <line number="31" hits="1" branch="false" />
            <line number="32" hits="1" branch="false" />
            <line number="33" hits="1" branch="false" />
            <line number="35" hits="1" branch="false" />
            <line number="36" hits="1" branch="false" />
            <line number="37" hits="1" branch="false" />
            <line number="38" hits="0" branch="false" />
            <line number="39" hits="2" branch="false" />
            <line number="40" hits="1" branch="false" />
            <line number="41" hits="1" branch="false" />
            <line number="43" hits="0" branch="false" />
          </lines>
        </class>
        <class name="TestIzboriVVS.UnitTestFunkcionalnost5" filename="C:\Users\Tarik\Documents\GitHub\vvs-zad1\TestIzboriVVS\UnitTestFunkcionalnost5.cs" line-rate="1" branch-rate="1" complexity="20">
          <methods>
            <method name="inicijalizacija" signature="(...)" line-rate="1" branch-rate="1" complexity="1">
              <lines>
                <line number="22" hits="1" branch="false" />
                <line number="23" hits="1" branch="false" />
                <line number="24" hits="1" branch="false" />
                <line number="25" hits="1" branch="false" />
              </lines>
            </method>
            <method name="InicijalizacijaPrijeSvakogTesta" signature="()" line-rate="1" branch-rate="1" complexity="1">
              <lines>
                <line number="28" hits="18" branch="false" />
                <line number="29" hits="18" branch="false" />
                <line number="30" hits="18" branch="false" />
                <line number="31" hits="18" branch="false" />
                <line number="32" hits="18" branch="false" />
                <line number="33" hits="18" branch="false" />
              </lines>
            </method>
            <method name="ProvjeraPogresneSifreTest" signature="()" line-rate="1" branch-rate="1" complexity="1">
              <lines>
                <line number="37" hits="1" branch="false" />
                <line number="38" hits="1" branch="false" />
                <line number="39" hits="1" branch="false" />
              </lines>
            </method>
            <method name="ProvjeraIspravneSifreTest" signature="()" line-rate="1" branch-rate="1" complexity="1">
              <lines>
                <line number="43" hits="1" branch="false" />
                <line number="44" hits="1" branch="false" />
                <line number="45" hits="1" branch="false" />
              </lines>
            </method>
            <method name="RestartGlasanjaTest" signature="()" line-rate="1" branch-rate="1" complexity="1">
              <lines>
                <line number="48" hits="1" branch="false" />
                <line number="49" hits="1" branch="false" />
                <line number="50" hits="1" branch="false" />
                <line number="51" hits="1" branch="false" />
                <line number="52" hits="1" branch="false" />
                <line number="53" hits="1" branch="false" />
                <line number="54" hits="1" branch="false" />
              </lines>
            </method>
            <method name="RestartGlasanja2Test" signature="()" line-rate="1" branch-rate="1" complexity="1">
              <lines>
                <line number="57" hits="1" branch="false" />
                <line number="58" hits="1" branch="false" />
                <line number="59" hits="1" branch="false" />
                <line number="60" hits="1" branch="false" />
                <line number="61" hits="1" branch="false" />
                <line number="62" hits="1" branch="false" />
                <line number="63" hits="1" branch="false" />
                <line number="64" hits="1" branch="false" />
                <line number="65" hits="1" branch="false" />
                <line number="66" hits="1" branch="false" />
              </lines>
            </method>
            <method name="TestProvjeraNeispravneSifreCSV" signature="(...)" line-rate="1" branch-rate="1" complexity="1">
              <lines>
                <line number="72" hits="9" branch="false" />
                <line number="73" hits="9" branch="false" />
                <line number="74" hits="9" branch="false" />
              </lines>
            </method>
            <method name="TestRestartovanjGlasaCSV" signature="(...)" line-rate="1" branch-rate="1" complexity="2">
              <lines>
                <line number="79" hits="5" branch="false" />
                <line number="80" hits="5" branch="false" />
                <line number="81" hits="30" branch="true" condition-coverage="100% (2/2)" />
                <line number="82" hits="10" branch="false" />
                <line number="83" hits="10" branch="false" />
                <line number="84" hits="10" branch="false" />
                <line number="85" hits="5" branch="false" />
                <line number="86" hits="5" branch="false" />
                <line number="87" hits="5" branch="false" />
                <line number="89" hits="5" branch="false" />
              </lines>
            </method>
            <method name="toIn1t" signature="(...)" line-rate="1" branch-rate="1" complexity="1">
              <lines>
                <line number="123" hits="24" branch="false" />
                <line number="124" hits="24" branch="false" />
                <line number="125" hits="24" branch="false" />
              </lines>
            </method>
            <method name="get_SifreCSV" signature="()" line-rate="1" branch-rate="1" complexity="1">
              <lines>
                <line number="129" hits="1" branch="false" />
                <line number="130" hits="1" branch="false" />
                <line number="131" hits="1" branch="false" />
              </lines>
            </method>
            <method name="get_GlasoviCSV" signature="()" line-rate="1" branch-rate="1" complexity="1">
              <lines>
                <line number="136" hits="1" branch="false" />
                <line number="137" hits="1" branch="false" />
                <line number="138" hits="1" branch="false" />
              </lines>
            </method>
            <method name="UčitajGlasoveCSV" signature="()" line-rate="1" branch-rate="1" complexity="4">
              <lines>
                <line number="106" hits="2" branch="false" />
                <line number="107" hits="2" branch="false" />
                <line number="108" hits="2" branch="false" />
                <line number="109" hits="2" branch="false" />
                <line number="110" hits="2" branch="false" />
                <line number="111" hits="17" branch="true" condition-coverage="100% (2/2)" />
                <line number="112" hits="6" branch="false" />
                <line number="113" hits="6" branch="true" condition-coverage="100% (2/2)" />
                <line number="114" hits="24" branch="false" />
                <line number="115" hits="6" branch="false" />
                <line number="116" hits="6" branch="false" />
                <line number="117" hits="6" branch="false" />
                <line number="118" hits="6" branch="false" />
                <line number="119" hits="5" branch="false" />
                <line number="120" hits="1" branch="false" />
                <line number="121" hits="1" branch="false" />
              </lines>
            </method>
            <method name="UčitajPodatkeCSV" signature="()" line-rate="1" branch-rate="1" complexity="4">
              <lines>
                <line number="92" hits="2" branch="false" />
                <line number="93" hits="2" branch="false" />
                <line number="94" hits="2" branch="false" />
                <line number="95" hits="2" branch="false" />
                <line number="96" hits="2" branch="false" />
                <line number="97" hits="25" branch="true" condition-coverage="100% (2/2)" />
                <line number="98" hits="10" branch="false" />
                <line number="99" hits="10" branch="true" condition-coverage="100% (2/2)" />
                <line number="100" hits="20" branch="false" />
                <line number="101" hits="10" branch="false" />
                <line number="102" hits="9" branch="false" />
                <line number="103" hits="1" branch="false" />
                <line number="104" hits="1" branch="false" />
              </lines>
            </method>
          </methods>
          <lines>
            <line number="22" hits="1" branch="false" />
            <line number="23" hits="1" branch="false" />
            <line number="24" hits="1" branch="false" />
            <line number="25" hits="1" branch="false" />
            <line number="28" hits="18" branch="false" />
            <line number="29" hits="18" branch="false" />
            <line number="30" hits="18" branch="false" />
            <line number="31" hits="18" branch="false" />
            <line number="32" hits="18" branch="false" />
            <line number="33" hits="18" branch="false" />
            <line number="37" hits="1" branch="false" />
            <line number="38" hits="1" branch="false" />
            <line number="39" hits="1" branch="false" />
            <line number="43" hits="1" branch="false" />
            <line number="44" hits="1" branch="false" />
            <line number="45" hits="1" branch="false" />
            <line number="48" hits="1" branch="false" />
            <line number="49" hits="1" branch="false" />
            <line number="50" hits="1" branch="false" />
            <line number="51" hits="1" branch="false" />
            <line number="52" hits="1" branch="false" />
            <line number="53" hits="1" branch="false" />
            <line number="54" hits="1" branch="false" />
            <line number="57" hits="1" branch="false" />
            <line number="58" hits="1" branch="false" />
            <line number="59" hits="1" branch="false" />
            <line number="60" hits="1" branch="false" />
            <line number="61" hits="1" branch="false" />
            <line number="62" hits="1" branch="false" />
            <line number="63" hits="1" branch="false" />
            <line number="64" hits="1" branch="false" />
            <line number="65" hits="1" branch="false" />
            <line number="66" hits="1" branch="false" />
            <line number="72" hits="9" branch="false" />
            <line number="73" hits="9" branch="false" />
            <line number="74" hits="9" branch="false" />
            <line number="79" hits="5" branch="false" />
            <line number="80" hits="5" branch="false" />
            <line number="81" hits="30" branch="true" condition-coverage="100% (2/2)" />
            <line number="82" hits="10" branch="false" />
            <line number="83" hits="10" branch="false" />
            <line number="84" hits="10" branch="false" />
            <line number="85" hits="5" branch="false" />
            <line number="86" hits="5" branch="false" />
            <line number="87" hits="5" branch="false" />
            <line number="89" hits="5" branch="false" />
            <line number="92" hits="2" branch="false" />
            <line number="93" hits="2" branch="false" />
            <line number="94" hits="2" branch="false" />
            <line number="95" hits="2" branch="false" />
            <line number="96" hits="2" branch="false" />
            <line number="97" hits="25" branch="true" condition-coverage="100% (2/2)" />
            <line number="98" hits="10" branch="false" />
            <line number="99" hits="10" branch="true" condition-coverage="100% (2/2)" />
            <line number="100" hits="20" branch="false" />
            <line number="101" hits="10" branch="false" />
            <line number="102" hits="9" branch="false" />
            <line number="103" hits="1" branch="false" />
            <line number="104" hits="1" branch="false" />
            <line number="106" hits="2" branch="false" />
            <line number="107" hits="2" branch="false" />
            <line number="108" hits="2" branch="false" />
            <line number="109" hits="2" branch="false" />
            <line number="110" hits="2" branch="false" />
            <line number="111" hits="17" branch="true" condition-coverage="100% (2/2)" />
            <line number="112" hits="6" branch="false" />
            <line number="113" hits="6" branch="true" condition-coverage="100% (2/2)" />
            <line number="114" hits="24" branch="false" />
            <line number="115" hits="6" branch="false" />
            <line number="116" hits="6" branch="false" />
            <line number="117" hits="6" branch="false" />
            <line number="118" hits="6" branch="false" />
            <line number="119" hits="5" branch="false" />
            <line number="120" hits="1" branch="false" />
            <line number="121" hits="1" branch="false" />
            <line number="123" hits="24" branch="false" />
            <line number="124" hits="24" branch="false" />
            <line number="125" hits="24" branch="false" />
            <line number="129" hits="1" branch="false" />
            <line number="130" hits="1" branch="false" />
            <line number="131" hits="1" branch="false" />
            <line number="136" hits="1" branch="false" />
            <line number="137" hits="1" branch="false" />
            <line number="138" hits="1" branch="false" />
          </lines>
        </class>
        <class name="TestnaKlasa.UnitTest1" filename="C:\Users\Tarik\Documents\GitHub\vvs-zad1\TestIzboriVVS\UnitTest1.cs" line-rate="1" branch-rate="1" complexity="1">
          <methods>
            <method name="TestDaLiSeGlasaloZaKandidata" signature="()" line-rate="1" branch-rate="1" complexity="1">
              <lines>
                <line number="11" hits="1" branch="false" />
                <line number="12" hits="1" branch="false" />
                <line number="13" hits="1" branch="false" />
                <line number="15" hits="1" branch="false" />
                <line number="17" hits="1" branch="false" />
                <line number="18" hits="1" branch="false" />
              </lines>
            </method>
          </methods>
          <lines>
            <line number="11" hits="1" branch="false" />
            <line number="12" hits="1" branch="false" />
            <line number="13" hits="1" branch="false" />
            <line number="15" hits="1" branch="false" />
            <line number="17" hits="1" branch="false" />
            <line number="18" hits="1" branch="false" />
          </lines>
        </class>
        <class name="TestVVS.UnitTestFunkcionalnost3" filename="C:\Users\Tarik\Documents\GitHub\vvs-zad1\TestIzboriVVS\UnitTestFunkcionalnost3.cs" line-rate="1" branch-rate="1" complexity="12">
          <methods>
            <method name="inicijalizacija" signature="(...)" line-rate="1" branch-rate="1" complexity="1">
              <lines>
                <line number="24" hits="1" branch="false" />
                <line number="25" hits="1" branch="false" />
                <line number="26" hits="1" branch="false" />
                <line number="27" hits="1" branch="false" />
              </lines>
            </method>
            <method name="InicijalizacijaPrijeSvakogTesta" signature="()" line-rate="1" branch-rate="1" complexity="1">
              <lines>
                <line number="33" hits="5" branch="false" />
                <line number="34" hits="5" branch="false" />
                <line number="35" hits="5" branch="false" />
                <line number="36" hits="5" branch="false" />
                <line number="37" hits="5" branch="false" />
                <line number="38" hits="5" branch="false" />
              </lines>
            </method>
            <method name="IspisStranakaTest" signature="()" line-rate="1" branch-rate="1" complexity="1">
              <lines>
                <line number="45" hits="1" branch="false" />
                <line number="46" hits="1" branch="false" />
                <line number="47" hits="1" branch="false" />
                <line number="48" hits="1" branch="false" />
                <line number="50" hits="1" branch="false" />
                <line number="51" hits="1" branch="false" />
                <line number="52" hits="1" branch="false" />
              </lines>
            </method>
            <method name="IspisStranakaTest1" signature="()" line-rate="1" branch-rate="1" complexity="1">
              <lines>
                <line number="58" hits="1" branch="false" />
                <line number="59" hits="1" branch="false" />
                <line number="60" hits="1" branch="false" />
                <line number="61" hits="1" branch="false" />
                <line number="62" hits="1" branch="false" />
                <line number="63" hits="1" branch="false" />
                <line number="64" hits="1" branch="false" />
                <line number="65" hits="1" branch="false" />
                <line number="66" hits="1" branch="false" />
                <line number="67" hits="1" branch="false" />
                <line number="68" hits="1" branch="false" />
                <line number="69" hits="1" branch="false" />
              </lines>
            </method>
            <method name="IspisStranakaTest2" signature="()" line-rate="1" branch-rate="1" complexity="1">
              <lines>
                <line number="75" hits="1" branch="false" />
                <line number="76" hits="1" branch="false" />
                <line number="77" hits="1" branch="false" />
                <line number="78" hits="1" branch="false" />
                <line number="79" hits="1" branch="false" />
                <line number="80" hits="1" branch="false" />
                <line number="81" hits="1" branch="false" />
                <line number="82" hits="1" branch="false" />
                <line number="83" hits="1" branch="false" />
                <line number="84" hits="1" branch="false" />
                <line number="85" hits="1" branch="false" />
                <line number="86" hits="1" branch="false" />
                <line number="87" hits="1" branch="false" />
                <line number="88" hits="1" branch="false" />
                <line number="89" hits="1" branch="false" />
              </lines>
            </method>
            <method name="IspisStranakaTest3" signature="()" line-rate="1" branch-rate="1" complexity="1">
              <lines>
                <line number="95" hits="1" branch="false" />
                <line number="96" hits="1" branch="false" />
                <line number="97" hits="1" branch="false" />
                <line number="98" hits="1" branch="false" />
                <line number="99" hits="1" branch="false" />
                <line number="100" hits="1" branch="false" />
                <line number="101" hits="1" branch="false" />
                <line number="102" hits="1" branch="false" />
                <line number="103" hits="1" branch="false" />
                <line number="104" hits="1" branch="false" />
                <line number="105" hits="1" branch="false" />
                <line number="106" hits="1" branch="false" />
                <line number="107" hits="1" branch="false" />
                <line number="108" hits="1" branch="false" />
                <line number="109" hits="1" branch="false" />
                <line number="110" hits="1" branch="false" />
              </lines>
            </method>
            <method name="IspisStranakaTest4" signature="()" line-rate="1" branch-rate="1" complexity="6">
              <lines>
                <line number="116" hits="1" branch="false" />
                <line number="117" hits="1" branch="false" />
                <line number="118" hits="1" branch="false" />
                <line number="119" hits="1" branch="false" />
                <line number="120" hits="1" branch="false" />
                <line number="121" hits="1" branch="false" />
                <line number="122" hits="1" branch="false" />
                <line number="123" hits="1" branch="false" />
                <line number="124" hits="1" branch="false" />
                <line number="125" hits="1" branch="false" />
                <line number="126" hits="1" branch="false" />
                <line number="127" hits="14" branch="true" condition-coverage="100% (2/2)" />
                <line number="128" hits="6" branch="false" />
                <line number="129" hits="72" branch="true" condition-coverage="100% (2/2)" />
                <line number="130" hits="30" branch="false" />
                <line number="131" hits="30" branch="true" condition-coverage="100% (2/2)" />
                <line number="132" hits="2" branch="false" />
                <line number="133" hits="4" branch="false" />
                <line number="134" hits="2" branch="false" />
                <line number="135" hits="30" branch="false" />
                <line number="136" hits="6" branch="false" />
                <line number="137" hits="1" branch="false" />
                <line number="138" hits="1" branch="false" />
              </lines>
            </method>
          </methods>
          <lines>
            <line number="24" hits="1" branch="false" />
            <line number="25" hits="1" branch="false" />
            <line number="26" hits="1" branch="false" />
            <line number="27" hits="1" branch="false" />
            <line number="33" hits="5" branch="false" />
            <line number="34" hits="5" branch="false" />
            <line number="35" hits="5" branch="false" />
            <line number="36" hits="5" branch="false" />
            <line number="37" hits="5" branch="false" />
            <line number="38" hits="5" branch="false" />
            <line number="45" hits="1" branch="false" />
            <line number="46" hits="1" branch="false" />
            <line number="47" hits="1" branch="false" />
            <line number="48" hits="1" branch="false" />
            <line number="50" hits="1" branch="false" />
            <line number="51" hits="1" branch="false" />
            <line number="52" hits="1" branch="false" />
            <line number="58" hits="1" branch="false" />
            <line number="59" hits="1" branch="false" />
            <line number="60" hits="1" branch="false" />
            <line number="61" hits="1" branch="false" />
            <line number="62" hits="1" branch="false" />
            <line number="63" hits="1" branch="false" />
            <line number="64" hits="1" branch="false" />
            <line number="65" hits="1" branch="false" />
            <line number="66" hits="1" branch="false" />
            <line number="67" hits="1" branch="false" />
            <line number="68" hits="1" branch="false" />
            <line number="69" hits="1" branch="false" />
            <line number="75" hits="1" branch="false" />
            <line number="76" hits="1" branch="false" />
            <line number="77" hits="1" branch="false" />
            <line number="78" hits="1" branch="false" />
            <line number="79" hits="1" branch="false" />
            <line number="80" hits="1" branch="false" />
            <line number="81" hits="1" branch="false" />
            <line number="82" hits="1" branch="false" />
            <line number="83" hits="1" branch="false" />
            <line number="84" hits="1" branch="false" />
            <line number="85" hits="1" branch="false" />
            <line number="86" hits="1" branch="false" />
            <line number="87" hits="1" branch="false" />
            <line number="88" hits="1" branch="false" />
            <line number="89" hits="1" branch="false" />
            <line number="95" hits="1" branch="false" />
            <line number="96" hits="1" branch="false" />
            <line number="97" hits="1" branch="false" />
            <line number="98" hits="1" branch="false" />
            <line number="99" hits="1" branch="false" />
            <line number="100" hits="1" branch="false" />
            <line number="101" hits="1" branch="false" />
            <line number="102" hits="1" branch="false" />
            <line number="103" hits="1" branch="false" />
            <line number="104" hits="1" branch="false" />
            <line number="105" hits="1" branch="false" />
            <line number="106" hits="1" branch="false" />
            <line number="107" hits="1" branch="false" />
            <line number="108" hits="1" branch="false" />
            <line number="109" hits="1" branch="false" />
            <line number="110" hits="1" branch="false" />
            <line number="116" hits="1" branch="false" />
            <line number="117" hits="1" branch="false" />
            <line number="118" hits="1" branch="false" />
            <line number="119" hits="1" branch="false" />
            <line number="120" hits="1" branch="false" />
            <line number="121" hits="1" branch="false" />
            <line number="122" hits="1" branch="false" />
            <line number="123" hits="1" branch="false" />
            <line number="124" hits="1" branch="false" />
            <line number="125" hits="1" branch="false" />
            <line number="126" hits="1" branch="false" />
            <line number="127" hits="14" branch="true" condition-coverage="100% (2/2)" />
            <line number="128" hits="6" branch="false" />
            <line number="129" hits="72" branch="true" condition-coverage="100% (2/2)" />
            <line number="130" hits="30" branch="false" />
            <line number="131" hits="30" branch="true" condition-coverage="100% (2/2)" />
            <line number="132" hits="2" branch="false" />
            <line number="133" hits="4" branch="false" />
            <line number="134" hits="2" branch="false" />
            <line number="135" hits="30" branch="false" />
            <line number="136" hits="6" branch="false" />
            <line number="137" hits="1" branch="false" />
            <line number="138" hits="1" branch="false" />
          </lines>
        </class>
      </classes>
    </package>
    <package name="vvs zad1" line-rate="0.48538961038961" branch-rate="0.424528301886792" complexity="237">
      <classes>
        <class name="vvs_zad1.Glasac" filename="C:\Users\Tarik\Documents\GitHub\vvs-zad1\vvs zad1\Glasac.cs" line-rate="0.952380952380952" branch-rate="0.880952380952381" complexity="45">
          <methods>
            <method name="VjerodostojnostGlasaca" signature="(...)" line-rate="1" branch-rate="1" complexity="2">
              <lines>
                <line number="19" hits="2" branch="false" />
                <line number="20" hits="2" branch="true" condition-coverage="100% (2/2)" />
                <line number="21" hits="1" branch="false" />
                <line number="22" hits="1" branch="false" />
                <line number="23" hits="1" branch="false" />
              </lines>
            </method>
            <method name="validirajPodatke" signature="(...)" line-rate="0.941176470588235" branch-rate="0.888888888888889" complexity="36">
              <lines>
                <line number="27" hits="353" branch="false" />
                <line number="29" hits="353" branch="false" />
                <line number="30" hits="353" branch="false" />
                <line number="32" hits="353" branch="false" />
                <line number="33" hits="353" branch="true" condition-coverage="100% (2/2)" />
                <line number="35" hits="351" branch="false" />
                <line number="36" hits="351" branch="true" condition-coverage="100% (2/2)" />
                <line number="39" hits="349" branch="true" condition-coverage="100% (4/4)" />
                <line number="40" hits="2" branch="false" />
                <line number="42" hits="347" branch="true" condition-coverage="100% (4/4)" />
                <line number="43" hits="2" branch="false" />
                <line number="45" hits="345" branch="true" condition-coverage="50% (2/4)" />
                <line number="46" hits="0" branch="false" />
                <line number="49" hits="345" branch="false" />
                <line number="50" hits="345" branch="false" />
                <line number="51" hits="345" branch="true" condition-coverage="100% (2/2)" />
                <line number="52" hits="1" branch="false" />
                <line number="55" hits="344" branch="true" condition-coverage="100% (4/4)" />
                <line number="56" hits="2" branch="false" />
                <line number="57" hits="342" branch="false" />
                <line number="58" hits="342" branch="false" />
                <line number="59" hits="343" branch="true" condition-coverage="100% (2/2)" />
                <line number="62" hits="341" branch="true" condition-coverage="100% (4/4)" />
                <line number="63" hits="2" branch="false" />
                <line number="65" hits="9781" branch="true" condition-coverage="100% (2/2)" />
                <line number="66" hits="4383" branch="false" />
                <line number="67" hits="4383" branch="true" condition-coverage="75% (3/4)" />
                <line number="68" hits="2" branch="false" />
                <line number="69" hits="4381" branch="false" />
                <line number="71" hits="337" branch="false" />
                <line number="73" hits="337" branch="true" condition-coverage="50% (1/2)" />
                <line number="74" hits="0" branch="false" />
                <line number="76" hits="337" branch="false" />
                <line number="77" hits="351" branch="false" />
              </lines>
            </method>
            <method name="getidentifikacijskiKod" signature="()" line-rate="1" branch-rate="1" complexity="1">
              <lines>
                <line number="103" hits="29" branch="false" />
                <line number="104" hits="29" branch="false" />
                <line number="105" hits="29" branch="false" />
              </lines>
            </method>
            <method name="setGlasao" signature="(...)" line-rate="1" branch-rate="1" complexity="1">
              <lines>
                <line number="107" hits="28" branch="false" />
                <line number="108" hits="28" branch="false" />
                <line number="109" hits="28" branch="false" />
              </lines>
            </method>
            <method name="getGlasao" signature="()" line-rate="1" branch-rate="1" complexity="1">
              <lines>
                <line number="111" hits="146" branch="false" />
                <line number="112" hits="146" branch="false" />
                <line number="113" hits="146" branch="false" />
              </lines>
            </method>
            <method name=".ctor" signature="(...)" line-rate="0.933333333333333" branch-rate="0.75" complexity="4">
              <lines>
                <line number="80" hits="353" branch="false" />
                <line number="81" hits="353" branch="false" />
                <line number="83" hits="353" branch="false" />
                <line number="85" hits="351" branch="false" />
                <line number="87" hits="348" branch="true" condition-coverage="100% (2/2)" />
                <line number="88" hits="11" branch="false" />
                <line number="92" hits="337" branch="true" condition-coverage="50% (1/2)" />
                <line number="93" hits="337" branch="false" />
                <line number="95" hits="0" branch="false" />
                <line number="96" hits="337" branch="false" />
                <line number="97" hits="337" branch="false" />
                <line number="98" hits="337" branch="false" />
                <line number="99" hits="337" branch="false" />
                <line number="100" hits="337" branch="false" />
                <line number="101" hits="337" branch="false" />
              </lines>
            </method>
          </methods>
          <lines>
            <line number="19" hits="2" branch="false" />
            <line number="20" hits="2" branch="true" condition-coverage="100% (2/2)" />
            <line number="21" hits="1" branch="false" />
            <line number="22" hits="1" branch="false" />
            <line number="23" hits="1" branch="false" />
            <line number="27" hits="353" branch="false" />
            <line number="29" hits="353" branch="false" />
            <line number="30" hits="353" branch="false" />
            <line number="32" hits="353" branch="false" />
            <line number="33" hits="353" branch="true" condition-coverage="100% (2/2)" />
            <line number="35" hits="351" branch="false" />
            <line number="36" hits="351" branch="true" condition-coverage="100% (2/2)" />
            <line number="39" hits="349" branch="true" condition-coverage="100% (4/4)" />
            <line number="40" hits="2" branch="false" />
            <line number="42" hits="347" branch="true" condition-coverage="100% (4/4)" />
            <line number="43" hits="2" branch="false" />
            <line number="45" hits="345" branch="true" condition-coverage="50% (2/4)" />
            <line number="46" hits="0" branch="false" />
            <line number="49" hits="345" branch="false" />
            <line number="50" hits="345" branch="false" />
            <line number="51" hits="345" branch="true" condition-coverage="100% (2/2)" />
            <line number="52" hits="1" branch="false" />
            <line number="55" hits="344" branch="true" condition-coverage="100% (4/4)" />
            <line number="56" hits="2" branch="false" />
            <line number="57" hits="342" branch="false" />
            <line number="58" hits="342" branch="false" />
            <line number="59" hits="343" branch="true" condition-coverage="100% (2/2)" />
            <line number="62" hits="341" branch="true" condition-coverage="100% (4/4)" />
            <line number="63" hits="2" branch="false" />
            <line number="65" hits="9781" branch="true" condition-coverage="100% (2/2)" />
            <line number="66" hits="4383" branch="false" />
            <line number="67" hits="4383" branch="true" condition-coverage="75% (3/4)" />
            <line number="68" hits="2" branch="false" />
            <line number="69" hits="4381" branch="false" />
            <line number="71" hits="337" branch="false" />
            <line number="73" hits="337" branch="true" condition-coverage="50% (1/2)" />
            <line number="74" hits="0" branch="false" />
            <line number="76" hits="337" branch="false" />
            <line number="77" hits="351" branch="false" />
            <line number="80" hits="353" branch="false" />
            <line number="81" hits="353" branch="false" />
            <line number="83" hits="353" branch="false" />
            <line number="85" hits="351" branch="false" />
            <line number="87" hits="348" branch="true" condition-coverage="100% (2/2)" />
            <line number="88" hits="11" branch="false" />
            <line number="92" hits="337" branch="true" condition-coverage="50% (1/2)" />
            <line number="93" hits="337" branch="false" />
            <line number="95" hits="0" branch="false" />
            <line number="96" hits="337" branch="false" />
            <line number="97" hits="337" branch="false" />
            <line number="98" hits="337" branch="false" />
            <line number="99" hits="337" branch="false" />
            <line number="100" hits="337" branch="false" />
            <line number="101" hits="337" branch="false" />
            <line number="103" hits="29" branch="false" />
            <line number="104" hits="29" branch="false" />
            <line number="105" hits="29" branch="false" />
            <line number="107" hits="28" branch="false" />
            <line number="108" hits="28" branch="false" />
            <line number="109" hits="28" branch="false" />
            <line number="111" hits="146" branch="false" />
            <line number="112" hits="146" branch="false" />
            <line number="113" hits="146" branch="false" />
          </lines>
        </class>
        <class name="vvs_zad1.Kandidat" filename="C:\Users\Tarik\Documents\GitHub\vvs-zad1\vvs zad1\Kandidat.cs" line-rate="0.717391304347826" branch-rate="0.666666666666667" complexity="17">
          <methods>
            <method name="setDodatniOpis" signature="(...)" line-rate="1" branch-rate="1" complexity="1">
              <lines>
                <line number="28" hits="100" branch="false" />
                <line number="29" hits="100" branch="false" />
                <line number="30" hits="100" branch="false" />
              </lines>
            </method>
            <method name="getDodatniOpis" signature="()" line-rate="0" branch-rate="1" complexity="1">
              <lines>
                <line number="31" hits="0" branch="false" />
              </lines>
            </method>
            <method name="getBroj_glasova" signature="()" line-rate="1" branch-rate="1" complexity="1">
              <lines>
                <line number="35" hits="342" branch="false" />
                <line number="36" hits="342" branch="false" />
                <line number="37" hits="342" branch="false" />
              </lines>
            </method>
            <method name="getGlasaci" signature="()" line-rate="1" branch-rate="1" complexity="1">
              <lines>
                <line number="39" hits="546" branch="false" />
                <line number="40" hits="546" branch="false" />
                <line number="41" hits="546" branch="false" />
              </lines>
            </method>
            <method name="setGlasaci" signature="(...)" line-rate="1" branch-rate="1" complexity="1">
              <lines>
                <line number="43" hits="12" branch="false" />
                <line number="44" hits="12" branch="false" />
                <line number="45" hits="12" branch="false" />
              </lines>
            </method>
            <method name="getIme" signature="()" line-rate="1" branch-rate="1" complexity="1">
              <lines>
                <line number="47" hits="120" branch="false" />
                <line number="49" hits="120" branch="false" />
                <line number="50" hits="120" branch="false" />
              </lines>
            </method>
            <method name="getPrezime" signature="()" line-rate="1" branch-rate="1" complexity="1">
              <lines>
                <line number="52" hits="120" branch="false" />
                <line number="53" hits="120" branch="false" />
                <line number="54" hits="120" branch="false" />
              </lines>
            </method>
            <method name="dodaj_glas" signature="(...)" line-rate="1" branch-rate="0.5" complexity="2">
              <lines>
                <line number="56" hits="26" branch="false" />
                <line number="57" hits="26" branch="true" condition-coverage="50% (1/2)" />
                <line number="58" hits="26" branch="false" />
                <line number="59" hits="26" branch="false" />
                <line number="60" hits="26" branch="false" />
              </lines>
            </method>
            <method name="getKod" signature="()" line-rate="0" branch-rate="1" complexity="1">
              <lines>
                <line number="63" hits="0" branch="false" />
                <line number="64" hits="0" branch="false" />
                <line number="65" hits="0" branch="false" />
              </lines>
            </method>
            <method name="dodajKod" signature="(...)" line-rate="0" branch-rate="1" complexity="1">
              <lines>
                <line number="68" hits="0" branch="false" />
                <line number="69" hits="0" branch="false" />
                <line number="70" hits="0" branch="false" />
              </lines>
            </method>
            <method name="getRukovodilac" signature="()" line-rate="0" branch-rate="1" complexity="1">
              <lines>
                <line number="73" hits="0" branch="false" />
                <line number="74" hits="0" branch="false" />
                <line number="75" hits="0" branch="false" />
              </lines>
            </method>
            <method name="dodajRukovodioca" signature="(...)" line-rate="0" branch-rate="1" complexity="1">
              <lines>
                <line number="78" hits="0" branch="false" />
                <line number="79" hits="0" branch="false" />
                <line number="80" hits="0" branch="false" />
              </lines>
            </method>
            <method name=".ctor" signature="(...)" line-rate="1" branch-rate="0.75" complexity="4">
              <lines>
                <line number="14" hits="751" branch="false" />
                <line number="18" hits="751" branch="false" />
                <line number="19" hits="751" branch="false" />
                <line number="20" hits="751" branch="false" />
                <line number="21" hits="751" branch="false" />
                <line number="22" hits="751" branch="false" />
                <line number="23" hits="751" branch="true" condition-coverage="75% (3/4)" />
                <line number="24" hits="751" branch="false" />
                <line number="25" hits="751" branch="false" />
                <line number="26" hits="751" branch="false" />
              </lines>
            </method>
          </methods>
          <lines>
            <line number="14" hits="751" branch="false" />
            <line number="18" hits="751" branch="false" />
            <line number="19" hits="751" branch="false" />
            <line number="20" hits="751" branch="false" />
            <line number="21" hits="751" branch="false" />
            <line number="22" hits="751" branch="false" />
            <line number="23" hits="751" branch="true" condition-coverage="75% (3/4)" />
            <line number="24" hits="751" branch="false" />
            <line number="25" hits="751" branch="false" />
            <line number="26" hits="751" branch="false" />
            <line number="28" hits="100" branch="false" />
            <line number="29" hits="100" branch="false" />
            <line number="30" hits="100" branch="false" />
            <line number="31" hits="0" branch="false" />
            <line number="35" hits="342" branch="false" />
            <line number="36" hits="342" branch="false" />
            <line number="37" hits="342" branch="false" />
            <line number="39" hits="546" branch="false" />
            <line number="40" hits="546" branch="false" />
            <line number="41" hits="546" branch="false" />
            <line number="43" hits="12" branch="false" />
            <line number="44" hits="12" branch="false" />
            <line number="45" hits="12" branch="false" />
            <line number="47" hits="120" branch="false" />
            <line number="49" hits="120" branch="false" />
            <line number="50" hits="120" branch="false" />
            <line number="52" hits="120" branch="false" />
            <line number="53" hits="120" branch="false" />
            <line number="54" hits="120" branch="false" />
            <line number="56" hits="26" branch="false" />
            <line number="57" hits="26" branch="true" condition-coverage="50% (1/2)" />
            <line number="58" hits="26" branch="false" />
            <line number="59" hits="26" branch="false" />
            <line number="60" hits="26" branch="false" />
            <line number="63" hits="0" branch="false" />
            <line number="64" hits="0" branch="false" />
            <line number="65" hits="0" branch="false" />
            <line number="68" hits="0" branch="false" />
            <line number="69" hits="0" branch="false" />
            <line number="70" hits="0" branch="false" />
            <line number="73" hits="0" branch="false" />
            <line number="74" hits="0" branch="false" />
            <line number="75" hits="0" branch="false" />
            <line number="78" hits="0" branch="false" />
            <line number="79" hits="0" branch="false" />
            <line number="80" hits="0" branch="false" />
          </lines>
        </class>
        <class name="vvs_zad1.Program" filename="C:\Users\Tarik\Documents\GitHub\vvs-zad1\vvs zad1\Program.cs" line-rate="0.405857740585774" branch-rate="0.290123456790123" complexity="166">
          <methods>
            <method name="provjeraSifre" signature="(...)" line-rate="1" branch-rate="1" complexity="1">
              <lines>
                <line number="25" hits="11" branch="false" />
                <line number="26" hits="11" branch="false" />
                <line number="27" hits="11" branch="false" />
              </lines>
            </method>
            <method name="restartGlasanje" signature="(...)" line-rate="0.96969696969697" branch-rate="0.95" complexity="20">
              <lines>
                <line number="29" hits="7" branch="false" />
                <line number="30" hits="7" branch="false" />
                <line number="31" hits="7" branch="false" />
                <line number="32" hits="98" branch="true" condition-coverage="100% (2/2)" />
                <line number="33" hits="42" branch="false" />
                <line number="34" hits="504" branch="true" condition-coverage="100% (2/2)" />
                <line number="35" hits="210" branch="false" />
                <line number="36" hits="444" branch="true" condition-coverage="100% (2/2)" />
                <line number="37" hits="12" branch="false" />
                <line number="38" hits="12" branch="true" condition-coverage="100% (2/2)" />
                <line number="39" hits="12" branch="false" />
                <line number="40" hits="12" branch="true" condition-coverage="100% (2/2)" />
                <line number="41" hits="7" branch="false" />
                <line number="42" hits="7" branch="true" condition-coverage="100% (2/2)" />
                <line number="43" hits="1" branch="false" />
                <line number="44" hits="6" branch="true" condition-coverage="50% (1/2)" />
                <line number="45" hits="0" branch="false" />
                <line number="46" hits="6" branch="true" condition-coverage="100% (2/2)" />
                <line number="47" hits="1" branch="false" />
                <line number="48" hits="5" branch="true" condition-coverage="100% (2/2)" />
                <line number="49" hits="1" branch="false" />
                <line number="50" hits="4" branch="true" condition-coverage="100% (2/2)" />
                <line number="51" hits="3" branch="false" />
                <line number="52" hits="7" branch="false" />
                <line number="53" hits="12" branch="false" />
                <line number="54" hits="12" branch="false" />
                <line number="55" hits="12" branch="false" />
                <line number="56" hits="12" branch="false" />
                <line number="57" hits="12" branch="false" />
                <line number="58" hits="12" branch="false" />
                <line number="59" hits="210" branch="false" />
                <line number="60" hits="42" branch="false" />
                <line number="61" hits="7" branch="false" />
              </lines>
            </method>
            <method name="brojGlasova" signature="()" line-rate="1" branch-rate="1" complexity="1">
              <lines>
                <line number="63" hits="12" branch="false" />
                <line number="64" hits="156" branch="false" />
                <line number="65" hits="12" branch="false" />
              </lines>
            </method>
            <method name="brojZaokruzeni" signature="()" line-rate="1" branch-rate="1" complexity="4">
              <lines>
                <line number="67" hits="20" branch="false" />
                <line number="68" hits="140" branch="true" condition-coverage="100% (2/2)" />
                <line number="69" hits="60" branch="false" />
                <line number="70" hits="60" branch="false" />
                <line number="71" hits="60" branch="false" />
                <line number="73" hits="720" branch="true" condition-coverage="100% (2/2)" />
                <line number="74" hits="300" branch="false" />
                <line number="75" hits="300" branch="false" />
                <line number="76" hits="300" branch="false" />
                <line number="77" hits="60" branch="false" />
                <line number="78" hits="10" branch="false" />
                <line number="79" hits="10" branch="false" />
              </lines>
            </method>
            <method name="statistika" signature="()" line-rate="0" branch-rate="0" complexity="4">
              <lines>
                <line number="81" hits="0" branch="false" />
                <line number="82" hits="0" branch="false" />
                <line number="84" hits="0" branch="false" />
                <line number="86" hits="0" branch="true" condition-coverage="0% (0/2)" />
                <line number="87" hits="0" branch="false" />
                <line number="88" hits="0" branch="false" />
                <line number="89" hits="0" branch="false" />
                <line number="90" hits="0" branch="false" />
                <line number="91" hits="0" branch="true" condition-coverage="0% (0/2)" />
                <line number="92" hits="0" branch="false" />
                <line number="93" hits="0" branch="false" />
                <line number="94" hits="0" branch="false" />
                <line number="95" hits="0" branch="false" />
                <line number="96" hits="0" branch="false" />
                <line number="97" hits="0" branch="false" />
                <line number="98" hits="0" branch="false" />
                <line number="99" hits="0" branch="false" />
                <line number="100" hits="0" branch="false" />
              </lines>
            </method>
            <method name="pobjednici" signature="()" line-rate="0" branch-rate="0" complexity="12">
              <lines>
                <line number="102" hits="0" branch="false" />
                <line number="103" hits="0" branch="false" />
                <line number="104" hits="0" branch="true" condition-coverage="0% (0/2)" />
                <line number="105" hits="0" branch="false" />
                <line number="106" hits="0" branch="false" />
                <line number="107" hits="0" branch="false" />
                <line number="108" hits="0" branch="false" />
                <line number="109" hits="0" branch="true" condition-coverage="0% (0/2)" />
                <line number="110" hits="0" branch="false" />
                <line number="111" hits="0" branch="true" condition-coverage="0% (0/2)" />
                <line number="112" hits="0" branch="false" />
                <line number="113" hits="0" branch="false" />
                <line number="116" hits="0" branch="true" condition-coverage="0% (0/4)" />
                <line number="117" hits="0" branch="false" />
                <line number="119" hits="0" branch="false" />
                <line number="120" hits="0" branch="true" condition-coverage="0% (0/2)" />
                <line number="121" hits="0" branch="false" />
                <line number="122" hits="0" branch="false" />
                <line number="123" hits="0" branch="false" />
              </lines>
            </method>
            <method name="statistikaIspis" signature="()" line-rate="0" branch-rate="0" complexity="12">
              <lines>
                <line number="125" hits="0" branch="false" />
                <line number="126" hits="0" branch="true" condition-coverage="0% (0/2)" />
                <line number="127" hits="0" branch="false" />
                <line number="128" hits="0" branch="false" />
                <line number="129" hits="0" branch="false" />
                <line number="131" hits="0" branch="false" />
                <line number="132" hits="0" branch="true" condition-coverage="0% (0/2)" />
                <line number="133" hits="0" branch="false" />
                <line number="134" hits="0" branch="false" />
                <line number="135" hits="0" branch="false" />
                <line number="136" hits="0" branch="false" />
                <line number="137" hits="0" branch="true" condition-coverage="0% (0/2)" />
                <line number="138" hits="0" branch="false" />
                <line number="139" hits="0" branch="true" condition-coverage="0% (0/2)" />
                <line number="140" hits="0" branch="false" />
                <line number="141" hits="0" branch="false" />
                <line number="143" hits="0" branch="true" condition-coverage="0% (0/2)" />
                <line number="144" hits="0" branch="false" />
                <line number="146" hits="0" branch="false" />
                <line number="148" hits="0" branch="false" />
                <line number="149" hits="0" branch="true" condition-coverage="0% (0/2)" />
                <line number="150" hits="0" branch="false" />
                <line number="152" hits="0" branch="false" />
                <line number="153" hits="0" branch="false" />
                <line number="154" hits="0" branch="false" />
                <line number="156" hits="0" branch="false" />
              </lines>
            </method>
            <method name="pod" signature="()" line-rate="1" branch-rate="1" complexity="1">
              <lines>
                <line number="158" hits="25" branch="false" />
                <line number="161" hits="25" branch="false" />
                <line number="162" hits="25" branch="false" />
                <line number="163" hits="25" branch="false" />
                <line number="164" hits="25" branch="false" />
                <line number="165" hits="25" branch="false" />
                <line number="166" hits="25" branch="false" />
                <line number="167" hits="25" branch="false" />
                <line number="168" hits="25" branch="false" />
                <line number="169" hits="25" branch="false" />
                <line number="170" hits="25" branch="false" />
                <line number="171" hits="25" branch="false" />
                <line number="172" hits="25" branch="false" />
                <line number="175" hits="25" branch="false" />
                <line number="176" hits="25" branch="false" />
                <line number="177" hits="25" branch="false" />
                <line number="178" hits="25" branch="false" />
                <line number="179" hits="25" branch="false" />
                <line number="180" hits="25" branch="false" />
                <line number="182" hits="25" branch="false" />
                <line number="183" hits="25" branch="false" />
                <line number="184" hits="25" branch="false" />
                <line number="185" hits="25" branch="false" />
                <line number="186" hits="25" branch="false" />
                <line number="187" hits="25" branch="false" />
                <line number="188" hits="25" branch="false" />
                <line number="189" hits="25" branch="false" />
                <line number="190" hits="25" branch="false" />
                <line number="192" hits="25" branch="false" />
                <line number="193" hits="25" branch="false" />
                <line number="194" hits="25" branch="false" />
                <line number="195" hits="25" branch="false" />
                <line number="196" hits="25" branch="false" />
                <line number="198" hits="25" branch="false" />
                <line number="199" hits="25" branch="false" />
                <line number="200" hits="25" branch="false" />
                <line number="201" hits="25" branch="false" />
                <line number="202" hits="25" branch="false" />
                <line number="203" hits="25" branch="false" />
[...]
            <line number="299" hits="7" branch="false" />
            <line number="300" hits="7" branch="false" />
            <line number="302" hits="7" branch="false" />
            <line number="304" hits="28" branch="false" />
            <line number="305" hits="120" branch="false" />
            <line number="306" hits="24" branch="false" />
            <line number="307" hits="24" branch="false" />
            <line number="309" hits="24" branch="false" />
            <line number="310" hits="5" branch="false" />
            <line number="312" hits="0" branch="false" />
            <line number="313" hits="0" branch="false" />
            <line number="314" hits="0" branch="false" />
            <line number="316" hits="0" branch="true" condition-coverage="0% (0/2)" />
            <line number="317" hits="0" branch="false" />
            <line number="318" hits="0" branch="true" condition-coverage="0% (0/2)" />
            <line number="319" hits="0" branch="false" />
            <line number="320" hits="0" branch="false" />
            <line number="321" hits="0" branch="false" />
            <line number="323" hits="0" branch="true" condition-coverage="0% (0/2)" />
            <line number="324" hits="0" branch="true" condition-coverage="0% (0/2)" />
            <line number="325" hits="0" branch="false" />
            <line number="326" hits="0" branch="false" />
            <line number="327" hits="0" branch="false" />
            <line number="328" hits="0" branch="false" />
            <line number="330" hits="0" branch="true" condition-coverage="0% (0/2)" />
            <line number="331" hits="0" branch="true" condition-coverage="0% (0/2)" />
            <line number="332" hits="0" branch="false" />
            <line number="333" hits="0" branch="false" />
            <line number="334" hits="0" branch="false" />
            <line number="335" hits="0" branch="false" />
            <line number="336" hits="0" branch="false" />
            <line number="337" hits="0" branch="false" />
            <line number="338" hits="0" branch="false" />
            <line number="339" hits="0" branch="false" />
            <line number="340" hits="0" branch="false" />
            <line number="343" hits="0" branch="false" />
            <line number="347" hits="0" branch="false" />
            <line number="348" hits="0" branch="true" condition-coverage="0% (0/2)" />
            <line number="349" hits="0" branch="false" />
            <line number="350" hits="0" branch="false" />
            <line number="351" hits="0" branch="false" />
            <line number="353" hits="0" branch="true" condition-coverage="0% (0/2)" />
            <line number="354" hits="0" branch="false" />
            <line number="355" hits="0" branch="true" condition-coverage="0% (0/2)" />
            <line number="356" hits="0" branch="false" />
            <line number="357" hits="0" branch="false" />
            <line number="358" hits="0" branch="false" />
            <line number="359" hits="0" branch="false" />
            <line number="361" hits="0" branch="false" />
            <line number="362" hits="0" branch="true" condition-coverage="0% (0/2)" />
            <line number="363" hits="0" branch="false" />
            <line number="364" hits="0" branch="true" condition-coverage="0% (0/2)" />
            <line number="365" hits="0" branch="false" />
            <line number="366" hits="0" branch="true" condition-coverage="0% (0/2)" />
            <line number="367" hits="0" branch="false" />
            <line number="368" hits="0" branch="false" />
            <line number="369" hits="0" branch="false" />
            <line number="371" hits="0" branch="false" />
            <line number="372" hits="0" branch="false" />
            <line number="373" hits="0" branch="false" />
            <line number="374" hits="0" branch="false" />
            <line number="376" hits="0" branch="false" />
            <line number="377" hits="0" branch="false" />
            <line number="378" hits="0" branch="false" />
            <line number="379" hits="0" branch="false" />
            <line number="382" hits="0" branch="false" />
            <line number="383" hits="0" branch="false" />
            <line number="384" hits="0" branch="false" />
            <line number="385" hits="0" branch="false" />
            <line number="386" hits="0" branch="false" />
            <line number="387" hits="0" branch="false" />
            <line number="388" hits="0" branch="false" />
            <line number="389" hits="0" branch="false" />
            <line number="390" hits="0" branch="false" />
            <line number="391" hits="0" branch="false" />
            <line number="392" hits="0" branch="false" />
            <line number="393" hits="0" branch="false" />
            <line number="394" hits="0" branch="true" condition-coverage="0% (0/2)" />
            <line number="395" hits="0" branch="false" />
            <line number="396" hits="0" branch="false" />
            <line number="397" hits="0" branch="false" />
            <line number="398" hits="0" branch="false" />
            <line number="399" hits="0" branch="true" condition-coverage="0% (0/2)" />
            <line number="400" hits="0" branch="false" />
            <line number="401" hits="0" branch="false" />
            <line number="402" hits="0" branch="false" />
            <line number="405" hits="0" branch="false" />
            <line number="406" hits="0" branch="true" condition-coverage="0% (0/2)" />
            <line number="407" hits="0" branch="false" />
            <line number="408" hits="0" branch="false" />
            <line number="409" hits="0" branch="true" condition-coverage="0% (0/2)" />
            <line number="410" hits="0" branch="false" />
            <line number="411" hits="0" branch="true" condition-coverage="0% (0/2)" />
            <line number="412" hits="0" branch="false" />
            <line number="414" hits="0" branch="false" />
            <line number="415" hits="0" branch="true" condition-coverage="0% (0/2)" />
            <line number="416" hits="0" branch="false" />
            <line number="417" hits="0" branch="false" />
            <line number="418" hits="0" branch="false" />
            <line number="419" hits="0" branch="false" />
            <line number="421" hits="0" branch="false" />
            <line number="422" hits="0" branch="false" />
            <line number="423" hits="0" branch="false" />
            <line number="424" hits="0" branch="false" />
            <line number="425" hits="0" branch="false" />
            <line number="426" hits="0" branch="false" />
            <line number="427" hits="0" branch="true" condition-coverage="0% (0/4)" />
            <line number="428" hits="0" branch="false" />
            <line number="429" hits="0" branch="false" />
            <line number="430" hits="0" branch="false" />
            <line number="432" hits="0" branch="false" />
            <line number="433" hits="0" branch="true" condition-coverage="0% (0/2)" />
            <line number="434" hits="0" branch="false" />
            <line number="435" hits="0" branch="false" />
            <line number="438" hits="0" branch="false" />
            <line number="439" hits="0" branch="false" />
            <line number="440" hits="0" branch="true" condition-coverage="0% (0/2)" />
            <line number="441" hits="0" branch="false" />
            <line number="442" hits="0" branch="false" />
            <line number="443" hits="0" branch="false" />
            <line number="444" hits="0" branch="true" condition-coverage="0% (0/2)" />
            <line number="445" hits="0" branch="false" />
            <line number="446" hits="0" branch="false" />
            <line number="447" hits="0" branch="false" />
            <line number="448" hits="0" branch="true" condition-coverage="0% (0/2)" />
            <line number="449" hits="0" branch="false" />
            <line number="450" hits="0" branch="false" />
            <line number="451" hits="0" branch="false" />
            <line number="452" hits="0" branch="true" condition-coverage="0% (0/2)" />
            <line number="453" hits="0" branch="false" />
            <line number="454" hits="0" branch="false" />
            <line number="455" hits="0" branch="false" />
            <line number="456" hits="0" branch="true" condition-coverage="0% (0/2)" />
            <line number="457" hits="0" branch="false" />
            <line number="458" hits="0" branch="false" />
            <line number="459" hits="0" branch="false" />
            <line number="460" hits="0" branch="false" />
            <line number="462" hits="0" branch="false" />
            <line number="464" hits="0" branch="false" />
            <line number="465" hits="0" branch="true" condition-coverage="0% (0/2)" />
            <line number="466" hits="0" branch="false" />
            <line number="467" hits="0" branch="false" />
            <line number="468" hits="0" branch="false" />
            <line number="469" hits="0" branch="false" />
            <line number="470" hits="0" branch="true" condition-coverage="0% (0/2)" />
            <line number="471" hits="0" branch="false" />
            <line number="472" hits="0" branch="false" />
            <line number="473" hits="0" branch="false" />
            <line number="474" hits="0" branch="false" />
            <line number="477" hits="0" branch="false" />
            <line number="479" hits="0" branch="false" />
            <line number="480" hits="0" branch="true" condition-coverage="0% (0/2)" />
            <line number="481" hits="0" branch="false" />
            <line number="482" hits="0" branch="false" />
            <line number="483" hits="0" branch="false" />
            <line number="485" hits="0" branch="false" />
            <line number="486" hits="0" branch="false" />
            <line number="487" hits="0" branch="false" />
            <line number="488" hits="0" branch="false" />
            <line number="489" hits="0" branch="true" condition-coverage="0% (0/2)" />
            <line number="490" hits="0" branch="false" />
            <line number="491" hits="0" branch="true" condition-coverage="0% (0/4)" />
            <line number="492" hits="0" branch="false" />
            <line number="493" hits="0" branch="false" />
            <line number="494" hits="0" branch="false" />
            <line number="497" hits="0" branch="false" />
            <line number="498" hits="0" branch="false" />
            <line number="499" hits="0" branch="false" />
            <line number="500" hits="0" branch="false" />
            <line number="501" hits="0" branch="false" />
            <line number="502" hits="0" branch="false" />
            <line number="503" hits="0" branch="false" />
            <line number="504" hits="0" branch="false" />
            <line number="505" hits="0" branch="false" />
            <line number="506" hits="0" branch="false" />
            <line number="508" hits="0" branch="false" />
            <line number="509" hits="0" branch="false" />
            <line number="510" hits="0" branch="false" />
            <line number="512" hits="0" branch="false" />
            <line number="513" hits="0" branch="false" />
            <line number="514" hits="0" branch="true" condition-coverage="0% (0/2)" />
            <line number="515" hits="0" branch="false" />
            <line number="516" hits="0" branch="false" />
            <line number="517" hits="0" branch="false" />
            <line number="519" hits="0" branch="true" condition-coverage="0% (0/2)" />
            <line number="520" hits="0" branch="false" />
            <line number="521" hits="0" branch="false" />
            <line number="522" hits="0" branch="false" />
            <line number="523" hits="0" branch="false" />
            <line number="524" hits="0" branch="true" condition-coverage="0% (0/2)" />
            <line number="525" hits="0" branch="false" />
            <line number="526" hits="0" branch="false" />
            <line number="527" hits="0" branch="false" />
            <line number="528" hits="0" branch="true" condition-coverage="0% (0/2)" />
            <line number="529" hits="0" branch="false" />
            <line number="530" hits="0" branch="false" />
            <line number="531" hits="0" branch="false" />
            <line number="533" hits="0" branch="false" />
            <line number="534" hits="0" branch="true" condition-coverage="0% (0/2)" />
            <line number="535" hits="0" branch="false" />
            <line number="537" hits="0" branch="false" />
            <line number="538" hits="0" branch="true" condition-coverage="0% (0/2)" />
            <line number="539" hits="0" branch="false" />
            <line number="540" hits="0" branch="false" />
            <line number="541" hits="0" branch="false" />
            <line number="544" hits="0" branch="false" />
            <line number="545" hits="0" branch="true" condition-coverage="0% (0/2)" />
            <line number="546" hits="0" branch="false" />
            <line number="547" hits="0" branch="false" />
            <line number="548" hits="0" branch="false" />
            <line number="550" hits="0" branch="false" />
            <line number="551" hits="0" branch="false" />
            <line number="552" hits="0" branch="false" />
            <line number="554" hits="0" branch="true" condition-coverage="0% (0/2)" />
            <line number="555" hits="0" branch="false" />
            <line number="557" hits="0" branch="false" />
            <line number="558" hits="0" branch="false" />
            <line number="560" hits="0" branch="true" condition-coverage="0% (0/2)" />
            <line number="561" hits="0" branch="false" />
            <line number="563" hits="0" branch="false" />
            <line number="564" hits="0" branch="false" />
            <line number="565" hits="0" branch="true" condition-coverage="0% (0/2)" />
            <line number="567" hits="0" branch="false" />
            <line number="568" hits="0" branch="false" />
            <line number="570" hits="0" branch="true" condition-coverage="0% (0/2)" />
            <line number="571" hits="0" branch="false" />
            <line number="573" hits="0" branch="false" />
            <line number="574" hits="0" branch="false" />
            <line number="575" hits="0" branch="false" />
          </lines>
        </class>
        <class name="vvs_zad1.SpySigurnosnaProvjera" filename="C:\Users\Tarik\Documents\GitHub\vvs-zad1\vvs zad1\SpySigurnosnaProvjera.cs" line-rate="1" branch-rate="1" complexity="3">
          <methods>
            <method name="get_Opcija" signature="()" line-rate="1" branch-rate="1" complexity="1">
              <lines>
                <line number="11" hits="4" branch="false" />
              </lines>
            </method>
            <method name="DaLiJeVecGlasao" signature="(...)" line-rate="1" branch-rate="1" complexity="2">
              <lines>
                <line number="14" hits="2" branch="false" />
                <line number="15" hits="2" branch="true" condition-coverage="100% (2/2)" />
                <line number="16" hits="1" branch="false" />
                <line number="18" hits="1" branch="false" />
                <line number="19" hits="2" branch="false" />
              </lines>
            </method>
          </methods>
          <lines>
            <line number="11" hits="4" branch="false" />
            <line number="14" hits="2" branch="false" />
            <line number="15" hits="2" branch="true" condition-coverage="100% (2/2)" />
            <line number="16" hits="1" branch="false" />
            <line number="18" hits="1" branch="false" />
            <line number="19" hits="2" branch="false" />
          </lines>
        </class>
        <class name="vvs_zad1.Stranka" filename="C:\Users\Tarik\Documents\GitHub\vvs-zad1\vvs zad1\Stranka.cs" line-rate="0.260869565217391" branch-rate="1" complexity="6">
          <methods>
            <method name="getNaziv" signature="()" line-rate="0" branch-rate="1" complexity="1">
              <lines>
                <line number="27" hits="0" branch="false" />
                <line number="28" hits="0" branch="false" />
                <line number="29" hits="0" branch="false" />
              </lines>
            </method>
            <method name="setNaziv" signature="(...)" line-rate="0" branch-rate="1" complexity="1">
              <lines>
                <line number="32" hits="0" branch="false" />
                <line number="33" hits="0" branch="false" />
                <line number="34" hits="0" branch="false" />
              </lines>
            </method>
            <method name="getKandidatList" signature="()" line-rate="0" branch-rate="1" complexity="1">
              <lines>
                <line number="37" hits="0" branch="false" />
                <line number="38" hits="0" branch="false" />
                <line number="39" hits="0" branch="false" />
              </lines>
            </method>
            <method name="setKandidatList" signature="(...)" line-rate="0" branch-rate="1" complexity="1">
              <lines>
                <line number="42" hits="0" branch="false" />
                <line number="43" hits="0" branch="false" />
                <line number="44" hits="0" branch="false" />
              </lines>
            </method>
            <method name=".ctor" signature="(...)" line-rate="1" branch-rate="1" complexity="1">
              <lines>
                <line number="12" hits="150" branch="false" />
                <line number="14" hits="150" branch="false" />
                <line number="15" hits="150" branch="false" />
                <line number="16" hits="150" branch="false" />
                <line number="17" hits="150" branch="false" />
                <line number="18" hits="150" branch="false" />
              </lines>
            </method>
            <method name=".ctor" signature="(...)" line-rate="0" branch-rate="1" complexity="1">
              <lines>
                <line number="20" hits="0" branch="false" />
                <line number="21" hits="0" branch="false" />
                <line number="22" hits="0" branch="false" />
                <line number="23" hits="0" branch="false" />
                <line number="24" hits="0" branch="false" />
              </lines>
            </method>
          </methods>
          <lines>
            <line number="12" hits="150" branch="false" />
            <line number="14" hits="150" branch="false" />
            <line number="15" hits="150" branch="false" />
            <line number="16" hits="150" branch="false" />
            <line number="17" hits="150" branch="false" />
            <line number="18" hits="150" branch="false" />
            <line number="20" hits="0" branch="false" />
            <line number="21" hits="0" branch="false" />
            <line number="22" hits="0" branch="false" />
            <line number="23" hits="0" branch="false" />
            <line number="24" hits="0" branch="false" />
            <line number="27" hits="0" branch="false" />
            <line number="28" hits="0" branch="false" />
            <line number="29" hits="0" branch="false" />
            <line number="32" hits="0" branch="false" />
            <line number="33" hits="0" branch="false" />
            <line number="34" hits="0" branch="false" />
            <line number="37" hits="0" branch="false" />
            <line number="38" hits="0" branch="false" />
            <line number="39" hits="0" branch="false" />
            <line number="42" hits="0" branch="false" />
            <line number="43" hits="0" branch="false" />
            <line number="44" hits="0" branch="false" />
          </lines>
        </class>
      </classes>
    </package>
  </packages>
</coverage>