TpTrace Verbose: 0 : 9188, 1, 2022/12/11, 19:50:25.855, 16617133160479, vstest.console.dll, Version: 17.4.0-release-20221019-01 Current process architecture: X64
TpTrace Verbose: 0 : 9188, 1, 2022/12/11, 19:50:25.857, 16617133177964, vstest.console.dll, Runtime location: C:\Program Files\dotnet\shared\Microsoft.NETCore.App\7.0.0
TpTrace Verbose: 0 : 9188, 1, 2022/12/11, 19:50:25.862, 16617133228739, vstest.console.dll, ArtifactProcessingPostProcessModeProcessorExecutor.Initialize: ArtifactProcessingMode.Collect
TpTrace Verbose: 0 : 9188, 1, 2022/12/11, 19:50:25.862, 16617133231665, vstest.console.dll, TestSessionCorrelationIdProcessorModeProcessorExecutor.Initialize: TestSessionCorrelationId '26504_eca1e3ce-abf1-4fbc-bf0c-5a2c1a0f77ce'
TpTrace Information: 0 : 9188, 1, 2022/12/11, 19:50:25.871, 16617133321533, vstest.console.dll, FilePatternParser: The given file C:\Users\muris\Source\Repos\vvs-zad1-zadaca\TestIzboriVVS\bin\Debug\net5.0\fine-code-coverage\build-output\TestIzboriVVS.dll is a full path.
TpTrace Verbose: 0 : 9188, 1, 2022/12/11, 19:50:25.879, 16617133393328, vstest.console.dll, TestPluginCache.DiscoverTestExtensions: finding test extensions in assemblies ends with: RuntimeProvider.dll TPluginInfo: Microsoft.VisualStudio.TestPlatform.Common.ExtensionFramework.Utilities.TestRuntimePluginInformation TExtension: Microsoft.VisualStudio.TestPlatform.ObjectModel.Host.ITestRuntimeProvider
TpTrace Verbose: 0 : 9188, 1, 2022/12/11, 19:50:25.879, 16617133395494, vstest.console.dll, TestPluginCache.GetExtensionPaths: Filtered extension paths: 
TpTrace Verbose: 0 : 9188, 1, 2022/12/11, 19:50:25.879, 16617133396233, vstest.console.dll, TestPluginCache.GetExtensionPaths: Added default extension paths: C:\Program Files\dotnet\sdk\7.0.100\Extensions\Microsoft.Diagnostics.NETCore.Client.dll
C:\Program Files\dotnet\sdk\7.0.100\Extensions\Microsoft.TestPlatform.Extensions.BlameDataCollector.dll
C:\Program Files\dotnet\sdk\7.0.100\Extensions\Microsoft.TestPlatform.Extensions.EventLogCollector.dll
C:\Program Files\dotnet\sdk\7.0.100\Extensions\Microsoft.TestPlatform.TestHostRuntimeProvider.dll
C:\Program Files\dotnet\sdk\7.0.100\Extensions\Microsoft.VisualStudio.TestPlatform.Extensions.Html.TestLogger.dll
C:\Program Files\dotnet\sdk\7.0.100\Extensions\Microsoft.VisualStudio.TestPlatform.Extensions.Trx.TestLogger.dll
TpTrace Verbose: 0 : 9188, 1, 2022/12/11, 19:50:25.879, 16617133396554, vstest.console.dll, TestPluginCache.GetExtensionPaths: Added unfilterableExtensionPaths: 
TpTrace Information: 0 : 9188, 1, 2022/12/11, 19:50:25.880, 16617133403001, vstest.console.dll, AssemblyResolver.ctor: Creating AssemblyResolver with searchDirectories C:\Program Files\dotnet\sdk\7.0.100\Extensions,C:\Program Files\dotnet\sdk\7.0.100
TpTrace Verbose: 0 : 9188, 1, 2022/12/11, 19:50:25.881, 16617133420134, vstest.console.dll, TestPluginCache.DiscoverTestExtensions: Discovering the extensions using extension path.
TpTrace Verbose: 0 : 9188, 1, 2022/12/11, 19:50:25.881, 16617133421496, vstest.console.dll, TestPluginCache.GetExtensionPaths: Filtered extension paths: 
TpTrace Verbose: 0 : 9188, 1, 2022/12/11, 19:50:25.881, 16617133421956, vstest.console.dll, TestPluginCache.GetExtensionPaths: Added default extension paths: C:\Program Files\dotnet\sdk\7.0.100\Extensions\Microsoft.Diagnostics.NETCore.Client.dll
C:\Program Files\dotnet\sdk\7.0.100\Extensions\Microsoft.TestPlatform.Extensions.BlameDataCollector.dll
C:\Program Files\dotnet\sdk\7.0.100\Extensions\Microsoft.TestPlatform.Extensions.EventLogCollector.dll
C:\Program Files\dotnet\sdk\7.0.100\Extensions\Microsoft.TestPlatform.TestHostRuntimeProvider.dll
C:\Program Files\dotnet\sdk\7.0.100\Extensions\Microsoft.VisualStudio.TestPlatform.Extensions.Html.TestLogger.dll
C:\Program Files\dotnet\sdk\7.0.100\Extensions\Microsoft.VisualStudio.TestPlatform.Extensions.Trx.TestLogger.dll
TpTrace Verbose: 0 : 9188, 1, 2022/12/11, 19:50:25.881, 16617133422218, vstest.console.dll, TestPluginCache.GetExtensionPaths: Added unfilterableExtensionPaths: 
TpTrace Verbose: 0 : 9188, 1, 2022/12/11, 19:50:25.882, 16617133423071, vstest.console.dll, TestPluginCache.DiscoverTestExtensions: Discovering the extensions using allExtensionPaths: C:\Program Files\dotnet\sdk\7.0.100\Extensions\Microsoft.Diagnostics.NETCore.Client.dll
C:\Program Files\dotnet\sdk\7.0.100\Extensions\Microsoft.TestPlatform.Extensions.BlameDataCollector.dll
C:\Program Files\dotnet\sdk\7.0.100\Extensions\Microsoft.TestPlatform.Extensions.EventLogCollector.dll
C:\Program Files\dotnet\sdk\7.0.100\Extensions\Microsoft.TestPlatform.TestHostRuntimeProvider.dll
C:\Program Files\dotnet\sdk\7.0.100\Extensions\Microsoft.VisualStudio.TestPlatform.Extensions.Html.TestLogger.dll
C:\Program Files\dotnet\sdk\7.0.100\Extensions\Microsoft.VisualStudio.TestPlatform.Extensions.Trx.TestLogger.dll
TpTrace Information: 0 : 9188, 1, 2022/12/11, 19:50:25.882, 16617133424639, vstest.console.dll, AssemblyResolver.AddSearchDirectories: Adding more searchDirectories C:\Program Files\dotnet\sdk\7.0.100\Extensions,C:\Program Files\dotnet\sdk\7.0.100
TpTrace Information: 0 : 9188, 1, 2022/12/11, 19:50:25.882, 16617133425160, vstest.console.dll, AssemblyResolver.AddSearchDirectories: Adding more searchDirectories C:\Program Files\dotnet\sdk\7.0.100\Extensions,C:\Program Files\dotnet\sdk\7.0.100
TpTrace Information: 0 : 9188, 1, 2022/12/11, 19:50:25.882, 16617133425442, vstest.console.dll, AssemblyResolver.AddSearchDirectories: Adding more searchDirectories C:\Program Files\dotnet\sdk\7.0.100\Extensions,C:\Program Files\dotnet\sdk\7.0.100
TpTrace Information: 0 : 9188, 1, 2022/12/11, 19:50:25.882, 16617133425785, vstest.console.dll, AssemblyResolver.AddSearchDirectories: Adding more searchDirectories C:\Program Files\dotnet\sdk\7.0.100\Extensions,C:\Program Files\dotnet\sdk\7.0.100
TpTrace Information: 0 : 9188, 1, 2022/12/11, 19:50:25.882, 16617133426069, vstest.console.dll, AssemblyResolver.AddSearchDirectories: Adding more searchDirectories C:\Program Files\dotnet\sdk\7.0.100\Extensions,C:\Program Files\dotnet\sdk\7.0.100
TpTrace Information: 0 : 9188, 1, 2022/12/11, 19:50:25.882, 16617133426314, vstest.console.dll, AssemblyResolver.AddSearchDirectories: Adding more searchDirectories C:\Program Files\dotnet\sdk\7.0.100\Extensions,C:\Program Files\dotnet\sdk\7.0.100
TpTrace Information: 0 : 9188, 1, 2022/12/11, 19:50:25.882, 16617133430350, vstest.console.dll, AssemblyResolver.OnResolve: Microsoft.Diagnostics.NETCore.Client: Resolving assembly.
TpTrace Information: 0 : 9188, 1, 2022/12/11, 19:50:25.882, 16617133430973, vstest.console.dll, AssemblyResolver.OnResolve: Microsoft.Diagnostics.NETCore.Client: Searching in: 'C:\Program Files\dotnet\sdk\7.0.100\Extensions'.
TpTrace Information: 0 : 9188, 1, 2022/12/11, 19:50:25.891, 16617133516388, vstest.console.dll, AssemblyResolver.OnResolve: Microsoft.Diagnostics.NETCore.Client: Loading assembly 'C:\Program Files\dotnet\sdk\7.0.100\Extensions\Microsoft.Diagnostics.NETCore.Client.dll'.
TpTrace Information: 0 : 9188, 1, 2022/12/11, 19:50:25.892, 16617133524079, vstest.console.dll, AssemblyResolver.OnResolve: Resolved assembly: Microsoft.Diagnostics.NETCore.Client, from path: C:\Program Files\dotnet\sdk\7.0.100\Extensions\Microsoft.Diagnostics.NETCore.Client.dll
TpTrace Verbose: 0 : 9188, 1, 2022/12/11, 19:50:25.893, 16617133535001, vstest.console.dll, MetadataReaderExtensionsHelper: Discovering extensions inside assembly 'Microsoft.Diagnostics.NETCore.Client, Version=0.2.6.42401, Culture=neutral, PublicKeyToken=31bf3856ad364e35' file path 'C:\Program Files\dotnet\sdk\7.0.100\Extensions\Microsoft.Diagnostics.NETCore.Client.dll'
TpTrace Information: 0 : 9188, 1, 2022/12/11, 19:50:25.897, 16617133579099, vstest.console.dll, AssemblyResolver.OnResolve: Microsoft.Bcl.AsyncInterfaces: Resolving assembly.
TpTrace Information: 0 : 9188, 1, 2022/12/11, 19:50:25.897, 16617133579929, vstest.console.dll, AssemblyResolver.OnResolve: Microsoft.Bcl.AsyncInterfaces: Searching in: 'C:\Program Files\dotnet\sdk\7.0.100\Extensions'.
TpTrace Information: 0 : 9188, 1, 2022/12/11, 19:50:25.897, 16617133580582, vstest.console.dll, AssemblyResolver.OnResolve: Microsoft.Bcl.AsyncInterfaces: Assembly path does not exist: 'C:\Program Files\dotnet\sdk\7.0.100\Extensions\Microsoft.Bcl.AsyncInterfaces.dll', returning.
TpTrace Information: 0 : 9188, 1, 2022/12/11, 19:50:25.897, 16617133581613, vstest.console.dll, AssemblyResolver.OnResolve: Microsoft.Bcl.AsyncInterfaces: Assembly path does not exist: 'C:\Program Files\dotnet\sdk\7.0.100\Extensions\Microsoft.Bcl.AsyncInterfaces.exe', returning.
TpTrace Information: 0 : 9188, 1, 2022/12/11, 19:50:25.897, 16617133581920, vstest.console.dll, AssemblyResolver.OnResolve: Microsoft.Bcl.AsyncInterfaces: Searching in: 'C:\Program Files\dotnet\sdk\7.0.100'.
TpTrace Information: 0 : 9188, 1, 2022/12/11, 19:50:25.897, 16617133582397, vstest.console.dll, AssemblyResolver.OnResolve: Microsoft.Bcl.AsyncInterfaces: Assembly path does not exist: 'C:\Program Files\dotnet\sdk\7.0.100\Microsoft.Bcl.AsyncInterfaces.dll', returning.
TpTrace Information: 0 : 9188, 1, 2022/12/11, 19:50:25.898, 16617133582860, vstest.console.dll, AssemblyResolver.OnResolve: Microsoft.Bcl.AsyncInterfaces: Assembly path does not exist: 'C:\Program Files\dotnet\sdk\7.0.100\Microsoft.Bcl.AsyncInterfaces.exe', returning.
TpTrace Information: 0 : 9188, 1, 2022/12/11, 19:50:25.898, 16617133583141, vstest.console.dll, AssemblyResolver.OnResolve: Microsoft.Bcl.AsyncInterfaces: Failed to load assembly.
TpTrace Verbose: 0 : 9188, 1, 2022/12/11, 19:50:25.898, 16617133583444, vstest.console.dll, CurrentDomainAssemblyResolve: Resolving assembly 'Microsoft.Bcl.AsyncInterfaces'.
TpTrace Information: 0 : 9188, 1, 2022/12/11, 19:50:25.898, 16617133583927, vstest.console.dll, AssemblyResolver.OnResolve: Microsoft.Bcl.AsyncInterfaces: Resolving assembly.
TpTrace Information: 0 : 9188, 1, 2022/12/11, 19:50:25.898, 16617133584252, vstest.console.dll, AssemblyResolver.OnResolve: Microsoft.Bcl.AsyncInterfaces: Resolved from cache.
TpTrace Verbose: 0 : 9188, 1, 2022/12/11, 19:50:25.898, 16617133584467, vstest.console.dll, CurrentDomainAssemblyResolve: Resolving assembly 'Microsoft.Bcl.AsyncInterfaces'.
TpTrace Verbose: 0 : 9188, 1, 2022/12/11, 19:50:25.898, 16617133584758, vstest.console.dll, CurrentDomainAssemblyResolve: Failed to resolve assembly 'Microsoft.Bcl.AsyncInterfaces'.
TpTrace Verbose: 0 : 9188, 1, 2022/12/11, 19:50:25.899, 16617133593616, vstest.console.dll, CurrentDomainAssemblyResolve: Failed to resolve assembly 'Microsoft.Bcl.AsyncInterfaces'.
TpTrace Warning: 0 : 9188, 1, 2022/12/11, 19:50:25.906, 16617133672427, vstest.console.dll, TestPluginDiscoverer: Failed to get types from assembly 'Microsoft.Diagnostics.NETCore.Client, Version=0.2.6.42401, Culture=neutral, PublicKeyToken=31bf3856ad364e35'. Error: System.Reflection.ReflectionTypeLoadException: Unable to load one or more of the requested types.
Could not load file or assembly 'Microsoft.Bcl.AsyncInterfaces, Version=1.0.0.0, Culture=neutral, PublicKeyToken=cc7b13ffcd2ddd51'. The system cannot find the file specified.
   at System.Reflection.RuntimeModule.GetTypes(RuntimeModule module)
   at System.Reflection.Assembly.GetTypes()
   at Microsoft.VisualStudio.TestPlatform.Common.ExtensionFramework.TestPluginDiscoverer.GetTestExtensionsFromAssembly[TPluginInfo,TExtension](Assembly assembly, Dictionary`2 pluginInfos, String filePath)
System.IO.FileNotFoundException: Could not load file or assembly 'Microsoft.Bcl.AsyncInterfaces, Version=1.0.0.0, Culture=neutral, PublicKeyToken=cc7b13ffcd2ddd51'. The system cannot find the file specified.
File name: 'Microsoft.Bcl.AsyncInterfaces, Version=1.0.0.0, Culture=neutral, PublicKeyToken=cc7b13ffcd2ddd51'
 ---> System.IO.FileNotFoundException: Could not load file or assembly 'Microsoft.Bcl.AsyncInterfaces, Culture=neutral, PublicKeyToken=null'. The system cannot find the file specified.
File name: 'Microsoft.Bcl.AsyncInterfaces, Culture=neutral, PublicKeyToken=null'
   at System.Reflection.RuntimeAssembly.InternalLoad(AssemblyName assemblyName, StackCrawlMark& stackMark, AssemblyLoadContext assemblyLoadContext, RuntimeAssembly requestingAssembly, Boolean throwOnFileNotFound)
   at System.Reflection.Assembly.Load(AssemblyName assemblyRef)
   at Microsoft.VisualStudio.TestPlatform.Common.ExtensionFramework.TestPluginCache.CurrentDomainAssemblyResolve(Object sender, AssemblyResolveEventArgs args)
   at System.Runtime.Loader.AssemblyLoadContext.GetFirstResolvedAssemblyFromResolvingEvent(AssemblyName assemblyName)
   at System.Runtime.Loader.AssemblyLoadContext.ResolveUsingEvent(AssemblyName assemblyName)
   at System.Runtime.Loader.AssemblyLoadContext.ResolveUsingResolvingEvent(IntPtr gchManagedAssemblyLoadContext, AssemblyName assemblyName)
TpTrace Warning: 0 : 9188, 1, 2022/12/11, 19:50:25.907, 16617133678034, vstest.console.dll, LoaderExceptions: System.IO.FileNotFoundException: Could not load file or assembly 'Microsoft.Bcl.AsyncInterfaces, Version=1.0.0.0, Culture=neutral, PublicKeyToken=cc7b13ffcd2ddd51'. The system cannot find the file specified.
File name: 'Microsoft.Bcl.AsyncInterfaces, Version=1.0.0.0, Culture=neutral, PublicKeyToken=cc7b13ffcd2ddd51'
 ---> System.IO.FileNotFoundException: Could not load file or assembly 'Microsoft.Bcl.AsyncInterfaces, Culture=neutral, PublicKeyToken=null'. The system cannot find the file specified.
File name: 'Microsoft.Bcl.AsyncInterfaces, Culture=neutral, PublicKeyToken=null'
   at System.Reflection.RuntimeAssembly.InternalLoad(AssemblyName assemblyName, StackCrawlMark& stackMark, AssemblyLoadContext assemblyLoadContext, RuntimeAssembly requestingAssembly, Boolean throwOnFileNotFound)
   at System.Reflection.Assembly.Load(AssemblyName assemblyRef)
   at Microsoft.VisualStudio.TestPlatform.Common.ExtensionFramework.TestPluginCache.CurrentDomainAssemblyResolve(Object sender, AssemblyResolveEventArgs args)
   at System.Runtime.Loader.AssemblyLoadContext.GetFirstResolvedAssemblyFromResolvingEvent(AssemblyName assemblyName)
   at System.Runtime.Loader.AssemblyLoadContext.ResolveUsingEvent(AssemblyName assemblyName)
   at System.Runtime.Loader.AssemblyLoadContext.ResolveUsingResolvingEvent(IntPtr gchManagedAssemblyLoadContext, AssemblyName assemblyName)
TpTrace Information: 0 : 9188, 1, 2022/12/11, 19:50:25.907, 16617133680049, vstest.console.dll, AssemblyResolver.OnResolve: Microsoft.TestPlatform.Extensions.BlameDataCollector: Resolving assembly.
TpTrace Information: 0 : 9188, 1, 2022/12/11, 19:50:25.907, 16617133680482, vstest.console.dll, AssemblyResolver.OnResolve: Microsoft.TestPlatform.Extensions.BlameDataCollector: Searching in: 'C:\Program Files\dotnet\sdk\7.0.100\Extensions'.
TpTrace Information: 0 : 9188, 1, 2022/12/11, 19:50:25.908, 16617133690814, vstest.console.dll, AssemblyResolver.OnResolve: Microsoft.TestPlatform.Extensions.BlameDataCollector: Loading assembly 'C:\Program Files\dotnet\sdk\7.0.100\Extensions\Microsoft.TestPlatform.Extensions.BlameDataCollector.dll'.
TpTrace Information: 0 : 9188, 1, 2022/12/11, 19:50:25.909, 16617133700586, vstest.console.dll, AssemblyResolver.OnResolve: Resolved assembly: Microsoft.TestPlatform.Extensions.BlameDataCollector, from path: C:\Program Files\dotnet\sdk\7.0.100\Extensions\Microsoft.TestPlatform.Extensions.BlameDataCollector.dll
TpTrace Verbose: 0 : 9188, 1, 2022/12/11, 19:50:25.909, 16617133701832, vstest.console.dll, MetadataReaderExtensionsHelper: Discovering extensions inside assembly 'Microsoft.TestPlatform.Extensions.BlameDataCollector, Version=15.0.0.0, Culture=neutral, PublicKeyToken=b03f5f7f11d50a3a' file path 'C:\Program Files\dotnet\sdk\7.0.100\Extensions\Microsoft.TestPlatform.Extensions.BlameDataCollector.dll'
TpTrace Information: 0 : 9188, 1, 2022/12/11, 19:50:25.911, 16617133722333, vstest.console.dll, AssemblyResolver.OnResolve: Microsoft.TestPlatform.Extensions.EventLogCollector: Resolving assembly.
TpTrace Information: 0 : 9188, 1, 2022/12/11, 19:50:25.912, 16617133723069, vstest.console.dll, AssemblyResolver.OnResolve: Microsoft.TestPlatform.Extensions.EventLogCollector: Searching in: 'C:\Program Files\dotnet\sdk\7.0.100\Extensions'.
TpTrace Information: 0 : 9188, 1, 2022/12/11, 19:50:25.912, 16617133728202, vstest.console.dll, AssemblyResolver.OnResolve: Microsoft.TestPlatform.Extensions.EventLogCollector: Loading assembly 'C:\Program Files\dotnet\sdk\7.0.100\Extensions\Microsoft.TestPlatform.Extensions.EventLogCollector.dll'.
TpTrace Information: 0 : 9188, 1, 2022/12/11, 19:50:25.913, 16617133733148, vstest.console.dll, AssemblyResolver.OnResolve: Resolved assembly: Microsoft.TestPlatform.Extensions.EventLogCollector, from path: C:\Program Files\dotnet\sdk\7.0.100\Extensions\Microsoft.TestPlatform.Extensions.EventLogCollector.dll
TpTrace Verbose: 0 : 9188, 1, 2022/12/11, 19:50:25.913, 16617133733718, vstest.console.dll, MetadataReaderExtensionsHelper: Discovering extensions inside assembly 'Microsoft.TestPlatform.Extensions.EventLogCollector, Version=15.0.0.0, Culture=neutral, PublicKeyToken=b03f5f7f11d50a3a' file path 'C:\Program Files\dotnet\sdk\7.0.100\Extensions\Microsoft.TestPlatform.Extensions.EventLogCollector.dll'
TpTrace Information: 0 : 9188, 1, 2022/12/11, 19:50:25.915, 16617133755047, vstest.console.dll, AssemblyResolver.OnResolve: Microsoft.TestPlatform.TestHostRuntimeProvider: Resolving assembly.
TpTrace Information: 0 : 9188, 1, 2022/12/11, 19:50:25.915, 16617133755565, vstest.console.dll, AssemblyResolver.OnResolve: Microsoft.TestPlatform.TestHostRuntimeProvider: Searching in: 'C:\Program Files\dotnet\sdk\7.0.100\Extensions'.
TpTrace Information: 0 : 9188, 1, 2022/12/11, 19:50:25.915, 16617133759112, vstest.console.dll, AssemblyResolver.OnResolve: Microsoft.TestPlatform.TestHostRuntimeProvider: Loading assembly 'C:\Program Files\dotnet\sdk\7.0.100\Extensions\Microsoft.TestPlatform.TestHostRuntimeProvider.dll'.
TpTrace Information: 0 : 9188, 1, 2022/12/11, 19:50:25.916, 16617133763679, vstest.console.dll, AssemblyResolver.OnResolve: Resolved assembly: Microsoft.TestPlatform.TestHostRuntimeProvider, from path: C:\Program Files\dotnet\sdk\7.0.100\Extensions\Microsoft.TestPlatform.TestHostRuntimeProvider.dll
TpTrace Verbose: 0 : 9188, 1, 2022/12/11, 19:50:25.916, 16617133764259, vstest.console.dll, MetadataReaderExtensionsHelper: Discovering extensions inside assembly 'Microsoft.TestPlatform.TestHostRuntimeProvider, Version=15.0.0.0, Culture=neutral, PublicKeyToken=b03f5f7f11d50a3a' file path 'C:\Program Files\dotnet\sdk\7.0.100\Extensions\Microsoft.TestPlatform.TestHostRuntimeProvider.dll'
TpTrace Information: 0 : 9188, 1, 2022/12/11, 19:50:25.917, 16617133781841, vstest.console.dll, GetTestExtensionFromType: Register extension with identifier data 'HostProvider://DefaultTestHost' and type 'Microsoft.VisualStudio.TestPlatform.CrossPlatEngine.Hosting.DefaultTestHostManager, Microsoft.TestPlatform.TestHostRuntimeProvider, Version=15.0.0.0, Culture=neutral, PublicKeyToken=b03f5f7f11d50a3a' inside file 'C:\Program Files\dotnet\sdk\7.0.100\Extensions\Microsoft.TestPlatform.TestHostRuntimeProvider.dll'
TpTrace Information: 0 : 9188, 1, 2022/12/11, 19:50:25.918, 16617133784221, vstest.console.dll, GetTestExtensionFromType: Register extension with identifier data 'HostProvider://DotnetTestHost' and type 'Microsoft.VisualStudio.TestPlatform.CrossPlatEngine.Hosting.DotnetTestHostManager, Microsoft.TestPlatform.TestHostRuntimeProvider, Version=15.0.0.0, Culture=neutral, PublicKeyToken=b03f5f7f11d50a3a' inside file 'C:\Program Files\dotnet\sdk\7.0.100\Extensions\Microsoft.TestPlatform.TestHostRuntimeProvider.dll'
TpTrace Information: 0 : 9188, 1, 2022/12/11, 19:50:25.918, 16617133784853, vstest.console.dll, AssemblyResolver.OnResolve: Microsoft.VisualStudio.TestPlatform.Extensions.Html.TestLogger: Resolving assembly.
TpTrace Information: 0 : 9188, 1, 2022/12/11, 19:50:25.918, 16617133785163, vstest.console.dll, AssemblyResolver.OnResolve: Microsoft.VisualStudio.TestPlatform.Extensions.Html.TestLogger: Searching in: 'C:\Program Files\dotnet\sdk\7.0.100\Extensions'.
TpTrace Information: 0 : 9188, 1, 2022/12/11, 19:50:25.918, 16617133789357, vstest.console.dll, AssemblyResolver.OnResolve: Microsoft.VisualStudio.TestPlatform.Extensions.Html.TestLogger: Loading assembly 'C:\Program Files\dotnet\sdk\7.0.100\Extensions\Microsoft.VisualStudio.TestPlatform.Extensions.Html.TestLogger.dll'.
TpTrace Information: 0 : 9188, 1, 2022/12/11, 19:50:25.919, 16617133794153, vstest.console.dll, AssemblyResolver.OnResolve: Resolved assembly: Microsoft.VisualStudio.TestPlatform.Extensions.Html.TestLogger, from path: C:\Program Files\dotnet\sdk\7.0.100\Extensions\Microsoft.VisualStudio.TestPlatform.Extensions.Html.TestLogger.dll
TpTrace Verbose: 0 : 9188, 1, 2022/12/11, 19:50:25.919, 16617133794693, vstest.console.dll, MetadataReaderExtensionsHelper: Discovering extensions inside assembly 'Microsoft.VisualStudio.TestPlatform.Extensions.Html.TestLogger, Version=15.0.0.0, Culture=neutral, PublicKeyToken=b03f5f7f11d50a3a' file path 'C:\Program Files\dotnet\sdk\7.0.100\Extensions\Microsoft.VisualStudio.TestPlatform.Extensions.Html.TestLogger.dll'
TpTrace Information: 0 : 9188, 1, 2022/12/11, 19:50:25.920, 16617133803310, vstest.console.dll, AssemblyResolver.OnResolve: Microsoft.VisualStudio.TestPlatform.Extensions.Trx.TestLogger: Resolving assembly.
TpTrace Information: 0 : 9188, 1, 2022/12/11, 19:50:25.920, 16617133803904, vstest.console.dll, AssemblyResolver.OnResolve: Microsoft.VisualStudio.TestPlatform.Extensions.Trx.TestLogger: Searching in: 'C:\Program Files\dotnet\sdk\7.0.100\Extensions'.
TpTrace Information: 0 : 9188, 1, 2022/12/11, 19:50:25.920, 16617133808244, vstest.console.dll, AssemblyResolver.OnResolve: Microsoft.VisualStudio.TestPlatform.Extensions.Trx.TestLogger: Loading assembly 'C:\Program Files\dotnet\sdk\7.0.100\Extensions\Microsoft.VisualStudio.TestPlatform.Extensions.Trx.TestLogger.dll'.
TpTrace Information: 0 : 9188, 1, 2022/12/11, 19:50:25.921, 16617133813251, vstest.console.dll, AssemblyResolver.OnResolve: Resolved assembly: Microsoft.VisualStudio.TestPlatform.Extensions.Trx.TestLogger, from path: C:\Program Files\dotnet\sdk\7.0.100\Extensions\Microsoft.VisualStudio.TestPlatform.Extensions.Trx.TestLogger.dll
TpTrace Verbose: 0 : 9188, 1, 2022/12/11, 19:50:25.921, 16617133813839, vstest.console.dll, MetadataReaderExtensionsHelper: Discovering extensions inside assembly 'Microsoft.VisualStudio.TestPlatform.Extensions.Trx.TestLogger, Version=15.0.0.0, Culture=neutral, PublicKeyToken=b03f5f7f11d50a3a' file path 'C:\Program Files\dotnet\sdk\7.0.100\Extensions\Microsoft.VisualStudio.TestPlatform.Extensions.Trx.TestLogger.dll'
TpTrace Verbose: 0 : 9188, 1, 2022/12/11, 19:50:25.922, 16617133825775, vstest.console.dll, TestPluginCache: Discovered the extensions using extension path ''.
TpTrace Verbose: 0 : 9188, 1, 2022/12/11, 19:50:25.922, 16617133826553, vstest.console.dll, TestPluginCache: Discoverers are ''.
TpTrace Verbose: 0 : 9188, 1, 2022/12/11, 19:50:25.922, 16617133826807, vstest.console.dll, TestPluginCache: Executors are ''.
TpTrace Verbose: 0 : 9188, 1, 2022/12/11, 19:50:25.922, 16617133827014, vstest.console.dll, TestPluginCache: Executors2 are ''.
TpTrace Verbose: 0 : 9188, 1, 2022/12/11, 19:50:25.922, 16617133827212, vstest.console.dll, TestPluginCache: Setting providers are ''.
TpTrace Verbose: 0 : 9188, 1, 2022/12/11, 19:50:25.922, 16617133827408, vstest.console.dll, TestPluginCache: Loggers are ''.
TpTrace Verbose: 0 : 9188, 1, 2022/12/11, 19:50:25.922, 16617133828558, vstest.console.dll, TestPluginCache: TestHosts are 'HostProvider://DefaultTestHost,HostProvider://DotnetTestHost'.
TpTrace Verbose: 0 : 9188, 1, 2022/12/11, 19:50:25.922, 16617133828884, vstest.console.dll, TestPluginCache: DataCollectors are ''.
TpTrace Information: 0 : 9188, 1, 2022/12/11, 19:50:25.932, 16617133926180, vstest.console.dll, RunTestsArgumentProcessor:Execute: Test run is starting.
TpTrace Verbose: 0 : 9188, 1, 2022/12/11, 19:50:25.932, 16617133926952, vstest.console.dll, RunTestsArgumentProcessor:Execute: Queuing Test run.
TpTrace Information: 0 : 9188, 1, 2022/12/11, 19:50:25.932, 16617133928806, vstest.console.dll, TestRequestManager.RunTests: run tests started.
TpTrace Information: 0 : 9188, 1, 2022/12/11, 19:50:25.933, 16617133940065, vstest.console.dll, AssemblyMetadataProvider.GetFrameworkName: Determined framework:'.NETCoreApp,Version=v5.0' for source: 'C:\Users\muris\Source\Repos\vvs-zad1-zadaca\TestIzboriVVS\bin\Debug\net5.0\fine-code-coverage\build-output\TestIzboriVVS.dll'
TpTrace Information: 0 : 9188, 1, 2022/12/11, 19:50:25.933, 16617133941662, vstest.console.dll, Determined framework for all sources: .NETCoreApp,Version=v5.0
TpTrace Verbose: 0 : 9188, 1, 2022/12/11, 19:50:25.934, 16617133944865, vstest.console.dll, TestRequestManager.UpdateRunSettingsIfRequired: Default architecture: X64 IsDefaultTargetArchitecture: True, Current process architecture: X64 OperatingSystem: Windows.
TpTrace Information: 0 : 9188, 1, 2022/12/11, 19:50:25.935, 16617133961448, vstest.console.dll, AssemblyMetadataProvider.GetArchitecture: Determined architecture:AnyCPU info for assembly: C:\Users\muris\Source\Repos\vvs-zad1-zadaca\TestIzboriVVS\bin\Debug\net5.0\fine-code-coverage\build-output\TestIzboriVVS.dll
TpTrace Information: 0 : 9188, 1, 2022/12/11, 19:50:25.935, 16617133961948, vstest.console.dll, Determined platform for source 'C:\Users\muris\Source\Repos\vvs-zad1-zadaca\TestIzboriVVS\bin\Debug\net5.0\fine-code-coverage\build-output\TestIzboriVVS.dll' was AnyCPU and it will use the default plaform X64.
TpTrace Information: 0 : 9188, 1, 2022/12/11, 19:50:25.935, 16617133962179, vstest.console.dll, None of the sources provided any runnable platform, using the default platform: X64
TpTrace Information: 0 : 9188, 1, 2022/12/11, 19:50:25.936, 16617133962816, vstest.console.dll, Platform was updated to 'X64'.
TpTrace Information: 0 : 9188, 1, 2022/12/11, 19:50:25.939, 16617133992692, vstest.console.dll, InferRunSettingsHelper.IsTestSettingsEnabled: Unable to navigate to RunSettings/MSTest. Current node: RunSettings
TpTrace Information: 0 : 9188, 1, 2022/12/11, 19:50:25.939, 16617133998620, vstest.console.dll, AssemblyResolver.OnResolve: Microsoft.VisualStudio.TestPlatform.Fakes: Resolving assembly.
TpTrace Information: 0 : 9188, 1, 2022/12/11, 19:50:25.939, 16617133999083, vstest.console.dll, AssemblyResolver.OnResolve: Microsoft.VisualStudio.TestPlatform.Fakes: Searching in: 'C:\Program Files\dotnet\sdk\7.0.100\Extensions'.
TpTrace Information: 0 : 9188, 1, 2022/12/11, 19:50:25.939, 16617133999765, vstest.console.dll, AssemblyResolver.OnResolve: Microsoft.VisualStudio.TestPlatform.Fakes: Assembly path does not exist: 'C:\Program Files\dotnet\sdk\7.0.100\Extensions\Microsoft.VisualStudio.TestPlatform.Fakes.dll', returning.
TpTrace Information: 0 : 9188, 1, 2022/12/11, 19:50:25.939, 16617134000281, vstest.console.dll, AssemblyResolver.OnResolve: Microsoft.VisualStudio.TestPlatform.Fakes: Assembly path does not exist: 'C:\Program Files\dotnet\sdk\7.0.100\Extensions\Microsoft.VisualStudio.TestPlatform.Fakes.exe', returning.
TpTrace Information: 0 : 9188, 1, 2022/12/11, 19:50:25.939, 16617134000557, vstest.console.dll, AssemblyResolver.OnResolve: Microsoft.VisualStudio.TestPlatform.Fakes: Searching in: 'C:\Program Files\dotnet\sdk\7.0.100'.
TpTrace Information: 0 : 9188, 1, 2022/12/11, 19:50:25.939, 16617134001264, vstest.console.dll, AssemblyResolver.OnResolve: Microsoft.VisualStudio.TestPlatform.Fakes: Assembly path does not exist: 'C:\Program Files\dotnet\sdk\7.0.100\Microsoft.VisualStudio.TestPlatform.Fakes.dll', returning.
TpTrace Information: 0 : 9188, 1, 2022/12/11, 19:50:25.939, 16617134001704, vstest.console.dll, AssemblyResolver.OnResolve: Microsoft.VisualStudio.TestPlatform.Fakes: Assembly path does not exist: 'C:\Program Files\dotnet\sdk\7.0.100\Microsoft.VisualStudio.TestPlatform.Fakes.exe', returning.
TpTrace Information: 0 : 9188, 1, 2022/12/11, 19:50:25.939, 16617134001935, vstest.console.dll, AssemblyResolver.OnResolve: Microsoft.VisualStudio.TestPlatform.Fakes: Failed to load assembly.
TpTrace Information: 0 : 9188, 1, 2022/12/11, 19:50:25.940, 16617134003850, vstest.console.dll, Failed to load assembly Microsoft.VisualStudio.TestPlatform.Fakes, Version=17.0.0.0, Culture=neutral. Reason:System.IO.FileNotFoundException: Could not load file or assembly 'Microsoft.VisualStudio.TestPlatform.Fakes, Version=17.0.0.0, Culture=neutral, PublicKeyToken=null'. The system cannot find the file specified.
File name: 'Microsoft.VisualStudio.TestPlatform.Fakes, Version=17.0.0.0, Culture=neutral, PublicKeyToken=null'
   at System.Reflection.RuntimeAssembly.InternalLoad(AssemblyName assemblyName, StackCrawlMark& stackMark, AssemblyLoadContext assemblyLoadContext, RuntimeAssembly requestingAssembly, Boolean throwOnFileNotFound)
   at System.Reflection.Assembly.Load(AssemblyName assemblyRef)
   at Microsoft.VisualStudio.TestPlatform.Common.Utilities.FakesUtilities.LoadTestPlatformAssembly()
TpTrace Verbose: 0 : 9188, 1, 2022/12/11, 19:50:25.942, 16617134031470, vstest.console.dll, TestPluginCache.DiscoverTestExtensions: finding test extensions in assemblies ends with: TestLogger.dll TPluginInfo: Microsoft.VisualStudio.TestPlatform.Common.ExtensionFramework.Utilities.TestLoggerPluginInformation TExtension: Microsoft.VisualStudio.TestPlatform.ObjectModel.Client.ITestLogger
TpTrace Verbose: 0 : 9188, 1, 2022/12/11, 19:50:25.942, 16617134032290, vstest.console.dll, TestPluginCache.GetExtensionPaths: Filtered extension paths: 
TpTrace Verbose: 0 : 9188, 1, 2022/12/11, 19:50:25.943, 16617134032654, vstest.console.dll, TestPluginCache.GetExtensionPaths: Added default extension paths: C:\Program Files\dotnet\sdk\7.0.100\Extensions\Microsoft.Diagnostics.NETCore.Client.dll
C:\Program Files\dotnet\sdk\7.0.100\Extensions\Microsoft.TestPlatform.Extensions.BlameDataCollector.dll
C:\Program Files\dotnet\sdk\7.0.100\Extensions\Microsoft.TestPlatform.Extensions.EventLogCollector.dll
C:\Program Files\dotnet\sdk\7.0.100\Extensions\Microsoft.TestPlatform.TestHostRuntimeProvider.dll
C:\Program Files\dotnet\sdk\7.0.100\Extensions\Microsoft.VisualStudio.TestPlatform.Extensions.Html.TestLogger.dll
C:\Program Files\dotnet\sdk\7.0.100\Extensions\Microsoft.VisualStudio.TestPlatform.Extensions.Trx.TestLogger.dll
TpTrace Verbose: 0 : 9188, 1, 2022/12/11, 19:50:25.943, 16617134033006, vstest.console.dll, TestPluginCache.GetExtensionPaths: Added unfilterableExtensionPaths: 
TpTrace Information: 0 : 9188, 1, 2022/12/11, 19:50:25.943, 16617134034085, vstest.console.dll, AssemblyResolver.AddSearchDirectories: Adding more searchDirectories C:\Program Files\dotnet\sdk\7.0.100\Extensions,C:\Program Files\dotnet\sdk\7.0.100
TpTrace Verbose: 0 : 9188, 1, 2022/12/11, 19:50:25.943, 16617134034518, vstest.console.dll, TestPluginCache.DiscoverTestExtensions: Discovering the extensions using extension path.
TpTrace Verbose: 0 : 9188, 1, 2022/12/11, 19:50:25.943, 16617134034874, vstest.console.dll, TestPluginCache.GetExtensionPaths: Filtered extension paths: 
TpTrace Verbose: 0 : 9188, 1, 2022/12/11, 19:50:25.943, 16617134035127, vstest.console.dll, TestPluginCache.GetExtensionPaths: Added default extension paths: C:\Program Files\dotnet\sdk\7.0.100\Extensions\Microsoft.Diagnostics.NETCore.Client.dll
C:\Program Files\dotnet\sdk\7.0.100\Extensions\Microsoft.TestPlatform.Extensions.BlameDataCollector.dll
C:\Program Files\dotnet\sdk\7.0.100\Extensions\Microsoft.TestPlatform.Extensions.EventLogCollector.dll
C:\Program Files\dotnet\sdk\7.0.100\Extensions\Microsoft.TestPlatform.TestHostRuntimeProvider.dll
C:\Program Files\dotnet\sdk\7.0.100\Extensions\Microsoft.VisualStudio.TestPlatform.Extensions.Html.TestLogger.dll
C:\Program Files\dotnet\sdk\7.0.100\Extensions\Microsoft.VisualStudio.TestPlatform.Extensions.Trx.TestLogger.dll
TpTrace Verbose: 0 : 9188, 1, 2022/12/11, 19:50:25.943, 16617134035513, vstest.console.dll, TestPluginCache.GetExtensionPaths: Added unfilterableExtensionPaths: 
TpTrace Verbose: 0 : 9188, 1, 2022/12/11, 19:50:25.943, 16617134035953, vstest.console.dll, TestPluginCache.DiscoverTestExtensions: Discovering the extensions using allExtensionPaths: C:\Program Files\dotnet\sdk\7.0.100\Extensions\Microsoft.Diagnostics.NETCore.Client.dll
C:\Program Files\dotnet\sdk\7.0.100\Extensions\Microsoft.TestPlatform.Extensions.BlameDataCollector.dll
C:\Program Files\dotnet\sdk\7.0.100\Extensions\Microsoft.TestPlatform.Extensions.EventLogCollector.dll
C:\Program Files\dotnet\sdk\7.0.100\Extensions\Microsoft.TestPlatform.TestHostRuntimeProvider.dll
C:\Program Files\dotnet\sdk\7.0.100\Extensions\Microsoft.VisualStudio.TestPlatform.Extensions.Html.TestLogger.dll
C:\Program Files\dotnet\sdk\7.0.100\Extensions\Microsoft.VisualStudio.TestPlatform.Extensions.Trx.TestLogger.dll
TpTrace Information: 0 : 9188, 1, 2022/12/11, 19:50:25.943, 16617134036430, vstest.console.dll, AssemblyResolver.AddSearchDirectories: Adding more searchDirectories C:\Program Files\dotnet\sdk\7.0.100\Extensions,C:\Program Files\dotnet\sdk\7.0.100
TpTrace Information: 0 : 9188, 1, 2022/12/11, 19:50:25.943, 16617134036760, vstest.console.dll, AssemblyResolver.AddSearchDirectories: Adding more searchDirectories C:\Program Files\dotnet\sdk\7.0.100\Extensions,C:\Program Files\dotnet\sdk\7.0.100
TpTrace Information: 0 : 9188, 1, 2022/12/11, 19:50:25.943, 16617134037027, vstest.console.dll, AssemblyResolver.AddSearchDirectories: Adding more searchDirectories C:\Program Files\dotnet\sdk\7.0.100\Extensions,C:\Program Files\dotnet\sdk\7.0.100
TpTrace Information: 0 : 9188, 1, 2022/12/11, 19:50:25.943, 16617134037324, vstest.console.dll, AssemblyResolver.AddSearchDirectories: Adding more searchDirectories C:\Program Files\dotnet\sdk\7.0.100\Extensions,C:\Program Files\dotnet\sdk\7.0.100
TpTrace Information: 0 : 9188, 1, 2022/12/11, 19:50:25.943, 16617134037591, vstest.console.dll, AssemblyResolver.AddSearchDirectories: Adding more searchDirectories C:\Program Files\dotnet\sdk\7.0.100\Extensions,C:\Program Files\dotnet\sdk\7.0.100
TpTrace Information: 0 : 9188, 1, 2022/12/11, 19:50:25.943, 16617134037850, vstest.console.dll, AssemblyResolver.AddSearchDirectories: Adding more searchDirectories C:\Program Files\dotnet\sdk\7.0.100\Extensions,C:\Program Files\dotnet\sdk\7.0.100
TpTrace Verbose: 0 : 9188, 1, 2022/12/11, 19:50:25.943, 16617134038854, vstest.console.dll, MetadataReaderExtensionsHelper: Discovering extensions inside assembly 'Microsoft.Diagnostics.NETCore.Client, Version=0.2.6.42401, Culture=neutral, PublicKeyToken=31bf3856ad364e35' file path 'C:\Program Files\dotnet\sdk\7.0.100\Extensions\Microsoft.Diagnostics.NETCore.Client.dll'
TpTrace Information: 0 : 9188, 1, 2022/12/11, 19:50:25.944, 16617134049813, vstest.console.dll, AssemblyResolver.OnResolve: Microsoft.Bcl.AsyncInterfaces: Resolving assembly.
TpTrace Information: 0 : 9188, 1, 2022/12/11, 19:50:25.944, 16617134050529, vstest.console.dll, AssemblyResolver.OnResolve: Microsoft.Bcl.AsyncInterfaces: Resolved from cache.
TpTrace Verbose: 0 : 9188, 1, 2022/12/11, 19:50:25.944, 16617134050814, vstest.console.dll, CurrentDomainAssemblyResolve: Resolving assembly 'Microsoft.Bcl.AsyncInterfaces'.
TpTrace Information: 0 : 9188, 1, 2022/12/11, 19:50:25.944, 16617134051417, vstest.console.dll, AssemblyResolver.OnResolve: Microsoft.Bcl.AsyncInterfaces: Resolving assembly.
TpTrace Information: 0 : 9188, 1, 2022/12/11, 19:50:25.944, 16617134051734, vstest.console.dll, AssemblyResolver.OnResolve: Microsoft.Bcl.AsyncInterfaces: Resolved from cache.
TpTrace Verbose: 0 : 9188, 1, 2022/12/11, 19:50:25.944, 16617134051960, vstest.console.dll, CurrentDomainAssemblyResolve: Resolving assembly 'Microsoft.Bcl.AsyncInterfaces'.
TpTrace Verbose: 0 : 9188, 1, 2022/12/11, 19:50:25.944, 16617134052177, vstest.console.dll, CurrentDomainAssemblyResolve: Failed to resolve assembly 'Microsoft.Bcl.AsyncInterfaces'.
TpTrace Verbose: 0 : 9188, 1, 2022/12/11, 19:50:25.945, 16617134053597, vstest.console.dll, CurrentDomainAssemblyResolve: Failed to resolve assembly 'Microsoft.Bcl.AsyncInterfaces'.
TpTrace Warning: 0 : 9188, 1, 2022/12/11, 19:50:25.945, 16617134056623, vstest.console.dll, TestPluginDiscoverer: Failed to get types from assembly 'Microsoft.Diagnostics.NETCore.Client, Version=0.2.6.42401, Culture=neutral, PublicKeyToken=31bf3856ad364e35'. Error: System.Reflection.ReflectionTypeLoadException: Unable to load one or more of the requested types.
Could not load file or assembly 'Microsoft.Bcl.AsyncInterfaces, Version=1.0.0.0, Culture=neutral, PublicKeyToken=cc7b13ffcd2ddd51'. The system cannot find the file specified.
   at System.Reflection.RuntimeModule.GetTypes(RuntimeModule module)
   at System.Reflection.Assembly.GetTypes()
   at Microsoft.VisualStudio.TestPlatform.Common.ExtensionFramework.TestPluginDiscoverer.GetTestExtensionsFromAssembly[TPluginInfo,TExtension](Assembly assembly, Dictionary`2 pluginInfos, String filePath)
System.IO.FileNotFoundException: Could not load file or assembly 'Microsoft.Bcl.AsyncInterfaces, Version=1.0.0.0, Culture=neutral, PublicKeyToken=cc7b13ffcd2ddd51'. The system cannot find the file specified.
File name: 'Microsoft.Bcl.AsyncInterfaces, Version=1.0.0.0, Culture=neutral, PublicKeyToken=cc7b13ffcd2ddd51'
 ---> System.IO.FileNotFoundException: Could not load file or assembly 'Microsoft.Bcl.AsyncInterfaces, Culture=neutral, PublicKeyToken=null'. The system cannot find the file specified.
File name: 'Microsoft.Bcl.AsyncInterfaces, Culture=neutral, PublicKeyToken=null'
   at System.Reflection.RuntimeAssembly.InternalLoad(AssemblyName assemblyName, StackCrawlMark& stackMark, AssemblyLoadContext assemblyLoadContext, RuntimeAssembly requestingAssembly, Boolean throwOnFileNotFound)
   at System.Reflection.Assembly.Load(AssemblyName assemblyRef)
   at Microsoft.VisualStudio.TestPlatform.Common.ExtensionFramework.TestPluginCache.CurrentDomainAssemblyResolve(Object sender, AssemblyResolveEventArgs args)
   at System.Runtime.Loader.AssemblyLoadContext.GetFirstResolvedAssemblyFromResolvingEvent(AssemblyName assemblyName)
   at System.Runtime.Loader.AssemblyLoadContext.ResolveUsingEvent(AssemblyName assemblyName)
   at System.Runtime.Loader.AssemblyLoadContext.ResolveUsingResolvingEvent(IntPtr gchManagedAssemblyLoadContext, AssemblyName assemblyName)
TpTrace Warning: 0 : 9188, 1, 2022/12/11, 19:50:25.945, 16617134058140, vstest.console.dll, LoaderExceptions: System.IO.FileNotFoundException: Could not load file or assembly 'Microsoft.Bcl.AsyncInterfaces, Version=1.0.0.0, Culture=neutral, PublicKeyToken=cc7b13ffcd2ddd51'. The system cannot find the file specified.
File name: 'Microsoft.Bcl.AsyncInterfaces, Version=1.0.0.0, Culture=neutral, PublicKeyToken=cc7b13ffcd2ddd51'
 ---> System.IO.FileNotFoundException: Could not load file or assembly 'Microsoft.Bcl.AsyncInterfaces, Culture=neutral, PublicKeyToken=null'. The system cannot find the file specified.
File name: 'Microsoft.Bcl.AsyncInterfaces, Culture=neutral, PublicKeyToken=null'
   at System.Reflection.RuntimeAssembly.InternalLoad(AssemblyName assemblyName, StackCrawlMark& stackMark, AssemblyLoadContext assemblyLoadContext, RuntimeAssembly requestingAssembly, Boolean throwOnFileNotFound)
   at System.Reflection.Assembly.Load(AssemblyName assemblyRef)
   at Microsoft.VisualStudio.TestPlatform.Common.ExtensionFramework.TestPluginCache.CurrentDomainAssemblyResolve(Object sender, AssemblyResolveEventArgs args)
   at System.Runtime.Loader.AssemblyLoadContext.GetFirstResolvedAssemblyFromResolvingEvent(AssemblyName assemblyName)
   at System.Runtime.Loader.AssemblyLoadContext.ResolveUsingEvent(AssemblyName assemblyName)
   at System.Runtime.Loader.AssemblyLoadContext.ResolveUsingResolvingEvent(IntPtr gchManagedAssemblyLoadContext, AssemblyName assemblyName)
TpTrace Verbose: 0 : 9188, 1, 2022/12/11, 19:50:25.945, 16617134058903, vstest.console.dll, MetadataReaderExtensionsHelper: Discovering extensions inside assembly 'Microsoft.TestPlatform.Extensions.BlameDataCollector, Version=15.0.0.0, Culture=neutral, PublicKeyToken=b03f5f7f11d50a3a' file path 'C:\Program Files\dotnet\sdk\7.0.100\Extensions\Microsoft.TestPlatform.Extensions.BlameDataCollector.dll'
TpTrace Information: 0 : 9188, 1, 2022/12/11, 19:50:25.946, 16617134066440, vstest.console.dll, GetTestExtensionFromType: Register extension with identifier data 'logger://Microsoft/TestPlatform/Extensions/Blame/v1' and type 'Microsoft.TestPlatform.Extensions.BlameDataCollector.BlameLogger, Microsoft.TestPlatform.Extensions.BlameDataCollector, Version=15.0.0.0, Culture=neutral, PublicKeyToken=b03f5f7f11d50a3a' inside file 'C:\Program Files\dotnet\sdk\7.0.100\Extensions\Microsoft.TestPlatform.Extensions.BlameDataCollector.dll'
TpTrace Verbose: 0 : 9188, 1, 2022/12/11, 19:50:25.946, 16617134067061, vstest.console.dll, MetadataReaderExtensionsHelper: Discovering extensions inside assembly 'Microsoft.TestPlatform.Extensions.EventLogCollector, Version=15.0.0.0, Culture=neutral, PublicKeyToken=b03f5f7f11d50a3a' file path 'C:\Program Files\dotnet\sdk\7.0.100\Extensions\Microsoft.TestPlatform.Extensions.EventLogCollector.dll'
TpTrace Verbose: 0 : 9188, 1, 2022/12/11, 19:50:25.946, 16617134071631, vstest.console.dll, MetadataReaderExtensionsHelper: Discovering extensions inside assembly 'Microsoft.TestPlatform.TestHostRuntimeProvider, Version=15.0.0.0, Culture=neutral, PublicKeyToken=b03f5f7f11d50a3a' file path 'C:\Program Files\dotnet\sdk\7.0.100\Extensions\Microsoft.TestPlatform.TestHostRuntimeProvider.dll'
TpTrace Verbose: 0 : 9188, 1, 2022/12/11, 19:50:25.947, 16617134076947, vstest.console.dll, MetadataReaderExtensionsHelper: Discovering extensions inside assembly 'Microsoft.VisualStudio.TestPlatform.Extensions.Html.TestLogger, Version=15.0.0.0, Culture=neutral, PublicKeyToken=b03f5f7f11d50a3a' file path 'C:\Program Files\dotnet\sdk\7.0.100\Extensions\Microsoft.VisualStudio.TestPlatform.Extensions.Html.TestLogger.dll'
TpTrace Information: 0 : 9188, 1, 2022/12/11, 19:50:25.948, 16617134083741, vstest.console.dll, GetTestExtensionFromType: Register extension with identifier data 'logger://Microsoft/TestPlatform/HtmlLogger/v1' and type 'Microsoft.VisualStudio.TestPlatform.Extensions.HtmlLogger.HtmlLogger, Microsoft.VisualStudio.TestPlatform.Extensions.Html.TestLogger, Version=15.0.0.0, Culture=neutral, PublicKeyToken=b03f5f7f11d50a3a' inside file 'C:\Program Files\dotnet\sdk\7.0.100\Extensions\Microsoft.VisualStudio.TestPlatform.Extensions.Html.TestLogger.dll'
TpTrace Verbose: 0 : 9188, 1, 2022/12/11, 19:50:25.948, 16617134084351, vstest.console.dll, MetadataReaderExtensionsHelper: Discovering extensions inside assembly 'Microsoft.VisualStudio.TestPlatform.Extensions.Trx.TestLogger, Version=15.0.0.0, Culture=neutral, PublicKeyToken=b03f5f7f11d50a3a' file path 'C:\Program Files\dotnet\sdk\7.0.100\Extensions\Microsoft.VisualStudio.TestPlatform.Extensions.Trx.TestLogger.dll'
TpTrace Information: 0 : 9188, 1, 2022/12/11, 19:50:25.948, 16617134089602, vstest.console.dll, GetTestExtensionFromType: Register extension with identifier data 'logger://Microsoft/TestPlatform/TrxLogger/v1' and type 'Microsoft.VisualStudio.TestPlatform.Extensions.TrxLogger.TrxLogger, Microsoft.VisualStudio.TestPlatform.Extensions.Trx.TestLogger, Version=15.0.0.0, Culture=neutral, PublicKeyToken=b03f5f7f11d50a3a' inside file 'C:\Program Files\dotnet\sdk\7.0.100\Extensions\Microsoft.VisualStudio.TestPlatform.Extensions.Trx.TestLogger.dll'
TpTrace Verbose: 0 : 9188, 1, 2022/12/11, 19:50:25.948, 16617134090455, vstest.console.dll, TestPluginCache: Discovered the extensions using extension path ''.
TpTrace Verbose: 0 : 9188, 1, 2022/12/11, 19:50:25.948, 16617134090754, vstest.console.dll, TestPluginCache: Discoverers are ''.
TpTrace Verbose: 0 : 9188, 1, 2022/12/11, 19:50:25.948, 16617134090967, vstest.console.dll, TestPluginCache: Executors are ''.
TpTrace Verbose: 0 : 9188, 1, 2022/12/11, 19:50:25.948, 16617134091163, vstest.console.dll, TestPluginCache: Executors2 are ''.
TpTrace Verbose: 0 : 9188, 1, 2022/12/11, 19:50:25.948, 16617134091357, vstest.console.dll, TestPluginCache: Setting providers are ''.
TpTrace Verbose: 0 : 9188, 1, 2022/12/11, 19:50:25.948, 16617134091913, vstest.console.dll, TestPluginCache: Loggers are 'logger://Microsoft/TestPlatform/Extensions/Blame/v1,logger://Microsoft/TestPlatform/HtmlLogger/v1,logger://Microsoft/TestPlatform/TrxLogger/v1'.
TpTrace Verbose: 0 : 9188, 1, 2022/12/11, 19:50:25.948, 16617134092341, vstest.console.dll, TestPluginCache: TestHosts are 'HostProvider://DefaultTestHost,HostProvider://DotnetTestHost'.
TpTrace Verbose: 0 : 9188, 1, 2022/12/11, 19:50:25.949, 16617134092579, vstest.console.dll, TestPluginCache: DataCollectors are ''.
TpTrace Information: 0 : 9188, 1, 2022/12/11, 19:50:25.949, 16617134100257, vstest.console.dll, TestPluginManager.CreateTestExtension: Attempting to load test extension: Microsoft.TestPlatform.Extensions.BlameDataCollector.BlameLogger
TpTrace Verbose: 0 : 9188, 1, 2022/12/11, 19:50:25.957, 16617134174876, vstest.console.dll, TestEngine: Initializing Parallel Execution as MaxCpuCount is set to: 1
TpTrace Information: 0 : 9188, 1, 2022/12/11, 19:50:25.958, 16617134189839, vstest.console.dll, TestPluginManager.CreateTestExtension: Attempting to load test extension: Microsoft.VisualStudio.TestPlatform.CrossPlatEngine.Hosting.DefaultTestHostManager
TpTrace Information: 0 : 9188, 1, 2022/12/11, 19:50:25.959, 16617134200541, vstest.console.dll, TestPluginManager.CreateTestExtension: Attempting to load test extension: Microsoft.VisualStudio.TestPlatform.CrossPlatEngine.Hosting.DotnetTestHostManager
TpTrace Information: 0 : 9188, 1, 2022/12/11, 19:50:25.960, 16617134206742, vstest.console.dll, InferRunSettingsHelper.IsTestSettingsEnabled: Unable to navigate to RunSettings/MSTest. Current node: RunSettings
TpTrace Verbose: 0 : 9188, 1, 2022/12/11, 19:50:25.964, 16617134247338, vstest.console.dll, TestEngine.GetExecutionManager: Chosen execution manager 'Microsoft.VisualStudio.TestPlatform.CrossPlatEngine.Client.Parallel.ParallelProxyExecutionManager, Microsoft.TestPlatform.CrossPlatEngine, Version=15.0.0.0, Culture=neutral, PublicKeyToken=b03f5f7f11d50a3a' ParallelLevel '1'.
TpTrace Verbose: 0 : 9188, 1, 2022/12/11, 19:50:25.964, 16617134248865, vstest.console.dll, TestRunRequest.ExecuteAsync: Creating test run request.
TpTrace Verbose: 0 : 9188, 1, 2022/12/11, 19:50:25.964, 16617134250841, vstest.console.dll, TestRunRequest.ExecuteAsync: Starting.
TpTrace Information: 0 : 9188, 1, 2022/12/11, 19:50:25.965, 16617134253366, vstest.console.dll, TestRunRequest.ExecuteAsync: Starting run with settings:TestRunCriteria:
   KeepAlive=False,FrequencyOfRunStatsChangeEvent=10,RunStatsChangeEventTimeout=00:00:01.5000000,TestCaseFilter=,TestExecutorLauncher=
   Settingsxml=<RunSettings>
  <RunConfiguration>
    <ResultsDirectory>C:\Users\muris\Source\Repos\vvs-zad1-zadaca\TestIzboriVVS\bin\Debug\net5.0\fine-code-coverage\coverage-tool-output</ResultsDirectory>
    <TargetPlatform>X64</TargetPlatform>
    <TargetFrameworkVersion>.NETCoreApp,Version=v5.0</TargetFrameworkVersion>
    <DesignMode>False</DesignMode>
    <CollectSourceInformation>False</CollectSourceInformation>
  </RunConfiguration>
  <LoggerRunSettings>
    <Loggers>
      <Logger friendlyName="blame" enabled="True" />
      <Logger friendlyName="Console" uri="logger://microsoft/TestPlatform/ConsoleLogger/v1" assemblyQualifiedName="Microsoft.VisualStudio.TestPlatform.CommandLine.Internal.ConsoleLogger, vstest.console, Version=15.0.0.0, Culture=neutral, PublicKeyToken=b03f5f7f11d50a3a" codeBase="C:\Program Files\dotnet\sdk\7.0.100\vstest.console.dll" enabled="True" />
    </Loggers>
  </LoggerRunSettings>
  <DataCollectionRunSettings>
    <DataCollectors>
      <DataCollector friendlyName="blame" enabled="True">
        <Configuration>
          <ResultsDirectory>C:\Users\muris\Source\Repos\vvs-zad1-zadaca\TestIzboriVVS\bin\Debug\net5.0\fine-code-coverage\coverage-tool-output</ResultsDirectory>
        </Configuration>
      </DataCollector>
    </DataCollectors>
  </DataCollectionRunSettings>
</RunSettings>

TpTrace Verbose: 0 : 9188, 1, 2022/12/11, 19:50:25.965, 16617134253799, vstest.console.dll, TestRunRequest.ExecuteAsync: Wait for the first run request is over.
TpTrace Verbose: 0 : 9188, 1, 2022/12/11, 19:50:25.965, 16617134256355, vstest.console.dll, MulticastDelegateUtilities.SafeInvoke: TestRun.TestRunStart: Invoking callbacks was skipped because there are no subscribers.
TpTrace Verbose: 0 : 9188, 4, 2022/12/11, 19:50:25.965, 16617134258596, vstest.console.dll, MulticastDelegateUtilities.SafeInvoke: InternalTestLoggerEvents.SendTestRunStart: Invoking callback 1/1 for Microsoft.VisualStudio.TestPlatform.CommandLine.Internal.ConsoleLogger., took 0 ms.
TpTrace Verbose: 0 : 9188, 1, 2022/12/11, 19:50:25.966, 16617134267224, vstest.console.dll, ParallelProxyExecutionManager: Start execution. Total sources: 1
TpTrace Verbose: 0 : 9188, 1, 2022/12/11, 19:50:25.968, 16617134286176, vstest.console.dll, TestRequestSender is acting as server.
TpTrace Verbose: 0 : 9188, 1, 2022/12/11, 19:50:25.969, 16617134300552, vstest.console.dll, DataCollectionRequestSender.InitializeCommunication : Initialize communication. 
TpTrace Information: 0 : 9188, 1, 2022/12/11, 19:50:25.973, 16617134341943, vstest.console.dll, Listening on Endpoint : 127.0.0.1:50818
TpTrace Verbose: 0 : 9188, 1, 2022/12/11, 19:50:25.982, 16617134427651, vstest.console.dll, DotnetDataCollectionLauncher: Adding  --runtimeconfig "C:\Program Files\dotnet\sdk\7.0.100\datacollector.runtimeconfig.json" in args
TpTrace Verbose: 0 : 9188, 1, 2022/12/11, 19:50:25.982, 16617134428855, vstest.console.dll, DotnetDataCollectionLauncher: Adding  --depsfile "C:\Program Files\dotnet\sdk\7.0.100\datacollector.deps.json" in args
TpTrace Verbose: 0 : 9188, 1, 2022/12/11, 19:50:25.982, 16617134430186, vstest.console.dll, DotnetDataCollectionLauncher: Full path of dotnet.exe is C:\Program Files\dotnet\dotnet.exe
TpTrace Information: 0 : 9188, 1, 2022/12/11, 19:50:25.989, 16617134495866, vstest.console.dll, ProxyDataCollectionManager.Initialize: Launched datacollector processId: 11048 port: 50818
TpTrace Information: 0 : 9188, 1, 2022/12/11, 19:50:25.989, 16617134498605, vstest.console.dll, ProxyDataCollectionManager.Initialize: waiting for connection with timeout: 90 seconds
TpTrace Verbose: 0 : 9188, 1, 2022/12/11, 19:50:25.989, 16617134499847, vstest.console.dll, DataCollectionRequestSender.WaitForRequestHandlerConnection : Waiting for connection with timeout: 90000
TpTrace Information: 0 : 9188, 7, 2022/12/11, 19:50:26.142, 16617136024820, vstest.console.dll, Using the buffer size of 16384 bytes
TpTrace Verbose: 0 : 9188, 1, 2022/12/11, 19:50:26.142, 16617136025507, vstest.console.dll, SocketCommunicationManager.WaitForClientConnection took: 152 ms, with 90000 ms timeout, and finished with True.
TpTrace Information: 0 : 9188, 7, 2022/12/11, 19:50:26.142, 16617136027078, vstest.console.dll, Accepted Client request and set the flag
TpTrace Verbose: 0 : 9188, 1, 2022/12/11, 19:50:26.142, 16617136028719, vstest.console.dll, ProxyDataCollectionManager.InvokeDataCollectionServiceAction: Starting.
TpTrace Information: 0 : 9188, 1, 2022/12/11, 19:50:26.142, 16617136030021, vstest.console.dll, ProxyDataCollectionManager.BeforeTestRunStart: Get environment variable and port for datacollector processId: 11048 port: 50818
TpTrace Verbose: 0 : 9188, 1, 2022/12/11, 19:50:26.142, 16617136032258, vstest.console.dll, DataCollectionRequestSender.SendBeforeTestRunStartAndGetResult: Send BeforeTestRunStart message with settingsXml <RunSettings><RunConfiguration><ResultsDirectory>C:\Users\muris\Source\Repos\vvs-zad1-zadaca\TestIzboriVVS\bin\Debug\net5.0\fine-code-coverage\coverage-tool-output</ResultsDirectory><TargetPlatform>X64</TargetPlatform><TargetFrameworkVersion>.NETCoreApp,Version=v5.0</TargetFrameworkVersion><DesignMode>False</DesignMode><CollectSourceInformation>False</CollectSourceInformation><TestAdaptersPaths>C:\Program Files\dotnet\sdk\7.0.100\Extensions</TestAdaptersPaths></RunConfiguration><LoggerRunSettings><Loggers><Logger friendlyName="blame" enabled="True" /><Logger friendlyName="Console" uri="logger://microsoft/TestPlatform/ConsoleLogger/v1" assemblyQualifiedName="Microsoft.VisualStudio.TestPlatform.CommandLine.Internal.ConsoleLogger, vstest.console, Version=15.0.0.0, Culture=neutral, PublicKeyToken=b03f5f7f11d50a3a" codeBase="C:\Program Files\dotnet\sdk\7.0.100\vstest.console.dll" enabled="True" /></Loggers></LoggerRunSettings><DataCollectionRunSettings><DataCollectors><DataCollector friendlyName="blame" enabled="True"><Configuration><ResultsDirectory>C:\Users\muris\Source\Repos\vvs-zad1-zadaca\TestIzboriVVS\bin\Debug\net5.0\fine-code-coverage\coverage-tool-output</ResultsDirectory></Configuration></DataCollector></DataCollectors></DataCollectionRunSettings></RunSettings> and sources System.Collections.Generic.List`1[System.String]: 
TpTrace Verbose: 0 : 9188, 1, 2022/12/11, 19:50:26.225, 16617136861273, vstest.console.dll, DataCollectionRequestSender.SendBeforeTestRunStartAndGetResult: Received message: (DataCollection.SendMessage) -> {"MessageType":"DataCollection.SendMessage","Payload":{"FriendlyName":null,"Uri":null,"TestCaseId":"00000000-0000-0000-0000-000000000000","Message":"Logging DataCollector Diagnostics in file: C:\\Users\\muris\\Source\\Repos\\vvs-zad1-zadaca\\TestIzboriVVS\\bin\\Debug\\net5.0\\fine-code-coverage\\coverage-tool-output\\diagnostics.datacollector.22-12-11_19-50-25_98225_1.log","Level":0}}
TpTrace Verbose: 0 : 9188, 1, 2022/12/11, 19:50:26.316, 16617137767308, vstest.console.dll, DataCollectionRequestSender.SendBeforeTestRunStartAndGetResult: Received message: (DataCollection.BeforeTestRunStartResult) -> {"MessageType":"DataCollection.BeforeTestRunStartResult","Payload":{"EnvironmentVariables":{},"DataCollectionEventsPort":50820}}
TpTrace Information: 0 : 9188, 1, 2022/12/11, 19:50:26.321, 16617137812766, vstest.console.dll, ProxyDataCollectionManager.BeforeTestRunStart: SendBeforeTestRunStartAndGetResult successful, env variable from datacollector:   and testhost port: 50820
TpTrace Information: 0 : 9188, 1, 2022/12/11, 19:50:26.321, 16617137813773, vstest.console.dll, ProxyDataCollectionManager.InvokeDataCollectionServiceAction: Completed.
TpTrace Verbose: 0 : 9188, 7, 2022/12/11, 19:50:26.321, 16617137814729, vstest.console.dll, ParallelProxyExecutionManager: Execution started. Started clients: 1
TpTrace Verbose: 0 : 9188, 1, 2022/12/11, 19:50:26.321, 16617137814958, vstest.console.dll, ProxyParallelExecutionManager: No sources available for execution.
TpTrace Information: 0 : 9188, 1, 2022/12/11, 19:50:26.321, 16617137815562, vstest.console.dll, TestRunRequest.ExecuteAsync: Started.
TpTrace Verbose: 0 : 9188, 1, 2022/12/11, 19:50:26.321, 16617137816224, vstest.console.dll, TestRunRequest.WaitForCompletion: Waiting with timeout -1.
TpTrace Verbose: 0 : 9188, 7, 2022/12/11, 19:50:26.321, 16617137817235, vstest.console.dll, TestRunRequest:SendTestRunMessage: Starting.
TpTrace Verbose: 0 : 9188, 7, 2022/12/11, 19:50:26.321, 16617137818635, vstest.console.dll, MulticastDelegateUtilities.SafeInvoke: TestRun.LogMessages: Invoking callback 1/1 for Microsoft.VisualStudio.TestPlatform.CommandLine.TestRunResultAggregator., took 0 ms.
TpTrace Information: 0 : 9188, 7, 2022/12/11, 19:50:26.321, 16617137819068, vstest.console.dll, TestRunRequest:SendTestRunMessage: Completed.
TpTrace Verbose: 0 : 9188, 4, 2022/12/11, 19:50:26.321, 16617137820022, vstest.console.dll, MulticastDelegateUtilities.SafeInvoke: InternalTestLoggerEvents.SendTestRunMessage: Invoking callback 1/1 for Microsoft.VisualStudio.TestPlatform.CommandLine.Internal.ConsoleLogger., took 0 ms.
TpTrace Verbose: 0 : 9188, 7, 2022/12/11, 19:50:26.321, 16617137820441, vstest.console.dll, ProxyExecutionManager: Test host is always Lazy initialize.
TpTrace Verbose: 0 : 9188, 7, 2022/12/11, 19:50:26.322, 16617137823090, vstest.console.dll, TestRequestSender.InitializeCommunication: initialize communication. 
TpTrace Information: 0 : 9188, 7, 2022/12/11, 19:50:26.322, 16617137827974, vstest.console.dll, SocketServer.Start: Listening on endpoint : 127.0.0.1:50821
TpTrace Verbose: 0 : 9188, 7, 2022/12/11, 19:50:26.323, 16617137834294, vstest.console.dll, DotnetTestHostmanager.GetTestHostProcessStartInfo: Platform environment 'X64' target architecture 'X64' framework '.NETCoreApp,Version=v5.0' OS 'Windows'
TpTrace Verbose: 0 : 9188, 7, 2022/12/11, 19:50:26.323, 16617137836022, vstest.console.dll, DotnetTestHostmanager: Adding  --runtimeconfig "C:\Users\muris\Source\Repos\vvs-zad1-zadaca\TestIzboriVVS\bin\Debug\net5.0\fine-code-coverage\build-output\TestIzboriVVS.runtimeconfig.json" in args
TpTrace Verbose: 0 : 9188, 7, 2022/12/11, 19:50:26.323, 16617137836808, vstest.console.dll, DotnetTestHostmanager: Adding  --depsfile "C:\Users\muris\Source\Repos\vvs-zad1-zadaca\TestIzboriVVS\bin\Debug\net5.0\fine-code-coverage\build-output\TestIzboriVVS.deps.json" in args
TpTrace Verbose: 0 : 9188, 7, 2022/12/11, 19:50:26.323, 16617137837984, vstest.console.dll, DotnetTestHostmanager.IsWinOnArm: Current PROCESSOR_ARCHITECTURE from environment variable 'AMD64'
TpTrace Verbose: 0 : 9188, 7, 2022/12/11, 19:50:26.323, 16617137838480, vstest.console.dll, DotnetTestHostmanager.IsWinOnArm: Is Windows on ARM 'False'
TpTrace Verbose: 0 : 9188, 7, 2022/12/11, 19:50:26.323, 16617137839091, vstest.console.dll, DotnetTestHostManager: testhost.exe found at path: C:\Users\muris\Source\Repos\vvs-zad1-zadaca\TestIzboriVVS\bin\Debug\net5.0\fine-code-coverage\build-output\testhost.exe
TpTrace Verbose: 0 : 9188, 7, 2022/12/11, 19:50:26.323, 16617137839421, vstest.console.dll, DotnetTestHostmanager: Full path of host exe is C:\Users\muris\Source\Repos\vvs-zad1-zadaca\TestIzboriVVS\bin\Debug\net5.0\fine-code-coverage\build-output\testhost.exe
TpTrace Verbose: 0 : 9188, 7, 2022/12/11, 19:50:26.323, 16617137840435, vstest.console.dll, DotnetTestHostmanager.LaunchTestHostAsync: Found 'VSTEST_WINAPPHOST_DOTNET_ROOT' in env variables, value 'C:\Program Files\dotnet', forwarding to 'DOTNET_ROOT'
TpTrace Verbose: 0 : 9188, 7, 2022/12/11, 19:50:26.323, 16617137842256, vstest.console.dll, DotnetTestHostManager: Starting process 'C:\Users\muris\Source\Repos\vvs-zad1-zadaca\TestIzboriVVS\bin\Debug\net5.0\fine-code-coverage\build-output\testhost.exe' with command line ' --runtimeconfig "C:\Users\muris\Source\Repos\vvs-zad1-zadaca\TestIzboriVVS\bin\Debug\net5.0\fine-code-coverage\build-output\TestIzboriVVS.runtimeconfig.json" --depsfile "C:\Users\muris\Source\Repos\vvs-zad1-zadaca\TestIzboriVVS\bin\Debug\net5.0\fine-code-coverage\build-output\TestIzboriVVS.deps.json" --port 50821 --endpoint 127.0.0.1:050821 --role client --parentprocessid 9188 --diag "C:\Users\muris\Source\Repos\vvs-zad1-zadaca\TestIzboriVVS\bin\Debug\net5.0\fine-code-coverage\coverage-tool-output\diagnostics.host.22-12-11_19-50-26_32285_7.log" --tracelevel 4 --datacollectionport 50820 --telemetryoptedin false'
TpTrace Verbose: 0 : 9188, 7, 2022/12/11, 19:50:26.329, 16617137897486, vstest.console.dll, MulticastDelegateUtilities.SafeInvoke: HostProviderEvents.OnHostLaunched: Invoking callback 1/2 for Microsoft.VisualStudio.TestPlatform.CrossPlatEngine.Client.ProxyExecutionManagerWithDataCollection., took 1 ms.
TpTrace Verbose: 0 : 9188, 7, 2022/12/11, 19:50:26.329, 16617137900326, vstest.console.dll, Test Runtime launched
TpTrace Verbose: 0 : 9188, 7, 2022/12/11, 19:50:26.329, 16617137901289, vstest.console.dll, MulticastDelegateUtilities.SafeInvoke: HostProviderEvents.OnHostLaunched: Invoking callback 2/2 for Microsoft.VisualStudio.TestPlatform.CrossPlatEngine.Client.ProxyOperationManager., took 0 ms.
TpTrace Verbose: 0 : 9188, 7, 2022/12/11, 19:50:26.330, 16617137903239, vstest.console.dll, TestRequestSender.WaitForRequestHandlerConnection: waiting for connection with timeout: 90000.
TpTrace Verbose: 0 : 9188, 7, 2022/12/11, 19:50:26.505, 16617139654387, vstest.console.dll, TestRequestSender.WaitForRequestHandlerConnection: waiting took 175 ms, with timeout 90000 ms, and result 0, which is success.
TpTrace Verbose: 0 : 9188, 12, 2022/12/11, 19:50:26.505, 16617139654388, vstest.console.dll, MulticastDelegateUtilities.SafeInvoke: SocketServer: ClientConnected: Invoking callback 1/1 for Microsoft.VisualStudio.TestPlatform.CommunicationUtilities.TestRequestSender., took 0 ms.
TpTrace Verbose: 0 : 9188, 12, 2022/12/11, 19:50:26.505, 16617139656015, vstest.console.dll, SocketServer.OnClientConnected: Client connected for endPoint: 127.0.0.1:50821, starting MessageLoopAsync:
TpTrace Verbose: 0 : 9188, 12, 2022/12/11, 19:50:26.505, 16617139658495, vstest.console.dll, TcpClientExtensions.MessageLoopAsync: Polling on remoteEndPoint: 127.0.0.1:50822 localEndPoint: 127.0.0.1:50821
TpTrace Verbose: 0 : 9188, 7, 2022/12/11, 19:50:26.506, 16617139663672, vstest.console.dll, TestRequestSender.CheckVersionWithTestHost: Sending check version message: {"MessageType":"ProtocolVersion","Payload":7}
TpTrace Verbose: 0 : 9188, 12, 2022/12/11, 19:50:26.625, 16617140860418, vstest.console.dll, TcpClientExtensions.MessageLoopAsync: NotifyDataAvailable remoteEndPoint: 127.0.0.1:50822 localEndPoint: 127.0.0.1:50821
TpTrace Verbose: 0 : 9188, 12, 2022/12/11, 19:50:26.626, 16617140863061, vstest.console.dll, TestRequestSender.CheckVersionWithTestHost: onMessageReceived received message: (ProtocolVersion) -> {"MessageType":"ProtocolVersion","Payload":7}
TpTrace Verbose: 0 : 9188, 12, 2022/12/11, 19:50:26.626, 16617140869817, vstest.console.dll, MulticastDelegateUtilities.SafeInvoke: LengthPrefixCommunicationChannel: MessageReceived: Invoking callback 1/1 for Microsoft.VisualStudio.TestPlatform.CommunicationUtilities.TestRequestSender+<>c__DisplayClass26_0., took 0 ms.
TpTrace Verbose: 0 : 9188, 12, 2022/12/11, 19:50:26.626, 16617140871749, vstest.console.dll, TcpClientExtensions.MessageLoopAsync: Polling on remoteEndPoint: 127.0.0.1:50822 localEndPoint: 127.0.0.1:50821
TpTrace Verbose: 0 : 9188, 7, 2022/12/11, 19:50:26.626, 16617140872029, vstest.console.dll, TestPluginCache.GetExtensionPaths: Filtered extension paths: 
TpTrace Verbose: 0 : 9188, 7, 2022/12/11, 19:50:26.627, 16617140873511, vstest.console.dll, TestPluginCache.GetExtensionPaths: Added default extension paths: C:\Program Files\dotnet\sdk\7.0.100\Extensions\Microsoft.Diagnostics.NETCore.Client.dll
C:\Program Files\dotnet\sdk\7.0.100\Extensions\Microsoft.TestPlatform.Extensions.BlameDataCollector.dll
C:\Program Files\dotnet\sdk\7.0.100\Extensions\Microsoft.TestPlatform.Extensions.EventLogCollector.dll
C:\Program Files\dotnet\sdk\7.0.100\Extensions\Microsoft.TestPlatform.TestHostRuntimeProvider.dll
C:\Program Files\dotnet\sdk\7.0.100\Extensions\Microsoft.VisualStudio.TestPlatform.Extensions.Html.TestLogger.dll
C:\Program Files\dotnet\sdk\7.0.100\Extensions\Microsoft.VisualStudio.TestPlatform.Extensions.Trx.TestLogger.dll
TpTrace Verbose: 0 : 9188, 7, 2022/12/11, 19:50:26.627, 16617140874226, vstest.console.dll, TestPluginCache.GetExtensionPaths: Added unfilterableExtensionPaths: 
TpTrace Verbose: 0 : 9188, 7, 2022/12/11, 19:50:26.630, 16617140911040, vstest.console.dll, TestRequestSender.InitializeExecution: Sending initialize execution with message: {"Version":7,"MessageType":"TestExecution.Initialize","Payload":["C:\\Users\\muris\\Source\\Repos\\vvs-zad1-zadaca\\TestIzboriVVS\\bin\\Debug\\net5.0\\fine-code-coverage\\build-output\\Microsoft.VisualStudio.TestPlatform.MSTest.TestAdapter.dll"]}
TpTrace Warning: 0 : 9188, 7, 2022/12/11, 19:50:26.631, 16617140916054, vstest.console.dll, InferRunSettingsHelper.MakeRunsettingsCompatible: Removing the following settings: TargetPlatform from RunSettings file. To use those settings please move to latest version of Microsoft.NET.Test.Sdk
TpTrace Verbose: 0 : 9188, 12, 2022/12/11, 19:50:26.633, 16617140932865, vstest.console.dll, TcpClientExtensions.MessageLoopAsync: NotifyDataAvailable remoteEndPoint: 127.0.0.1:50822 localEndPoint: 127.0.0.1:50821
TpTrace Verbose: 0 : 9188, 12, 2022/12/11, 19:50:26.633, 16617140937306, vstest.console.dll, TestRequestSender.OnExecutionMessageReceived: Received message: {"Version":7,"MessageType":"TestSession.Message","Payload":{"MessageLevel":0,"Message":"Logging TestHost Diagnostics in file: C:\\Users\\muris\\Source\\Repos\\vvs-zad1-zadaca\\TestIzboriVVS\\bin\\Debug\\net5.0\\fine-code-coverage\\coverage-tool-output\\diagnostics.host.22-12-11_19-50-26_32285_7.log"}}
TpTrace Verbose: 0 : 9188, 12, 2022/12/11, 19:50:26.641, 16617141016552, vstest.console.dll, TestRunRequest:SendTestRunMessage: Starting.
TpTrace Verbose: 0 : 9188, 12, 2022/12/11, 19:50:26.641, 16617141018590, vstest.console.dll, MulticastDelegateUtilities.SafeInvoke: TestRun.LogMessages: Invoking callback 1/1 for Microsoft.VisualStudio.TestPlatform.CommandLine.TestRunResultAggregator., took 0 ms.
TpTrace Verbose: 0 : 9188, 4, 2022/12/11, 19:50:26.641, 16617141018878, vstest.console.dll, MulticastDelegateUtilities.SafeInvoke: InternalTestLoggerEvents.SendTestRunMessage: Invoking callback 1/1 for Microsoft.VisualStudio.TestPlatform.CommandLine.Internal.ConsoleLogger., took 0 ms.
TpTrace Information: 0 : 9188, 12, 2022/12/11, 19:50:26.641, 16617141019044, vstest.console.dll, TestRunRequest:SendTestRunMessage: Completed.
TpTrace Verbose: 0 : 9188, 12, 2022/12/11, 19:50:26.641, 16617141020892, vstest.console.dll, MulticastDelegateUtilities.SafeInvoke: LengthPrefixCommunicationChannel: MessageReceived: Invoking callback 1/1 for Microsoft.VisualStudio.TestPlatform.CommunicationUtilities.TestRequestSender+<>c__DisplayClass31_0., took 8 ms.
TpTrace Verbose: 0 : 9188, 12, 2022/12/11, 19:50:26.641, 16617141021223, vstest.console.dll, TcpClientExtensions.MessageLoopAsync: Polling on remoteEndPoint: 127.0.0.1:50822 localEndPoint: 127.0.0.1:50821
TpTrace Verbose: 0 : 9188, 7, 2022/12/11, 19:50:26.644, 16617141051311, vstest.console.dll, TestRequestSender.StartTestRun: Sending test run with message: {"Version":7,"MessageType":"TestExecution.StartWithSources","Payload":{"AdapterSourceMap":{"_none_":["C:\\Users\\muris\\Source\\Repos\\vvs-zad1-zadaca\\TestIzboriVVS\\bin\\Debug\\net5.0\\fine-code-coverage\\build-output\\TestIzboriVVS.dll"]},"RunSettings":"<RunSettings>\r\n  <RunConfiguration>\r\n    <ResultsDirectory>C:\\Users\\muris\\Source\\Repos\\vvs-zad1-zadaca\\TestIzboriVVS\\bin\\Debug\\net5.0\\fine-code-coverage\\coverage-tool-output</ResultsDirectory>\r\n    <TargetFrameworkVersion>.NETCoreApp,Version=v5.0</TargetFrameworkVersion>\r\n    <DesignMode>False</DesignMode>\r\n    <CollectSourceInformation>False</CollectSourceInformation>\r\n  </RunConfiguration>\r\n  <LoggerRunSettings>\r\n    <Loggers>\r\n      <Logger friendlyName=\"blame\" enabled=\"True\" />\r\n      <Logger friendlyName=\"Console\" uri=\"logger://microsoft/TestPlatform/ConsoleLogger/v1\" assemblyQualifiedName=\"Microsoft.VisualStudio.TestPlatform.CommandLine.Internal.ConsoleLogger, vstest.console, Version=15.0.0.0, Culture=neutral, PublicKeyToken=b03f5f7f11d50a3a\" codeBase=\"C:\\Program Files\\dotnet\\sdk\\7.0.100\\vstest.console.dll\" enabled=\"True\" />\r\n    </Loggers>\r\n  </LoggerRunSettings>\r\n  <DataCollectionRunSettings>\r\n    <DataCollectors>\r\n      <DataCollector friendlyName=\"blame\" enabled=\"True\">\r\n        <Configuration>\r\n          <ResultsDirectory>C:\\Users\\muris\\Source\\Repos\\vvs-zad1-zadaca\\TestIzboriVVS\\bin\\Debug\\net5.0\\fine-code-coverage\\coverage-tool-output</ResultsDirectory>\r\n        </Configuration>\r\n      </DataCollector>\r\n    </DataCollectors>\r\n  </DataCollectionRunSettings>\r\n</RunSettings>","TestExecutionContext":{"FrequencyOfRunStatsChangeEvent":10,"RunStatsChangeEventTimeout":"00:00:01.5000000","InIsolation":false,"KeepAlive":false,"AreTestCaseLevelEventsRequired":false,"IsDebug":false,"TestCaseFilter":null,"FilterOptions":null},"Package":null}}
TpTrace Verbose: 0 : 9188, 12, 2022/12/11, 19:50:27.200, 16617146610584, vstest.console.dll, TcpClientExtensions.MessageLoopAsync: NotifyDataAvailable remoteEndPoint: 127.0.0.1:50822 localEndPoint: 127.0.0.1:50821
TpTrace Verbose: 0 : 9188, 12, 2022/12/11, 19:50:27.201, 16617146614161, vstest.console.dll, TestRequestSender.OnExecutionMessageReceived: Received message: {"Version":7,"MessageType":"TestExecution.StatsChange","Payload":{"NewTestResults":[{"TestCase":{"Id":"3a4fd732-0214-15b0-f886-0849f786dfed","FullyQualifiedName":"TestVVS.UnitTestFunkcionalnost3.IspisStranakaTest","DisplayName":"IspisStranakaTest","ExecutorUri":"executor://MSTestAdapter/v2","Source":"C:\\Users\\muris\\Source\\Repos\\vvs-zad1-zadaca\\TestIzboriVVS\\bin\\Debug\\net5.0\\fine-code-coverage\\build-output\\TestIzboriVVS.dll","CodeFilePath":null,"LineNumber":-1,"Properties":[{"Key":{"Id":"TestCase.ManagedType","Label":"ManagedType","Category":"","Description":"","Attributes":1,"ValueType":"System.String"},"Value":"TestVVS.UnitTestFunkcionalnost3"},{"Key":{"Id":"TestCase.ManagedMethod","Label":"ManagedMethod","Category":"","Description":"","Attributes":1,"ValueType":"System.String"},"Value":"IspisStranakaTest"},{"Key":{"Id":"MSTestDiscoverer.TestClassName","Label":"ClassName","Category":"","Description":"","Attributes":1,"ValueType":"System.String"},"Value":"TestVVS.UnitTestFunkcionalnost3"},{"Key":{"Id":"TestCase.Hierarchy","Label":"Hierarchy","Category":"","Description":"","Attributes":2,"ValueType":"System.String[]"},"Value":["TestVVS","UnitTestFunkcionalnost3"]},{"Key":{"Id":"TestObject.Traits","Label":"Traits","Category":"","Description":"","Attributes":5,"ValueType":"System.Collections.Generic.KeyValuePair`2[[System.String],[System.String]][]"},"Value":[]}]},"Attachments":[],"Outcome":1,"ErrorMessage":null,"ErrorStackTrace":null,"DisplayName":"IspisStranakaTest","Messages":[],"ComputerName":null,"Duration":"00:00:00.0047027","StartTime":"2022-12-11T19:50:27.0703075+01:00","EndTime":"2022-12-11T19:50:27.1046478+01:00","Properties":[{"Key":{"Id":"ExecutionId","Label":"ExecutionId","Category":"","Description":"","Attributes":1,"ValueType":"System.Guid"},"Value":"00000000-0000-0000-0000-000000000000"},{"Key":{"Id":"ParentExecId","Label":"ParentExecId","Category":"","Description":"","Attributes":1,"ValueType":"System.Guid"},"Value":"00000000-0000-0000-0000-000000000000"},{"Key":{"Id":"InnerResultsCount","Label":"InnerResultsCount","Category":"","Description":"","Attributes":1,"ValueType":"System.Int32"},"Value":0}]},{"TestCase":{"Id":"b6cd90dc-d40b-55ff-2e7b-ed01dc812d0b","FullyQualifiedName":"TestVVS.UnitTestFunkcionalnost3.IspisStranakaTest1","DisplayName":"IspisStranakaTest1","ExecutorUri":"executor://MSTestAdapter/v2","Source":"C:\\Users\\muris\\Source\\Repos\\vvs-zad1-zadaca\\TestIzboriVVS\\bin\\Debug\\net5.0\\fine-code-coverage\\build-output\\TestIzboriVVS.dll","CodeFilePath":null,"LineNumber":-1,"Properties":[{"Key":{"Id":"TestCase.ManagedType","Label":"ManagedType","Category":"","Description":"","Attributes":1,"ValueType":"System.String"},"Value":"TestVVS.UnitTestFunkcionalnost3"},{"Key":{"Id":"TestCase.ManagedMethod","Label":"ManagedMethod","Category":"","Description":"","Attributes":1,"ValueType":"System.String"},"Value":"IspisStranakaTest1"},{"Key":{"Id":"MSTestDiscoverer.TestClassName","Label":"ClassName","Category":"","Description":"","Attributes":1,"ValueType":"System.String"},"Value":"TestVVS.UnitTestFunkcionalnost3"},{"Key":{"Id":"TestCase.Hierarchy","Label":"Hierarchy","Category":"","Description":"","Attributes":2,"ValueType":"System.String[]"},"Value":["TestVVS","UnitTestFunkcionalnost3"]},{"Key":{"Id":"TestObject.Traits","Label":"Traits","Category":"","Description":"","Attributes":5,"ValueType":"System.Collections.Generic.KeyValuePair`2[[System.String],[System.String]][]"},"Value":[]}]},"Attachments":[],"Outcome":1,"ErrorMessage":null,"ErrorStackTrace":null,"DisplayName":"IspisStranakaTest1","Messages":[{"Category":"StdOutMsgs","Text":"GLasano do ovog trenutka: 4 puta.\r\nStatistika stranaka: \r\n\r\nsda osvojenih glasova: 0 , a to je 0%.\r\nsda-Hasnija Buli osvojio je 0 glasova ,a to je: 0%.\r\nsda-Edin Ati osvojio je 0 glasova ,a to je: 0%.\r\nsda-Aki Aki osvojio je 0 glasova ,a to je: 0%.\r\nsda-Musa Nurki osvojio je 0 glasova ,a to je: 0%.\r\nsda-Sulejman Halilovi osvojio je 0 glasova ,a to je: 0%.\r\nStranka je osvojila: 0 mandata.\r\n\r\nPomak osvojenih glasova: 0 , a to je 0%.\r\nPomak-Romeo Lukaku osvojio je 0 glasova ,a to je: 0%\r\nPomak-Cristiano Ronaldo osvojio je 4 glasova ,a to je: 100% -osvaja mandat\r\nPomak-Tejt MegregoAr osvojio je 0 glasova ,a to je: 0%\r\nPomak-Kanie West osvojio je 0 glasova ,a to je: 0%\r\nPomak-Messi Ronaldo osvojio je 0 glasova ,a to je: 0%\r\nStranka je osvojila: 1 mandata.\r\n\r\nSdp osvojenih glasova: 0 , a to je 0%.\r\nSdp-Munja Munji osvojio je 0 glasova ,a to je: 0%.\r\nSdp-Amar Gegi osvojio je 0 glasova ,a to je: 0%.\r\nSdp-Kenan Kamenja osvojio je 0 glasova ,a to je: 0%.\r\nSdp-Edvin Kljalji osvojio je 0 glasova ,a to je: 0%.\r\nSdp-Esad Plavi osvojio je 0 glasova ,a to je: 0%.\r\nStranka je osvojila: 0 mandata.\r\n\r\nasda osvojenih glasova: 0 , a to je 0%.\r\nasda-Fatka Fatki osvojio je 0 glasova ,a to je: 0%.\r\nasda-Frugi Drugar osvojio je 0 glasova ,a to je: 0%.\r\nasda-Gospodar Fatki osvojio je 0 glasova ,a to je: 0%.\r\nasda-Bilbo Bagins osvojio je 0 glasova ,a to je: 0%.\r\nasda-Edin Deko osvojio je 0 glasova ,a to je: 0%.\r\nStranka je osvojila: 0 mandata.\r\n\r\nhdz osvojenih glasova: 0 , a to je 0%.\r\nhdz-Elon Musk osvojio je 0 glasova ,a to je: 0%.\r\nhdz-Rakan Muki osvojio je 0 glasova ,a to je: 0%.\r\nhdz-Ela Makedonac osvojio je 0 glasova ,a to je: 0%.\r\nhdz-Ilija Nugato osvojio je 0 glasova ,a to je: 0%.\r\nhdz-Kakao Kamenja osvojio je 0 glasova ,a to je: 0%.\r\nStranka je osvojila: 0 mandata.\r\n\r\nnezavisni: \r\nnezavisni-Justin So osvojio je 0 glasova ,a to je: 0%.\r\nnezavisni-Angelina Boli osvojio je 0 glasova ,a to je: 0%.\r\nnezavisni-Marija Ana osvojio je 0 glasova ,a to je: 0%.\r\nnezavisni-Bull Pit osvojio je 0 glasova ,a to je: 0%.\r\nnezavisni-Vojage Breskvica osvojio je 0 glasova ,a to je: 0%.\r\nStranka je osvojila: 0 mandata.\r\n\r\n"}],"ComputerName":null,"Duration":"00:00:00.0013254","StartTime":"2022-12-11T19:50:27.1339025+01:00","EndTime":"2022-12-11T19:50:27.1354597+01:00","Properties":[{"Key":{"Id":"ExecutionId","Label":"ExecutionId","Category":"","Description":"","Attributes":1,"ValueType":"System.Guid"},"Value":"00000000-0000-0000-0000-000000000000"},{"Key":{"Id":"ParentExecId","Label":"ParentExecId","Category":"","Description":"","Attributes":1,"ValueType":"System.Guid"},"Value":"00000000-0000-0000-0000-000000000000"},{"Key":{"Id":"InnerResultsCount","Label":"InnerResultsCount","Category":"","Description":"","Attributes":1,"ValueType":"System.Int32"},"Value":0}]},{"TestCase":{"Id":"2e4b7c59-5c5a-a471-a0d6-431db76b9af2","FullyQualifiedName":"TestVVS.UnitTestFunkcionalnost3.IspisStranakaTest2","DisplayName":"IspisStranakaTest2","ExecutorUri":"executor://MSTestAdapter/v2","Source":"C:\\Users\\muris\\Source\\Repos\\vvs-zad1-zadaca\\TestIzboriVVS\\bin\\Debug\\net5.0\\fine-code-coverage\\build-output\\TestIzboriVVS.dll","CodeFilePath":null,"LineNumber":-1,"Properties":[{"Key":{"Id":"TestCase.ManagedType","Label":"ManagedType","Category":"","Description":"","Attributes":1,"ValueType":"System.String"},"Value":"TestVVS.UnitTestFunkcionalnost3"},{"Key":{"Id":"TestCase.ManagedMethod","Label":"ManagedMethod","Category":"","Description":"","Attributes":1,"ValueType":"System.String"},"Value":"IspisStranakaTest2"},{"Key":{"Id":"MSTestDiscoverer.TestClassName","Label":"ClassName","Category":"","Description":"","Attributes":1,"ValueType":"System.String"},"Value":"TestVVS.UnitTestFunkcionalnost3"},{"Key":{"Id":"TestCase.Hierarchy","Label":"Hierarchy","Category":"","Description":"","Attributes":2,"ValueType":"System.String[]"},"Value":["TestVVS","UnitTestFunkcionalnost3"]},{"Key":{"Id":"TestObject.Traits","Label":"Traits","Category":"","Description":"","Attributes":5,"ValueType":"System.Collections.Generic.KeyValuePair`2[[System.String],[System.String]][]"},"Value":[]}]},"Attachments":[],"Outcome":1,"ErrorMessage":null,"ErrorStackTrace":null,"DisplayName":"IspisStranakaTest2","Messages":[{"Category":"StdOutMsgs","Text":"GLasano do ovog trenutka: 3 puta.\r\nStatistika stranaka: \r\n\r\nsda osvojenih glasova: 2 , a to je 66%.\r\nsda-Hasnija Buli osvojio je 0 glasova ,a to je: 0%\r\nsda-Edin Ati osvojio je 2 glasova ,a to je: 100% -osvaja mandat\r\nsda-Aki Aki osvojio je 0 glasova ,a to je: 0%\r\nsda-Musa Nurki osvojio je 0 glasova ,a to je: 0%\r\nsda-Sulejman Halilovi osvojio je 0 glasova ,a to je: 0%\r\nStranka je osvojila: 1 mandata.\r\n\r\nPomak osvojenih glasova: 1 , a to je 33%.\r\nPomak-Romeo Lukaku osvojio je 0 glasova ,a to je: 0%\r\nPomak-Cristiano Ronaldo osvojio je 0 glasova ,a to je: 0%\r\nPomak-Tejt MegregoAr osvojio je 1 glasova ,a to je: 100% -osvaja mandat\r\nPomak-Kanie West osvojio je 0 glasova ,a to je: 0%\r\nPomak-Messi Ronaldo osvojio je 0 glasova ,a to je: 0%\r\nStranka je osvojila: 1 mandata.\r\n\r\nSdp osvojenih glasova: 0 , a to je 0%.\r\nSdp-Munja Munji osvojio je 0 glasova ,a to je: 0%.\r\nSdp-Amar Gegi osvojio je 0 glasova ,a to je: 0%.\r\nSdp-Kenan Kamenja osvojio je 0 glasova ,a to je: 0%.\r\nSdp-Edvin Kljalji osvojio je 0 glasova ,a to je: 0%.\r\nSdp-Esad Plavi osvojio je 0 glasova ,a to je: 0%.\r\nStranka je osvojila: 0 mandata.\r\n\r\nasda osvojenih glasova: 0 , a to je 0%.\r\nasda-Fatka Fatki osvojio je 0 glasova ,a to je: 0%.\r\nasda-Frugi Drugar osvojio je 0 glasova ,a to je: 0%.\r\nasda-Gospodar Fatki osvojio je 0 glasova ,a to je: 0%.\r\nasda-Bilbo Bagins osvojio je 0 glasova ,a to je: 0%.\r\nasda-Edin Deko osvojio je 0 glasova ,a to je: 0%.\r\nStranka je osvojila: 0 mandata.\r\n\r\nhdz osvojenih glasova: 0 , a to je 0%.\r\nhdz-Elon Musk osvojio je 0 glasova ,a to je: 0%.\r\nhdz-Rakan Muki osvojio je 0 glasova ,a to je: 0%.\r\nhdz-Ela Makedonac osvojio je 0 glasova ,a to je: 0%.\r\nhdz-Ilija Nugato osvojio je 0 glasova ,a to je: 0%.\r\nhdz-Kakao Kamenja osvojio je 0 glasova ,a to je: 0%.\r\nStranka je osvojila: 0 mandata.\r\n\r\nnezavisni: \r\nnezavisni-Justin So osvojio je 0 glasova ,a to je: 0%.\r\nnezavisni-Angelina Boli osvojio je 0 glasova ,a to je: 0%.\r\nnezavisni-Marija Ana osvojio je 0 glasova ,a to je: 0%.\r\nnezavisni-Bull Pit osvojio je 0 glasova ,a to je: 0%.\r\nnezavisni-Vojage Breskvica osvojio je 0 glasova ,a to je: 0%.\r\nStranka je osvojila: 0 mandata.\r\n\r\n"}],"ComputerName":null,"Duration":"00:00:00.0004291","StartTime":"2022-12-11T19:50:27.1386956+01:00","EndTime":"2022-12-11T19:50:27.1393347+01:00","Properties":[{"Key":{"Id":"ExecutionId","Label":"ExecutionId","Category":"","Description":"","Attributes":1,"ValueType":"System.Guid"},"Value":"00000000-0000-0000-0000-000000000000"},{"Key":{"Id":"ParentExecId","Label":"ParentExecId","Category":"","Description":"","Attributes":1,"ValueType":"System.Guid"},"Value":"00000000-0000-0000-0000-000000000000"},{"Key":{"Id":"InnerResultsCount","Label":"InnerResultsCount","Category":"","Description":"","Attributes":1,"ValueType":"System.Int32"},"Value":0}]},{"TestCase":{"Id":"dc4c22aa-a8d9-3d93-ada4-32663ff88408","FullyQualifiedName":"TestVVS.UnitTestFunkcionalnost3.IspisStranakaTest3","DisplayName":"IspisStranakaTest3","ExecutorUri":"executor://MSTestAdapter/v2","Source":"C:\\Users\\muris\\Source\\Repos\\vvs-zad1-zadaca\\TestIzboriVVS\\bin\\Debug\\net5.0\\fine-code-coverage\\build-output\\TestIzboriVVS.dll","CodeFilePath":null,"LineNumber":-1,"Properties":[{"Key":{"Id":"TestCase.ManagedType","Label":"ManagedType","Category":"","Description":"","Attributes":1,"ValueType":"System.String"},"Value":"TestVVS.UnitTestFunkcionalnost3"},{"Key":{"Id":"TestCase.ManagedMethod","Label":"ManagedMethod","Category":"","Description":"","Attributes":1,"ValueType":"System.String"},"Value":"IspisStranakaTest3"},{"Key":{"Id":"MSTestDiscoverer.TestClassName","Label":"ClassName","Category":"","Description":"","Attributes":1,"ValueType":"System.String"},"Value":"TestVVS.UnitTestFunkcionalnost3"},{"Key":{"Id":"TestCase.Hierarchy","Label":"Hierarchy","Category":"","Description":"","Attributes":2,"ValueType":"System.String[]"},"Value":["TestVVS","UnitTestFunkcionalnost3"]},{"Key":{"Id":"TestObject.Traits","Label":"Traits","Category":"","Description":"","Attributes":5,"ValueType":"System.Collections.Generic.KeyValuePair`2[[System.String],[System.String]][]"},"Value":[]}]},"Attachments":[],"Outcome":1,"ErrorMessage":null,"ErrorStackTrace":null,"DisplayName":"IspisStranakaTest3","Messages":[{"Category":"StdOutMsgs","Text":"GLasano do ovog trenutka: 3 puta.\r\nStatistika stranaka: \r\n\r\nsda osvojenih glasova: 2 , a to je 66%.\r\nsda-Hasnija Buli osvojio je 0 glasova ,a to je: 0%\r\nsda-Edin Ati osvojio je 2 glasova ,a to je: 100% -osvaja mandat\r\nsda-Aki Aki osvojio je 0 glasova ,a to je: 0%\r\nsda-Musa Nurki osvojio je 0 glasova ,a to je: 0%\r\nsda-Sulejman Halilovi osvojio je 0 glasova ,a to je: 0%\r\nStranka je osvojila: 1 mandata.\r\n\r\nPomak osvojenih glasova: 1 , a to je 33%.\r\nPomak-Romeo Lukaku osvojio je 0 glasova ,a to je: 0%\r\nPomak-Cristiano Ronaldo osvojio je 0 glasova ,a to je: 0%\r\nPomak-Tejt MegregoAr osvojio je 1 glasova ,a to je: 100% -osvaja mandat\r\nPomak-Kanie West osvojio je 0 glasova ,a to je: 0%\r\nPomak-Messi Ronaldo osvojio je 0 glasova ,a to je: 0%\r\nStranka je osvojila: 1 mandata.\r\n\r\nSdp osvojenih glasova: 0 , a to je 0%.\r\nSdp-Munja Munji osvojio je 0 glasova ,a to je: 0%.\r\nSdp-Amar Gegi osvojio je 0 glasova ,a to je: 0%.\r\nSdp-Kenan Kamenja osvojio je 0 glasova ,a to je: 0%.\r\nSdp-Edvin Kljalji osvojio je 0 glasova ,a to je: 0%.\r\nSdp-Esad Plavi osvojio je 0 glasova ,a to je: 0%.\r\nStranka je osvojila: 0 mandata.\r\n\r\nasda osvojenih glasova: 0 , a to je 0%.\r\nasda-Fatka Fatki osvojio je 0 glasova ,a to je: 0%.\r\nasda-Frugi Drugar osvojio je 0 glasova ,a to je: 0%.\r\nasda-Gospodar Fatki osvojio je 0 glasova ,a to je: 0%.\r\nasda-Bilbo Bagins osvojio je 0 glasova ,a to je: 0%.\r\nasda-Edin Deko osvojio je 0 glasova ,a to je: 0%.\r\nStranka je osvojila: 0 mandata.\r\n\r\nhdz osvojenih glasova: 0 , a to je 0%.\r\nhdz-Elon Musk osvojio je 0 glasova ,a to je: 0%.\r\nhdz-Rakan Muki osvojio je 0 glasova ,a to je: 0%.\r\nhdz-Ela Makedonac osvojio je 0 glasova ,a to je: 0%.\r\nhdz-Ilija Nugato osvojio je 0 glasova ,a to je: 0%.\r\nhdz-Kakao Kamenja osvojio je 0 glasova ,a to je: 0%.\r\nStranka je osvojila: 0 mandata.\r\n\r\nnezavisni: \r\nnezavisni-Justin So osvojio je 0 glasova ,a to je: 0%.\r\nnezavisni-Angelina Boli osvojio je 0 glasova ,a to je: 0%.\r\nnezavisni-Marija Ana osvojio je 0 glasova ,a to je: 0%.\r\nnezavisni-Bull Pit osvojio je 0 glasova ,a to je: 0%.\r\nnezavisni-Vojage Breskvica osvojio je 0 glasova ,a to je: 0%.\r\nStranka je osvojila: 0 mandata.\r\n\r\n"}],"ComputerName":null,"Duration":"00:00:00.0004531","StartTime":"2022-12-11T19:50:27.1419293+01:00","EndTime":"2022-12-11T19:50:27.1425611+01:00","Properties":[{"Key":{"Id":"ExecutionId","Label":"ExecutionId","Category":"","Description":"","Attributes":1,"ValueType":"System.Guid"},"Value":"00000000-0000-0000-0000-000000000000"},{"Key":{"Id":"ParentExecId","Label":"ParentExecId","Category":"","Description":"","Attributes":1,"ValueType":"System.Guid"},"Value":"00000000-0000-0000-0000-000000000000"},{"Key":{"Id":"InnerResultsCount","Label":"InnerResultsCount","Category":"","Description":"","Attributes":1,"ValueType":"System.Int32"},"Value":0}]},{"TestCase":{"Id":"ebcb9a89-7b48-5de6-1c9f-8b7b18fc53e3","FullyQualifiedName":"TestVVS.UnitTestFunkcionalnost3.IspisStranakaTest4","DisplayName":"IspisStranakaTest4","ExecutorUri":"executor://MSTestAdapter/v2","Source":"C:\\Users\\muris\\Source\\Repos\\vvs-zad1-zadaca\\TestIzboriVVS\\bin\\Debug\\net5.0\\fine-code-coverage\\build-output\\TestIzboriVVS.dll","CodeFilePath":null,"LineNumber":-1,"Properties":[{"Key":{"Id":"TestCase.ManagedType","Label":"ManagedType","Category":"","Description":"","Attributes":1,"ValueType":"System.String"},"Value":"TestVVS.UnitTestFunkcionalnost3"},{"Key":{"Id":"TestCase.ManagedMethod","Label":"ManagedMethod","Category":"","Description":"","Attributes":1,"ValueType":"System.String"},"Value":"IspisStranakaTest4"},{"Key":{"Id":"MSTestDiscoverer.TestClassName","Label":"ClassName","Category":"","Description":"","Attributes":1,"ValueType":"System.String"},"Value":"TestVVS.UnitTestFunkcionalnost3"},{"Key":{"Id":"TestCase.Hierarchy","Label":"Hierarchy","Category":"","Description":"","Attributes":2,"ValueType":"System.String[]"},"Value":["TestVVS","UnitTestFunkcionalnost3"]},{"Key":{"Id":"TestObject.Traits","Label":"Traits","Category":"","Description":"","Attributes":5,"ValueType":"System.Collections.Generic.KeyValuePair`2[[System.String],[System.String]][]"},"Value":[]}]},"Attachments":[],"Outcome":1,"ErrorMessage":null,"ErrorStackTrace":null,"DisplayName":"IspisStranakaTest4","Messages":[{"Category":"StdOutMsgs","Text":"GLasano do ovog trenutka: 2 puta.\r\nStatistika stranaka: \r\n\r\nsda osvojenih glasova: 1 , a to je 50%.\r\nsda-Hasnija Buli osvojio je 0 glasova ,a to je: 0%\r\nsda-Edin Ati osvojio je 1 glasova ,a to je: 100% -osvaja mandat\r\nsda-Aki Aki osvojio je 0 glasova ,a to je: 0%\r\nsda-Musa Nurki osvojio je 0 glasova ,a to je: 0%\r\nsda-Sulejman Halilovi osvojio je 0 glasova ,a to je: 0%\r\nStranka je osvojila: 1 mandata.\r\n\r\nPomak osvojenih glasova: 1 , a to je 50%.\r\nPomak-Romeo Lukaku osvojio je 0 glasova ,a to je: 0%\r\nPomak-Cristiano Ronaldo osvojio je 0 glasova ,a to je: 0%\r\nPomak-Tejt MegregoAr osvojio je 1 glasova ,a to je: 100% -osvaja mandat\r\nPomak-Kanie West osvojio je 0 glasova ,a to je: 0%\r\nPomak-Messi Ronaldo osvojio je 0 glasova ,a to je: 0%\r\nStranka je osvojila: 1 mandata.\r\n\r\nSdp osvojenih glasova: 0 , a to je 0%.\r\nSdp-Munja Munji osvojio je 0 glasova ,a to je: 0%.\r\nSdp-Amar Gegi osvojio je 0 glasova ,a to je: 0%.\r\nSdp-Kenan Kamenja osvojio je 0 glasova ,a to je: 0%.\r\nSdp-Edvin Kljalji osvojio je 0 glasova ,a to je: 0%.\r\nSdp-Esad Plavi osvojio je 0 glasova ,a to je: 0%.\r\nStranka je osvojila: 0 mandata.\r\n\r\nasda osvojenih glasova: 0 , a to je 0%.\r\nasda-Fatka Fatki osvojio je 0 glasova ,a to je: 0%.\r\nasda-Frugi Drugar osvojio je 0 glasova ,a to je: 0%.\r\nasda-Gospodar Fatki osvojio je 0 glasova ,a to je: 0%.\r\nasda-Bilbo Bagins osvojio je 0 glasova ,a to je: 0%.\r\nasda-Edin Deko osvojio je 0 glasova ,a to je: 0%.\r\nStranka je osvojila: 0 mandata.\r\n\r\nhdz osvojenih glasova: 0 , a to je 0%.\r\nhdz-Elon Musk osvojio je 0 glasova ,a to je: 0%.\r\nhdz-Rakan Muki osvojio je 0 glasova ,a to je: 0%.\r\nhdz-Ela Makedonac osvojio je 0 glasova ,a to je: 0%.\r\nhdz-Ilija Nugato osvojio je 0 glasova ,a to je: 0%.\r\nhdz-Kakao Kamenja osvojio je 0 glasova ,a to je: 0%.\r\nStranka je osvojila: 0 mandata.\r\n\r\nnezavisni: \r\nnezavisni-Justin So osvojio je 0 glasova ,a to je: 0%.\r\nnezavisni-Angelina Boli osvojio je 0 glasova ,a to je: 0%.\r\nnezavisni-Marija Ana osvojio je 0 glasova ,a to je: 0%.\r\nnezavisni-Bull Pit osvojio je 0 glasova ,a to je: 0%.\r\nnezavisni-Vojage Breskvica osvojio je 0 glasova ,a to je: 0%.\r\nStranka je osvojila: 0 mandata.\r\n\r\n"}],"ComputerName":null,"Duration":"00:00:00.0005470","StartTime":"2022-12-11T19:50:27.1454496+01:00","EndTime":"2022-12-11T19:50:27.1463231+01:00","Properties":[{"Key":{"Id":"ExecutionId","Label":"ExecutionId","Category":"","Description":"","Attributes":1,"ValueType":"System.Guid"},"Value":"00000000-0000-0000-0000-000000000000"},{"Key":{"Id":"ParentExecId","Label":"ParentExecId","Category":"","Description":"","Attributes":1,"ValueType":"System.Guid"},"Value":"00000000-0000-0000-0000-000000000000"},{"Key":{"Id":"InnerResultsCount","Label":"InnerResultsCount","Category":"","Description":"","Attributes":1,"ValueType":"System.Int32"},"Value":0}]},{"TestCase":{"Id":"2327ba0c-d510-7a08-d9d0-9f72397549ce","FullyQualifiedName":"TestIzboriVVS.UnitTestDrugi.TestZamjenskiObjekat","DisplayName":"TestZamjenskiObjekat","ExecutorUri":"executor://MSTestAdapter/v2","Source":"C:\\Users\\muris\\Source\\Repos\\vvs-zad1-zadaca\\TestIzboriVVS\\bin\\Debug\\net5.0\\fine-code-coverage\\build-output\\TestIzboriVVS.dll","CodeFilePath":null,"LineNumber":-1,"Properties":[{"Key":{"Id":"TestCase.ManagedType","Label":"ManagedType","Category":"","Description":"","Attributes":1,"ValueType":"System.String"},"Value":"TestIzboriVVS.UnitTestDrugi"},{"Key":{"Id":"TestCase.ManagedMethod","Label":"ManagedMethod","Category":"","Description":"","Attributes":1,"ValueType":"System.String"},"Value":"TestZamjenskiObjekat"},{"Key":{"Id":"MSTestDiscoverer.TestClassName","Label":"ClassName","Category":"","Description":"","Attributes":1,"ValueType":"System.String"},"Value":"TestIzboriVVS.UnitTestDrugi"},{"Key":{"Id":"TestCase.Hierarchy","Label":"Hierarchy","Category":"","Description":"","Attributes":2,"ValueType":"System.String[]"},"Value":["TestIzboriVVS","UnitTestDrugi"]},{"Key":{"Id":"TestObject.Traits","Label":"Traits","Category":"","Description":"","Attributes":5,"ValueType":"System.Collections.Generic.KeyValuePair`2[[System.String],[System.String]][]"},"Value":[]}]},"Attachments":[],"Outcome":1,"ErrorMessage":null,"ErrorStackTrace":null,"DisplayName":"TestZamjenskiObjekat","Messages":[],"ComputerName":null,"Duration":"00:00:00.0024263","StartTime":"2022-12-11T19:50:27.1493334+01:00","EndTime":"2022-12-11T19:50:27.1524091+01:00","Properties":[{"Key":{"Id":"ExecutionId","Label":"ExecutionId","Category":"","Description":"","Attributes":1,"ValueType":"System.Guid"},"Value":"00000000-0000-0000-0000-000000000000"},{"Key":{"Id":"ParentExecId","Label":"ParentExecId","Category":"","Description":"","Attributes":1,"ValueType":"System.Guid"},"Value":"00000000-0000-0000-0000-000000000000"},{"Key":{"Id":"InnerResultsCount","Label":"InnerResultsCount","Category":"","Description":"","Attributes":1,"ValueType":"System.Int32"},"Value":0}]},{"TestCase":{"Id":"7e116520-37f2-7a45-3132-b51b14161603","FullyQualifiedName":"TestIzboriVVS.UnitTestFunkcionalnost5.ProvjeraPogresneSifreTest","DisplayName":"ProvjeraPogresneSifreTest","ExecutorUri":"executor://MSTestAdapter/v2","Source":"C:\\Users\\muris\\Source\\Repos\\vvs-zad1-zadaca\\TestIzboriVVS\\bin\\Debug\\net5.0\\fine-code-coverage\\build-output\\TestIzboriVVS.dll","CodeFilePath":null,"LineNumber":-1,"Properties":[{"Key":{"Id":"TestCase.ManagedType","Label":"ManagedType","Category":"","Description":"","Attributes":1,"ValueType":"System.String"},"Value":"TestIzboriVVS.UnitTestFunkcionalnost5"},{"Key":{"Id":"TestCase.ManagedMethod","Label":"ManagedMethod","Category":"","Description":"","Attributes":1,"ValueType":"System.String"},"Value":"ProvjeraPogresneSifreTest"},{"Key":{"Id":"MSTestDiscoverer.TestClassName","Label":"ClassName","Category":"","Description":"","Attributes":1,"ValueType":"System.String"},"Value":"TestIzboriVVS.UnitTestFunkcionalnost5"},{"Key":{"Id":"TestCase.Hierarchy","Label":"Hierarchy","Category":"","Description":"","Attributes":2,"ValueType":"System.String[]"},"Value":["TestIzboriVVS","UnitTestFunkcionalnost5"]},{"Key":{"Id":"TestObject.Traits","Label":"Traits","Category":"","Description":"","Attributes":5,"ValueType":"System.Collections.Generic.KeyValuePair`2[[System.String],[System.String]][]"},"Value":[]}]},"Attachments":[],"Outcome":1,"ErrorMessage":null,"ErrorStackTrace":null,"DisplayName":"ProvjeraPogresneSifreTest","Messages":[],"ComputerName":null,"Duration":"00:00:00.0004344","StartTime":"2022-12-11T19:50:27.155086+01:00","EndTime":"2022-12-11T19:50:27.1560093+01:00","Properties":[{"Key":{"Id":"ExecutionId","Label":"ExecutionId","Category":"","Description":"","Attributes":1,"ValueType":"System.Guid"},"Value":"00000000-0000-0000-0000-000000000000"},{"Key":{"Id":"ParentExecId","Label":"ParentExecId","Category":"","Description":"","Attributes":1,"ValueType":"System.Guid"},"Value":"00000000-0000-0000-0000-000000000000"},{"Key":{"Id":"InnerResultsCount","Label":"InnerResultsCount","Category":"","Description":"","Attributes":1,"ValueType":"System.Int32"},"Value":0}]},{"TestCase":{"Id":"79f74cc7-0cb5-9fe9-d520-7f977e4ec9b0","FullyQualifiedName":"TestIzboriVVS.UnitTestFunkcionalnost5.ProvjeraIspravneSifreTest","DisplayName":"ProvjeraIspravneSifreTest","ExecutorUri":"executor://MSTestAdapter/v2","Source":"C:\\Users\\muris\\Source\\Repos\\vvs-zad1-zadaca\\TestIzboriVVS\\bin\\Debug\\net5.0\\fine-code-coverage\\build-output\\TestIzboriVVS.dll","CodeFilePath":null,"LineNumber":-1,"Properties":[{"Key":{"Id":"TestCase.ManagedType","Label":"ManagedType","Category":"","Description":"","Attributes":1,"ValueType":"System.String"},"Value":"TestIzboriVVS.UnitTestFunkcionalnost5"},{"Key":{"Id":"TestCase.ManagedMethod","Label":"ManagedMethod","Category":"","Description":"","Attributes":1,"ValueType":"System.String"},"Value":"ProvjeraIspravneSifreTest"},{"Key":{"Id":"MSTestDiscoverer.TestClassName","Label":"ClassName","Category":"","Description":"","Attributes":1,"ValueType":"System.String"},"Value":"TestIzboriVVS.UnitTestFunkcionalnost5"},{"Key":{"Id":"TestCase.Hierarchy","Label":"Hierarchy","Category":"","Description":"","Attributes":2,"ValueType":"System.String[]"},"Value":["TestIzboriVVS","UnitTestFunkcionalnost5"]},{"Key":{"Id":"TestObject.Traits","Label":"Traits","Category":"","Description":"","Attributes":5,"ValueType":"System.Collections.Generic.KeyValuePair`2[[System.String],[System.String]][]"},"Value":[]}]},"Attachments":[],"Outcome":1,"ErrorMessage":null,"ErrorStackTrace":null,"DisplayName":"ProvjeraIspravneSifreTest","Messages":[],"ComputerName":null,"Duration":"00:00:00.0001830","StartTime":"2022-12-11T19:50:27.1640339+01:00","EndTime":"2022-12-11T19:50:27.1644084+01:00","Properties":[{"Key":{"Id":"ExecutionId","Label":"ExecutionId","Category":"","Description":"","Attributes":1,"ValueType":"System.Guid"},"Value":"00000000-0000-0000-0000-000000000000"},{"Key":{"Id":"ParentExecId","Label":"ParentExecId","Category":"","Description":"","Attributes":1,"ValueType":"System.Guid"},"Value":"00000000-0000-0000-0000-000000000000"},{"Key":{"Id":"InnerResultsCount","Label":"InnerResultsCount","Category":"","Description":"","Attributes":1,"ValueType":"System.Int32"},"Value":0}]},{"TestCase":{"Id":"2a195b40-7987-822f-1d6d-dd6d3cdbdbd3","FullyQualifiedName":"TestIzboriVVS.UnitTestFunkcionalnost5.RestartGlasanjaTest","DisplayName":"RestartGlasanjaTest","ExecutorUri":"executor://MSTestAdapter/v2","Source":"C:\\Users\\muris\\Source\\Repos\\vvs-zad1-zadaca\\TestIzboriVVS\\bin\\Debug\\net5.0\\fine-code-coverage\\build-output\\TestIzboriVVS.dll","CodeFilePath":null,"LineNumber":-1,"Properties":[{"Key":{"Id":"TestCase.ManagedType","Label":"ManagedType","Category":"","Description":"","Attributes":1,"ValueType":"System.String"},"Value":"TestIzboriVVS.UnitTestFunkcionalnost5"},{"Key":{"Id":"TestCase.ManagedMethod","Label":"ManagedMethod","Category":"","Description":"","Attributes":1,"ValueType":"System.String"},"Value":"RestartGlasanjaTest"},{"Key":{"Id":"MSTestDiscoverer.TestClassName","Label":"ClassName","Category":"","Description":"","Attributes":1,"ValueType":"System.String"},"Value":"TestIzboriVVS.UnitTestFunkcionalnost5"},{"Key":{"Id":"TestCase.Hierarchy","Label":"Hierarchy","Category":"","Description":"","Attributes":2,"ValueType":"System.String[]"},"Value":["TestIzboriVVS","UnitTestFunkcionalnost5"]},{"Key":{"Id":"TestObject.Traits","Label":"Traits","Category":"","Description":"","Attributes":5,"ValueType":"System.Collections.Generic.KeyValuePair`2[[System.String],[System.String]][]"},"Value":[]}]},"Attachments":[],"Outcome":1,"ErrorMessage":null,"ErrorStackTrace":null,"DisplayName":"RestartGlasanjaTest","Messages":[],"ComputerName":null,"Duration":"00:00:00.0014549","StartTime":"2022-12-11T19:50:27.1670913+01:00","EndTime":"2022-12-11T19:50:27.168831+01:00","Properties":[{"Key":{"Id":"ExecutionId","Label":"ExecutionId","Category":"","Description":"","Attributes":1,"ValueType":"System.Guid"},"Value":"00000000-0000-0000-0000-000000000000"},{"Key":{"Id":"ParentExecId","Label":"ParentExecId","Category":"","Description":"","Attributes":1,"ValueType":"System.Guid"},"Value":"00000000-0000-0000-0000-000000000000"},{"Key":{"Id":"InnerResultsCount","Label":"InnerResultsCount","Category":"","Description":"","Attributes":1,"ValueType":"System.Int32"},"Value":0}]}],"TestRunStatistics":{"ExecutedTests":9,"Stats":{"Passed":9}},"ActiveTests":[{"Id":"24ff35e5-ee62-4181-c5f6-0811dba15f53","FullyQualifiedName":"TestIzboriVVS.UnitTestFunkcionalnost5.RestartGlasanja2Test","DisplayName":"RestartGlasanja2Test","ExecutorUri":"executor://MSTestAdapter/v2","Source":"C:\\Users\\muris\\Source\\Repos\\vvs-zad1-zadaca\\TestIzboriVVS\\bin\\Debug\\net5.0\\fine-code-coverage\\build-output\\TestIzboriVVS.dll","CodeFilePath":null,"LineNumber":-1,"Properties":[{"Key":{"Id":"TestCase.ManagedType","Label":"ManagedType","Category":"","Description":"","Attributes":1,"ValueType":"System.String"},"Value":"TestIzboriVVS.UnitTestFunkcionalnost5"},{"Key":{"Id":"TestCase.ManagedMethod","Label":"ManagedMethod","Category":"","Description":"","Attributes":1,"ValueType":"System.String"},"Value":"RestartGlasanja2Test"},{"Key":{"Id":"MSTestDiscoverer.TestClassName","Label":"ClassName","Category":"","Description":"","Attributes":1,"ValueType":"System.String"},"Value":"TestIzboriVVS.UnitTestFunkcionalnost5"},{"Key":{"Id":"TestCase.Hierarchy","Label":"Hierarchy","Category":"","Description":"","Attributes":2,"ValueType":"System.String[]"},"Value":["TestIzboriVVS","UnitTestFunkcionalnost5"]},{"Key":{"Id":"TestObject.Traits","Label":"Traits","Category":"","Description":"","Attributes":5,"ValueType":"System.Collections.Generic.KeyValuePair`2[[System.String],[System.String]][]"},"Value":[]}]}]}}
TpTrace Verbose: 0 : 9188, 12, 2022/12/11, 19:50:27.262, 16617147231200, vstest.console.dll, TestRunRequest:SendTestRunStatsChange: Starting.
TpTrace Verbose: 0 : 9188, 12, 2022/12/11, 19:50:27.263, 16617147233678, vstest.console.dll, InProgress is RestartGlasanja2Test
TpTrace Verbose: 0 : 9188, 12, 2022/12/11, 19:50:27.263, 16617147238459, vstest.console.dll, MulticastDelegateUtilities.SafeInvoke: TestRun.RunStatsChanged: Invoking callbacks was skipped because there are no subscribers.
TpTrace Information: 0 : 9188, 12, 2022/12/11, 19:50:27.263, 16617147238981, vstest.console.dll, TestRunRequest:SendTestRunStatsChange: Completed.
TpTrace Verbose: 0 : 9188, 12, 2022/12/11, 19:50:27.263, 16617147239450, vstest.console.dll, MulticastDelegateUtilities.SafeInvoke: LengthPrefixCommunicationChannel: MessageReceived: Invoking callback 1/1 for Microsoft.VisualStudio.TestPlatform.CommunicationUtilities.TestRequestSender+<>c__DisplayClass31_0., took 62 ms.
TpTrace Verbose: 0 : 9188, 12, 2022/12/11, 19:50:27.263, 16617147239913, vstest.console.dll, TcpClientExtensions.MessageLoopAsync: Polling on remoteEndPoint: 127.0.0.1:50822 localEndPoint: 127.0.0.1:50821
TpTrace Verbose: 0 : 9188, 12, 2022/12/11, 19:50:27.263, 16617147240389, vstest.console.dll, TcpClientExtensions.MessageLoopAsync: NotifyDataAvailable remoteEndPoint: 127.0.0.1:50822 localEndPoint: 127.0.0.1:50821
TpTrace Verbose: 0 : 9188, 12, 2022/12/11, 19:50:27.264, 16617147244037, vstest.console.dll, TestRequestSender.OnExecutionMessageReceived: Received message: {"Version":7,"MessageType":"TestExecution.StatsChange","Payload":{"NewTestResults":[{"TestCase":{"Id":"24ff35e5-ee62-4181-c5f6-0811dba15f53","FullyQualifiedName":"TestIzboriVVS.UnitTestFunkcionalnost5.RestartGlasanja2Test","DisplayName":"RestartGlasanja2Test","ExecutorUri":"executor://MSTestAdapter/v2","Source":"C:\\Users\\muris\\Source\\Repos\\vvs-zad1-zadaca\\TestIzboriVVS\\bin\\Debug\\net5.0\\fine-code-coverage\\build-output\\TestIzboriVVS.dll","CodeFilePath":null,"LineNumber":-1,"Properties":[{"Key":{"Id":"TestCase.ManagedType","Label":"ManagedType","Category":"","Description":"","Attributes":1,"ValueType":"System.String"},"Value":"TestIzboriVVS.UnitTestFunkcionalnost5"},{"Key":{"Id":"TestCase.ManagedMethod","Label":"ManagedMethod","Category":"","Description":"","Attributes":1,"ValueType":"System.String"},"Value":"RestartGlasanja2Test"},{"Key":{"Id":"MSTestDiscoverer.TestClassName","Label":"ClassName","Category":"","Description":"","Attributes":1,"ValueType":"System.String"},"Value":"TestIzboriVVS.UnitTestFunkcionalnost5"},{"Key":{"Id":"TestCase.Hierarchy","Label":"Hierarchy","Category":"","Description":"","Attributes":2,"ValueType":"System.String[]"},"Value":["TestIzboriVVS","UnitTestFunkcionalnost5"]},{"Key":{"Id":"TestObject.Traits","Label":"Traits","Category":"","Description":"","Attributes":5,"ValueType":"System.Collections.Generic.KeyValuePair`2[[System.String],[System.String]][]"},"Value":[]}]},"Attachments":[],"Outcome":1,"ErrorMessage":null,"ErrorStackTrace":null,"DisplayName":"RestartGlasanja2Test","Messages":[],"ComputerName":null,"Duration":"00:00:00.0004864","StartTime":"2022-12-11T19:50:27.2023306+01:00","EndTime":"2022-12-11T19:50:27.20305+01:00","Properties":[{"Key":{"Id":"ExecutionId","Label":"ExecutionId","Category":"","Description":"","Attributes":1,"ValueType":"System.Guid"},"Value":"00000000-0000-0000-0000-000000000000"},{"Key":{"Id":"ParentExecId","Label":"ParentExecId","Category":"","Description":"","Attributes":1,"ValueType":"System.Guid"},"Value":"00000000-0000-0000-0000-000000000000"},{"Key":{"Id":"InnerResultsCount","Label":"InnerResultsCount","Category":"","Description":"","Attributes":1,"ValueType":"System.Int32"},"Value":0}]},{"TestCase":{"Id":"85b0a2df-7b82-ea16-f881-2e054f57b4f4","FullyQualifiedName":"TestIzboriVVS.UnitTestFunkcionalnost5.TestProvjeraNeispravneSifreCSV","DisplayName":"TestProvjeraNeispravneSifreCSV (prva)","ExecutorUri":"executor://MSTestAdapter/v2","Source":"C:\\Users\\muris\\Source\\Repos\\vvs-zad1-zadaca\\TestIzboriVVS\\bin\\Debug\\net5.0\\fine-code-coverage\\build-output\\TestIzboriVVS.dll","CodeFilePath":null,"LineNumber":-1,"Properties":[{"Key":{"Id":"TestCase.ManagedType","Label":"ManagedType","Category":"","Description":"","Attributes":1,"ValueType":"System.String"},"Value":"TestIzboriVVS.UnitTestFunkcionalnost5"},{"Key":{"Id":"TestCase.ManagedMethod","Label":"ManagedMethod","Category":"","Description":"","Attributes":1,"ValueType":"System.String"},"Value":"TestProvjeraNeispravneSifreCSV(System.String)"},{"Key":{"Id":"MSTestDiscoverer.TestClassName","Label":"ClassName","Category":"","Description":"","Attributes":1,"ValueType":"System.String"},"Value":"TestIzboriVVS.UnitTestFunkcionalnost5"},{"Key":{"Id":"TestCase.Hierarchy","Label":"Hierarchy","Category":"","Description":"","Attributes":2,"ValueType":"System.String[]"},"Value":["TestIzboriVVS","UnitTestFunkcionalnost5"]},{"Key":{"Id":"TestObject.Traits","Label":"Traits","Category":"","Description":"","Attributes":5,"ValueType":"System.Collections.Generic.KeyValuePair`2[[System.String],[System.String]][]"},"Value":[]},{"Key":{"Id":"MSTest.DynamicDataType","Label":"DynamicDataType","Category":"","Description":"","Attributes":1,"ValueType":"System.Int32"},"Value":2},{"Key":{"Id":"MSTest.DynamicData","Label":"DynamicData","Category":"","Description":"","Attributes":1,"ValueType":"System.String[]"},"Value":["System.String, System.Private.CoreLib, Version=5.0.0.0, Culture=neutral, PublicKeyToken=7cec85d7bea7798e","\"prva\""]}]},"Attachments":[],"Outcome":1,"ErrorMessage":null,"ErrorStackTrace":null,"DisplayName":"TestProvjeraNeispravneSifreCSV (prva)","Messages":[],"ComputerName":null,"Duration":"00:00:00.0001999","StartTime":"2022-12-11T19:50:27.2080016+01:00","EndTime":"2022-12-11T19:50:27.2131503+01:00","Properties":[{"Key":{"Id":"ExecutionId","Label":"ExecutionId","Category":"","Description":"","Attributes":1,"ValueType":"System.Guid"},"Value":"00000000-0000-0000-0000-000000000000"},{"Key":{"Id":"ParentExecId","Label":"ParentExecId","Category":"","Description":"","Attributes":1,"ValueType":"System.Guid"},"Value":"00000000-0000-0000-0000-000000000000"},{"Key":{"Id":"InnerResultsCount","Label":"InnerResultsCount","Category":"","Description":"","Attributes":1,"ValueType":"System.Int32"},"Value":0}]},{"TestCase":{"Id":"f55fb2da-a364-b9d3-252b-ffbce02d0a52","FullyQualifiedName":"TestIzboriVVS.UnitTestFunkcionalnost5.TestProvjeraNeispravneSifreCSV","DisplayName":"TestProvjeraNeispravneSifreCSV (druga)","ExecutorUri":"executor://MSTestAdapter/v2","Source":"C:\\Users\\muris\\Source\\Repos\\vvs-zad1-zadaca\\TestIzboriVVS\\bin\\Debug\\net5.0\\fine-code-coverage\\build-output\\TestIzboriVVS.dll","CodeFilePath":null,"LineNumber":-1,"Properties":[{"Key":{"Id":"TestCase.ManagedType","Label":"ManagedType","Category":"","Description":"","Attributes":1,"ValueType":"System.String"},"Value":"TestIzboriVVS.UnitTestFunkcionalnost5"},{"Key":{"Id":"TestCase.ManagedMethod","Label":"ManagedMethod","Category":"","Description":"","Attributes":1,"ValueType":"System.String"},"Value":"TestProvjeraNeispravneSifreCSV(System.String)"},{"Key":{"Id":"MSTestDiscoverer.TestClassName","Label":"ClassName","Category":"","Description":"","Attributes":1,"ValueType":"System.String"},"Value":"TestIzboriVVS.UnitTestFunkcionalnost5"},{"Key":{"Id":"TestCase.Hierarchy","Label":"Hierarchy","Category":"","Description":"","Attributes":2,"ValueType":"System.String[]"},"Value":["TestIzboriVVS","UnitTestFunkcionalnost5"]},{"Key":{"Id":"TestObject.Traits","Label":"Traits","Category":"","Description":"","Attributes":5,"ValueType":"System.Collections.Generic.KeyValuePair`2[[System.String],[System.String]][]"},"Value":[]},{"Key":{"Id":"MSTest.DynamicDataType","Label":"DynamicDataType","Category":"","Description":"","Attributes":1,"ValueType":"System.Int32"},"Value":2},{"Key":{"Id":"MSTest.DynamicData","Label":"DynamicData","Category":"","Description":"","Attributes":1,"ValueType":"System.String[]"},"Value":["System.String, System.Private.CoreLib, Version=5.0.0.0, Culture=neutral, PublicKeyToken=7cec85d7bea7798e","\"druga\""]}]},"Attachments":[],"Outcome":1,"ErrorMessage":null,"ErrorStackTrace":null,"DisplayName":"TestProvjeraNeispravneSifreCSV (druga)","Messages":[],"ComputerName":null,"Duration":"00:00:00.0000904","StartTime":"2022-12-11T19:50:27.2165117+01:00","EndTime":"2022-12-11T19:50:27.2169587+01:00","Properties":[{"Key":{"Id":"ExecutionId","Label":"ExecutionId","Category":"","Description":"","Attributes":1,"ValueType":"System.Guid"},"Value":"00000000-0000-0000-0000-000000000000"},{"Key":{"Id":"ParentExecId","Label":"ParentExecId","Category":"","Description":"","Attributes":1,"ValueType":"System.Guid"},"Value":"00000000-0000-0000-0000-000000000000"},{"Key":{"Id":"InnerResultsCount","Label":"InnerResultsCount","Category":"","Description":"","Attributes":1,"ValueType":"System.Int32"},"Value":0}]},{"TestCase":{"Id":"913aec93-820c-d5b1-c186-e92749d8b1a1","FullyQualifiedName":"TestIzboriVVS.UnitTestFunkcionalnost5.TestProvjeraNeispravneSifreCSV","DisplayName":"TestProvjeraNeispravneSifreCSV (nevalja)","ExecutorUri":"executor://MSTestAdapter/v2","Source":"C:\\Users\\muris\\Source\\Repos\\vvs-zad1-zadaca\\TestIzboriVVS\\bin\\Debug\\net5.0\\fine-code-coverage\\build-output\\TestIzboriVVS.dll","CodeFilePath":null,"LineNumber":-1,"Properties":[{"Key":{"Id":"TestCase.ManagedType","Label":"ManagedType","Category":"","Description":"","Attributes":1,"ValueType":"System.String"},"Value":"TestIzboriVVS.UnitTestFunkcionalnost5"},{"Key":{"Id":"TestCase.ManagedMethod","Label":"ManagedMethod","Category":"","Description":"","Attributes":1,"ValueType":"System.String"},"Value":"TestProvjeraNeispravneSifreCSV(System.String)"},{"Key":{"Id":"MSTestDiscoverer.TestClassName","Label":"ClassName","Category":"","Description":"","Attributes":1,"ValueType":"System.String"},"Value":"TestIzboriVVS.UnitTestFunkcionalnost5"},{"Key":{"Id":"TestCase.Hierarchy","Label":"Hierarchy","Category":"","Description":"","Attributes":2,"ValueType":"System.String[]"},"Value":["TestIzboriVVS","UnitTestFunkcionalnost5"]},{"Key":{"Id":"TestObject.Traits","Label":"Traits","Category":"","Description":"","Attributes":5,"ValueType":"System.Collections.Generic.KeyValuePair`2[[System.String],[System.String]][]"},"Value":[]},{"Key":{"Id":"MSTest.DynamicDataType","Label":"DynamicDataType","Category":"","Description":"","Attributes":1,"ValueType":"System.Int32"},"Value":2},{"Key":{"Id":"MSTest.DynamicData","Label":"DynamicData","Category":"","Description":"","Attributes":1,"ValueType":"System.String[]"},"Value":["System.String, System.Private.CoreLib, Version=5.0.0.0, Culture=neutral, PublicKeyToken=7cec85d7bea7798e","\"nevalja\""]}]},"Attachments":[],"Outcome":1,"ErrorMessage":null,"ErrorStackTrace":null,"DisplayName":"TestProvjeraNeispravneSifreCSV (nevalja)","Messages":[],"ComputerName":null,"Duration":"00:00:00.0001186","StartTime":"2022-12-11T19:50:27.2290897+01:00","EndTime":"2022-12-11T19:50:27.2296807+01:00","Properties":[{"Key":{"Id":"ExecutionId","Label":"ExecutionId","Category":"","Description":"","Attributes":1,"ValueType":"System.Guid"},"Value":"00000000-0000-0000-0000-000000000000"},{"Key":{"Id":"ParentExecId","Label":"ParentExecId","Category":"","Description":"","Attributes":1,"ValueType":"System.Guid"},"Value":"00000000-0000-0000-0000-000000000000"},{"Key":{"Id":"InnerResultsCount","Label":"InnerResultsCount","Category":"","Description":"","Attributes":1,"ValueType":"System.Int32"},"Value":0}]},{"TestCase":{"Id":"5e63c3b5-44ea-340d-9771-d30d38327d41","FullyQualifiedName":"TestIzboriVVS.UnitTestFunkcionalnost5.TestProvjeraNeispravneSifreCSV","DisplayName":"TestProvjeraNeispravneSifreCSV (ozda)","ExecutorUri":"executor://MSTestAdapter/v2","Source":"C:\\Users\\muris\\Source\\Repos\\vvs-zad1-zadaca\\TestIzboriVVS\\bin\\Debug\\net5.0\\fine-code-coverage\\build-output\\TestIzboriVVS.dll","CodeFilePath":null,"LineNumber":-1,"Properties":[{"Key":{"Id":"TestCase.ManagedType","Label":"ManagedType","Category":"","Description":"","Attributes":1,"ValueType":"System.String"},"Value":"TestIzboriVVS.UnitTestFunkcionalnost5"},{"Key":{"Id":"TestCase.ManagedMethod","Label":"ManagedMethod","Category":"","Description":"","Attributes":1,"ValueType":"System.String"},"Value":"TestProvjeraNeispravneSifreCSV(System.String)"},{"Key":{"Id":"MSTestDiscoverer.TestClassName","Label":"ClassName","Category":"","Description":"","Attributes":1,"ValueType":"System.String"},"Value":"TestIzboriVVS.UnitTestFunkcionalnost5"},{"Key":{"Id":"TestCase.Hierarchy","Label":"Hierarchy","Category":"","Description":"","Attributes":2,"ValueType":"System.String[]"},"Value":["TestIzboriVVS","UnitTestFunkcionalnost5"]},{"Key":{"Id":"TestObject.Traits","Label":"Traits","Category":"","Description":"","Attributes":5,"ValueType":"System.Collections.Generic.KeyValuePair`2[[System.String],[System.String]][]"},"Value":[]},{"Key":{"Id":"MSTest.DynamicDataType","Label":"DynamicDataType","Category":"","Description":"","Attributes":1,"ValueType":"System.Int32"},"Value":2},{"Key":{"Id":"MSTest.DynamicData","Label":"DynamicData","Category":"","Description":"","Attributes":1,"ValueType":"System.String[]"},"Value":["System.String, System.Private.CoreLib, Version=5.0.0.0, Culture=neutral, PublicKeyToken=7cec85d7bea7798e","\"ozda\""]}]},"Attachments":[],"Outcome":1,"ErrorMessage":null,"ErrorStackTrace":null,"DisplayName":"TestProvjeraNeispravneSifreCSV (ozda)","Messages":[],"ComputerName":null,"Duration":"00:00:00.0001222","StartTime":"2022-12-11T19:50:27.235253+01:00","EndTime":"2022-12-11T19:50:27.2356978+01:00","Properties":[{"Key":{"Id":"ExecutionId","Label":"ExecutionId","Category":"","Description":"","Attributes":1,"ValueType":"System.Guid"},"Value":"00000000-0000-0000-0000-000000000000"},{"Key":{"Id":"ParentExecId","Label":"ParentExecId","Category":"","Description":"","Attributes":1,"ValueType":"System.Guid"},"Value":"00000000-0000-0000-0000-000000000000"},{"Key":{"Id":"InnerResultsCount","Label":"InnerResultsCount","Category":"","Description":"","Attributes":1,"ValueType":"System.Int32"},"Value":0}]},{"TestCase":{"Id":"87d8ca04-4488-bb60-fa45-594fee3d0a08","FullyQualifiedName":"TestIzboriVVS.UnitTestFunkcionalnost5.TestProvjeraNeispravneSifreCSV","DisplayName":"TestProvjeraNeispravneSifreCSV (koliko)","ExecutorUri":"executor://MSTestAdapter/v2","Source":"C:\\Users\\muris\\Source\\Repos\\vvs-zad1-zadaca\\TestIzboriVVS\\bin\\Debug\\net5.0\\fine-code-coverage\\build-output\\TestIzboriVVS.dll","CodeFilePath":null,"LineNumber":-1,"Properties":[{"Key":{"Id":"TestCase.ManagedType","Label":"ManagedType","Category":"","Description":"","Attributes":1,"ValueType":"System.String"},"Value":"TestIzboriVVS.UnitTestFunkcionalnost5"},{"Key":{"Id":"TestCase.ManagedMethod","Label":"ManagedMethod","Category":"","Description":"","Attributes":1,"ValueType":"System.String"},"Value":"TestProvjeraNeispravneSifreCSV(System.String)"},{"Key":{"Id":"MSTestDiscoverer.TestClassName","Label":"ClassName","Category":"","Description":"","Attributes":1,"ValueType":"System.String"},"Value":"TestIzboriVVS.UnitTestFunkcionalnost5"},{"Key":{"Id":"TestCase.Hierarchy","Label":"Hierarchy","Category":"","Description":"","Attributes":2,"ValueType":"System.String[]"},"Value":["TestIzboriVVS","UnitTestFunkcionalnost5"]},{"Key":{"Id":"TestObject.Traits","Label":"Traits","Category":"","Description":"","Attributes":5,"ValueType":"System.Collections.Generic.KeyValuePair`2[[System.String],[System.String]][]"},"Value":[]},{"Key":{"Id":"MSTest.DynamicDataType","Label":"DynamicDataType","Category":"","Description":"","Attributes":1,"ValueType":"System.Int32"},"Value":2},{"Key":{"Id":"MSTest.DynamicData","Label":"DynamicData","Category":"","Description":"","Attributes":1,"ValueType":"System.String[]"},"Value":["System.String, System.Private.CoreLib, Version=5.0.0.0, Culture=neutral, PublicKeyToken=7cec85d7bea7798e","\"koliko\""]}]},"Attachments":[],"Outcome":1,"ErrorMessage":null,"ErrorStackTrace":null,"DisplayName":"TestProvjeraNeispravneSifreCSV (koliko)","Messages":[],"ComputerName":null,"Duration":"00:00:00.0001568","StartTime":"2022-12-11T19:50:27.2390356+01:00","EndTime":"2022-12-11T19:50:27.2394899+01:00","Properties":[{"Key":{"Id":"ExecutionId","Label":"ExecutionId","Category":"","Description":"","Attributes":1,"ValueType":"System.Guid"},"Value":"00000000-0000-0000-0000-000000000000"},{"Key":{"Id":"ParentExecId","Label":"ParentExecId","Category":"","Description":"","Attributes":1,"ValueType":"System.Guid"},"Value":"00000000-0000-0000-0000-000000000000"},{"Key":{"Id":"InnerResultsCount","Label":"InnerResultsCount","Category":"","Description":"","Attributes":1,"ValueType":"System.Int32"},"Value":0}]},{"TestCase":{"Id":"c7c5100f-eae9-a1e5-238a-1312fc1be9c7","FullyQualifiedName":"TestIzboriVVS.UnitTestFunkcionalnost5.TestProvjeraNeispravneSifreCSV","DisplayName":"TestProvjeraNeispravneSifreCSV (novasifra)","ExecutorUri":"executor://MSTestAdapter/v2","Source":"C:\\Users\\muris\\Source\\Repos\\vvs-zad1-zadaca\\TestIzboriVVS\\bin\\Debug\\net5.0\\fine-code-coverage\\build-output\\TestIzboriVVS.dll","CodeFilePath":null,"LineNumber":-1,"Properties":[{"Key":{"Id":"TestCase.ManagedType","Label":"ManagedType","Category":"","Description":"","Attributes":1,"ValueType":"System.String"},"Value":"TestIzboriVVS.UnitTestFunkcionalnost5"},{"Key":{"Id":"TestCase.ManagedMethod","Label":"ManagedMethod","Category":"","Description":"","Attributes":1,"ValueType":"System.String"},"Value":"TestProvjeraNeispravneSifreCSV(System.String)"},{"Key":{"Id":"MSTestDiscoverer.TestClassName","Label":"ClassName","Category":"","Description":"","Attributes":1,"ValueType":"System.String"},"Value":"TestIzboriVVS.UnitTestFunkcionalnost5"},{"Key":{"Id":"TestCase.Hierarchy","Label":"Hierarchy","Category":"","Description":"","Attributes":2,"ValueType":"System.String[]"},"Value":["TestIzboriVVS","UnitTestFunkcionalnost5"]},{"Key":{"Id":"TestObject.Traits","Label":"Traits","Category":"","Description":"","Attributes":5,"ValueType":"System.Collections.Generic.KeyValuePair`2[[System.String],[System.String]][]"},"Value":[]},{"Key":{"Id":"MSTest.DynamicDataType","Label":"DynamicDataType","Category":"","Description":"","Attributes":1,"ValueType":"System.Int32"},"Value":2},{"Key":{"Id":"MSTest.DynamicData","Label":"DynamicData","Category":"","Description":"","Attributes":1,"ValueType":"System.String[]"},"Value":["System.String, System.Private.CoreLib, Version=5.0.0.0, Culture=neutral, PublicKeyToken=7cec85d7bea7798e","\"novasifra\""]}]},"Attachments":[],"Outcome":1,"ErrorMessage":null,"ErrorStackTrace":null,"DisplayName":"TestProvjeraNeispravneSifreCSV (novasifra)","Messages":[],"ComputerName":null,"Duration":"00:00:00.0000772","StartTime":"2022-12-11T19:50:27.2439665+01:00","EndTime":"2022-12-11T19:50:27.2443296+01:00","Properties":[{"Key":{"Id":"ExecutionId","Label":"ExecutionId","Category":"","Description":"","Attributes":1,"ValueType":"System.Guid"},"Value":"00000000-0000-0000-0000-000000000000"},{"Key":{"Id":"ParentExecId","Label":"ParentExecId","Category":"","Description":"","Attributes":1,"ValueType":"System.Guid"},"Value":"00000000-0000-0000-0000-000000000000"},{"Key":{"Id":"InnerResultsCount","Label":"InnerResultsCount","Category":"","Description":"","Attributes":1,"ValueType":"System.Int32"},"Value":0}]},{"TestCase":{"Id":"ee4370a6-dd70-dd02-a71b-3ad7714f6932","FullyQualifiedName":"TestIzboriVVS.UnitTestFunkcionalnost5.TestProvjeraNeispravneSifreCSV","DisplayName":"TestProvjeraNeispravneSifreCSV (2022)","ExecutorUri":"executor://MSTestAdapter/v2","Source":"C:\\Users\\muris\\Source\\Repos\\vvs-zad1-zadaca\\TestIzboriVVS\\bin\\Debug\\net5.0\\fine-code-coverage\\build-output\\TestIzboriVVS.dll","CodeFilePath":null,"LineNumber":-1,"Properties":[{"Key":{"Id":"TestCase.ManagedType","Label":"ManagedType","Category":"","Description":"","Attributes":1,"ValueType":"System.String"},"Value":"TestIzboriVVS.UnitTestFunkcionalnost5"},{"Key":{"Id":"TestCase.ManagedMethod","Label":"ManagedMethod","Category":"","Description":"","Attributes":1,"ValueType":"System.String"},"Value":"TestProvjeraNeispravneSifreCSV(System.String)"},{"Key":{"Id":"MSTestDiscoverer.TestClassName","Label":"ClassName","Category":"","Description":"","Attributes":1,"ValueType":"System.String"},"Value":"TestIzboriVVS.UnitTestFunkcionalnost5"},{"Key":{"Id":"TestCase.Hierarchy","Label":"Hierarchy","Category":"","Description":"","Attributes":2,"ValueType":"System.String[]"},"Value":["TestIzboriVVS","UnitTestFunkcionalnost5"]},{"Key":{"Id":"TestObject.Traits","Label":"Traits","Category":"","Description":"","Attributes":5,"ValueType":"System.Collections.Generic.KeyValuePair`2[[System.String],[System.String]][]"},"Value":[]},{"Key":{"Id":"MSTest.DynamicDataType","Label":"DynamicDataType","Category":"","Description":"","Attributes":1,"ValueType":"System.Int32"},"Value":2},{"Key":{"Id":"MSTest.DynamicData","Label":"DynamicData","Category":"","Description":"","Attributes":1,"ValueType":"System.String[]"},"Value":["System.String, System.Private.CoreLib, Version=5.0.0.0, Culture=neutral, PublicKeyToken=7cec85d7bea7798e","\"2022\""]}]},"Attachments":[],"Outcome":1,"ErrorMessage":null,"ErrorStackTrace":null,"DisplayName":"TestProvjeraNeispravneSifreCSV (2022)","Messages":[],"ComputerName":null,"Duration":"00:00:00.0000818","StartTime":"2022-12-11T19:50:27.2489152+01:00","EndTime":"2022-12-11T19:50:27.2492354+01:00","Properties":[{"Key":{"Id":"ExecutionId","Label":"ExecutionId","Category":"","Description":"","Attributes":1,"ValueType":"System.Guid"},"Value":"00000000-0000-0000-0000-000000000000"},{"Key":{"Id":"ParentExecId","Label":"ParentExecId","Category":"","Description":"","Attributes":1,"ValueType":"System.Guid"},"Value":"00000000-0000-0000-0000-000000000000"},{"Key":{"Id":"InnerResultsCount","Label":"InnerResultsCount","Category":"","Description":"","Attributes":1,"ValueType":"System.Int32"},"Value":0}]},{"TestCase":{"Id":"0e888671-f061-8ccc-6d27-c32e7837ae1b","FullyQualifiedName":"TestIzboriVVS.UnitTestFunkcionalnost5.TestProvjeraNeispravneSifreCSV","DisplayName":"TestProvjeraNeispravneSifreCSV (2032)","ExecutorUri":"executor://MSTestAdapter/v2","Source":"C:\\Users\\muris\\Source\\Repos\\vvs-zad1-zadaca\\TestIzboriVVS\\bin\\Debug\\net5.0\\fine-code-coverage\\build-output\\TestIzboriVVS.dll","CodeFilePath":null,"LineNumber":-1,"Properties":[{"Key":{"Id":"TestCase.ManagedType","Label":"ManagedType","Category":"","Description":"","Attributes":1,"ValueType":"System.String"},"Value":"TestIzboriVVS.UnitTestFunkcionalnost5"},{"Key":{"Id":"TestCase.ManagedMethod","Label":"ManagedMethod","Category":"","Description":"","Attributes":1,"ValueType":"System.String"},"Value":"TestProvjeraNeispravneSifreCSV(System.String)"},{"Key":{"Id":"MSTestDiscoverer.TestClassName","Label":"ClassName","Category":"","Description":"","Attributes":1,"ValueType":"System.String"},"Value":"TestIzboriVVS.UnitTestFunkcionalnost5"},{"Key":{"Id":"TestCase.Hierarchy","Label":"Hierarchy","Category":"","Description":"","Attributes":2,"ValueType":"System.String[]"},"Value":["TestIzboriVVS","UnitTestFunkcionalnost5"]},{"Key":{"Id":"TestObject.Traits","Label":"Traits","Category":"","Description":"","Attributes":5,"ValueType":"System.Collections.Generic.KeyValuePair`2[[System.String],[System.String]][]"},"Value":[]},{"Key":{"Id":"MSTest.DynamicDataType","Label":"DynamicDataType","Category":"","Description":"","Attributes":1,"ValueType":"System.Int32"},"Value":2},{"Key":{"Id":"MSTest.DynamicData","Label":"DynamicData","Category":"","Description":"","Attributes":1,"ValueType":"System.String[]"},"Value":["System.String, System.Private.CoreLib, Version=5.0.0.0, Culture=neutral, PublicKeyToken=7cec85d7bea7798e","\"2032\""]}]},"Attachments":[],"Outcome":1,"ErrorMessage":null,"ErrorStackTrace":null,"DisplayName":"TestProvjeraNeispravneSifreCSV (2032)","Messages":[],"ComputerName":null,"Duration":"00:00:00.0000986","StartTime":"2022-12-11T19:50:27.2537569+01:00","EndTime":"2022-12-11T19:50:27.2541842+01:00","Properties":[{"Key":{"Id":"ExecutionId","Label":"ExecutionId","Category":"","Description":"","Attributes":1,"ValueType":"System.Guid"},"Value":"00000000-0000-0000-0000-000000000000"},{"Key":{"Id":"ParentExecId","Label":"ParentExecId","Category":"","Description":"","Attributes":1,"ValueType":"System.Guid"},"Value":"00000000-0000-0000-0000-000000000000"},{"Key":{"Id":"InnerResultsCount","Label":"InnerResultsCount","Category":"","Description":"","Attributes":1,"ValueType":"System.Int32"},"Value":0}]}],"TestRunStatistics":{"ExecutedTests":18,"Stats":{"Passed":18}},"ActiveTests":[{"Id":"86d49499-6f0a-2630-928a-38373e148a6f","FullyQualifiedName":"TestIzboriVVS.UnitTestFunkcionalnost5.TestProvjeraNeispravneSifreCSV","DisplayName":"TestProvjeraNeispravneSifreCSV (vvs)","ExecutorUri":"executor://MSTestAdapter/v2","Source":"C:\\Users\\muris\\Source\\Repos\\vvs-zad1-zadaca\\TestIzboriVVS\\bin\\Debug\\net5.0\\fine-code-coverage\\build-output\\TestIzboriVVS.dll","CodeFilePath":null,"LineNumber":-1,"Properties":[{"Key":{"Id":"TestCase.ManagedType","Label":"ManagedType","Category":"","Description":"","Attributes":1,"ValueType":"System.String"},"Value":"TestIzboriVVS.UnitTestFunkcionalnost5"},{"Key":{"Id":"TestCase.ManagedMethod","Label":"ManagedMethod","Category":"","Description":"","Attributes":1,"ValueType":"System.String"},"Value":"TestProvjeraNeispravneSifreCSV(System.String)"},{"Key":{"Id":"MSTestDiscoverer.TestClassName","Label":"ClassName","Category":"","Description":"","Attributes":1,"ValueType":"System.String"},"Value":"TestIzboriVVS.UnitTestFunkcionalnost5"},{"Key":{"Id":"TestCase.Hierarchy","Label":"Hierarchy","Category":"","Description":"","Attributes":2,"ValueType":"System.String[]"},"Value":["TestIzboriVVS","UnitTestFunkcionalnost5"]},{"Key":{"Id":"TestObject.Traits","Label":"Traits","Category":"","Description":"","Attributes":5,"ValueType":"System.Collections.Generic.KeyValuePair`2[[System.String],[System.String]][]"},"Value":[]},{"Key":{"Id":"MSTest.DynamicDataType","Label":"DynamicDataType","Category":"","Description":"","Attributes":1,"ValueType":"System.Int32"},"Value":2},{"Key":{"Id":"MSTest.DynamicData","Label":"DynamicData","Category":"","Description":"","Attributes":1,"ValueType":"System.String[]"},"Value":["System.String, System.Private.CoreLib, Version=5.0.0.0, Culture=neutral, PublicKeyToken=7cec85d7bea7798e","\"vvs\""]}]}]}}
TpTrace Verbose: 0 : 9188, 4, 2022/12/11, 19:50:27.267, 16617147277955, vstest.console.dll, MulticastDelegateUtilities.SafeInvoke: InternalTestLoggerEvents.SendTestResult: Invoking callback 1/1 for Microsoft.VisualStudio.TestPlatform.CommandLine.Internal.ConsoleLogger., took 4 ms.
TpTrace Verbose: 0 : 9188, 4, 2022/12/11, 19:50:27.268, 16617147282845, vstest.console.dll, MulticastDelegateUtilities.SafeInvoke: InternalTestLoggerEvents.SendTestResult: Invoking callback 1/1 for Microsoft.VisualStudio.TestPlatform.CommandLine.Internal.ConsoleLogger., took 0 ms.
TpTrace Verbose: 0 : 9188, 4, 2022/12/11, 19:50:27.268, 16617147284119, vstest.console.dll, MulticastDelegateUtilities.SafeInvoke: InternalTestLoggerEvents.SendTestResult: Invoking callback 1/1 for Microsoft.VisualStudio.TestPlatform.CommandLine.Internal.ConsoleLogger., took 0 ms.
TpTrace Verbose: 0 : 9188, 4, 2022/12/11, 19:50:27.268, 16617147284795, vstest.console.dll, MulticastDelegateUtilities.SafeInvoke: InternalTestLoggerEvents.SendTestResult: Invoking callback 1/1 for Microsoft.VisualStudio.TestPlatform.CommandLine.Internal.ConsoleLogger., took 0 ms.
TpTrace Verbose: 0 : 9188, 4, 2022/12/11, 19:50:27.268, 16617147285362, vstest.console.dll, MulticastDelegateUtilities.SafeInvoke: InternalTestLoggerEvents.SendTestResult: Invoking callback 1/1 for Microsoft.VisualStudio.TestPlatform.CommandLine.Internal.ConsoleLogger., took 0 ms.
TpTrace Verbose: 0 : 9188, 4, 2022/12/11, 19:50:27.268, 16617147285973, vstest.console.dll, MulticastDelegateUtilities.SafeInvoke: InternalTestLoggerEvents.SendTestResult: Invoking callback 1/1 for Microsoft.VisualStudio.TestPlatform.CommandLine.Internal.ConsoleLogger., took 0 ms.
TpTrace Verbose: 0 : 9188, 4, 2022/12/11, 19:50:27.268, 16617147286556, vstest.console.dll, MulticastDelegateUtilities.SafeInvoke: InternalTestLoggerEvents.SendTestResult: Invoking callback 1/1 for Microsoft.VisualStudio.TestPlatform.CommandLine.Internal.ConsoleLogger., took 0 ms.
TpTrace Verbose: 0 : 9188, 4, 2022/12/11, 19:50:27.268, 16617147287130, vstest.console.dll, MulticastDelegateUtilities.SafeInvoke: InternalTestLoggerEvents.SendTestResult: Invoking callback 1/1 for Microsoft.VisualStudio.TestPlatform.CommandLine.Internal.ConsoleLogger., took 0 ms.
TpTrace Verbose: 0 : 9188, 4, 2022/12/11, 19:50:27.268, 16617147287736, vstest.console.dll, MulticastDelegateUtilities.SafeInvoke: InternalTestLoggerEvents.SendTestResult: Invoking callback 1/1 for Microsoft.VisualStudio.TestPlatform.CommandLine.Internal.ConsoleLogger., took 0 ms.
TpTrace Verbose: 0 : 9188, 12, 2022/12/11, 19:50:27.269, 16617147302316, vstest.console.dll, TestRunRequest:SendTestRunStatsChange: Starting.
TpTrace Verbose: 0 : 9188, 12, 2022/12/11, 19:50:27.270, 16617147302845, vstest.console.dll, InProgress is TestProvjeraNeispravneSifreCSV (vvs)
TpTrace Verbose: 0 : 9188, 12, 2022/12/11, 19:50:27.270, 16617147303537, vstest.console.dll, MulticastDelegateUtilities.SafeInvoke: TestRun.RunStatsChanged: Invoking callbacks was skipped because there are no subscribers.
TpTrace Information: 0 : 9188, 12, 2022/12/11, 19:50:27.270, 16617147303793, vstest.console.dll, TestRunRequest:SendTestRunStatsChange: Completed.
TpTrace Verbose: 0 : 9188, 4, 2022/12/11, 19:50:27.270, 16617147303932, vstest.console.dll, MulticastDelegateUtilities.SafeInvoke: InternalTestLoggerEvents.SendTestResult: Invoking callback 1/1 for Microsoft.VisualStudio.TestPlatform.CommandLine.Internal.ConsoleLogger., took 0 ms.
TpTrace Verbose: 0 : 9188, 12, 2022/12/11, 19:50:27.270, 16617147303999, vstest.console.dll, MulticastDelegateUtilities.SafeInvoke: LengthPrefixCommunicationChannel: MessageReceived: Invoking callback 1/1 for Microsoft.VisualStudio.TestPlatform.CommunicationUtilities.TestRequestSender+<>c__DisplayClass31_0., took 6 ms.
TpTrace Verbose: 0 : 9188, 4, 2022/12/11, 19:50:27.270, 16617147304467, vstest.console.dll, MulticastDelegateUtilities.SafeInvoke: InternalTestLoggerEvents.SendTestResult: Invoking callback 1/1 for Microsoft.VisualStudio.TestPlatform.CommandLine.Internal.ConsoleLogger., took 0 ms.
TpTrace Verbose: 0 : 9188, 12, 2022/12/11, 19:50:27.270, 16617147304785, vstest.console.dll, TcpClientExtensions.MessageLoopAsync: Polling on remoteEndPoint: 127.0.0.1:50822 localEndPoint: 127.0.0.1:50821
TpTrace Verbose: 0 : 9188, 4, 2022/12/11, 19:50:27.270, 16617147304829, vstest.console.dll, MulticastDelegateUtilities.SafeInvoke: InternalTestLoggerEvents.SendTestResult: Invoking callback 1/1 for Microsoft.VisualStudio.TestPlatform.CommandLine.Internal.ConsoleLogger., took 0 ms.
TpTrace Verbose: 0 : 9188, 4, 2022/12/11, 19:50:27.270, 16617147305456, vstest.console.dll, MulticastDelegateUtilities.SafeInvoke: InternalTestLoggerEvents.SendTestResult: Invoking callback 1/1 for Microsoft.VisualStudio.TestPlatform.CommandLine.Internal.ConsoleLogger., took 0 ms.
TpTrace Verbose: 0 : 9188, 4, 2022/12/11, 19:50:27.270, 16617147305797, vstest.console.dll, MulticastDelegateUtilities.SafeInvoke: InternalTestLoggerEvents.SendTestResult: Invoking callback 1/1 for Microsoft.VisualStudio.TestPlatform.CommandLine.Internal.ConsoleLogger., took 0 ms.
TpTrace Verbose: 0 : 9188, 4, 2022/12/11, 19:50:27.271, 16617147314416, vstest.console.dll, MulticastDelegateUtilities.SafeInvoke: InternalTestLoggerEvents.SendTestResult: Invoking callback 1/1 for Microsoft.VisualStudio.TestPlatform.CommandLine.Internal.ConsoleLogger., took 0 ms.
TpTrace Verbose: 0 : 9188, 4, 2022/12/11, 19:50:27.271, 16617147315163, vstest.console.dll, MulticastDelegateUtilities.SafeInvoke: InternalTestLoggerEvents.SendTestResult: Invoking callback 1/1 for Microsoft.VisualStudio.TestPlatform.CommandLine.Internal.ConsoleLogger., took 0 ms.
TpTrace Verbose: 0 : 9188, 4, 2022/12/11, 19:50:27.271, 16617147315544, vstest.console.dll, MulticastDelegateUtilities.SafeInvoke: InternalTestLoggerEvents.SendTestResult: Invoking callback 1/1 for Microsoft.VisualStudio.TestPlatform.CommandLine.Internal.ConsoleLogger., took 0 ms.
TpTrace Verbose: 0 : 9188, 4, 2022/12/11, 19:50:27.271, 16617147315902, vstest.console.dll, MulticastDelegateUtilities.SafeInvoke: InternalTestLoggerEvents.SendTestResult: Invoking callback 1/1 for Microsoft.VisualStudio.TestPlatform.CommandLine.Internal.ConsoleLogger., took 0 ms.
TpTrace Verbose: 0 : 9188, 12, 2022/12/11, 19:50:27.299, 16617147599582, vstest.console.dll, TcpClientExtensions.MessageLoopAsync: NotifyDataAvailable remoteEndPoint: 127.0.0.1:50822 localEndPoint: 127.0.0.1:50821
TpTrace Verbose: 0 : 9188, 12, 2022/12/11, 19:50:27.299, 16617147602185, vstest.console.dll, TestRequestSender.OnExecutionMessageReceived: Received message: {"Version":7,"MessageType":"TestExecution.Completed","Payload":{"TestRunCompleteArgs":{"TestRunStatistics":{"ExecutedTests":25,"Stats":{"Passed":25}},"IsCanceled":false,"IsAborted":false,"Error":null,"AttachmentSets":[],"InvokedDataCollectors":[],"ElapsedTimeInRunningTests":"00:00:00.5162991","Metrics":{},"DiscoveredExtensions":{"TestDiscoverers":["Microsoft.VisualStudio.TestPlatform.MSTest.TestAdapter.MSTestDiscoverer, Microsoft.VisualStudio.TestPlatform.MSTest.TestAdapter, Version=14.0.0.0, Culture=neutral, PublicKeyToken=b03f5f7f11d50a3a"],"TestExecutors":["executor://MSTestAdapter/v2"],"TestExecutors2":[],"TestSettingsProviders":[]}},"LastRunTests":{"NewTestResults":[{"TestCase":{"Id":"86d49499-6f0a-2630-928a-38373e148a6f","FullyQualifiedName":"TestIzboriVVS.UnitTestFunkcionalnost5.TestProvjeraNeispravneSifreCSV","DisplayName":"TestProvjeraNeispravneSifreCSV (vvs)","ExecutorUri":"executor://MSTestAdapter/v2","Source":"C:\\Users\\muris\\Source\\Repos\\vvs-zad1-zadaca\\TestIzboriVVS\\bin\\Debug\\net5.0\\fine-code-coverage\\build-output\\TestIzboriVVS.dll","CodeFilePath":null,"LineNumber":-1,"Properties":[{"Key":{"Id":"TestCase.ManagedType","Label":"ManagedType","Category":"","Description":"","Attributes":1,"ValueType":"System.String"},"Value":"TestIzboriVVS.UnitTestFunkcionalnost5"},{"Key":{"Id":"TestCase.ManagedMethod","Label":"ManagedMethod","Category":"","Description":"","Attributes":1,"ValueType":"System.String"},"Value":"TestProvjeraNeispravneSifreCSV(System.String)"},{"Key":{"Id":"MSTestDiscoverer.TestClassName","Label":"ClassName","Category":"","Description":"","Attributes":1,"ValueType":"System.String"},"Value":"TestIzboriVVS.UnitTestFunkcionalnost5"},{"Key":{"Id":"TestCase.Hierarchy","Label":"Hierarchy","Category":"","Description":"","Attributes":2,"ValueType":"System.String[]"},"Value":["TestIzboriVVS","UnitTestFunkcionalnost5"]},{"Key":{"Id":"TestObject.Traits","Label":"Traits","Category":"","Description":"","Attributes":5,"ValueType":"System.Collections.Generic.KeyValuePair`2[[System.String],[System.String]][]"},"Value":[]},{"Key":{"Id":"MSTest.DynamicDataType","Label":"DynamicDataType","Category":"","Description":"","Attributes":1,"ValueType":"System.Int32"},"Value":2},{"Key":{"Id":"MSTest.DynamicData","Label":"DynamicData","Category":"","Description":"","Attributes":1,"ValueType":"System.String[]"},"Value":["System.String, System.Private.CoreLib, Version=5.0.0.0, Culture=neutral, PublicKeyToken=7cec85d7bea7798e","\"vvs\""]}]},"Attachments":[],"Outcome":1,"ErrorMessage":null,"ErrorStackTrace":null,"DisplayName":"TestProvjeraNeispravneSifreCSV (vvs)","Messages":[],"ComputerName":null,"Duration":"00:00:00.0000803","StartTime":"2022-12-11T19:50:27.2597905+01:00","EndTime":"2022-12-11T19:50:27.260335+01:00","Properties":[{"Key":{"Id":"ExecutionId","Label":"ExecutionId","Category":"","Description":"","Attributes":1,"ValueType":"System.Guid"},"Value":"00000000-0000-0000-0000-000000000000"},{"Key":{"Id":"ParentExecId","Label":"ParentExecId","Category":"","Description":"","Attributes":1,"ValueType":"System.Guid"},"Value":"00000000-0000-0000-0000-000000000000"},{"Key":{"Id":"InnerResultsCount","Label":"InnerResultsCount","Category":"","Description":"","Attributes":1,"ValueType":"System.Int32"},"Value":0}]},{"TestCase":{"Id":"bcdcec26-6cb4-3a36-43be-2b60e705f670","FullyQualifiedName":"TestIzboriVVS.UnitTestFunkcionalnost5.TestRestartovanjGlasaCSV","DisplayName":"TestRestartovanjGlasaCSV (0,4,System.Collections.Generic.List`1[System.Int32])","ExecutorUri":"executor://MSTestAdapter/v2","Source":"C:\\Users\\muris\\Source\\Repos\\vvs-zad1-zadaca\\TestIzboriVVS\\bin\\Debug\\net5.0\\fine-code-coverage\\build-output\\TestIzboriVVS.dll","CodeFilePath":null,"LineNumber":-1,"Properties":[{"Key":{"Id":"TestCase.ManagedType","Label":"ManagedType","Category":"","Description":"","Attributes":1,"ValueType":"System.String"},"Value":"TestIzboriVVS.UnitTestFunkcionalnost5"},{"Key":{"Id":"TestCase.ManagedMethod","Label":"ManagedMethod","Category":"","Description":"","Attributes":1,"ValueType":"System.String"},"Value":"TestRestartovanjGlasaCSV(System.Int32,System.Int32,System.Collections.Generic.List`1<System.Int32>)"},{"Key":{"Id":"MSTestDiscoverer.TestClassName","Label":"ClassName","Category":"","Description":"","Attributes":1,"ValueType":"System.String"},"Value":"TestIzboriVVS.UnitTestFunkcionalnost5"},{"Key":{"Id":"TestCase.Hierarchy","Label":"Hierarchy","Category":"","Description":"","Attributes":2,"ValueType":"System.String[]"},"Value":["TestIzboriVVS","UnitTestFunkcionalnost5"]},{"Key":{"Id":"TestObject.Traits","Label":"Traits","Category":"","Description":"","Attributes":5,"ValueType":"System.Collections.Generic.KeyValuePair`2[[System.String],[System.String]][]"},"Value":[]},{"Key":{"Id":"MSTest.DynamicDataType","Label":"DynamicDataType","Category":"","Description":"","Attributes":1,"ValueType":"System.Int32"},"Value":2},{"Key":{"Id":"MSTest.DynamicData","Label":"DynamicData","Category":"","Description":"","Attributes":1,"ValueType":"System.String[]"},"Value":["System.Int32, System.Private.CoreLib, Version=5.0.0.0, Culture=neutral, PublicKeyToken=7cec85d7bea7798e","0","System.Int32, System.Private.CoreLib, Version=5.0.0.0, Culture=neutral, PublicKeyToken=7cec85d7bea7798e","4","System.Collections.Generic.List`1[[System.Int32, System.Private.CoreLib, Version=5.0.0.0, Culture=neutral, PublicKeyToken=7cec85d7bea7798e]], System.Private.CoreLib, Version=5.0.0.0, Culture=neutral, PublicKeyToken=7cec85d7bea7798e","[2,3]"]}]},"Attachments":[],"Outcome":1,"ErrorMessage":null,"ErrorStackTrace":null,"DisplayName":"TestRestartovanjGlasaCSV (0,4,System.Collections.Generic.List`1[System.Int32])","Messages":[],"ComputerName":null,"Duration":"00:00:00.0006718","StartTime":"2022-12-11T19:50:27.2645052+01:00","EndTime":"2022-12-11T19:50:27.2692401+01:00","Properties":[{"Key":{"Id":"ExecutionId","Label":"ExecutionId","Category":"","Description":"","Attributes":1,"ValueType":"System.Guid"},"Value":"00000000-0000-0000-0000-000000000000"},{"Key":{"Id":"ParentExecId","Label":"ParentExecId","Category":"","Description":"","Attributes":1,"ValueType":"System.Guid"},"Value":"00000000-0000-0000-0000-000000000000"},{"Key":{"Id":"InnerResultsCount","Label":"InnerResultsCount","Category":"","Description":"","Attributes":1,"ValueType":"System.Int32"},"Value":0}]},{"TestCase":{"Id":"b2048ebd-5fff-f7c3-81a1-3b10ddb58209","FullyQualifiedName":"TestIzboriVVS.UnitTestFunkcionalnost5.TestRestartovanjGlasaCSV","DisplayName":"TestRestartovanjGlasaCSV (4,3,System.Collections.Generic.List`1[System.Int32])","ExecutorUri":"executor://MSTestAdapter/v2","Source":"C:\\Users\\muris\\Source\\Repos\\vvs-zad1-zadaca\\TestIzboriVVS\\bin\\Debug\\net5.0\\fine-code-coverage\\build-output\\TestIzboriVVS.dll","CodeFilePath":null,"LineNumber":-1,"Properties":[{"Key":{"Id":"TestCase.ManagedType","Label":"ManagedType","Category":"","Description":"","Attributes":1,"ValueType":"System.String"},"Value":"TestIzboriVVS.UnitTestFunkcionalnost5"},{"Key":{"Id":"TestCase.ManagedMethod","Label":"ManagedMethod","Category":"","Description":"","Attributes":1,"ValueType":"System.String"},"Value":"TestRestartovanjGlasaCSV(System.Int32,System.Int32,System.Collections.Generic.List`1<System.Int32>)"},{"Key":{"Id":"MSTestDiscoverer.TestClassName","Label":"ClassName","Category":"","Description":"","Attributes":1,"ValueType":"System.String"},"Value":"TestIzboriVVS.UnitTestFunkcionalnost5"},{"Key":{"Id":"TestCase.Hierarchy","Label":"Hierarchy","Category":"","Description":"","Attributes":2,"ValueType":"System.String[]"},"Value":["TestIzboriVVS","UnitTestFunkcionalnost5"]},{"Key":{"Id":"TestObject.Traits","Label":"Traits","Category":"","Description":"","Attributes":5,"ValueType":"System.Collections.Generic.KeyValuePair`2[[System.String],[System.String]][]"},"Value":[]},{"Key":{"Id":"MSTest.DynamicDataType","Label":"DynamicDataType","Category":"","Description":"","Attributes":1,"ValueType":"System.Int32"},"Value":2},{"Key":{"Id":"MSTest.DynamicData","Label":"DynamicData","Category":"","Description":"","Attributes":1,"ValueType":"System.String[]"},"Value":["System.Int32, System.Private.CoreLib, Version=5.0.0.0, Culture=neutral, PublicKeyToken=7cec85d7bea7798e","4","System.Int32, System.Private.CoreLib, Version=5.0.0.0, Culture=neutral, PublicKeyToken=7cec85d7bea7798e","3","System.Collections.Generic.List`1[[System.Int32, System.Private.CoreLib, Version=5.0.0.0, Culture=neutral, PublicKeyToken=7cec85d7bea7798e]], System.Private.CoreLib, Version=5.0.0.0, Culture=neutral, PublicKeyToken=7cec85d7bea7798e","[2,3]"]}]},"Attachments":[],"Outcome":1,"ErrorMessage":null,"ErrorStackTrace":null,"DisplayName":"TestRestartovanjGlasaCSV (4,3,System.Collections.Generic.List`1[System.Int32])","Messages":[],"ComputerName":null,"Duration":"00:00:00.0000902","StartTime":"2022-12-11T19:50:27.2718959+01:00","EndTime":"2022-12-11T19:50:27.272206+01:00","Properties":[{"Key":{"Id":"ExecutionId","Label":"ExecutionId","Category":"","Description":"","Attributes":1,"ValueType":"System.Guid"},"Value":"00000000-0000-0000-0000-000000000000"},{"Key":{"Id":"ParentExecId","Label":"ParentExecId","Category":"","Description":"","Attributes":1,"ValueType":"System.Guid"},"Value":"00000000-0000-0000-0000-000000000000"},{"Key":{"Id":"InnerResultsCount","Label":"InnerResultsCount","Category":"","Description":"","Attributes":1,"ValueType":"System.Int32"},"Value":0}]},{"TestCase":{"Id":"f830a608-238b-0139-a654-da64594be3ad","FullyQualifiedName":"TestIzboriVVS.UnitTestFunkcionalnost5.TestRestartovanjGlasaCSV","DisplayName":"TestRestartovanjGlasaCSV (2,3,System.Collections.Generic.List`1[System.Int32])","ExecutorUri":"executor://MSTestAdapter/v2","Source":"C:\\Users\\muris\\Source\\Repos\\vvs-zad1-zadaca\\TestIzboriVVS\\bin\\Debug\\net5.0\\fine-code-coverage\\build-output\\TestIzboriVVS.dll","CodeFilePath":null,"LineNumber":-1,"Properties":[{"Key":{"Id":"TestCase.ManagedType","Label":"ManagedType","Category":"","Description":"","Attributes":1,"ValueType":"System.String"},"Value":"TestIzboriVVS.UnitTestFunkcionalnost5"},{"Key":{"Id":"TestCase.ManagedMethod","Label":"ManagedMethod","Category":"","Description":"","Attributes":1,"ValueType":"System.String"},"Value":"TestRestartovanjGlasaCSV(System.Int32,System.Int32,System.Collections.Generic.List`1<System.Int32>)"},{"Key":{"Id":"MSTestDiscoverer.TestClassName","Label":"ClassName","Category":"","Description":"","Attributes":1,"ValueType":"System.String"},"Value":"TestIzboriVVS.UnitTestFunkcionalnost5"},{"Key":{"Id":"TestCase.Hierarchy","Label":"Hierarchy","Category":"","Description":"","Attributes":2,"ValueType":"System.String[]"},"Value":["TestIzboriVVS","UnitTestFunkcionalnost5"]},{"Key":{"Id":"TestObject.Traits","Label":"Traits","Category":"","Description":"","Attributes":5,"ValueType":"System.Collections.Generic.KeyValuePair`2[[System.String],[System.String]][]"},"Value":[]},{"Key":{"Id":"MSTest.DynamicDataType","Label":"DynamicDataType","Category":"","Description":"","Attributes":1,"ValueType":"System.Int32"},"Value":2},{"Key":{"Id":"MSTest.DynamicData","Label":"DynamicData","Category":"","Description":"","Attributes":1,"ValueType":"System.String[]"},"Value":["System.Int32, System.Private.CoreLib, Version=5.0.0.0, Culture=neutral, PublicKeyToken=7cec85d7bea7798e","2","System.Int32, System.Private.CoreLib, Version=5.0.0.0, Culture=neutral, PublicKeyToken=7cec85d7bea7798e","3","System.Collections.Generic.List`1[[System.Int32, System.Private.CoreLib, Version=5.0.0.0, Culture=neutral, PublicKeyToken=7cec85d7bea7798e]], System.Private.CoreLib, Version=5.0.0.0, Culture=neutral, PublicKeyToken=7cec85d7bea7798e","[2,3]"]}]},"Attachments":[],"Outcome":1,"ErrorMessage":null,"ErrorStackTrace":null,"DisplayName":"TestRestartovanjGlasaCSV (2,3,System.Collections.Generic.List`1[System.Int32])","Messages":[],"ComputerName":null,"Duration":"00:00:00.0000662","StartTime":"2022-12-11T19:50:27.2744046+01:00","EndTime":"2022-12-11T19:50:27.2746228+01:00","Properties":[{"Key":{"Id":"ExecutionId","Label":"ExecutionId","Category":"","Description":"","Attributes":1,"ValueType":"System.Guid"},"Value":"00000000-0000-0000-0000-000000000000"},{"Key":{"Id":"ParentExecId","Label":"ParentExecId","Category":"","Description":"","Attributes":1,"ValueType":"System.Guid"},"Value":"00000000-0000-0000-0000-000000000000"},{"Key":{"Id":"InnerResultsCount","Label":"InnerResultsCount","Category":"","Description":"","Attributes":1,"ValueType":"System.Int32"},"Value":0}]},{"TestCase":{"Id":"63518042-234a-6195-14c8-e26ed9a84cc1","FullyQualifiedName":"TestIzboriVVS.UnitTestFunkcionalnost5.TestRestartovanjGlasaCSV","DisplayName":"TestRestartovanjGlasaCSV (3,1,System.Collections.Generic.List`1[System.Int32])","ExecutorUri":"executor://MSTestAdapter/v2","Source":"C:\\Users\\muris\\Source\\Repos\\vvs-zad1-zadaca\\TestIzboriVVS\\bin\\Debug\\net5.0\\fine-code-coverage\\build-output\\TestIzboriVVS.dll","CodeFilePath":null,"LineNumber":-1,"Properties":[{"Key":{"Id":"TestCase.ManagedType","Label":"ManagedType","Category":"","Description":"","Attributes":1,"ValueType":"System.String"},"Value":"TestIzboriVVS.UnitTestFunkcionalnost5"},{"Key":{"Id":"TestCase.ManagedMethod","Label":"ManagedMethod","Category":"","Description":"","Attributes":1,"ValueType":"System.String"},"Value":"TestRestartovanjGlasaCSV(System.Int32,System.Int32,System.Collections.Generic.List`1<System.Int32>)"},{"Key":{"Id":"MSTestDiscoverer.TestClassName","Label":"ClassName","Category":"","Description":"","Attributes":1,"ValueType":"System.String"},"Value":"TestIzboriVVS.UnitTestFunkcionalnost5"},{"Key":{"Id":"TestCase.Hierarchy","Label":"Hierarchy","Category":"","Description":"","Attributes":2,"ValueType":"System.String[]"},"Value":["TestIzboriVVS","UnitTestFunkcionalnost5"]},{"Key":{"Id":"TestObject.Traits","Label":"Traits","Category":"","Description":"","Attributes":5,"ValueType":"System.Collections.Generic.KeyValuePair`2[[System.String],[System.String]][]"},"Value":[]},{"Key":{"Id":"MSTest.DynamicDataType","Label":"DynamicDataType","Category":"","Description":"","Attributes":1,"ValueType":"System.Int32"},"Value":2},{"Key":{"Id":"MSTest.DynamicData","Label":"DynamicData","Category":"","Description":"","Attributes":1,"ValueType":"System.String[]"},"Value":["System.Int32, System.Private.CoreLib, Version=5.0.0.0, Culture=neutral, PublicKeyToken=7cec85d7bea7798e","3","System.Int32, System.Private.CoreLib, Version=5.0.0.0, Culture=neutral, PublicKeyToken=7cec85d7bea7798e","1","System.Collections.Generic.List`1[[System.Int32, System.Private.CoreLib, Version=5.0.0.0, Culture=neutral, PublicKeyToken=7cec85d7bea7798e]], System.Private.CoreLib, Version=5.0.0.0, Culture=neutral, PublicKeyToken=7cec85d7bea7798e","[1,2]"]}]},"Attachments":[],"Outcome":1,"ErrorMessage":null,"ErrorStackTrace":null,"DisplayName":"TestRestartovanjGlasaCSV (3,1,System.Collections.Generic.List`1[System.Int32])","Messages":[],"ComputerName":null,"Duration":"00:00:00.0000842","StartTime":"2022-12-11T19:50:27.2770905+01:00","EndTime":"2022-12-11T19:50:27.2774015+01:00","Properties":[{"Key":{"Id":"ExecutionId","Label":"ExecutionId","Category":"","Description":"","Attributes":1,"ValueType":"System.Guid"},"Value":"00000000-0000-0000-0000-000000000000"},{"Key":{"Id":"ParentExecId","Label":"ParentExecId","Category":"","Description":"","Attributes":1,"ValueType":"System.Guid"},"Value":"00000000-0000-0000-0000-000000000000"},{"Key":{"Id":"InnerResultsCount","Label":"InnerResultsCount","Category":"","Description":"","Attributes":1,"ValueType":"System.Int32"},"Value":0}]},{"TestCase":{"Id":"07721db3-5843-5e47-097f-74133307c12d","FullyQualifiedName":"TestIzboriVVS.UnitTestFunkcionalnost5.TestRestartovanjGlasaCSV","DisplayName":"TestRestartovanjGlasaCSV (1,2,System.Collections.Generic.List`1[System.Int32])","ExecutorUri":"executor://MSTestAdapter/v2","Source":"C:\\Users\\muris\\Source\\Repos\\vvs-zad1-zadaca\\TestIzboriVVS\\bin\\Debug\\net5.0\\fine-code-coverage\\build-output\\TestIzboriVVS.dll","CodeFilePath":null,"LineNumber":-1,"Properties":[{"Key":{"Id":"TestCase.ManagedType","Label":"ManagedType","Category":"","Description":"","Attributes":1,"ValueType":"System.String"},"Value":"TestIzboriVVS.UnitTestFunkcionalnost5"},{"Key":{"Id":"TestCase.ManagedMethod","Label":"ManagedMethod","Category":"","Description":"","Attributes":1,"ValueType":"System.String"},"Value":"TestRestartovanjGlasaCSV(System.Int32,System.Int32,System.Collections.Generic.List`1<System.Int32>)"},{"Key":{"Id":"MSTestDiscoverer.TestClassName","Label":"ClassName","Category":"","Description":"","Attributes":1,"ValueType":"System.String"},"Value":"TestIzboriVVS.UnitTestFunkcionalnost5"},{"Key":{"Id":"TestCase.Hierarchy","Label":"Hierarchy","Category":"","Description":"","Attributes":2,"ValueType":"System.String[]"},"Value":["TestIzboriVVS","UnitTestFunkcionalnost5"]},{"Key":{"Id":"TestObject.Traits","Label":"Traits","Category":"","Description":"","Attributes":5,"ValueType":"System.Collections.Generic.KeyValuePair`2[[System.String],[System.String]][]"},"Value":[]},{"Key":{"Id":"MSTest.DynamicDataType","Label":"DynamicDataType","Category":"","Description":"","Attributes":1,"ValueType":"System.Int32"},"Value":2},{"Key":{"Id":"MSTest.DynamicData","Label":"DynamicData","Category":"","Description":"","Attributes":1,"ValueType":"System.String[]"},"Value":["System.Int32, System.Private.CoreLib, Version=5.0.0.0, Culture=neutral, PublicKeyToken=7cec85d7bea7798e","1","System.Int32, System.Private.CoreLib, Version=5.0.0.0, Culture=neutral, PublicKeyToken=7cec85d7bea7798e","2","System.Collections.Generic.List`1[[System.Int32, System.Private.CoreLib, Version=5.0.0.0, Culture=neutral, PublicKeyToken=7cec85d7bea7798e]], System.Private.CoreLib, Version=5.0.0.0, Culture=neutral, PublicKeyToken=7cec85d7bea7798e","[1,2]"]}]},"Attachments":[],"Outcome":1,"ErrorMessage":null,"ErrorStackTrace":null,"DisplayName":"TestRestartovanjGlasaCSV (1,2,System.Collections.Generic.List`1[System.Int32])","Messages":[],"ComputerName":null,"Duration":"00:00:00.0000730","StartTime":"2022-12-11T19:50:27.2797762+01:00","EndTime":"2022-12-11T19:50:27.2800418+01:00","Properties":[{"Key":{"Id":"ExecutionId","Label":"ExecutionId","Category":"","Description":"","Attributes":1,"ValueType":"System.Guid"},"Value":"00000000-0000-0000-0000-000000000000"},{"Key":{"Id":"ParentExecId","Label":"ParentExecId","Category":"","Description":"","Attributes":1,"ValueType":"System.Guid"},"Value":"00000000-0000-0000-0000-000000000000"},{"Key":{"Id":"InnerResultsCount","Label":"InnerResultsCount","Category":"","Description":"","Attributes":1,"ValueType":"System.Int32"},"Value":0}]},{"TestCase":{"Id":"7d7e024d-46e5-4e9e-13dc-1b4393dad7f6","FullyQualifiedName":"TestnaKlasa.UnitTest1.TestDaLiSeGlasaloZaKandidata","DisplayName":"TestDaLiSeGlasaloZaKandidata","ExecutorUri":"executor://MSTestAdapter/v2","Source":"C:\\Users\\muris\\Source\\Repos\\vvs-zad1-zadaca\\TestIzboriVVS\\bin\\Debug\\net5.0\\fine-code-coverage\\build-output\\TestIzboriVVS.dll","CodeFilePath":null,"LineNumber":-1,"Properties":[{"Key":{"Id":"TestCase.ManagedType","Label":"ManagedType","Category":"","Description":"","Attributes":1,"ValueType":"System.String"},"Value":"TestnaKlasa.UnitTest1"},{"Key":{"Id":"TestCase.ManagedMethod","Label":"ManagedMethod","Category":"","Description":"","Attributes":1,"ValueType":"System.String"},"Value":"TestDaLiSeGlasaloZaKandidata"},{"Key":{"Id":"MSTestDiscoverer.TestClassName","Label":"ClassName","Category":"","Description":"","Attributes":1,"ValueType":"System.String"},"Value":"TestnaKlasa.UnitTest1"},{"Key":{"Id":"TestCase.Hierarchy","Label":"Hierarchy","Category":"","Description":"","Attributes":2,"ValueType":"System.String[]"},"Value":["TestnaKlasa","UnitTest1"]},{"Key":{"Id":"TestObject.Traits","Label":"Traits","Category":"","Description":"","Attributes":5,"ValueType":"System.Collections.Generic.KeyValuePair`2[[System.String],[System.String]][]"},"Value":[]}]},"Attachments":[],"Outcome":1,"ErrorMessage":null,"ErrorStackTrace":null,"DisplayName":"TestDaLiSeGlasaloZaKandidata","Messages":[],"ComputerName":null,"Duration":"00:00:00.0002467","StartTime":"2022-12-11T19:50:27.2819753+01:00","EndTime":"2022-12-11T19:50:27.2824414+01:00","Properties":[{"Key":{"Id":"ExecutionId","Label":"ExecutionId","Category":"","Description":"","Attributes":1,"ValueType":"System.Guid"},"Value":"00000000-0000-0000-0000-000000000000"},{"Key":{"Id":"ParentExecId","Label":"ParentExecId","Category":"","Description":"","Attributes":1,"ValueType":"System.Guid"},"Value":"00000000-0000-0000-0000-000000000000"},{"Key":{"Id":"InnerResultsCount","Label":"InnerResultsCount","Category":"","Description":"","Attributes":1,"ValueType":"System.Int32"},"Value":0}]}],"TestRunStatistics":{"ExecutedTests":25,"Stats":{"Passed":25}},"ActiveTests":[]},"RunAttachments":[],"ExecutorUris":["executor://mstestadapter/v2"]}}
TpTrace Verbose: 0 : 9188, 12, 2022/12/11, 19:50:27.300, 16617147604011, vstest.console.dll, TestRequestSender.EndSession: Sending end session.
TpTrace Verbose: 0 : 9188, 12, 2022/12/11, 19:50:27.300, 16617147605380, vstest.console.dll, ProxyOperationManager.Close: waiting for test host to exit for 100 ms
TpTrace Warning: 0 : 9188, 11, 2022/12/11, 19:50:27.316, 16617147770525, vstest.console.dll, TestHostManagerCallbacks.ErrorReceivedCallback Test host standard error line: 
TpTrace Verbose: 0 : 9188, 11, 2022/12/11, 19:50:27.323, 16617147833220, vstest.console.dll, TestHostProvider.ExitCallBack: Host exited starting callback.
TpTrace Information: 0 : 9188, 11, 2022/12/11, 19:50:27.323, 16617147834854, vstest.console.dll, TestHostManagerCallbacks.ExitCallBack: Testhost processId: 11240 exited with exitcode: 0 error: ''
TpTrace Verbose: 0 : 9188, 11, 2022/12/11, 19:50:27.323, 16617147835232, vstest.console.dll, DotnetTestHostManager.OnHostExited: invoking OnHostExited callback
TpTrace Verbose: 0 : 9188, 11, 2022/12/11, 19:50:27.323, 16617147835660, vstest.console.dll, CrossPlatEngine.TestHostManagerHostExited: calling on client process exit callback.
TpTrace Information: 0 : 9188, 11, 2022/12/11, 19:50:27.323, 16617147836077, vstest.console.dll, TestRequestSender.OnClientProcessExit: Test host process exited. Standard error: 
TpTrace Information: 0 : 9188, 11, 2022/12/11, 19:50:27.323, 16617147836375, vstest.console.dll, SocketServer.Stop: Stop server endPoint: 127.0.0.1:50821
TpTrace Information: 0 : 9188, 11, 2022/12/11, 19:50:27.323, 16617147836600, vstest.console.dll, SocketServer.Stop: Cancellation requested. Stopping message loop.
TpTrace Information: 0 : 9188, 12, 2022/12/11, 19:50:27.323, 16617147837198, vstest.console.dll, SocketServer.Stop: Stop server endPoint: 127.0.0.1:50821
TpTrace Verbose: 0 : 9188, 11, 2022/12/11, 19:50:27.323, 16617147837603, vstest.console.dll, MulticastDelegateUtilities.SafeInvoke: HostProviderEvents.OnHostExited: Invoking callback 1/1 for Microsoft.VisualStudio.TestPlatform.CrossPlatEngine.Client.ProxyOperationManager., took 0 ms.
TpTrace Information: 0 : 9188, 12, 2022/12/11, 19:50:27.323, 16617147837704, vstest.console.dll, SocketServer.Stop: Cancellation requested. Stopping message loop.
TpTrace Information: 0 : 9188, 12, 2022/12/11, 19:50:27.323, 16617147839028, vstest.console.dll, Closing the connection
TpTrace Verbose: 0 : 9188, 12, 2022/12/11, 19:50:27.323, 16617147841107, vstest.console.dll, ProxyDataCollectionManager.InvokeDataCollectionServiceAction: Starting.
TpTrace Information: 0 : 9188, 12, 2022/12/11, 19:50:27.323, 16617147841623, vstest.console.dll, ProxyDataCollectionManager.AfterTestRunEnd: Get attachment set and invoked data collectors processId: 11048 port: 50818
TpTrace Verbose: 0 : 9188, 12, 2022/12/11, 19:50:27.323, 16617147841982, vstest.console.dll, DataCollectionRequestSender.SendAfterTestRunStartAndGetResult: Send AfterTestRunEnd message with isCancelled: False
TpTrace Verbose: 0 : 9188, 12, 2022/12/11, 19:50:27.331, 16617147914503, vstest.console.dll, DataCollectionRequestSender.SendAfterTestRunStartAndGetResult: Received message: (DataCollection.AfterTestRunEndResult) -> {"MessageType":"DataCollection.AfterTestRunEndResult","Payload":{"AttachmentSets":[],"InvokedDataCollectors":[{"Uri":"datacollector://Microsoft/TestPlatform/Extensions/Blame/v1","FriendlyName":"Blame","AssemblyQualifiedName":"Microsoft.TestPlatform.Extensions.BlameDataCollector.BlameCollector, Microsoft.TestPlatform.Extensions.BlameDataCollector, Version=15.0.0.0, Culture=neutral, PublicKeyToken=b03f5f7f11d50a3a","FilePath":"C:\\Program Files\\dotnet\\sdk\\7.0.100\\Extensions\\Microsoft.TestPlatform.Extensions.BlameDataCollector.dll","HasAttachmentProcessor":false}],"Metrics":{}}}
TpTrace Warning: 0 : 9188, 9, 2022/12/11, 19:50:27.334, 16617147950529, vstest.console.dll, DataCollectionLauncher.ErrorReceivedCallback datacollector standard error line: 
TpTrace Information: 0 : 9188, 12, 2022/12/11, 19:50:27.337, 16617147976128, vstest.console.dll, ProxyDataCollectionManager.InvokeDataCollectionServiceAction: Completed.
TpTrace Information: 0 : 9188, 9, 2022/12/11, 19:50:27.340, 16617148011490, vstest.console.dll, DataCollectionLauncher.ExitCallBack: Data collector exited with exitcode: 0 error: ''
TpTrace Verbose: 0 : 9188, 12, 2022/12/11, 19:50:27.380, 16617148409050, vstest.console.dll, TestRunRequest:SendTestRunStatsChange: Starting.
TpTrace Verbose: 0 : 9188, 12, 2022/12/11, 19:50:27.380, 16617148410127, vstest.console.dll, MulticastDelegateUtilities.SafeInvoke: TestRun.RunStatsChanged: Invoking callbacks was skipped because there are no subscribers.
TpTrace Information: 0 : 9188, 12, 2022/12/11, 19:50:27.380, 16617148410448, vstest.console.dll, TestRunRequest:SendTestRunStatsChange: Completed.
TpTrace Verbose: 0 : 9188, 4, 2022/12/11, 19:50:27.380, 16617148410740, vstest.console.dll, MulticastDelegateUtilities.SafeInvoke: InternalTestLoggerEvents.SendTestResult: Invoking callback 1/1 for Microsoft.VisualStudio.TestPlatform.CommandLine.Internal.ConsoleLogger., took 0 ms.
TpTrace Verbose: 0 : 9188, 4, 2022/12/11, 19:50:27.380, 16617148411329, vstest.console.dll, MulticastDelegateUtilities.SafeInvoke: InternalTestLoggerEvents.SendTestResult: Invoking callback 1/1 for Microsoft.VisualStudio.TestPlatform.CommandLine.Internal.ConsoleLogger., took 0 ms.
TpTrace Verbose: 0 : 9188, 4, 2022/12/11, 19:50:27.380, 16617148411849, vstest.console.dll, MulticastDelegateUtilities.SafeInvoke: InternalTestLoggerEvents.SendTestResult: Invoking callback 1/1 for Microsoft.VisualStudio.TestPlatform.CommandLine.Internal.ConsoleLogger., took 0 ms.
TpTrace Verbose: 0 : 9188, 4, 2022/12/11, 19:50:27.380, 16617148412143, vstest.console.dll, MulticastDelegateUtilities.SafeInvoke: InternalTestLoggerEvents.SendTestResult: Invoking callback 1/1 for Microsoft.VisualStudio.TestPlatform.CommandLine.Internal.ConsoleLogger., took 0 ms.
TpTrace Verbose: 0 : 9188, 4, 2022/12/11, 19:50:27.381, 16617148412583, vstest.console.dll, MulticastDelegateUtilities.SafeInvoke: InternalTestLoggerEvents.SendTestResult: Invoking callback 1/1 for Microsoft.VisualStudio.TestPlatform.CommandLine.Internal.ConsoleLogger., took 0 ms.
TpTrace Verbose: 0 : 9188, 4, 2022/12/11, 19:50:27.381, 16617148412882, vstest.console.dll, MulticastDelegateUtilities.SafeInvoke: InternalTestLoggerEvents.SendTestResult: Invoking callback 1/1 for Microsoft.VisualStudio.TestPlatform.CommandLine.Internal.ConsoleLogger., took 0 ms.
TpTrace Verbose: 0 : 9188, 4, 2022/12/11, 19:50:27.381, 16617148413124, vstest.console.dll, MulticastDelegateUtilities.SafeInvoke: InternalTestLoggerEvents.SendTestResult: Invoking callback 1/1 for Microsoft.VisualStudio.TestPlatform.CommandLine.Internal.ConsoleLogger., took 0 ms.
TpTrace Verbose: 0 : 9188, 12, 2022/12/11, 19:50:27.381, 16617148414285, vstest.console.dll, ParallelProxyExecutionManager: HandlePartialRunComplete: Total completed clients = 1, Run complete = True, Run canceled: False.
TpTrace Verbose: 0 : 9188, 4, 2022/12/11, 19:50:27.388, 16617148489062, vstest.console.dll, MulticastDelegateUtilities.SafeInvoke: InternalTestLoggerEvents.SendTestRunComplete: Invoking callback 1/2 for Microsoft.TestPlatform.Extensions.BlameDataCollector.BlameLogger., took 0 ms.
TpTrace Verbose: 0 : 9188, 4, 2022/12/11, 19:50:27.393, 16617148537826, vstest.console.dll, MulticastDelegateUtilities.SafeInvoke: InternalTestLoggerEvents.SendTestRunComplete: Invoking callback 2/2 for Microsoft.VisualStudio.TestPlatform.CommandLine.Internal.ConsoleLogger., took 4 ms.
TpTrace Verbose: 0 : 9188, 12, 2022/12/11, 19:50:27.394, 16617148543760, vstest.console.dll, TestRunRequest:TestRunComplete: Starting. IsAborted:False IsCanceled:False.
TpTrace Verbose: 0 : 9188, 12, 2022/12/11, 19:50:27.395, 16617148556865, vstest.console.dll, TestLoggerManager.HandleTestRunComplete: Ignoring as the object is disposed.
TpTrace Verbose: 0 : 9188, 12, 2022/12/11, 19:50:27.395, 16617148558808, vstest.console.dll, MulticastDelegateUtilities.SafeInvoke: TestRun.TestRunComplete: Invoking callback 1/2 for Microsoft.VisualStudio.TestPlatform.CommandLine.TestRunResultAggregator., took 0 ms.
TpTrace Verbose: 0 : 9188, 12, 2022/12/11, 19:50:27.395, 16617148559923, vstest.console.dll, MulticastDelegateUtilities.SafeInvoke: TestRun.TestRunComplete: Invoking callback 2/2 for Microsoft.VisualStudio.TestPlatform.CommandLine.Processors.RunTestsArgumentExecutor+TestRunRequestEventsRegistrar., took 0 ms.
TpTrace Information: 0 : 9188, 12, 2022/12/11, 19:50:27.395, 16617148560817, vstest.console.dll, TestRunRequest:TestRunComplete: Completed.
TpTrace Verbose: 0 : 9188, 12, 2022/12/11, 19:50:27.395, 16617148561071, vstest.console.dll, TestRequestSender.SetOperationComplete: Setting operation complete.
TpTrace Information: 0 : 9188, 12, 2022/12/11, 19:50:27.395, 16617148561381, vstest.console.dll, SocketServer.Stop: Stop server endPoint: 127.0.0.1:50821
TpTrace Information: 0 : 9188, 12, 2022/12/11, 19:50:27.395, 16617148561558, vstest.console.dll, SocketServer.Stop: Cancellation requested. Stopping message loop.
TpTrace Verbose: 0 : 9188, 12, 2022/12/11, 19:50:27.395, 16617148561799, vstest.console.dll, MulticastDelegateUtilities.SafeInvoke: LengthPrefixCommunicationChannel: MessageReceived: Invoking callback 1/1 for Microsoft.VisualStudio.TestPlatform.CommunicationUtilities.TestRequestSender+<>c__DisplayClass31_0., took 95 ms.
TpTrace Verbose: 0 : 9188, 1, 2022/12/11, 19:50:27.395, 16617148561920, vstest.console.dll, TestRunRequest.Dispose: Starting.
TpTrace Information: 0 : 9188, 12, 2022/12/11, 19:50:27.395, 16617148562075, vstest.console.dll, SocketServer.PrivateStop: Stopping server endPoint: 127.0.0.1:50821 error: 
TpTrace Information: 0 : 9188, 1, 2022/12/11, 19:50:27.395, 16617148562416, vstest.console.dll, TestRunRequest.Dispose: Completed.
TpTrace Information: 0 : 9188, 1, 2022/12/11, 19:50:27.396, 16617148563642, vstest.console.dll, TestRequestManager.RunTests: run tests completed.
TpTrace Information: 0 : 9188, 1, 2022/12/11, 19:50:27.396, 16617148564771, vstest.console.dll, RunTestsArgumentProcessor:Execute: Test run is completed.
TpTrace Verbose: 0 : 9188, 12, 2022/12/11, 19:50:27.396, 16617148565654, vstest.console.dll, LengthPrefixCommunicationChannel.Dispose: Dispose reader and writer.
TpTrace Information: 0 : 9188, 12, 2022/12/11, 19:50:27.396, 16617148566185, vstest.console.dll, SocketServer.Stop: Raise disconnected event endPoint: 127.0.0.1:50821 error: 
TpTrace Verbose: 0 : 9188, 1, 2022/12/11, 19:50:27.396, 16617148566372, vstest.console.dll, Executor.Execute: Exiting with exit code of 0
TpTrace Verbose: 0 : 9188, 12, 2022/12/11, 19:50:27.396, 16617148566899, vstest.console.dll, TestRequestSender: OnTestRunAbort: Operation is already complete. Skip error message.
TpTrace Verbose: 0 : 9188, 12, 2022/12/11, 19:50:27.396, 16617148567187, vstest.console.dll, MulticastDelegateUtilities.SafeInvoke: SocketServer: ClientDisconnected: Invoking callback 1/1 for Microsoft.VisualStudio.TestPlatform.CommunicationUtilities.TestRequestSender., took 0 ms.
TpTrace Verbose: 0 : 9188, 12, 2022/12/11, 19:50:27.396, 16617148567367, vstest.console.dll, TcpClientExtensions.MessageLoopAsync: exiting MessageLoopAsync remoteEndPoint: 127.0.0.1:50822 localEndPoint: 127.0.0.1:50821
