TpTrace Verbose: 0 : 27824, 1, 2022/12/11, 17:28:55.117, 16698784822597, testhost.dll, Version: 17.3.2 Current process architecture: X64
TpTrace Verbose: 0 : 27824, 1, 2022/12/11, 17:28:55.119, 16698784845626, testhost.dll, Runtime location: C:\Program Files\dotnet\shared\Microsoft.NETCore.App\5.0.17
TpTrace Information: 0 : 27824, 1, 2022/12/11, 17:28:55.120, 16698784859262, testhost.dll, DefaultEngineInvoker.Invoke: Testhost process started with args :[--port, 63478],[--endpoint, 127.0.0.1:063478],[--role, client],[--parentprocessid, 11748],[--diag, C:\Users\bobici\Source\Repos\dina\vvs-zad1\TestIzboriVVS\bin\Debug\net5.0\fine-code-coverage\coverage-tool-output\diagnostics.host.22-12-11_17-28-54_97093_7.log],[--tracelevel, 4],[--datacollectionport, 63477],[--telemetryoptedin, false]
TpTrace Information: 0 : 27824, 1, 2022/12/11, 17:28:55.121, 16698784871450, testhost.dll, Setting up debug trace listener.
TpTrace Verbose: 0 : 27824, 1, 2022/12/11, 17:28:55.122, 16698784873020, testhost.dll, TestPlatformTraceListener.Setup: Replacing listener System.Diagnostics.DefaultTraceListener with TestHostTraceListener.
TpTrace Verbose: 0 : 27824, 1, 2022/12/11, 17:28:55.122, 16698784873405, testhost.dll, TestPlatformTraceListener.Setup: Added test platform trace listener.
TpTrace Information: 0 : 27824, 1, 2022/12/11, 17:28:55.122, 16698784876607, testhost.dll, DefaultEngineInvoker.SetParentProcessExitCallback: Monitoring parent process with id: '11748'
TpTrace Information: 0 : 27824, 1, 2022/12/11, 17:28:55.125, 16698784901653, testhost.dll, DefaultEngineInvoker.GetConnectionInfo: Initialize communication on endpoint address: '127.0.0.1:063478'
TpTrace Information: 0 : 27824, 1, 2022/12/11, 17:28:55.134, 16698785000253, testhost.dll, SocketClient.Start: connecting to server endpoint: 127.0.0.1:063478
TpTrace Information: 0 : 27824, 1, 2022/12/11, 17:28:55.140, 16698785052286, testhost.dll, DefaultEngineInvoker.ConnectToDatacollector: Connecting to datacollector, port: 63477
TpTrace Information: 0 : 27824, 8, 2022/12/11, 17:28:55.140, 16698785058565, testhost.dll, SocketClient.OnServerConnected: connected to server endpoint: 127.0.0.1:063478
TpTrace Information: 0 : 27824, 1, 2022/12/11, 17:28:55.142, 16698785074496, testhost.dll, Trying to connect to server on socket : 127.0.0.1:63477 
TpTrace Verbose: 0 : 27824, 1, 2022/12/11, 17:28:55.142, 16698785076803, testhost.dll, SocketCommunicationManager : SetupClientAsync : Attempting to connect to the server.
TpTrace Verbose: 0 : 27824, 8, 2022/12/11, 17:28:55.143, 16698785085337, testhost.dll, MulticastDelegateUtilities.SafeInvoke: SocketClient: ServerConnected: Invoking callback 1/1 for Microsoft.VisualStudio.TestPlatform.CommunicationUtilities.TestRequestHandler.<InitializeCommunication>b__31_0, took 0 ms.
TpTrace Verbose: 0 : 27824, 8, 2022/12/11, 17:28:55.143, 16698785086079, testhost.dll, Connected to server, and starting MessageLoopAsync
TpTrace Information: 0 : 27824, 10, 2022/12/11, 17:28:55.143, 16698785087099, testhost.dll, Connected to the server successfully 
TpTrace Information: 0 : 27824, 10, 2022/12/11, 17:28:55.143, 16698785087551, testhost.dll, Using the buffer size of 16384 bytes
TpTrace Verbose: 0 : 27824, 1, 2022/12/11, 17:28:55.143, 16698785088505, testhost.dll, SocketCommunicationManager.WaitForServerConnection took: 0 ms, with 90000 ms timeout, and finished with True.
TpTrace Information: 0 : 27824, 1, 2022/12/11, 17:28:55.143, 16698785089541, testhost.dll, DefaultEngineInvoker.Invoke: Start Request Processing.
TpTrace Information: 0 : 27824, 11, 2022/12/11, 17:28:55.144, 16698785095388, testhost.dll, DefaultEngineInvoker.StartProcessingAsync: Connected to vstest.console, Starting process requests.
TpTrace Verbose: 0 : 27824, 10, 2022/12/11, 17:28:55.145, 16698785104673, testhost.dll, TcpClientExtensions.MessageLoopAsync: Polling on remoteEndPoint: [::ffff:127.0.0.1]:63478 localEndPoint: [::ffff:127.0.0.1]:63479
TpTrace Verbose: 0 : 27824, 10, 2022/12/11, 17:28:55.145, 16698785106965, testhost.dll, TcpClientExtensions.MessageLoopAsync: NotifyDataAvailable remoteEndPoint: [::ffff:127.0.0.1]:63478 localEndPoint: [::ffff:127.0.0.1]:63479
TpTrace Information: 0 : 27824, 10, 2022/12/11, 17:28:55.148, 16698785136253, testhost.dll, TestRequestHandler.OnMessageReceived: received message: (ProtocolVersion) -> {"MessageType":"ProtocolVersion","Payload":7}
TpTrace Verbose: 0 : 27824, 10, 2022/12/11, 17:28:55.252, 16698786179483, testhost.dll, TestRequestHandler.SendData: sending data from testhost: {"Version":7,"MessageType":"TestSession.Message","Payload":{"MessageLevel":0,"Message":"Logging TestHost Diagnostics in file: C:\\Users\\bobici\\Source\\Repos\\dina\\vvs-zad1\\TestIzboriVVS\\bin\\Debug\\net5.0\\fine-code-coverage\\coverage-tool-output\\diagnostics.host.22-12-11_17-28-54_97093_7.log"}}
TpTrace Verbose: 0 : 27824, 10, 2022/12/11, 17:28:55.252, 16698786181005, testhost.dll, MulticastDelegateUtilities.SafeInvoke: LengthPrefixCommunicationChannel: MessageReceived: Invoking callback 1/1 for Microsoft.VisualStudio.TestPlatform.CommunicationUtilities.TestRequestHandler.OnMessageReceived, took 106 ms.
TpTrace Verbose: 0 : 27824, 10, 2022/12/11, 17:28:55.252, 16698786181416, testhost.dll, TcpClientExtensions.MessageLoopAsync: Polling on remoteEndPoint: [::ffff:127.0.0.1]:63478 localEndPoint: [::ffff:127.0.0.1]:63479
TpTrace Verbose: 0 : 27824, 10, 2022/12/11, 17:28:55.253, 16698786183128, testhost.dll, TcpClientExtensions.MessageLoopAsync: NotifyDataAvailable remoteEndPoint: [::ffff:127.0.0.1]:63478 localEndPoint: [::ffff:127.0.0.1]:63479
TpTrace Information: 0 : 27824, 10, 2022/12/11, 17:28:55.253, 16698786183905, testhost.dll, TestRequestHandler.OnMessageReceived: received message: (TestExecution.Initialize) -> {"Version":7,"MessageType":"TestExecution.Initialize","Payload":["C:\\Users\\bobici\\Source\\Repos\\dina\\vvs-zad1\\TestIzboriVVS\\bin\\Debug\\net5.0\\fine-code-coverage\\build-output\\Microsoft.VisualStudio.TestPlatform.MSTest.TestAdapter.dll"]}
TpTrace Verbose: 0 : 27824, 10, 2022/12/11, 17:28:55.259, 16698786249092, testhost.dll, MulticastDelegateUtilities.SafeInvoke: LengthPrefixCommunicationChannel: MessageReceived: Invoking callback 1/1 for Microsoft.VisualStudio.TestPlatform.CommunicationUtilities.TestRequestHandler.OnMessageReceived, took 6 ms.
TpTrace Verbose: 0 : 27824, 10, 2022/12/11, 17:28:55.259, 16698786249821, testhost.dll, TcpClientExtensions.MessageLoopAsync: Polling on remoteEndPoint: [::ffff:127.0.0.1]:63478 localEndPoint: [::ffff:127.0.0.1]:63479
TpTrace Information: 0 : 27824, 4, 2022/12/11, 17:28:55.260, 16698786252583, testhost.dll, TestRequestHandler.OnMessageReceived: Running job 'TestExecution.Initialize'.
TpTrace Verbose: 0 : 27824, 10, 2022/12/11, 17:28:55.260, 16698786257349, testhost.dll, TcpClientExtensions.MessageLoopAsync: NotifyDataAvailable remoteEndPoint: [::ffff:127.0.0.1]:63478 localEndPoint: [::ffff:127.0.0.1]:63479
TpTrace Information: 0 : 27824, 10, 2022/12/11, 17:28:55.260, 16698786258404, testhost.dll, TestRequestHandler.OnMessageReceived: received message: (TestExecution.StartWithSources) -> {"Version":7,"MessageType":"TestExecution.StartWithSources","Payload":{"AdapterSourceMap":{"_none_":["C:\\Users\\bobici\\Source\\Repos\\dina\\vvs-zad1\\TestIzboriVVS\\bin\\Debug\\net5.0\\fine-code-coverage\\build-output\\TestIzboriVVS.dll"]},"RunSettings":"<RunSettings>\r\n  <RunConfiguration>\r\n    <ResultsDirectory>C:\\Users\\bobici\\Source\\Repos\\dina\\vvs-zad1\\TestIzboriVVS\\bin\\Debug\\net5.0\\fine-code-coverage\\coverage-tool-output</ResultsDirectory>\r\n    <TargetFrameworkVersion>.NETCoreApp,Version=v5.0</TargetFrameworkVersion>\r\n    <DesignMode>False</DesignMode>\r\n    <CollectSourceInformation>False</CollectSourceInformation>\r\n  </RunConfiguration>\r\n  <LoggerRunSettings>\r\n    <Loggers>\r\n      <Logger friendlyName=\"blame\" enabled=\"True\" />\r\n      <Logger friendlyName=\"Console\" uri=\"logger://microsoft/TestPlatform/ConsoleLogger/v1\" assemblyQualifiedName=\"Microsoft.VisualStudio.TestPlatform.CommandLine.Internal.ConsoleLogger, vstest.console, Version=15.0.0.0, Culture=neutral, PublicKeyToken=b03f5f7f11d50a3a\" codeBase=\"C:\\Program Files\\dotnet\\sdk\\7.0.100\\vstest.console.dll\" enabled=\"True\" />\r\n    </Loggers>\r\n  </LoggerRunSettings>\r\n  <DataCollectionRunSettings>\r\n    <DataCollectors>\r\n      <DataCollector friendlyName=\"blame\" enabled=\"True\">\r\n        <Configuration>\r\n          <ResultsDirectory>C:\\Users\\bobici\\Source\\Repos\\dina\\vvs-zad1\\TestIzboriVVS\\bin\\Debug\\net5.0\\fine-code-coverage\\coverage-tool-output</ResultsDirectory>\r\n        </Configuration>\r\n      </DataCollector>\r\n    </DataCollectors>\r\n  </DataCollectionRunSettings>\r\n</RunSettings>","TestExecutionContext":{"FrequencyOfRunStatsChangeEvent":10,"RunStatsChangeEventTimeout":"00:00:01.5000000","InIsolation":false,"KeepAlive":false,"AreTestCaseLevelEventsRequired":false,"IsDebug":false,"TestCaseFilter":null,"FilterOptions":null},"Package":null}}
TpTrace Verbose: 0 : 27824, 4, 2022/12/11, 17:28:55.261, 16698786270065, testhost.dll, TestExecutorService: Loading the extensions
TpTrace Verbose: 0 : 27824, 4, 2022/12/11, 17:28:55.263, 16698786282432, testhost.dll, TestPluginCache.DiscoverTestExtensions: finding test extensions in assemblies ends with: TestAdapter.dll TPluginInfo: Microsoft.VisualStudio.TestPlatform.Common.ExtensionFramework.Utilities.TestExecutorPluginInformation TExtension: Microsoft.VisualStudio.TestPlatform.ObjectModel.Adapter.ITestExecutor
TpTrace Verbose: 0 : 27824, 4, 2022/12/11, 17:28:55.263, 16698786289320, testhost.dll, TestPluginCache.GetExtensionPaths: Filtered extension paths: 
TpTrace Verbose: 0 : 27824, 4, 2022/12/11, 17:28:55.264, 16698786292011, testhost.dll, TestPluginCache.GetExtensionPaths: Added default extension paths: C:\Users\bobici\Source\Repos\dina\vvs-zad1\TestIzboriVVS\bin\Debug\net5.0\fine-code-coverage\build-output\Microsoft.VisualStudio.TestPlatform.MSTest.TestAdapter.dll
TpTrace Verbose: 0 : 27824, 4, 2022/12/11, 17:28:55.264, 16698786292449, testhost.dll, TestPluginCache.GetExtensionPaths: Added unfilterableExtensionPaths: 
TpTrace Information: 0 : 27824, 4, 2022/12/11, 17:28:55.265, 16698786304717, testhost.dll, AssemblyResolver.ctor: Creating AssemblyResolver with searchDirectories C:\Users\bobici\Source\Repos\dina\vvs-zad1\TestIzboriVVS\bin\Debug\net5.0\fine-code-coverage\build-output
TpTrace Verbose: 0 : 27824, 4, 2022/12/11, 17:28:55.266, 16698786316758, testhost.dll, TestPluginCache.DiscoverTestExtensions: Discovering the extensions using extension path.
TpTrace Verbose: 0 : 27824, 4, 2022/12/11, 17:28:55.266, 16698786317579, testhost.dll, TestPluginCache.GetExtensionPaths: Filtered extension paths: 
TpTrace Verbose: 0 : 27824, 4, 2022/12/11, 17:28:55.266, 16698786317904, testhost.dll, TestPluginCache.GetExtensionPaths: Added default extension paths: C:\Users\bobici\Source\Repos\dina\vvs-zad1\TestIzboriVVS\bin\Debug\net5.0\fine-code-coverage\build-output\Microsoft.VisualStudio.TestPlatform.MSTest.TestAdapter.dll
TpTrace Verbose: 0 : 27824, 4, 2022/12/11, 17:28:55.266, 16698786318231, testhost.dll, TestPluginCache.GetExtensionPaths: Added unfilterableExtensionPaths: 
TpTrace Verbose: 0 : 27824, 4, 2022/12/11, 17:28:55.266, 16698786318684, testhost.dll, TestPluginCache.DiscoverTestExtensions: Discovering the extensions using allExtensionPaths: C:\Users\bobici\Source\Repos\dina\vvs-zad1\TestIzboriVVS\bin\Debug\net5.0\fine-code-coverage\build-output\Microsoft.VisualStudio.TestPlatform.MSTest.TestAdapter.dll
TpTrace Information: 0 : 27824, 4, 2022/12/11, 17:28:55.267, 16698786325404, testhost.dll, AssemblyResolver.AddSearchDirectories: Adding more searchDirectories C:\Users\bobici\Source\Repos\dina\vvs-zad1\TestIzboriVVS\bin\Debug\net5.0\fine-code-coverage\build-output
TpTrace Information: 0 : 27824, 4, 2022/12/11, 17:28:55.270, 16698786352789, testhost.dll, AssemblyResolver.OnResolve: Microsoft.VisualStudio.TestPlatform.MSTest.TestAdapter: Resolving assembly.
TpTrace Information: 0 : 27824, 4, 2022/12/11, 17:28:55.270, 16698786353360, testhost.dll, AssemblyResolver.OnResolve: Microsoft.VisualStudio.TestPlatform.MSTest.TestAdapter: Searching in: 'C:\Users\bobici\Source\Repos\dina\vvs-zad1\TestIzboriVVS\bin\Debug\net5.0\fine-code-coverage\build-output'.
TpTrace Information: 0 : 27824, 4, 2022/12/11, 17:28:55.270, 16698786360015, testhost.dll, AssemblyResolver.OnResolve: Microsoft.VisualStudio.TestPlatform.MSTest.TestAdapter: Loading assembly 'C:\Users\bobici\Source\Repos\dina\vvs-zad1\TestIzboriVVS\bin\Debug\net5.0\fine-code-coverage\build-output\Microsoft.VisualStudio.TestPlatform.MSTest.TestAdapter.dll'.
TpTrace Information: 0 : 27824, 4, 2022/12/11, 17:28:55.271, 16698786364461, testhost.dll, AssemblyResolver.OnResolve: Resolved assembly: Microsoft.VisualStudio.TestPlatform.MSTest.TestAdapter, from path: C:\Users\bobici\Source\Repos\dina\vvs-zad1\TestIzboriVVS\bin\Debug\net5.0\fine-code-coverage\build-output\Microsoft.VisualStudio.TestPlatform.MSTest.TestAdapter.dll
TpTrace Verbose: 0 : 27824, 4, 2022/12/11, 17:28:55.278, 16698786435776, testhost.dll, MetadataReaderExtensionsHelper: Discovering extensions inside assembly 'Microsoft.VisualStudio.TestPlatform.MSTest.TestAdapter, Version=14.0.0.0, Culture=neutral, PublicKeyToken=b03f5f7f11d50a3a' file path 'C:\Users\bobici\Source\Repos\dina\vvs-zad1\TestIzboriVVS\bin\Debug\net5.0\fine-code-coverage\build-output\Microsoft.VisualStudio.TestPlatform.MSTest.TestAdapter.dll'
TpTrace Verbose: 0 : 27824, 10, 2022/12/11, 17:28:55.282, 16698786474923, testhost.dll, MulticastDelegateUtilities.SafeInvoke: LengthPrefixCommunicationChannel: MessageReceived: Invoking callback 1/1 for Microsoft.VisualStudio.TestPlatform.CommunicationUtilities.TestRequestHandler.OnMessageReceived, took 21 ms.
TpTrace Verbose: 0 : 27824, 10, 2022/12/11, 17:28:55.282, 16698786475694, testhost.dll, TcpClientExtensions.MessageLoopAsync: Polling on remoteEndPoint: [::ffff:127.0.0.1]:63478 localEndPoint: [::ffff:127.0.0.1]:63479
TpTrace Information: 0 : 27824, 4, 2022/12/11, 17:28:55.285, 16698786504944, testhost.dll, GetTestExtensionFromType: Register extension with identifier data 'executor://MSTestAdapter/v2' and type 'Microsoft.VisualStudio.TestPlatform.MSTest.TestAdapter.MSTestExecutor, Microsoft.VisualStudio.TestPlatform.MSTest.TestAdapter, Version=14.0.0.0, Culture=neutral, PublicKeyToken=b03f5f7f11d50a3a' inside file 'C:\Users\bobici\Source\Repos\dina\vvs-zad1\TestIzboriVVS\bin\Debug\net5.0\fine-code-coverage\build-output\Microsoft.VisualStudio.TestPlatform.MSTest.TestAdapter.dll'
TpTrace Verbose: 0 : 27824, 4, 2022/12/11, 17:28:55.287, 16698786522821, testhost.dll, TestPluginCache: Discovered the extensions using extension path ''.
TpTrace Verbose: 0 : 27824, 4, 2022/12/11, 17:28:55.287, 16698786526908, testhost.dll, TestPluginCache: Discoverers are ''.
TpTrace Verbose: 0 : 27824, 4, 2022/12/11, 17:28:55.287, 16698786527458, testhost.dll, TestPluginCache: Executors are 'executor://MSTestAdapter/v2'.
TpTrace Verbose: 0 : 27824, 4, 2022/12/11, 17:28:55.287, 16698786528027, testhost.dll, TestPluginCache: Executors2 are ''.
TpTrace Verbose: 0 : 27824, 4, 2022/12/11, 17:28:55.287, 16698786528533, testhost.dll, TestPluginCache: Setting providers are ''.
TpTrace Verbose: 0 : 27824, 4, 2022/12/11, 17:28:55.287, 16698786529017, testhost.dll, TestPluginCache: Loggers are ''.
TpTrace Verbose: 0 : 27824, 4, 2022/12/11, 17:28:55.287, 16698786529495, testhost.dll, TestPluginCache: TestHosts are ''.
TpTrace Verbose: 0 : 27824, 4, 2022/12/11, 17:28:55.287, 16698786529968, testhost.dll, TestPluginCache: DataCollectors are ''.
TpTrace Verbose: 0 : 27824, 4, 2022/12/11, 17:28:55.289, 16698786551439, testhost.dll, TestPluginCache.DiscoverTestExtensions: finding test extensions in assemblies ends with: TestAdapter.dll TPluginInfo: Microsoft.VisualStudio.TestPlatform.Common.ExtensionFramework.Utilities.TestExecutorPluginInformation2 TExtension: Microsoft.VisualStudio.TestPlatform.ObjectModel.Adapter.ITestExecutor2
TpTrace Verbose: 0 : 27824, 4, 2022/12/11, 17:28:55.290, 16698786553313, testhost.dll, TestPluginCache.GetExtensionPaths: Filtered extension paths: 
TpTrace Verbose: 0 : 27824, 4, 2022/12/11, 17:28:55.290, 16698786553703, testhost.dll, TestPluginCache.GetExtensionPaths: Added default extension paths: C:\Users\bobici\Source\Repos\dina\vvs-zad1\TestIzboriVVS\bin\Debug\net5.0\fine-code-coverage\build-output\Microsoft.VisualStudio.TestPlatform.MSTest.TestAdapter.dll
TpTrace Verbose: 0 : 27824, 4, 2022/12/11, 17:28:55.290, 16698786554422, testhost.dll, TestPluginCache.GetExtensionPaths: Added unfilterableExtensionPaths: 
TpTrace Information: 0 : 27824, 4, 2022/12/11, 17:28:55.290, 16698786555859, testhost.dll, AssemblyResolver.AddSearchDirectories: Adding more searchDirectories C:\Users\bobici\Source\Repos\dina\vvs-zad1\TestIzboriVVS\bin\Debug\net5.0\fine-code-coverage\build-output
TpTrace Verbose: 0 : 27824, 4, 2022/12/11, 17:28:55.290, 16698786556256, testhost.dll, TestPluginCache.DiscoverTestExtensions: Discovering the extensions using extension path.
TpTrace Verbose: 0 : 27824, 4, 2022/12/11, 17:28:55.290, 16698786556582, testhost.dll, TestPluginCache.GetExtensionPaths: Filtered extension paths: 
TpTrace Verbose: 0 : 27824, 4, 2022/12/11, 17:28:55.290, 16698786556841, testhost.dll, TestPluginCache.GetExtensionPaths: Added default extension paths: C:\Users\bobici\Source\Repos\dina\vvs-zad1\TestIzboriVVS\bin\Debug\net5.0\fine-code-coverage\build-output\Microsoft.VisualStudio.TestPlatform.MSTest.TestAdapter.dll
TpTrace Verbose: 0 : 27824, 4, 2022/12/11, 17:28:55.290, 16698786557090, testhost.dll, TestPluginCache.GetExtensionPaths: Added unfilterableExtensionPaths: 
TpTrace Verbose: 0 : 27824, 4, 2022/12/11, 17:28:55.290, 16698786557353, testhost.dll, TestPluginCache.DiscoverTestExtensions: Discovering the extensions using allExtensionPaths: C:\Users\bobici\Source\Repos\dina\vvs-zad1\TestIzboriVVS\bin\Debug\net5.0\fine-code-coverage\build-output\Microsoft.VisualStudio.TestPlatform.MSTest.TestAdapter.dll
TpTrace Information: 0 : 27824, 4, 2022/12/11, 17:28:55.290, 16698786557792, testhost.dll, AssemblyResolver.AddSearchDirectories: Adding more searchDirectories C:\Users\bobici\Source\Repos\dina\vvs-zad1\TestIzboriVVS\bin\Debug\net5.0\fine-code-coverage\build-output
TpTrace Verbose: 0 : 27824, 4, 2022/12/11, 17:28:55.290, 16698786558376, testhost.dll, MetadataReaderExtensionsHelper: Discovering extensions inside assembly 'Microsoft.VisualStudio.TestPlatform.MSTest.TestAdapter, Version=14.0.0.0, Culture=neutral, PublicKeyToken=b03f5f7f11d50a3a' file path 'C:\Users\bobici\Source\Repos\dina\vvs-zad1\TestIzboriVVS\bin\Debug\net5.0\fine-code-coverage\build-output\Microsoft.VisualStudio.TestPlatform.MSTest.TestAdapter.dll'
TpTrace Verbose: 0 : 27824, 4, 2022/12/11, 17:28:55.291, 16698786562465, testhost.dll, TestPluginCache: Discovered the extensions using extension path ''.
TpTrace Verbose: 0 : 27824, 4, 2022/12/11, 17:28:55.291, 16698786562908, testhost.dll, TestPluginCache: Discoverers are ''.
TpTrace Verbose: 0 : 27824, 4, 2022/12/11, 17:28:55.291, 16698786563224, testhost.dll, TestPluginCache: Executors are 'executor://MSTestAdapter/v2'.
TpTrace Verbose: 0 : 27824, 4, 2022/12/11, 17:28:55.291, 16698786563982, testhost.dll, TestPluginCache: Executors2 are ''.
TpTrace Verbose: 0 : 27824, 4, 2022/12/11, 17:28:55.291, 16698786564274, testhost.dll, TestPluginCache: Setting providers are ''.
TpTrace Verbose: 0 : 27824, 4, 2022/12/11, 17:28:55.291, 16698786564514, testhost.dll, TestPluginCache: Loggers are ''.
TpTrace Verbose: 0 : 27824, 4, 2022/12/11, 17:28:55.291, 16698786564750, testhost.dll, TestPluginCache: TestHosts are ''.
TpTrace Verbose: 0 : 27824, 4, 2022/12/11, 17:28:55.291, 16698786564982, testhost.dll, TestPluginCache: DataCollectors are ''.
TpTrace Information: 0 : 27824, 4, 2022/12/11, 17:28:55.295, 16698786601964, testhost.dll, TestPluginManager.CreateTestExtension: Attempting to load test extension: Microsoft.VisualStudio.TestPlatform.MSTest.TestAdapter.MSTestExecutor
TpTrace Verbose: 0 : 27824, 4, 2022/12/11, 17:28:55.300, 16698786658895, testhost.dll, TestExecutorExtensionManager: Loading executor Microsoft.VisualStudio.TestPlatform.MSTest.TestAdapter.MSTestExecutor
TpTrace Verbose: 0 : 27824, 4, 2022/12/11, 17:28:55.300, 16698786659456, testhost.dll, TestExecutorService: Loaded the executors
TpTrace Verbose: 0 : 27824, 4, 2022/12/11, 17:28:55.301, 16698786665473, testhost.dll, TestPluginCache.DiscoverTestExtensions: finding test extensions in assemblies ends with: TestAdapter.dll TPluginInfo: Microsoft.VisualStudio.TestPlatform.Common.ExtensionFramework.Utilities.TestSettingsProviderPluginInformation TExtension: Microsoft.VisualStudio.TestPlatform.ObjectModel.Adapter.ISettingsProvider
TpTrace Verbose: 0 : 27824, 4, 2022/12/11, 17:28:55.301, 16698786666217, testhost.dll, TestPluginCache.GetExtensionPaths: Filtered extension paths: 
TpTrace Verbose: 0 : 27824, 4, 2022/12/11, 17:28:55.301, 16698786666565, testhost.dll, TestPluginCache.GetExtensionPaths: Added default extension paths: C:\Users\bobici\Source\Repos\dina\vvs-zad1\TestIzboriVVS\bin\Debug\net5.0\fine-code-coverage\build-output\Microsoft.VisualStudio.TestPlatform.MSTest.TestAdapter.dll
TpTrace Verbose: 0 : 27824, 4, 2022/12/11, 17:28:55.301, 16698786666890, testhost.dll, TestPluginCache.GetExtensionPaths: Added unfilterableExtensionPaths: 
TpTrace Information: 0 : 27824, 4, 2022/12/11, 17:28:55.301, 16698786667941, testhost.dll, AssemblyResolver.AddSearchDirectories: Adding more searchDirectories C:\Users\bobici\Source\Repos\dina\vvs-zad1\TestIzboriVVS\bin\Debug\net5.0\fine-code-coverage\build-output
TpTrace Verbose: 0 : 27824, 4, 2022/12/11, 17:28:55.301, 16698786668290, testhost.dll, TestPluginCache.DiscoverTestExtensions: Discovering the extensions using extension path.
TpTrace Verbose: 0 : 27824, 4, 2022/12/11, 17:28:55.301, 16698786668598, testhost.dll, TestPluginCache.GetExtensionPaths: Filtered extension paths: 
TpTrace Verbose: 0 : 27824, 4, 2022/12/11, 17:28:55.301, 16698786668863, testhost.dll, TestPluginCache.GetExtensionPaths: Added default extension paths: C:\Users\bobici\Source\Repos\dina\vvs-zad1\TestIzboriVVS\bin\Debug\net5.0\fine-code-coverage\build-output\Microsoft.VisualStudio.TestPlatform.MSTest.TestAdapter.dll
TpTrace Verbose: 0 : 27824, 4, 2022/12/11, 17:28:55.301, 16698786669116, testhost.dll, TestPluginCache.GetExtensionPaths: Added unfilterableExtensionPaths: 
TpTrace Verbose: 0 : 27824, 4, 2022/12/11, 17:28:55.301, 16698786669377, testhost.dll, TestPluginCache.DiscoverTestExtensions: Discovering the extensions using allExtensionPaths: C:\Users\bobici\Source\Repos\dina\vvs-zad1\TestIzboriVVS\bin\Debug\net5.0\fine-code-coverage\build-output\Microsoft.VisualStudio.TestPlatform.MSTest.TestAdapter.dll
TpTrace Information: 0 : 27824, 4, 2022/12/11, 17:28:55.301, 16698786669812, testhost.dll, AssemblyResolver.AddSearchDirectories: Adding more searchDirectories C:\Users\bobici\Source\Repos\dina\vvs-zad1\TestIzboriVVS\bin\Debug\net5.0\fine-code-coverage\build-output
TpTrace Verbose: 0 : 27824, 4, 2022/12/11, 17:28:55.301, 16698786670403, testhost.dll, MetadataReaderExtensionsHelper: Discovering extensions inside assembly 'Microsoft.VisualStudio.TestPlatform.MSTest.TestAdapter, Version=14.0.0.0, Culture=neutral, PublicKeyToken=b03f5f7f11d50a3a' file path 'C:\Users\bobici\Source\Repos\dina\vvs-zad1\TestIzboriVVS\bin\Debug\net5.0\fine-code-coverage\build-output\Microsoft.VisualStudio.TestPlatform.MSTest.TestAdapter.dll'
TpTrace Verbose: 0 : 27824, 4, 2022/12/11, 17:28:55.302, 16698786673770, testhost.dll, TestPluginCache: Discovered the extensions using extension path ''.
TpTrace Verbose: 0 : 27824, 4, 2022/12/11, 17:28:55.302, 16698786674151, testhost.dll, TestPluginCache: Discoverers are ''.
TpTrace Verbose: 0 : 27824, 4, 2022/12/11, 17:28:55.302, 16698786674425, testhost.dll, TestPluginCache: Executors are 'executor://MSTestAdapter/v2'.
TpTrace Verbose: 0 : 27824, 4, 2022/12/11, 17:28:55.302, 16698786674682, testhost.dll, TestPluginCache: Executors2 are ''.
TpTrace Verbose: 0 : 27824, 4, 2022/12/11, 17:28:55.302, 16698786674984, testhost.dll, TestPluginCache: Setting providers are ''.
TpTrace Verbose: 0 : 27824, 4, 2022/12/11, 17:28:55.302, 16698786675255, testhost.dll, TestPluginCache: Loggers are ''.
TpTrace Verbose: 0 : 27824, 4, 2022/12/11, 17:28:55.302, 16698786675485, testhost.dll, TestPluginCache: TestHosts are ''.
TpTrace Verbose: 0 : 27824, 4, 2022/12/11, 17:28:55.302, 16698786675738, testhost.dll, TestPluginCache: DataCollectors are ''.
TpTrace Verbose: 0 : 27824, 4, 2022/12/11, 17:28:55.303, 16698786682956, testhost.dll, TestExecutorService: Loaded the settings providers
TpTrace Information: 0 : 27824, 4, 2022/12/11, 17:28:55.303, 16698786683366, testhost.dll, TestExecutorService: Loaded the extensions
TpTrace Information: 0 : 27824, 4, 2022/12/11, 17:28:55.303, 16698786687116, testhost.dll, TestRequestHandler.OnMessageReceived: Running job 'TestExecution.StartWithSources'.
TpTrace Verbose: 0 : 27824, 4, 2022/12/11, 17:28:55.357, 16698787228467, testhost.dll, MulticastDelegateUtilities.SafeInvoke: TestCaseEventsHandler.RaiseSessionStart: Invoking callbacks was skipped because there are no subscribers.
TpTrace Information: 0 : 27824, 4, 2022/12/11, 17:28:55.360, 16698787258461, testhost.dll, TestDiscoveryManager: Discovering tests from sources C:\Users\bobici\Source\Repos\dina\vvs-zad1\TestIzboriVVS\bin\Debug\net5.0\fine-code-coverage\build-output\TestIzboriVVS.dll
TpTrace Verbose: 0 : 27824, 4, 2022/12/11, 17:28:55.362, 16698787273230, testhost.dll, TestPluginCache.DiscoverTestExtensions: finding test extensions in assemblies ends with: TestAdapter.dll TPluginInfo: Microsoft.VisualStudio.TestPlatform.Common.ExtensionFramework.Utilities.TestDiscovererPluginInformation TExtension: Microsoft.VisualStudio.TestPlatform.ObjectModel.Adapter.ITestDiscoverer
TpTrace Verbose: 0 : 27824, 4, 2022/12/11, 17:28:55.362, 16698787274120, testhost.dll, TestPluginCache.GetExtensionPaths: Filtered extension paths: 
TpTrace Verbose: 0 : 27824, 4, 2022/12/11, 17:28:55.362, 16698787274475, testhost.dll, TestPluginCache.GetExtensionPaths: Added default extension paths: C:\Users\bobici\Source\Repos\dina\vvs-zad1\TestIzboriVVS\bin\Debug\net5.0\fine-code-coverage\build-output\Microsoft.VisualStudio.TestPlatform.MSTest.TestAdapter.dll
TpTrace Verbose: 0 : 27824, 4, 2022/12/11, 17:28:55.362, 16698787274747, testhost.dll, TestPluginCache.GetExtensionPaths: Added unfilterableExtensionPaths: 
TpTrace Information: 0 : 27824, 4, 2022/12/11, 17:28:55.362, 16698787275702, testhost.dll, AssemblyResolver.AddSearchDirectories: Adding more searchDirectories C:\Users\bobici\Source\Repos\dina\vvs-zad1\TestIzboriVVS\bin\Debug\net5.0\fine-code-coverage\build-output
TpTrace Verbose: 0 : 27824, 4, 2022/12/11, 17:28:55.362, 16698787276048, testhost.dll, TestPluginCache.DiscoverTestExtensions: Discovering the extensions using extension path.
TpTrace Verbose: 0 : 27824, 4, 2022/12/11, 17:28:55.362, 16698787276316, testhost.dll, TestPluginCache.GetExtensionPaths: Filtered extension paths: 
TpTrace Verbose: 0 : 27824, 4, 2022/12/11, 17:28:55.362, 16698787276581, testhost.dll, TestPluginCache.GetExtensionPaths: Added default extension paths: C:\Users\bobici\Source\Repos\dina\vvs-zad1\TestIzboriVVS\bin\Debug\net5.0\fine-code-coverage\build-output\Microsoft.VisualStudio.TestPlatform.MSTest.TestAdapter.dll
TpTrace Verbose: 0 : 27824, 4, 2022/12/11, 17:28:55.362, 16698787276830, testhost.dll, TestPluginCache.GetExtensionPaths: Added unfilterableExtensionPaths: 
TpTrace Verbose: 0 : 27824, 4, 2022/12/11, 17:28:55.362, 16698787277135, testhost.dll, TestPluginCache.DiscoverTestExtensions: Discovering the extensions using allExtensionPaths: C:\Users\bobici\Source\Repos\dina\vvs-zad1\TestIzboriVVS\bin\Debug\net5.0\fine-code-coverage\build-output\Microsoft.VisualStudio.TestPlatform.MSTest.TestAdapter.dll
TpTrace Information: 0 : 27824, 4, 2022/12/11, 17:28:55.362, 16698787277484, testhost.dll, AssemblyResolver.AddSearchDirectories: Adding more searchDirectories C:\Users\bobici\Source\Repos\dina\vvs-zad1\TestIzboriVVS\bin\Debug\net5.0\fine-code-coverage\build-output
TpTrace Verbose: 0 : 27824, 4, 2022/12/11, 17:28:55.362, 16698787278173, testhost.dll, MetadataReaderExtensionsHelper: Discovering extensions inside assembly 'Microsoft.VisualStudio.TestPlatform.MSTest.TestAdapter, Version=14.0.0.0, Culture=neutral, PublicKeyToken=b03f5f7f11d50a3a' file path 'C:\Users\bobici\Source\Repos\dina\vvs-zad1\TestIzboriVVS\bin\Debug\net5.0\fine-code-coverage\build-output\Microsoft.VisualStudio.TestPlatform.MSTest.TestAdapter.dll'
TpTrace Information: 0 : 27824, 4, 2022/12/11, 17:28:55.364, 16698787294991, testhost.dll, GetTestExtensionFromType: Register extension with identifier data 'Microsoft.VisualStudio.TestPlatform.MSTest.TestAdapter.MSTestDiscoverer, Microsoft.VisualStudio.TestPlatform.MSTest.TestAdapter, Version=14.0.0.0, Culture=neutral, PublicKeyToken=b03f5f7f11d50a3a' and type 'Microsoft.VisualStudio.TestPlatform.MSTest.TestAdapter.MSTestDiscoverer, Microsoft.VisualStudio.TestPlatform.MSTest.TestAdapter, Version=14.0.0.0, Culture=neutral, PublicKeyToken=b03f5f7f11d50a3a' inside file 'C:\Users\bobici\Source\Repos\dina\vvs-zad1\TestIzboriVVS\bin\Debug\net5.0\fine-code-coverage\build-output\Microsoft.VisualStudio.TestPlatform.MSTest.TestAdapter.dll'
TpTrace Verbose: 0 : 27824, 4, 2022/12/11, 17:28:55.364, 16698787296141, testhost.dll, TestPluginCache: Discovered the extensions using extension path ''.
TpTrace Verbose: 0 : 27824, 4, 2022/12/11, 17:28:55.364, 16698787296599, testhost.dll, TestPluginCache: Discoverers are 'Microsoft.VisualStudio.TestPlatform.MSTest.TestAdapter.MSTestDiscoverer, Microsoft.VisualStudio.TestPlatform.MSTest.TestAdapter, Version=14.0.0.0, Culture=neutral, PublicKeyToken=b03f5f7f11d50a3a'.
TpTrace Verbose: 0 : 27824, 4, 2022/12/11, 17:28:55.364, 16698787296899, testhost.dll, TestPluginCache: Executors are 'executor://MSTestAdapter/v2'.
TpTrace Verbose: 0 : 27824, 4, 2022/12/11, 17:28:55.364, 16698787297157, testhost.dll, TestPluginCache: Executors2 are ''.
TpTrace Verbose: 0 : 27824, 4, 2022/12/11, 17:28:55.364, 16698787297484, testhost.dll, TestPluginCache: Setting providers are ''.
TpTrace Verbose: 0 : 27824, 4, 2022/12/11, 17:28:55.364, 16698787297724, testhost.dll, TestPluginCache: Loggers are ''.
TpTrace Verbose: 0 : 27824, 4, 2022/12/11, 17:28:55.364, 16698787297959, testhost.dll, TestPluginCache: TestHosts are ''.
TpTrace Verbose: 0 : 27824, 4, 2022/12/11, 17:28:55.364, 16698787298189, testhost.dll, TestPluginCache: DataCollectors are ''.
TpTrace Verbose: 0 : 27824, 4, 2022/12/11, 17:28:55.369, 16698787350445, testhost.dll, BaseRunTests.RunTestInternalWithExecutors: Running tests for executor://MSTestAdapter/v2
TpTrace Information: 0 : 27824, 4, 2022/12/11, 17:28:55.370, 16698787354540, testhost.dll, AssemblyResolver.OnResolve: Microsoft.VisualStudio.TestPlatform.MSTestAdapter.PlatformServices.Interface: Resolving assembly.
TpTrace Information: 0 : 27824, 4, 2022/12/11, 17:28:55.370, 16698787355088, testhost.dll, AssemblyResolver.OnResolve: Microsoft.VisualStudio.TestPlatform.MSTestAdapter.PlatformServices.Interface: Searching in: 'C:\Users\bobici\Source\Repos\dina\vvs-zad1\TestIzboriVVS\bin\Debug\net5.0\fine-code-coverage\build-output'.
TpTrace Information: 0 : 27824, 4, 2022/12/11, 17:28:55.370, 16698787357352, testhost.dll, AssemblyResolver.OnResolve: Microsoft.VisualStudio.TestPlatform.MSTestAdapter.PlatformServices.Interface: Loading assembly 'C:\Users\bobici\Source\Repos\dina\vvs-zad1\TestIzboriVVS\bin\Debug\net5.0\fine-code-coverage\build-output\Microsoft.VisualStudio.TestPlatform.MSTestAdapter.PlatformServices.Interface.dll'.
TpTrace Information: 0 : 27824, 4, 2022/12/11, 17:28:55.370, 16698787360106, testhost.dll, AssemblyResolver.OnResolve: Resolved assembly: Microsoft.VisualStudio.TestPlatform.MSTestAdapter.PlatformServices.Interface, from path: C:\Users\bobici\Source\Repos\dina\vvs-zad1\TestIzboriVVS\bin\Debug\net5.0\fine-code-coverage\build-output\Microsoft.VisualStudio.TestPlatform.MSTestAdapter.PlatformServices.Interface.dll
TpTrace Information: 0 : 27824, 4, 2022/12/11, 17:28:55.371, 16698787367703, testhost.dll, AssemblyResolver.OnResolve: Microsoft.VisualStudio.TestPlatform.MSTestAdapter.PlatformServices: Resolving assembly.
TpTrace Information: 0 : 27824, 4, 2022/12/11, 17:28:55.371, 16698787368202, testhost.dll, AssemblyResolver.OnResolve: Microsoft.VisualStudio.TestPlatform.MSTestAdapter.PlatformServices: Searching in: 'C:\Users\bobici\Source\Repos\dina\vvs-zad1\TestIzboriVVS\bin\Debug\net5.0\fine-code-coverage\build-output'.
TpTrace Information: 0 : 27824, 4, 2022/12/11, 17:28:55.371, 16698787370378, testhost.dll, AssemblyResolver.OnResolve: Microsoft.VisualStudio.TestPlatform.MSTestAdapter.PlatformServices: Loading assembly 'C:\Users\bobici\Source\Repos\dina\vvs-zad1\TestIzboriVVS\bin\Debug\net5.0\fine-code-coverage\build-output\Microsoft.VisualStudio.TestPlatform.MSTestAdapter.PlatformServices.dll'.
TpTrace Information: 0 : 27824, 4, 2022/12/11, 17:28:55.372, 16698787373049, testhost.dll, AssemblyResolver.OnResolve: Resolved assembly: Microsoft.VisualStudio.TestPlatform.MSTestAdapter.PlatformServices, from path: C:\Users\bobici\Source\Repos\dina\vvs-zad1\TestIzboriVVS\bin\Debug\net5.0\fine-code-coverage\build-output\Microsoft.VisualStudio.TestPlatform.MSTestAdapter.PlatformServices.dll
TpTrace Information: 0 : 27824, 4, 2022/12/11, 17:28:55.372, 16698787375228, testhost.dll, MSTest - MSTestExecutor.RunTests: Running tests from sources.
TpTrace Information: 0 : 27824, 4, 2022/12/11, 17:28:55.374, 16698787395629, testhost.dll, MSTest - CollectSourceInformation value Found : False 
TpTrace Information: 0 : 27824, 4, 2022/12/11, 17:28:55.396, 16698787612443, testhost.dll, MSTest - DictionaryHelper.ConcatWithOverwrites: The source is null or empty, returning the overwrite dictionary.
TpTrace Information: 0 : 27824, 4, 2022/12/11, 17:28:55.400, 16698787657636, testhost.dll, MSTest - DictionaryHelper.ConcatWithOverwrites: The source is null or empty, returning the overwrite dictionary.
TpTrace Information: 0 : 27824, 4, 2022/12/11, 17:28:55.404, 16698787695352, testhost.dll, AssemblyResolver.OnResolve: Microsoft.TestPlatform.AdapterUtilities: Resolving assembly.
TpTrace Information: 0 : 27824, 4, 2022/12/11, 17:28:55.404, 16698787696328, testhost.dll, AssemblyResolver.OnResolve: Microsoft.TestPlatform.AdapterUtilities: Searching in: 'C:\Users\bobici\Source\Repos\dina\vvs-zad1\TestIzboriVVS\bin\Debug\net5.0\fine-code-coverage\build-output'.
TpTrace Information: 0 : 27824, 4, 2022/12/11, 17:28:55.404, 16698787698844, testhost.dll, AssemblyResolver.OnResolve: Microsoft.TestPlatform.AdapterUtilities: Loading assembly 'C:\Users\bobici\Source\Repos\dina\vvs-zad1\TestIzboriVVS\bin\Debug\net5.0\fine-code-coverage\build-output\Microsoft.TestPlatform.AdapterUtilities.dll'.
TpTrace Information: 0 : 27824, 4, 2022/12/11, 17:28:55.404, 16698787701599, testhost.dll, AssemblyResolver.OnResolve: Resolved assembly: Microsoft.TestPlatform.AdapterUtilities, from path: C:\Users\bobici\Source\Repos\dina\vvs-zad1\TestIzboriVVS\bin\Debug\net5.0\fine-code-coverage\build-output\Microsoft.TestPlatform.AdapterUtilities.dll
TpTrace Information: 0 : 27824, 4, 2022/12/11, 17:28:55.492, 16698788571850, testhost.dll, AssemblyResolver.OnResolve: Microsoft.VisualStudio.TestPlatform.TestFramework.resources: Resolving assembly.
TpTrace Information: 0 : 27824, 4, 2022/12/11, 17:28:55.492, 16698788572624, testhost.dll, AssemblyResolver.OnResolve: Microsoft.VisualStudio.TestPlatform.TestFramework.resources: Searching in: 'C:\Users\bobici\Source\Repos\dina\vvs-zad1\TestIzboriVVS\bin\Debug\net5.0\fine-code-coverage\build-output'.
TpTrace Information: 0 : 27824, 4, 2022/12/11, 17:28:55.492, 16698788576129, testhost.dll, AssemblyResolver.OnResolve: Microsoft.VisualStudio.TestPlatform.TestFramework.resources: Assembly path does not exist: 'C:\Users\bobici\Source\Repos\dina\vvs-zad1\TestIzboriVVS\bin\Debug\net5.0\fine-code-coverage\build-output\Microsoft.VisualStudio.TestPlatform.TestFramework.resources.dll', returning.
TpTrace Information: 0 : 27824, 4, 2022/12/11, 17:28:55.492, 16698788578549, testhost.dll, AssemblyResolver.OnResolve: Microsoft.VisualStudio.TestPlatform.TestFramework.resources: Assembly path does not exist: 'C:\Users\bobici\Source\Repos\dina\vvs-zad1\TestIzboriVVS\bin\Debug\net5.0\fine-code-coverage\build-output\Microsoft.VisualStudio.TestPlatform.TestFramework.resources.exe', returning.
TpTrace Information: 0 : 27824, 4, 2022/12/11, 17:28:55.492, 16698788579345, testhost.dll, AssemblyResolver.OnResolve: Microsoft.VisualStudio.TestPlatform.TestFramework.resources: Failed to load assembly.
TpTrace Information: 0 : 27824, 4, 2022/12/11, 17:28:55.501, 16698788667355, testhost.dll, MSTest - DictionaryHelper.ConcatWithOverwrites: The source is null or empty, returning the overwrite dictionary.
TpTrace Information: 0 : 27824, 4, 2022/12/11, 17:28:55.501, 16698788668443, testhost.dll, MSTest - DictionaryHelper.ConcatWithOverwrites: The source is null or empty, returning the overwrite dictionary.
TpTrace Information: 0 : 27824, 4, 2022/12/11, 17:28:55.501, 16698788669108, testhost.dll, MSTest - DictionaryHelper.ConcatWithOverwrites: The source is null or empty, returning the overwrite dictionary.
TpTrace Information: 0 : 27824, 4, 2022/12/11, 17:28:55.501, 16698788669767, testhost.dll, MSTest - DictionaryHelper.ConcatWithOverwrites: The source is null or empty, returning the overwrite dictionary.
TpTrace Information: 0 : 27824, 4, 2022/12/11, 17:28:55.501, 16698788670358, testhost.dll, MSTest - DictionaryHelper.ConcatWithOverwrites: The source is null or empty, returning the overwrite dictionary.
TpTrace Information: 0 : 27824, 4, 2022/12/11, 17:28:55.501, 16698788670981, testhost.dll, MSTest - DictionaryHelper.ConcatWithOverwrites: The source is null or empty, returning the overwrite dictionary.
TpTrace Information: 0 : 27824, 4, 2022/12/11, 17:28:55.502, 16698788673532, testhost.dll, MSTest - DictionaryHelper.ConcatWithOverwrites: The source is null or empty, returning the overwrite dictionary.
TpTrace Information: 0 : 27824, 4, 2022/12/11, 17:28:55.502, 16698788674675, testhost.dll, MSTest - MSTestDiscoverer: Found 18 tests from source C:\Users\bobici\Source\Repos\dina\vvs-zad1\TestIzboriVVS\bin\Debug\net5.0\fine-code-coverage\build-output\TestIzboriVVS.dll
TpTrace Information: 0 : 27824, 4, 2022/12/11, 17:28:55.515, 16698788804192, testhost.dll, AssemblyResolver.OnResolve: Microsoft.VisualStudio.TestPlatform.MSTestAdapter.PlatformServices.resources: Resolving assembly.
TpTrace Information: 0 : 27824, 4, 2022/12/11, 17:28:55.515, 16698788805262, testhost.dll, AssemblyResolver.OnResolve: Microsoft.VisualStudio.TestPlatform.MSTestAdapter.PlatformServices.resources: Searching in: 'C:\Users\bobici\Source\Repos\dina\vvs-zad1\TestIzboriVVS\bin\Debug\net5.0\fine-code-coverage\build-output'.
TpTrace Information: 0 : 27824, 4, 2022/12/11, 17:28:55.515, 16698788806071, testhost.dll, AssemblyResolver.OnResolve: Microsoft.VisualStudio.TestPlatform.MSTestAdapter.PlatformServices.resources: Assembly path does not exist: 'C:\Users\bobici\Source\Repos\dina\vvs-zad1\TestIzboriVVS\bin\Debug\net5.0\fine-code-coverage\build-output\Microsoft.VisualStudio.TestPlatform.MSTestAdapter.PlatformServices.resources.dll', returning.
TpTrace Information: 0 : 27824, 4, 2022/12/11, 17:28:55.515, 16698788806688, testhost.dll, AssemblyResolver.OnResolve: Microsoft.VisualStudio.TestPlatform.MSTestAdapter.PlatformServices.resources: Assembly path does not exist: 'C:\Users\bobici\Source\Repos\dina\vvs-zad1\TestIzboriVVS\bin\Debug\net5.0\fine-code-coverage\build-output\Microsoft.VisualStudio.TestPlatform.MSTestAdapter.PlatformServices.resources.exe', returning.
TpTrace Information: 0 : 27824, 4, 2022/12/11, 17:28:55.515, 16698788807073, testhost.dll, AssemblyResolver.OnResolve: Microsoft.VisualStudio.TestPlatform.MSTestAdapter.PlatformServices.resources: Failed to load assembly.
TpTrace Information: 0 : 27824, 4, 2022/12/11, 17:28:55.515, 16698788809536, testhost.dll, AssemblyResolver.OnResolve: Microsoft.VisualStudio.TestPlatform.MSTestAdapter.PlatformServices.resources: Resolving assembly.
TpTrace Information: 0 : 27824, 4, 2022/12/11, 17:28:55.515, 16698788810102, testhost.dll, AssemblyResolver.OnResolve: Microsoft.VisualStudio.TestPlatform.MSTestAdapter.PlatformServices.resources: Resolved from cache.
TpTrace Information: 0 : 27824, 4, 2022/12/11, 17:28:55.524, 16698788895211, testhost.dll, MSTest - Created unit-test runner C:\Users\bobici\Source\Repos\dina\vvs-zad1\TestIzboriVVS\bin\Debug\net5.0\fine-code-coverage\build-output\TestIzboriVVS.dll
TpTrace Verbose: 0 : 27824, 4, 2022/12/11, 17:28:55.531, 16698788963118, testhost.dll, TestExecutionRecorder.RecordStart: Starting test: TestIzboriVVS.UnitTestFunkcionalnost5.ProvjeraPogresneSifreTest.
TpTrace Verbose: 0 : 27824, 4, 2022/12/11, 17:28:55.586, 16698789520477, testhost.dll, MulticastDelegateUtilities.SafeInvoke: TestCaseEventsHandler.RaiseTestCaseStart: Invoking callback 1/1 for Microsoft.VisualStudio.TestPlatform.CrossPlatEngine.DataCollection.ProxyOutOfProcDataCollectionManager.TriggerTestCaseStart, took 52 ms.
TpTrace Information: 0 : 27824, 4, 2022/12/11, 17:28:55.587, 16698789521919, testhost.dll, MSTest - Executing test ProvjeraPogresneSifreTest
TpTrace Information: 0 : 27824, 4, 2022/12/11, 17:28:55.612, 16698789777518, testhost.dll, MSTest - Executed test ProvjeraPogresneSifreTest
TpTrace Verbose: 0 : 27824, 4, 2022/12/11, 17:28:55.615, 16698789804207, testhost.dll, TestExecutionRecorder.RecordEnd: test: TestIzboriVVS.UnitTestFunkcionalnost5.ProvjeraPogresneSifreTest execution completed.
TpTrace Verbose: 0 : 27824, 4, 2022/12/11, 17:28:55.627, 16698789927720, testhost.dll, MulticastDelegateUtilities.SafeInvoke: TestCaseEventsHandler.RaiseTestCaseEnd: Invoking callback 1/1 for Microsoft.VisualStudio.TestPlatform.CrossPlatEngine.DataCollection.ProxyOutOfProcDataCollectionManager.TriggerTestCaseEnd, took 11 ms.
TpTrace Verbose: 0 : 27824, 4, 2022/12/11, 17:28:55.628, 16698789935367, testhost.dll, TestExecutionRecorder.RecordResult: Received result for test: TestIzboriVVS.UnitTestFunkcionalnost5.ProvjeraPogresneSifreTest.
TpTrace Verbose: 0 : 27824, 4, 2022/12/11, 17:28:55.629, 16698789948040, testhost.dll, MulticastDelegateUtilities.SafeInvoke: TestCaseEventsHandler.RaiseTestCaseEnd: Invoking callback 1/1 for Microsoft.VisualStudio.TestPlatform.CrossPlatEngine.DataCollection.ProxyOutOfProcDataCollectionManager.TriggerSendTestResult, took 1 ms.
TpTrace Warning: 0 : 27824, 4, 2022/12/11, 17:28:55.631, 16698789971318, testhost.dll, TestRunCache: InProgressTests is null
TpTrace Warning: 0 : 27824, 4, 2022/12/11, 17:28:55.632, 16698789972379, testhost.dll, TestRunCache: No test found corresponding to testResult 'ProvjeraPogresneSifreTest' in inProgress list.
TpTrace Verbose: 0 : 27824, 4, 2022/12/11, 17:28:55.632, 16698789973061, testhost.dll, TestExecutionRecorder.RecordStart: Starting test: TestIzboriVVS.UnitTestFunkcionalnost5.ProvjeraIspravneSifreTest.
TpTrace Verbose: 0 : 27824, 4, 2022/12/11, 17:28:55.633, 16698789987447, testhost.dll, MulticastDelegateUtilities.SafeInvoke: TestCaseEventsHandler.RaiseTestCaseStart: Invoking callback 1/1 for Microsoft.VisualStudio.TestPlatform.CrossPlatEngine.DataCollection.ProxyOutOfProcDataCollectionManager.TriggerTestCaseStart, took 1 ms.
TpTrace Information: 0 : 27824, 4, 2022/12/11, 17:28:55.633, 16698789988001, testhost.dll, MSTest - Executing test ProvjeraIspravneSifreTest
TpTrace Information: 0 : 27824, 4, 2022/12/11, 17:28:55.634, 16698789991912, testhost.dll, MSTest - Executed test ProvjeraIspravneSifreTest
TpTrace Verbose: 0 : 27824, 4, 2022/12/11, 17:28:55.634, 16698789992424, testhost.dll, TestExecutionRecorder.RecordEnd: test: TestIzboriVVS.UnitTestFunkcionalnost5.ProvjeraIspravneSifreTest execution completed.
TpTrace Verbose: 0 : 27824, 4, 2022/12/11, 17:28:55.635, 16698790005374, testhost.dll, MulticastDelegateUtilities.SafeInvoke: TestCaseEventsHandler.RaiseTestCaseEnd: Invoking callback 1/1 for Microsoft.VisualStudio.TestPlatform.CrossPlatEngine.DataCollection.ProxyOutOfProcDataCollectionManager.TriggerTestCaseEnd, took 1 ms.
TpTrace Verbose: 0 : 27824, 4, 2022/12/11, 17:28:55.635, 16698790006042, testhost.dll, TestExecutionRecorder.RecordResult: Received result for test: TestIzboriVVS.UnitTestFunkcionalnost5.ProvjeraIspravneSifreTest.
TpTrace Verbose: 0 : 27824, 4, 2022/12/11, 17:28:55.635, 16698790006524, testhost.dll, MulticastDelegateUtilities.SafeInvoke: TestCaseEventsHandler.RaiseTestCaseEnd: Invoking callback 1/1 for Microsoft.VisualStudio.TestPlatform.CrossPlatEngine.DataCollection.ProxyOutOfProcDataCollectionManager.TriggerSendTestResult, took 0 ms.
TpTrace Warning: 0 : 27824, 4, 2022/12/11, 17:28:55.635, 16698790006950, testhost.dll, TestRunCache: InProgressTests is null
TpTrace Warning: 0 : 27824, 4, 2022/12/11, 17:28:55.635, 16698790007263, testhost.dll, TestRunCache: No test found corresponding to testResult 'ProvjeraIspravneSifreTest' in inProgress list.
TpTrace Verbose: 0 : 27824, 4, 2022/12/11, 17:28:55.635, 16698790007766, testhost.dll, TestExecutionRecorder.RecordStart: Starting test: TestIzboriVVS.UnitTestFunkcionalnost5.RestartGlasanjaTest.
TpTrace Verbose: 0 : 27824, 4, 2022/12/11, 17:28:55.636, 16698790017057, testhost.dll, MulticastDelegateUtilities.SafeInvoke: TestCaseEventsHandler.RaiseTestCaseStart: Invoking callback 1/1 for Microsoft.VisualStudio.TestPlatform.CrossPlatEngine.DataCollection.ProxyOutOfProcDataCollectionManager.TriggerTestCaseStart, took 0 ms.
TpTrace Information: 0 : 27824, 4, 2022/12/11, 17:28:55.636, 16698790017512, testhost.dll, MSTest - Executing test RestartGlasanjaTest
TpTrace Information: 0 : 27824, 4, 2022/12/11, 17:28:55.638, 16698790033391, testhost.dll, MSTest - Executed test RestartGlasanjaTest
TpTrace Verbose: 0 : 27824, 4, 2022/12/11, 17:28:55.638, 16698790033877, testhost.dll, TestExecutionRecorder.RecordEnd: test: TestIzboriVVS.UnitTestFunkcionalnost5.RestartGlasanjaTest execution completed.
TpTrace Verbose: 0 : 27824, 4, 2022/12/11, 17:28:55.639, 16698790042976, testhost.dll, MulticastDelegateUtilities.SafeInvoke: TestCaseEventsHandler.RaiseTestCaseEnd: Invoking callback 1/1 for Microsoft.VisualStudio.TestPlatform.CrossPlatEngine.DataCollection.ProxyOutOfProcDataCollectionManager.TriggerTestCaseEnd, took 0 ms.
TpTrace Verbose: 0 : 27824, 4, 2022/12/11, 17:28:55.639, 16698790043414, testhost.dll, TestExecutionRecorder.RecordResult: Received result for test: TestIzboriVVS.UnitTestFunkcionalnost5.RestartGlasanjaTest.
TpTrace Verbose: 0 : 27824, 4, 2022/12/11, 17:28:55.639, 16698790043792, testhost.dll, MulticastDelegateUtilities.SafeInvoke: TestCaseEventsHandler.RaiseTestCaseEnd: Invoking callback 1/1 for Microsoft.VisualStudio.TestPlatform.CrossPlatEngine.DataCollection.ProxyOutOfProcDataCollectionManager.TriggerSendTestResult, took 0 ms.
TpTrace Warning: 0 : 27824, 4, 2022/12/11, 17:28:55.639, 16698790044111, testhost.dll, TestRunCache: InProgressTests is null
TpTrace Warning: 0 : 27824, 4, 2022/12/11, 17:28:55.639, 16698790044379, testhost.dll, TestRunCache: No test found corresponding to testResult 'RestartGlasanjaTest' in inProgress list.
TpTrace Verbose: 0 : 27824, 4, 2022/12/11, 17:28:55.639, 16698790044808, testhost.dll, TestExecutionRecorder.RecordStart: Starting test: TestIzboriVVS.UnitTestFunkcionalnost5.RestartGlasanja2Test.
TpTrace Verbose: 0 : 27824, 4, 2022/12/11, 17:28:55.640, 16698790053595, testhost.dll, MulticastDelegateUtilities.SafeInvoke: TestCaseEventsHandler.RaiseTestCaseStart: Invoking callback 1/1 for Microsoft.VisualStudio.TestPlatform.CrossPlatEngine.DataCollection.ProxyOutOfProcDataCollectionManager.TriggerTestCaseStart, took 0 ms.
TpTrace Information: 0 : 27824, 4, 2022/12/11, 17:28:55.640, 16698790054044, testhost.dll, MSTest - Executing test RestartGlasanja2Test
TpTrace Information: 0 : 27824, 4, 2022/12/11, 17:28:55.640, 16698790057560, testhost.dll, MSTest - Executed test RestartGlasanja2Test
TpTrace Verbose: 0 : 27824, 4, 2022/12/11, 17:28:55.640, 16698790058000, testhost.dll, TestExecutionRecorder.RecordEnd: test: TestIzboriVVS.UnitTestFunkcionalnost5.RestartGlasanja2Test execution completed.
TpTrace Verbose: 0 : 27824, 4, 2022/12/11, 17:28:55.641, 16698790067229, testhost.dll, MulticastDelegateUtilities.SafeInvoke: TestCaseEventsHandler.RaiseTestCaseEnd: Invoking callback 1/1 for Microsoft.VisualStudio.TestPlatform.CrossPlatEngine.DataCollection.ProxyOutOfProcDataCollectionManager.TriggerTestCaseEnd, took 0 ms.
TpTrace Verbose: 0 : 27824, 4, 2022/12/11, 17:28:55.641, 16698790067654, testhost.dll, TestExecutionRecorder.RecordResult: Received result for test: TestIzboriVVS.UnitTestFunkcionalnost5.RestartGlasanja2Test.
TpTrace Verbose: 0 : 27824, 4, 2022/12/11, 17:28:55.641, 16698790068043, testhost.dll, MulticastDelegateUtilities.SafeInvoke: TestCaseEventsHandler.RaiseTestCaseEnd: Invoking callback 1/1 for Microsoft.VisualStudio.TestPlatform.CrossPlatEngine.DataCollection.ProxyOutOfProcDataCollectionManager.TriggerSendTestResult, took 0 ms.
TpTrace Warning: 0 : 27824, 4, 2022/12/11, 17:28:55.641, 16698790068369, testhost.dll, TestRunCache: InProgressTests is null
TpTrace Warning: 0 : 27824, 4, 2022/12/11, 17:28:55.641, 16698790068636, testhost.dll, TestRunCache: No test found corresponding to testResult 'RestartGlasanja2Test' in inProgress list.
TpTrace Verbose: 0 : 27824, 4, 2022/12/11, 17:28:55.641, 16698790069047, testhost.dll, TestExecutionRecorder.RecordStart: Starting test: TestIzboriVVS.UnitTestFunkcionalnost5.TestProvjeraNeispravneSifreCSV.
TpTrace Verbose: 0 : 27824, 4, 2022/12/11, 17:28:55.643, 16698790083715, testhost.dll, MulticastDelegateUtilities.SafeInvoke: TestCaseEventsHandler.RaiseTestCaseStart: Invoking callback 1/1 for Microsoft.VisualStudio.TestPlatform.CrossPlatEngine.DataCollection.ProxyOutOfProcDataCollectionManager.TriggerTestCaseStart, took 1 ms.
TpTrace Information: 0 : 27824, 4, 2022/12/11, 17:28:55.643, 16698790084164, testhost.dll, MSTest - Executing test TestProvjeraNeispravneSifreCSV
TpTrace Information: 0 : 27824, 4, 2022/12/11, 17:28:55.646, 16698790116966, testhost.dll, MSTest - Executed test TestProvjeraNeispravneSifreCSV
TpTrace Verbose: 0 : 27824, 4, 2022/12/11, 17:28:55.646, 16698790117553, testhost.dll, TestExecutionRecorder.RecordEnd: test: TestIzboriVVS.UnitTestFunkcionalnost5.TestProvjeraNeispravneSifreCSV execution completed.
TpTrace Verbose: 0 : 27824, 4, 2022/12/11, 17:28:55.647, 16698790129099, testhost.dll, MulticastDelegateUtilities.SafeInvoke: TestCaseEventsHandler.RaiseTestCaseEnd: Invoking callback 1/1 for Microsoft.VisualStudio.TestPlatform.CrossPlatEngine.DataCollection.ProxyOutOfProcDataCollectionManager.TriggerTestCaseEnd, took 1 ms.
TpTrace Verbose: 0 : 27824, 4, 2022/12/11, 17:28:55.647, 16698790129573, testhost.dll, TestExecutionRecorder.RecordResult: Received result for test: TestIzboriVVS.UnitTestFunkcionalnost5.TestProvjeraNeispravneSifreCSV.
TpTrace Verbose: 0 : 27824, 4, 2022/12/11, 17:28:55.647, 16698790129946, testhost.dll, MulticastDelegateUtilities.SafeInvoke: TestCaseEventsHandler.RaiseTestCaseEnd: Invoking callback 1/1 for Microsoft.VisualStudio.TestPlatform.CrossPlatEngine.DataCollection.ProxyOutOfProcDataCollectionManager.TriggerSendTestResult, took 0 ms.
TpTrace Warning: 0 : 27824, 4, 2022/12/11, 17:28:55.647, 16698790130274, testhost.dll, TestRunCache: InProgressTests is null
TpTrace Warning: 0 : 27824, 4, 2022/12/11, 17:28:55.647, 16698790130542, testhost.dll, TestRunCache: No test found corresponding to testResult 'TestProvjeraNeispravneSifreCSV (prva)' in inProgress list.
TpTrace Verbose: 0 : 27824, 4, 2022/12/11, 17:28:55.647, 16698790131002, testhost.dll, TestExecutionRecorder.RecordStart: Starting test: TestIzboriVVS.UnitTestFunkcionalnost5.TestProvjeraNeispravneSifreCSV.
TpTrace Verbose: 0 : 27824, 4, 2022/12/11, 17:28:55.648, 16698790141300, testhost.dll, MulticastDelegateUtilities.SafeInvoke: TestCaseEventsHandler.RaiseTestCaseStart: Invoking callback 1/1 for Microsoft.VisualStudio.TestPlatform.CrossPlatEngine.DataCollection.ProxyOutOfProcDataCollectionManager.TriggerTestCaseStart, took 0 ms.
TpTrace Information: 0 : 27824, 4, 2022/12/11, 17:28:55.649, 16698790141773, testhost.dll, MSTest - Executing test TestProvjeraNeispravneSifreCSV
TpTrace Information: 0 : 27824, 4, 2022/12/11, 17:28:55.649, 16698790143686, testhost.dll, MSTest - Executed test TestProvjeraNeispravneSifreCSV
TpTrace Verbose: 0 : 27824, 4, 2022/12/11, 17:28:55.649, 16698790144088, testhost.dll, TestExecutionRecorder.RecordEnd: test: TestIzboriVVS.UnitTestFunkcionalnost5.TestProvjeraNeispravneSifreCSV execution completed.
TpTrace Verbose: 0 : 27824, 4, 2022/12/11, 17:28:55.654, 16698790193274, testhost.dll, MulticastDelegateUtilities.SafeInvoke: TestCaseEventsHandler.RaiseTestCaseEnd: Invoking callback 1/1 for Microsoft.VisualStudio.TestPlatform.CrossPlatEngine.DataCollection.ProxyOutOfProcDataCollectionManager.TriggerTestCaseEnd, took 4 ms.
TpTrace Verbose: 0 : 27824, 4, 2022/12/11, 17:28:55.654, 16698790194020, testhost.dll, TestExecutionRecorder.RecordResult: Received result for test: TestIzboriVVS.UnitTestFunkcionalnost5.TestProvjeraNeispravneSifreCSV.
TpTrace Verbose: 0 : 27824, 4, 2022/12/11, 17:28:55.654, 16698790194552, testhost.dll, MulticastDelegateUtilities.SafeInvoke: TestCaseEventsHandler.RaiseTestCaseEnd: Invoking callback 1/1 for Microsoft.VisualStudio.TestPlatform.CrossPlatEngine.DataCollection.ProxyOutOfProcDataCollectionManager.TriggerSendTestResult, took 0 ms.
TpTrace Warning: 0 : 27824, 4, 2022/12/11, 17:28:55.654, 16698790194903, testhost.dll, TestRunCache: InProgressTests is null
TpTrace Warning: 0 : 27824, 4, 2022/12/11, 17:28:55.654, 16698790195184, testhost.dll, TestRunCache: No test found corresponding to testResult 'TestProvjeraNeispravneSifreCSV (druga)' in inProgress list.
TpTrace Verbose: 0 : 27824, 4, 2022/12/11, 17:28:55.654, 16698790195723, testhost.dll, TestExecutionRecorder.RecordStart: Starting test: TestIzboriVVS.UnitTestFunkcionalnost5.TestProvjeraNeispravneSifreCSV.
TpTrace Verbose: 0 : 27824, 4, 2022/12/11, 17:28:55.655, 16698790205469, testhost.dll, MulticastDelegateUtilities.SafeInvoke: TestCaseEventsHandler.RaiseTestCaseStart: Invoking callback 1/1 for Microsoft.VisualStudio.TestPlatform.CrossPlatEngine.DataCollection.ProxyOutOfProcDataCollectionManager.TriggerTestCaseStart, took 0 ms.
TpTrace Information: 0 : 27824, 4, 2022/12/11, 17:28:55.655, 16698790205926, testhost.dll, MSTest - Executing test TestProvjeraNeispravneSifreCSV
TpTrace Information: 0 : 27824, 4, 2022/12/11, 17:28:55.655, 16698790207860, testhost.dll, MSTest - Executed test TestProvjeraNeispravneSifreCSV
TpTrace Verbose: 0 : 27824, 4, 2022/12/11, 17:28:55.655, 16698790208258, testhost.dll, TestExecutionRecorder.RecordEnd: test: TestIzboriVVS.UnitTestFunkcionalnost5.TestProvjeraNeispravneSifreCSV execution completed.
TpTrace Verbose: 0 : 27824, 4, 2022/12/11, 17:28:55.656, 16698790217418, testhost.dll, MulticastDelegateUtilities.SafeInvoke: TestCaseEventsHandler.RaiseTestCaseEnd: Invoking callback 1/1 for Microsoft.VisualStudio.TestPlatform.CrossPlatEngine.DataCollection.ProxyOutOfProcDataCollectionManager.TriggerTestCaseEnd, took 0 ms.
TpTrace Verbose: 0 : 27824, 4, 2022/12/11, 17:28:55.656, 16698790217850, testhost.dll, TestExecutionRecorder.RecordResult: Received result for test: TestIzboriVVS.UnitTestFunkcionalnost5.TestProvjeraNeispravneSifreCSV.
TpTrace Verbose: 0 : 27824, 4, 2022/12/11, 17:28:55.656, 16698790218214, testhost.dll, MulticastDelegateUtilities.SafeInvoke: TestCaseEventsHandler.RaiseTestCaseEnd: Invoking callback 1/1 for Microsoft.VisualStudio.TestPlatform.CrossPlatEngine.DataCollection.ProxyOutOfProcDataCollectionManager.TriggerSendTestResult, took 0 ms.
TpTrace Warning: 0 : 27824, 4, 2022/12/11, 17:28:55.656, 16698790218519, testhost.dll, TestRunCache: InProgressTests is null
TpTrace Warning: 0 : 27824, 4, 2022/12/11, 17:28:55.656, 16698790218815, testhost.dll, TestRunCache: No test found corresponding to testResult 'TestProvjeraNeispravneSifreCSV (nevalja)' in inProgress list.
TpTrace Verbose: 0 : 27824, 4, 2022/12/11, 17:28:55.656, 16698790219216, testhost.dll, TestExecutionRecorder.RecordStart: Starting test: TestIzboriVVS.UnitTestFunkcionalnost5.TestProvjeraNeispravneSifreCSV.
TpTrace Verbose: 0 : 27824, 4, 2022/12/11, 17:28:55.657, 16698790228323, testhost.dll, MulticastDelegateUtilities.SafeInvoke: TestCaseEventsHandler.RaiseTestCaseStart: Invoking callback 1/1 for Microsoft.VisualStudio.TestPlatform.CrossPlatEngine.DataCollection.ProxyOutOfProcDataCollectionManager.TriggerTestCaseStart, took 0 ms.
TpTrace Information: 0 : 27824, 4, 2022/12/11, 17:28:55.657, 16698790228846, testhost.dll, MSTest - Executing test TestProvjeraNeispravneSifreCSV
TpTrace Information: 0 : 27824, 4, 2022/12/11, 17:28:55.657, 16698790230605, testhost.dll, MSTest - Executed test TestProvjeraNeispravneSifreCSV
TpTrace Verbose: 0 : 27824, 4, 2022/12/11, 17:28:55.657, 16698790230999, testhost.dll, TestExecutionRecorder.RecordEnd: test: TestIzboriVVS.UnitTestFunkcionalnost5.TestProvjeraNeispravneSifreCSV execution completed.
TpTrace Verbose: 0 : 27824, 4, 2022/12/11, 17:28:55.658, 16698790240452, testhost.dll, MulticastDelegateUtilities.SafeInvoke: TestCaseEventsHandler.RaiseTestCaseEnd: Invoking callback 1/1 for Microsoft.VisualStudio.TestPlatform.CrossPlatEngine.DataCollection.ProxyOutOfProcDataCollectionManager.TriggerTestCaseEnd, took 0 ms.
TpTrace Verbose: 0 : 27824, 4, 2022/12/11, 17:28:55.658, 16698790240981, testhost.dll, TestExecutionRecorder.RecordResult: Received result for test: TestIzboriVVS.UnitTestFunkcionalnost5.TestProvjeraNeispravneSifreCSV.
TpTrace Verbose: 0 : 27824, 4, 2022/12/11, 17:28:55.658, 16698790241331, testhost.dll, MulticastDelegateUtilities.SafeInvoke: TestCaseEventsHandler.RaiseTestCaseEnd: Invoking callback 1/1 for Microsoft.VisualStudio.TestPlatform.CrossPlatEngine.DataCollection.ProxyOutOfProcDataCollectionManager.TriggerSendTestResult, took 0 ms.
TpTrace Warning: 0 : 27824, 4, 2022/12/11, 17:28:55.658, 16698790241614, testhost.dll, TestRunCache: InProgressTests is null
TpTrace Warning: 0 : 27824, 4, 2022/12/11, 17:28:55.659, 16698790241866, testhost.dll, TestRunCache: No test found corresponding to testResult 'TestProvjeraNeispravneSifreCSV (ozda)' in inProgress list.
TpTrace Verbose: 0 : 27824, 4, 2022/12/11, 17:28:55.659, 16698790242319, testhost.dll, TestExecutionRecorder.RecordStart: Starting test: TestIzboriVVS.UnitTestFunkcionalnost5.TestProvjeraNeispravneSifreCSV.
TpTrace Verbose: 0 : 27824, 4, 2022/12/11, 17:28:55.659, 16698790251594, testhost.dll, MulticastDelegateUtilities.SafeInvoke: TestCaseEventsHandler.RaiseTestCaseStart: Invoking callback 1/1 for Microsoft.VisualStudio.TestPlatform.CrossPlatEngine.DataCollection.ProxyOutOfProcDataCollectionManager.TriggerTestCaseStart, took 0 ms.
TpTrace Information: 0 : 27824, 4, 2022/12/11, 17:28:55.660, 16698790252027, testhost.dll, MSTest - Executing test TestProvjeraNeispravneSifreCSV
TpTrace Information: 0 : 27824, 4, 2022/12/11, 17:28:55.660, 16698790253763, testhost.dll, MSTest - Executed test TestProvjeraNeispravneSifreCSV
TpTrace Verbose: 0 : 27824, 4, 2022/12/11, 17:28:55.660, 16698790254151, testhost.dll, TestExecutionRecorder.RecordEnd: test: TestIzboriVVS.UnitTestFunkcionalnost5.TestProvjeraNeispravneSifreCSV execution completed.
TpTrace Verbose: 0 : 27824, 4, 2022/12/11, 17:28:55.661, 16698790263569, testhost.dll, MulticastDelegateUtilities.SafeInvoke: TestCaseEventsHandler.RaiseTestCaseEnd: Invoking callback 1/1 for Microsoft.VisualStudio.TestPlatform.CrossPlatEngine.DataCollection.ProxyOutOfProcDataCollectionManager.TriggerTestCaseEnd, took 0 ms.
TpTrace Verbose: 0 : 27824, 4, 2022/12/11, 17:28:55.661, 16698790263990, testhost.dll, TestExecutionRecorder.RecordResult: Received result for test: TestIzboriVVS.UnitTestFunkcionalnost5.TestProvjeraNeispravneSifreCSV.
TpTrace Verbose: 0 : 27824, 4, 2022/12/11, 17:28:55.661, 16698790264331, testhost.dll, MulticastDelegateUtilities.SafeInvoke: TestCaseEventsHandler.RaiseTestCaseEnd: Invoking callback 1/1 for Microsoft.VisualStudio.TestPlatform.CrossPlatEngine.DataCollection.ProxyOutOfProcDataCollectionManager.TriggerSendTestResult, took 0 ms.
TpTrace Warning: 0 : 27824, 4, 2022/12/11, 17:28:55.661, 16698790264614, testhost.dll, TestRunCache: InProgressTests is null
TpTrace Warning: 0 : 27824, 4, 2022/12/11, 17:28:55.661, 16698790264912, testhost.dll, TestRunCache: No test found corresponding to testResult 'TestProvjeraNeispravneSifreCSV (koliko)' in inProgress list.
TpTrace Verbose: 0 : 27824, 4, 2022/12/11, 17:28:55.661, 16698790265279, testhost.dll, TestExecutionRecorder.RecordStart: Starting test: TestIzboriVVS.UnitTestFunkcionalnost5.TestProvjeraNeispravneSifreCSV.
TpTrace Information: 0 : 27824, 4, 2022/12/11, 17:28:55.662, 16698790277380, testhost.dll, Sending test run statistics
TpTrace Verbose: 0 : 27824, 4, 2022/12/11, 17:28:55.684, 16698790492603, testhost.dll, TestRequestHandler.SendData: sending data from testhost: {"Version":7,"MessageType":"TestExecution.StatsChange","Payload":{"NewTestResults":[{"TestCase":{"Id":"7e116520-37f2-7a45-3132-b51b14161603","FullyQualifiedName":"TestIzboriVVS.UnitTestFunkcionalnost5.ProvjeraPogresneSifreTest","DisplayName":"ProvjeraPogresneSifreTest","ExecutorUri":"executor://MSTestAdapter/v2","Source":"C:\\Users\\bobici\\Source\\Repos\\dina\\vvs-zad1\\TestIzboriVVS\\bin\\Debug\\net5.0\\fine-code-coverage\\build-output\\TestIzboriVVS.dll","CodeFilePath":null,"LineNumber":-1,"Properties":[{"Key":{"Id":"TestCase.ManagedType","Label":"ManagedType","Category":"","Description":"","Attributes":1,"ValueType":"System.String"},"Value":"TestIzboriVVS.UnitTestFunkcionalnost5"},{"Key":{"Id":"TestCase.ManagedMethod","Label":"ManagedMethod","Category":"","Description":"","Attributes":1,"ValueType":"System.String"},"Value":"ProvjeraPogresneSifreTest"},{"Key":{"Id":"MSTestDiscoverer.TestClassName","Label":"ClassName","Category":"","Description":"","Attributes":1,"ValueType":"System.String"},"Value":"TestIzboriVVS.UnitTestFunkcionalnost5"},{"Key":{"Id":"TestCase.Hierarchy","Label":"Hierarchy","Category":"","Description":"","Attributes":2,"ValueType":"System.String[]"},"Value":["TestIzboriVVS","UnitTestFunkcionalnost5"]},{"Key":{"Id":"TestObject.Traits","Label":"Traits","Category":"","Description":"","Attributes":5,"ValueType":"System.Collections.Generic.KeyValuePair`2[[System.String],[System.String]][]"},"Value":[]}]},"Attachments":[],"Outcome":1,"ErrorMessage":null,"ErrorStackTrace":null,"DisplayName":"ProvjeraPogresneSifreTest","Messages":[],"ComputerName":null,"Duration":"00:00:00.0025219","StartTime":"2022-12-11T17:28:55.586965+01:00","EndTime":"2022-12-11T17:28:55.6126674+01:00","Properties":[{"Key":{"Id":"ExecutionId","Label":"ExecutionId","Category":"","Description":"","Attributes":1,"ValueType":"System.Guid"},"Value":"00000000-0000-0000-0000-000000000000"},{"Key":{"Id":"ParentExecId","Label":"ParentExecId","Category":"","Description":"","Attributes":1,"ValueType":"System.Guid"},"Value":"00000000-0000-0000-0000-000000000000"},{"Key":{"Id":"InnerResultsCount","Label":"InnerResultsCount","Category":"","Description":"","Attributes":1,"ValueType":"System.Int32"},"Value":0}]},{"TestCase":{"Id":"79f74cc7-0cb5-9fe9-d520-7f977e4ec9b0","FullyQualifiedName":"TestIzboriVVS.UnitTestFunkcionalnost5.ProvjeraIspravneSifreTest","DisplayName":"ProvjeraIspravneSifreTest","ExecutorUri":"executor://MSTestAdapter/v2","Source":"C:\\Users\\bobici\\Source\\Repos\\dina\\vvs-zad1\\TestIzboriVVS\\bin\\Debug\\net5.0\\fine-code-coverage\\build-output\\TestIzboriVVS.dll","CodeFilePath":null,"LineNumber":-1,"Properties":[{"Key":{"Id":"TestCase.ManagedType","Label":"ManagedType","Category":"","Description":"","Attributes":1,"ValueType":"System.String"},"Value":"TestIzboriVVS.UnitTestFunkcionalnost5"},{"Key":{"Id":"TestCase.ManagedMethod","Label":"ManagedMethod","Category":"","Description":"","Attributes":1,"ValueType":"System.String"},"Value":"ProvjeraIspravneSifreTest"},{"Key":{"Id":"MSTestDiscoverer.TestClassName","Label":"ClassName","Category":"","Description":"","Attributes":1,"ValueType":"System.String"},"Value":"TestIzboriVVS.UnitTestFunkcionalnost5"},{"Key":{"Id":"TestCase.Hierarchy","Label":"Hierarchy","Category":"","Description":"","Attributes":2,"ValueType":"System.String[]"},"Value":["TestIzboriVVS","UnitTestFunkcionalnost5"]},{"Key":{"Id":"TestObject.Traits","Label":"Traits","Category":"","Description":"","Attributes":5,"ValueType":"System.Collections.Generic.KeyValuePair`2[[System.String],[System.String]][]"},"Value":[]}]},"Attachments":[],"Outcome":1,"ErrorMessage":null,"ErrorStackTrace":null,"DisplayName":"ProvjeraIspravneSifreTest","Messages":[],"ComputerName":null,"Duration":"00:00:00.0002424","StartTime":"2022-12-11T17:28:55.6336346+01:00","EndTime":"2022-12-11T17:28:55.6340678+01:00","Properties":[{"Key":{"Id":"ExecutionId","Label":"ExecutionId","Category":"","Description":"","Attributes":1,"ValueType":"System.Guid"},"Value":"00000000-0000-0000-0000-000000000000"},{"Key":{"Id":"ParentExecId","Label":"ParentExecId","Category":"","Description":"","Attributes":1,"ValueType":"System.Guid"},"Value":"00000000-0000-0000-0000-000000000000"},{"Key":{"Id":"InnerResultsCount","Label":"InnerResultsCount","Category":"","Description":"","Attributes":1,"ValueType":"System.Int32"},"Value":0}]},{"TestCase":{"Id":"2a195b40-7987-822f-1d6d-dd6d3cdbdbd3","FullyQualifiedName":"TestIzboriVVS.UnitTestFunkcionalnost5.RestartGlasanjaTest","DisplayName":"RestartGlasanjaTest","ExecutorUri":"executor://MSTestAdapter/v2","Source":"C:\\Users\\bobici\\Source\\Repos\\dina\\vvs-zad1\\TestIzboriVVS\\bin\\Debug\\net5.0\\fine-code-coverage\\build-output\\TestIzboriVVS.dll","CodeFilePath":null,"LineNumber":-1,"Properties":[{"Key":{"Id":"TestCase.ManagedType","Label":"ManagedType","Category":"","Description":"","Attributes":1,"ValueType":"System.String"},"Value":"TestIzboriVVS.UnitTestFunkcionalnost5"},{"Key":{"Id":"TestCase.ManagedMethod","Label":"ManagedMethod","Category":"","Description":"","Attributes":1,"ValueType":"System.String"},"Value":"RestartGlasanjaTest"},{"Key":{"Id":"MSTestDiscoverer.TestClassName","Label":"ClassName","Category":"","Description":"","Attributes":1,"ValueType":"System.String"},"Value":"TestIzboriVVS.UnitTestFunkcionalnost5"},{"Key":{"Id":"TestCase.Hierarchy","Label":"Hierarchy","Category":"","Description":"","Attributes":2,"ValueType":"System.String[]"},"Value":["TestIzboriVVS","UnitTestFunkcionalnost5"]},{"Key":{"Id":"TestObject.Traits","Label":"Traits","Category":"","Description":"","Attributes":5,"ValueType":"System.Collections.Generic.KeyValuePair`2[[System.String],[System.String]][]"},"Value":[]}]},"Attachments":[],"Outcome":1,"ErrorMessage":null,"ErrorStackTrace":null,"DisplayName":"RestartGlasanjaTest","Messages":[],"ComputerName":null,"Duration":"00:00:00.0014736","StartTime":"2022-12-11T17:28:55.6365862+01:00","EndTime":"2022-12-11T17:28:55.6382183+01:00","Properties":[{"Key":{"Id":"ExecutionId","Label":"ExecutionId","Category":"","Description":"","Attributes":1,"ValueType":"System.Guid"},"Value":"00000000-0000-0000-0000-000000000000"},{"Key":{"Id":"ParentExecId","Label":"ParentExecId","Category":"","Description":"","Attributes":1,"ValueType":"System.Guid"},"Value":"00000000-0000-0000-0000-000000000000"},{"Key":{"Id":"InnerResultsCount","Label":"InnerResultsCount","Category":"","Description":"","Attributes":1,"ValueType":"System.Int32"},"Value":0}]},{"TestCase":{"Id":"24ff35e5-ee62-4181-c5f6-0811dba15f53","FullyQualifiedName":"TestIzboriVVS.UnitTestFunkcionalnost5.RestartGlasanja2Test","DisplayName":"RestartGlasanja2Test","ExecutorUri":"executor://MSTestAdapter/v2","Source":"C:\\Users\\bobici\\Source\\Repos\\dina\\vvs-zad1\\TestIzboriVVS\\bin\\Debug\\net5.0\\fine-code-coverage\\build-output\\TestIzboriVVS.dll","CodeFilePath":null,"LineNumber":-1,"Properties":[{"Key":{"Id":"TestCase.ManagedType","Label":"ManagedType","Category":"","Description":"","Attributes":1,"ValueType":"System.String"},"Value":"TestIzboriVVS.UnitTestFunkcionalnost5"},{"Key":{"Id":"TestCase.ManagedMethod","Label":"ManagedMethod","Category":"","Description":"","Attributes":1,"ValueType":"System.String"},"Value":"RestartGlasanja2Test"},{"Key":{"Id":"MSTestDiscoverer.TestClassName","Label":"ClassName","Category":"","Description":"","Attributes":1,"ValueType":"System.String"},"Value":"TestIzboriVVS.UnitTestFunkcionalnost5"},{"Key":{"Id":"TestCase.Hierarchy","Label":"Hierarchy","Category":"","Description":"","Attributes":2,"ValueType":"System.String[]"},"Value":["TestIzboriVVS","UnitTestFunkcionalnost5"]},{"Key":{"Id":"TestObject.Traits","Label":"Traits","Category":"","Description":"","Attributes":5,"ValueType":"System.Collections.Generic.KeyValuePair`2[[System.String],[System.String]][]"},"Value":[]}]},"Attachments":[],"Outcome":1,"ErrorMessage":null,"ErrorStackTrace":null,"DisplayName":"RestartGlasanja2Test","Messages":[],"ComputerName":null,"Duration":"00:00:00.0002557","StartTime":"2022-12-11T17:28:55.6402403+01:00","EndTime":"2022-12-11T17:28:55.6406316+01:00","Properties":[{"Key":{"Id":"ExecutionId","Label":"ExecutionId","Category":"","Description":"","Attributes":1,"ValueType":"System.Guid"},"Value":"00000000-0000-0000-0000-000000000000"},{"Key":{"Id":"ParentExecId","Label":"ParentExecId","Category":"","Description":"","Attributes":1,"ValueType":"System.Guid"},"Value":"00000000-0000-0000-0000-000000000000"},{"Key":{"Id":"InnerResultsCount","Label":"InnerResultsCount","Category":"","Description":"","Attributes":1,"ValueType":"System.Int32"},"Value":0}]},{"TestCase":{"Id":"85b0a2df-7b82-ea16-f881-2e054f57b4f4","FullyQualifiedName":"TestIzboriVVS.UnitTestFunkcionalnost5.TestProvjeraNeispravneSifreCSV","DisplayName":"TestProvjeraNeispravneSifreCSV (prva)","ExecutorUri":"executor://MSTestAdapter/v2","Source":"C:\\Users\\bobici\\Source\\Repos\\dina\\vvs-zad1\\TestIzboriVVS\\bin\\Debug\\net5.0\\fine-code-coverage\\build-output\\TestIzboriVVS.dll","CodeFilePath":null,"LineNumber":-1,"Properties":[{"Key":{"Id":"TestCase.ManagedType","Label":"ManagedType","Category":"","Description":"","Attributes":1,"ValueType":"System.String"},"Value":"TestIzboriVVS.UnitTestFunkcionalnost5"},{"Key":{"Id":"TestCase.ManagedMethod","Label":"ManagedMethod","Category":"","Description":"","Attributes":1,"ValueType":"System.String"},"Value":"TestProvjeraNeispravneSifreCSV(System.String)"},{"Key":{"Id":"MSTestDiscoverer.TestClassName","Label":"ClassName","Category":"","Description":"","Attributes":1,"ValueType":"System.String"},"Value":"TestIzboriVVS.UnitTestFunkcionalnost5"},{"Key":{"Id":"TestCase.Hierarchy","Label":"Hierarchy","Category":"","Description":"","Attributes":2,"ValueType":"System.String[]"},"Value":["TestIzboriVVS","UnitTestFunkcionalnost5"]},{"Key":{"Id":"TestObject.Traits","Label":"Traits","Category":"","Description":"","Attributes":5,"ValueType":"System.Collections.Generic.KeyValuePair`2[[System.String],[System.String]][]"},"Value":[]},{"Key":{"Id":"MSTest.DynamicDataType","Label":"DynamicDataType","Category":"","Description":"","Attributes":1,"ValueType":"System.Int32"},"Value":2},{"Key":{"Id":"MSTest.DynamicData","Label":"DynamicData","Category":"","Description":"","Attributes":1,"ValueType":"System.String[]"},"Value":["System.String, System.Private.CoreLib, Version=5.0.0.0, Culture=neutral, PublicKeyToken=7cec85d7bea7798e","\"prva\""]}]},"Attachments":[],"Outcome":1,"ErrorMessage":null,"ErrorStackTrace":null,"DisplayName":"TestProvjeraNeispravneSifreCSV (prva)","Messages":[],"ComputerName":null,"Duration":"00:00:00.0001146","StartTime":"2022-12-11T17:28:55.6432522+01:00","EndTime":"2022-12-11T17:28:55.6465854+01:00","Properties":[{"Key":{"Id":"ExecutionId","Label":"ExecutionId","Category":"","Description":"","Attributes":1,"ValueType":"System.Guid"},"Value":"00000000-0000-0000-0000-000000000000"},{"Key":{"Id":"ParentExecId","Label":"ParentExecId","Category":"","Description":"","Attributes":1,"ValueType":"System.Guid"},"Value":"00000000-0000-0000-0000-000000000000"},{"Key":{"Id":"InnerResultsCount","Label":"InnerResultsCount","Category":"","Description":"","Attributes":1,"ValueType":"System.Int32"},"Value":0}]},{"TestCase":{"Id":"f55fb2da-a364-b9d3-252b-ffbce02d0a52","FullyQualifiedName":"TestIzboriVVS.UnitTestFunkcionalnost5.TestProvjeraNeispravneSifreCSV","DisplayName":"TestProvjeraNeispravneSifreCSV (druga)","ExecutorUri":"executor://MSTestAdapter/v2","Source":"C:\\Users\\bobici\\Source\\Repos\\dina\\vvs-zad1\\TestIzboriVVS\\bin\\Debug\\net5.0\\fine-code-coverage\\build-output\\TestIzboriVVS.dll","CodeFilePath":null,"LineNumber":-1,"Properties":[{"Key":{"Id":"TestCase.ManagedType","Label":"ManagedType","Category":"","Description":"","Attributes":1,"ValueType":"System.String"},"Value":"TestIzboriVVS.UnitTestFunkcionalnost5"},{"Key":{"Id":"TestCase.ManagedMethod","Label":"ManagedMethod","Category":"","Description":"","Attributes":1,"ValueType":"System.String"},"Value":"TestProvjeraNeispravneSifreCSV(System.String)"},{"Key":{"Id":"MSTestDiscoverer.TestClassName","Label":"ClassName","Category":"","Description":"","Attributes":1,"ValueType":"System.String"},"Value":"TestIzboriVVS.UnitTestFunkcionalnost5"},{"Key":{"Id":"TestCase.Hierarchy","Label":"Hierarchy","Category":"","Description":"","Attributes":2,"ValueType":"System.String[]"},"Value":["TestIzboriVVS","UnitTestFunkcionalnost5"]},{"Key":{"Id":"TestObject.Traits","Label":"Traits","Category":"","Description":"","Attributes":5,"ValueType":"System.Collections.Generic.KeyValuePair`2[[System.String],[System.String]][]"},"Value":[]},{"Key":{"Id":"MSTest.DynamicDataType","Label":"DynamicDataType","Category":"","Description":"","Attributes":1,"ValueType":"System.Int32"},"Value":2},{"Key":{"Id":"MSTest.DynamicData","Label":"DynamicData","Category":"","Description":"","Attributes":1,"ValueType":"System.String[]"},"Value":["System.String, System.Private.CoreLib, Version=5.0.0.0, Culture=neutral, PublicKeyToken=7cec85d7bea7798e","\"druga\""]}]},"Attachments":[],"Outcome":1,"ErrorMessage":null,"ErrorStackTrace":null,"DisplayName":"TestProvjeraNeispravneSifreCSV (druga)","Messages":[],"ComputerName":null,"Duration":"00:00:00.0000574","StartTime":"2022-12-11T17:28:55.6490127+01:00","EndTime":"2022-12-11T17:28:55.6492411+01:00","Properties":[{"Key":{"Id":"ExecutionId","Label":"ExecutionId","Category":"","Description":"","Attributes":1,"ValueType":"System.Guid"},"Value":"00000000-0000-0000-0000-000000000000"},{"Key":{"Id":"ParentExecId","Label":"ParentExecId","Category":"","Description":"","Attributes":1,"ValueType":"System.Guid"},"Value":"00000000-0000-0000-0000-000000000000"},{"Key":{"Id":"InnerResultsCount","Label":"InnerResultsCount","Category":"","Description":"","Attributes":1,"ValueType":"System.Int32"},"Value":0}]},{"TestCase":{"Id":"913aec93-820c-d5b1-c186-e92749d8b1a1","FullyQualifiedName":"TestIzboriVVS.UnitTestFunkcionalnost5.TestProvjeraNeispravneSifreCSV","DisplayName":"TestProvjeraNeispravneSifreCSV (nevalja)","ExecutorUri":"executor://MSTestAdapter/v2","Source":"C:\\Users\\bobici\\Source\\Repos\\dina\\vvs-zad1\\TestIzboriVVS\\bin\\Debug\\net5.0\\fine-code-coverage\\build-output\\TestIzboriVVS.dll","CodeFilePath":null,"LineNumber":-1,"Properties":[{"Key":{"Id":"TestCase.ManagedType","Label":"ManagedType","Category":"","Description":"","Attributes":1,"ValueType":"System.String"},"Value":"TestIzboriVVS.UnitTestFunkcionalnost5"},{"Key":{"Id":"TestCase.ManagedMethod","Label":"ManagedMethod","Category":"","Description":"","Attributes":1,"ValueType":"System.String"},"Value":"TestProvjeraNeispravneSifreCSV(System.String)"},{"Key":{"Id":"MSTestDiscoverer.TestClassName","Label":"ClassName","Category":"","Description":"","Attributes":1,"ValueType":"System.String"},"Value":"TestIzboriVVS.UnitTestFunkcionalnost5"},{"Key":{"Id":"TestCase.Hierarchy","Label":"Hierarchy","Category":"","Description":"","Attributes":2,"ValueType":"System.String[]"},"Value":["TestIzboriVVS","UnitTestFunkcionalnost5"]},{"Key":{"Id":"TestObject.Traits","Label":"Traits","Category":"","Description":"","Attributes":5,"ValueType":"System.Collections.Generic.KeyValuePair`2[[System.String],[System.String]][]"},"Value":[]},{"Key":{"Id":"MSTest.DynamicDataType","Label":"DynamicDataType","Category":"","Description":"","Attributes":1,"ValueType":"System.Int32"},"Value":2},{"Key":{"Id":"MSTest.DynamicData","Label":"DynamicData","Category":"","Description":"","Attributes":1,"ValueType":"System.String[]"},"Value":["System.String, System.Private.CoreLib, Version=5.0.0.0, Culture=neutral, PublicKeyToken=7cec85d7bea7798e","\"nevalja\""]}]},"Attachments":[],"Outcome":1,"ErrorMessage":null,"ErrorStackTrace":null,"DisplayName":"TestProvjeraNeispravneSifreCSV (nevalja)","Messages":[],"ComputerName":null,"Duration":"00:00:00.0000621","StartTime":"2022-12-11T17:28:55.6554276+01:00","EndTime":"2022-12-11T17:28:55.6556578+01:00","Properties":[{"Key":{"Id":"ExecutionId","Label":"ExecutionId","Category":"","Description":"","Attributes":1,"ValueType":"System.Guid"},"Value":"00000000-0000-0000-0000-000000000000"},{"Key":{"Id":"ParentExecId","Label":"ParentExecId","Category":"","Description":"","Attributes":1,"ValueType":"System.Guid"},"Value":"00000000-0000-0000-0000-000000000000"},{"Key":{"Id":"InnerResultsCount","Label":"InnerResultsCount","Category":"","Description":"","Attributes":1,"ValueType":"System.Int32"},"Value":0}]},{"TestCase":{"Id":"5e63c3b5-44ea-340d-9771-d30d38327d41","FullyQualifiedName":"TestIzboriVVS.UnitTestFunkcionalnost5.TestProvjeraNeispravneSifreCSV","DisplayName":"TestProvjeraNeispravneSifreCSV (ozda)","ExecutorUri":"executor://MSTestAdapter/v2","Source":"C:\\Users\\bobici\\Source\\Repos\\dina\\vvs-zad1\\TestIzboriVVS\\bin\\Debug\\net5.0\\fine-code-coverage\\build-output\\TestIzboriVVS.dll","CodeFilePath":null,"LineNumber":-1,"Properties":[{"Key":{"Id":"TestCase.ManagedType","Label":"ManagedType","Category":"","Description":"","Attributes":1,"ValueType":"System.String"},"Value":"TestIzboriVVS.UnitTestFunkcionalnost5"},{"Key":{"Id":"TestCase.ManagedMethod","Label":"ManagedMethod","Category":"","Description":"","Attributes":1,"ValueType":"System.String"},"Value":"TestProvjeraNeispravneSifreCSV(System.String)"},{"Key":{"Id":"MSTestDiscoverer.TestClassName","Label":"ClassName","Category":"","Description":"","Attributes":1,"ValueType":"System.String"},"Value":"TestIzboriVVS.UnitTestFunkcionalnost5"},{"Key":{"Id":"TestCase.Hierarchy","Label":"Hierarchy","Category":"","Description":"","Attributes":2,"ValueType":"System.String[]"},"Value":["TestIzboriVVS","UnitTestFunkcionalnost5"]},{"Key":{"Id":"TestObject.Traits","Label":"Traits","Category":"","Description":"","Attributes":5,"ValueType":"System.Collections.Generic.KeyValuePair`2[[System.String],[System.String]][]"},"Value":[]},{"Key":{"Id":"MSTest.DynamicDataType","Label":"DynamicDataType","Category":"","Description":"","Attributes":1,"ValueType":"System.Int32"},"Value":2},{"Key":{"Id":"MSTest.DynamicData","Label":"DynamicData","Category":"","Description":"","Attributes":1,"ValueType":"System.String[]"},"Value":["System.String, System.Private.CoreLib, Version=5.0.0.0, Culture=neutral, PublicKeyToken=7cec85d7bea7798e","\"ozda\""]}]},"Attachments":[],"Outcome":1,"ErrorMessage":null,"ErrorStackTrace":null,"DisplayName":"TestProvjeraNeispravneSifreCSV (ozda)","Messages":[],"ComputerName":null,"Duration":"00:00:00.0000700","StartTime":"2022-12-11T17:28:55.6577204+01:00","EndTime":"2022-12-11T17:28:55.6579326+01:00","Properties":[{"Key":{"Id":"ExecutionId","Label":"ExecutionId","Category":"","Description":"","Attributes":1,"ValueType":"System.Guid"},"Value":"00000000-0000-0000-0000-000000000000"},{"Key":{"Id":"ParentExecId","Label":"ParentExecId","Category":"","Description":"","Attributes":1,"ValueType":"System.Guid"},"Value":"00000000-0000-0000-0000-000000000000"},{"Key":{"Id":"InnerResultsCount","Label":"InnerResultsCount","Category":"","Description":"","Attributes":1,"ValueType":"System.Int32"},"Value":0}]},{"TestCase":{"Id":"87d8ca04-4488-bb60-fa45-594fee3d0a08","FullyQualifiedName":"TestIzboriVVS.UnitTestFunkcionalnost5.TestProvjeraNeispravneSifreCSV","DisplayName":"TestProvjeraNeispravneSifreCSV (koliko)","ExecutorUri":"executor://MSTestAdapter/v2","Source":"C:\\Users\\bobici\\Source\\Repos\\dina\\vvs-zad1\\TestIzboriVVS\\bin\\Debug\\net5.0\\fine-code-coverage\\build-output\\TestIzboriVVS.dll","CodeFilePath":null,"LineNumber":-1,"Properties":[{"Key":{"Id":"TestCase.ManagedType","Label":"ManagedType","Category":"","Description":"","Attributes":1,"ValueType":"System.String"},"Value":"TestIzboriVVS.UnitTestFunkcionalnost5"},{"Key":{"Id":"TestCase.ManagedMethod","Label":"ManagedMethod","Category":"","Description":"","Attributes":1,"ValueType":"System.String"},"Value":"TestProvjeraNeispravneSifreCSV(System.String)"},{"Key":{"Id":"MSTestDiscoverer.TestClassName","Label":"ClassName","Category":"","Description":"","Attributes":1,"ValueType":"System.String"},"Value":"TestIzboriVVS.UnitTestFunkcionalnost5"},{"Key":{"Id":"TestCase.Hierarchy","Label":"Hierarchy","Category":"","Description":"","Attributes":2,"ValueType":"System.String[]"},"Value":["TestIzboriVVS","UnitTestFunkcionalnost5"]},{"Key":{"Id":"TestObject.Traits","Label":"Traits","Category":"","Description":"","Attributes":5,"ValueType":"System.Collections.Generic.KeyValuePair`2[[System.String],[System.String]][]"},"Value":[]},{"Key":{"Id":"MSTest.DynamicDataType","Label":"DynamicDataType","Category":"","Description":"","Attributes":1,"ValueType":"System.Int32"},"Value":2},{"Key":{"Id":"MSTest.DynamicData","Label":"DynamicData","Category":"","Description":"","Attributes":1,"ValueType":"System.String[]"},"Value":["System.String, System.Private.CoreLib, Version=5.0.0.0, Culture=neutral, PublicKeyToken=7cec85d7bea7798e","\"koliko\""]}]},"Attachments":[],"Outcome":1,"ErrorMessage":null,"ErrorStackTrace":null,"DisplayName":"TestProvjeraNeispravneSifreCSV (koliko)","Messages":[],"ComputerName":null,"Duration":"00:00:00.0000755","StartTime":"2022-12-11T17:28:55.6600387+01:00","EndTime":"2022-12-11T17:28:55.660248+01:00","Properties":[{"Key":{"Id":"ExecutionId","Label":"ExecutionId","Category":"","Description":"","Attributes":1,"ValueType":"System.Guid"},"Value":"00000000-0000-0000-0000-000000000000"},{"Key":{"Id":"ParentExecId","Label":"ParentExecId","Category":"","Description":"","Attributes":1,"ValueType":"System.Guid"},"Value":"00000000-0000-0000-0000-000000000000"},{"Key":{"Id":"InnerResultsCount","Label":"InnerResultsCount","Category":"","Description":"","Attributes":1,"ValueType":"System.Int32"},"Value":0}]}],"TestRunStatistics":{"ExecutedTests":9,"Stats":{"Passed":9}},"ActiveTests":[{"Id":"c7c5100f-eae9-a1e5-238a-1312fc1be9c7","FullyQualifiedName":"TestIzboriVVS.UnitTestFunkcionalnost5.TestProvjeraNeispravneSifreCSV","DisplayName":"TestProvjeraNeispravneSifreCSV (novasifra)","ExecutorUri":"executor://MSTestAdapter/v2","Source":"C:\\Users\\bobici\\Source\\Repos\\dina\\vvs-zad1\\TestIzboriVVS\\bin\\Debug\\net5.0\\fine-code-coverage\\build-output\\TestIzboriVVS.dll","CodeFilePath":null,"LineNumber":-1,"Properties":[{"Key":{"Id":"TestCase.ManagedType","Label":"ManagedType","Category":"","Description":"","Attributes":1,"ValueType":"System.String"},"Value":"TestIzboriVVS.UnitTestFunkcionalnost5"},{"Key":{"Id":"TestCase.ManagedMethod","Label":"ManagedMethod","Category":"","Description":"","Attributes":1,"ValueType":"System.String"},"Value":"TestProvjeraNeispravneSifreCSV(System.String)"},{"Key":{"Id":"MSTestDiscoverer.TestClassName","Label":"ClassName","Category":"","Description":"","Attributes":1,"ValueType":"System.String"},"Value":"TestIzboriVVS.UnitTestFunkcionalnost5"},{"Key":{"Id":"TestCase.Hierarchy","Label":"Hierarchy","Category":"","Description":"","Attributes":2,"ValueType":"System.String[]"},"Value":["TestIzboriVVS","UnitTestFunkcionalnost5"]},{"Key":{"Id":"TestObject.Traits","Label":"Traits","Category":"","Description":"","Attributes":5,"ValueType":"System.Collections.Generic.KeyValuePair`2[[System.String],[System.String]][]"},"Value":[]},{"Key":{"Id":"MSTest.DynamicDataType","Label":"DynamicDataType","Category":"","Description":"","Attributes":1,"ValueType":"System.Int32"},"Value":2},{"Key":{"Id":"MSTest.DynamicData","Label":"DynamicData","Category":"","Description":"","Attributes":1,"ValueType":"System.String[]"},"Value":["System.String, System.Private.CoreLib, Version=5.0.0.0, Culture=neutral, PublicKeyToken=7cec85d7bea7798e","\"novasifra\""]}]}]}}
TpTrace Verbose: 0 : 27824, 4, 2022/12/11, 17:28:55.684, 16698790497298, testhost.dll, TestRunCache: OnNewTestResult: Notified the onCacheHit callback.
TpTrace Verbose: 0 : 27824, 4, 2022/12/11, 17:28:55.685, 16698790509661, testhost.dll, MulticastDelegateUtilities.SafeInvoke: TestCaseEventsHandler.RaiseTestCaseStart: Invoking callback 1/1 for Microsoft.VisualStudio.TestPlatform.CrossPlatEngine.DataCollection.ProxyOutOfProcDataCollectionManager.TriggerTestCaseStart, took 1 ms.
TpTrace Information: 0 : 27824, 4, 2022/12/11, 17:28:55.685, 16698790510282, testhost.dll, MSTest - Executing test TestProvjeraNeispravneSifreCSV
TpTrace Information: 0 : 27824, 4, 2022/12/11, 17:28:55.686, 16698790512741, testhost.dll, MSTest - Executed test TestProvjeraNeispravneSifreCSV
TpTrace Verbose: 0 : 27824, 4, 2022/12/11, 17:28:55.686, 16698790513167, testhost.dll, TestExecutionRecorder.RecordEnd: test: TestIzboriVVS.UnitTestFunkcionalnost5.TestProvjeraNeispravneSifreCSV execution completed.
TpTrace Warning: 0 : 27824, 4, 2022/12/11, 17:28:55.686, 16698790513495, testhost.dll, TestRunCache: InProgressTests is null
TpTrace Verbose: 0 : 27824, 4, 2022/12/11, 17:28:55.687, 16698790524835, testhost.dll, MulticastDelegateUtilities.SafeInvoke: TestCaseEventsHandler.RaiseTestCaseEnd: Invoking callback 1/1 for Microsoft.VisualStudio.TestPlatform.CrossPlatEngine.DataCollection.ProxyOutOfProcDataCollectionManager.TriggerTestCaseEnd, took 1 ms.
TpTrace Verbose: 0 : 27824, 4, 2022/12/11, 17:28:55.687, 16698790525358, testhost.dll, TestExecutionRecorder.RecordResult: Received result for test: TestIzboriVVS.UnitTestFunkcionalnost5.TestProvjeraNeispravneSifreCSV.
TpTrace Verbose: 0 : 27824, 4, 2022/12/11, 17:28:55.687, 16698790525767, testhost.dll, MulticastDelegateUtilities.SafeInvoke: TestCaseEventsHandler.RaiseTestCaseEnd: Invoking callback 1/1 for Microsoft.VisualStudio.TestPlatform.CrossPlatEngine.DataCollection.ProxyOutOfProcDataCollectionManager.TriggerSendTestResult, took 0 ms.
TpTrace Warning: 0 : 27824, 4, 2022/12/11, 17:28:55.687, 16698790526083, testhost.dll, TestRunCache: InProgressTests is null
TpTrace Warning: 0 : 27824, 4, 2022/12/11, 17:28:55.687, 16698790526388, testhost.dll, TestRunCache: No test found corresponding to testResult 'TestProvjeraNeispravneSifreCSV (novasifra)' in inProgress list.
TpTrace Verbose: 0 : 27824, 4, 2022/12/11, 17:28:55.687, 16698790526878, testhost.dll, TestExecutionRecorder.RecordStart: Starting test: TestIzboriVVS.UnitTestFunkcionalnost5.TestProvjeraNeispravneSifreCSV.
TpTrace Verbose: 0 : 27824, 4, 2022/12/11, 17:28:55.688, 16698790536896, testhost.dll, MulticastDelegateUtilities.SafeInvoke: TestCaseEventsHandler.RaiseTestCaseStart: Invoking callback 1/1 for Microsoft.VisualStudio.TestPlatform.CrossPlatEngine.DataCollection.ProxyOutOfProcDataCollectionManager.TriggerTestCaseStart, took 0 ms.
TpTrace Information: 0 : 27824, 4, 2022/12/11, 17:28:55.688, 16698790537510, testhost.dll, MSTest - Executing test TestProvjeraNeispravneSifreCSV
TpTrace Information: 0 : 27824, 4, 2022/12/11, 17:28:55.688, 16698790539683, testhost.dll, MSTest - Executed test TestProvjeraNeispravneSifreCSV
TpTrace Verbose: 0 : 27824, 4, 2022/12/11, 17:28:55.688, 16698790540088, testhost.dll, TestExecutionRecorder.RecordEnd: test: TestIzboriVVS.UnitTestFunkcionalnost5.TestProvjeraNeispravneSifreCSV execution completed.
TpTrace Verbose: 0 : 27824, 4, 2022/12/11, 17:28:55.689, 16698790550874, testhost.dll, MulticastDelegateUtilities.SafeInvoke: TestCaseEventsHandler.RaiseTestCaseEnd: Invoking callback 1/1 for Microsoft.VisualStudio.TestPlatform.CrossPlatEngine.DataCollection.ProxyOutOfProcDataCollectionManager.TriggerTestCaseEnd, took 1 ms.
TpTrace Verbose: 0 : 27824, 4, 2022/12/11, 17:28:55.689, 16698790551359, testhost.dll, TestExecutionRecorder.RecordResult: Received result for test: TestIzboriVVS.UnitTestFunkcionalnost5.TestProvjeraNeispravneSifreCSV.
TpTrace Verbose: 0 : 27824, 4, 2022/12/11, 17:28:55.690, 16698790551872, testhost.dll, MulticastDelegateUtilities.SafeInvoke: TestCaseEventsHandler.RaiseTestCaseEnd: Invoking callback 1/1 for Microsoft.VisualStudio.TestPlatform.CrossPlatEngine.DataCollection.ProxyOutOfProcDataCollectionManager.TriggerSendTestResult, took 0 ms.
TpTrace Warning: 0 : 27824, 4, 2022/12/11, 17:28:55.690, 16698790552180, testhost.dll, TestRunCache: InProgressTests is null
TpTrace Warning: 0 : 27824, 4, 2022/12/11, 17:28:55.690, 16698790552427, testhost.dll, TestRunCache: No test found corresponding to testResult 'TestProvjeraNeispravneSifreCSV (2022)' in inProgress list.
TpTrace Verbose: 0 : 27824, 4, 2022/12/11, 17:28:55.690, 16698790552880, testhost.dll, TestExecutionRecorder.RecordStart: Starting test: TestIzboriVVS.UnitTestFunkcionalnost5.TestProvjeraNeispravneSifreCSV.
TpTrace Verbose: 0 : 27824, 4, 2022/12/11, 17:28:55.691, 16698790563338, testhost.dll, MulticastDelegateUtilities.SafeInvoke: TestCaseEventsHandler.RaiseTestCaseStart: Invoking callback 1/1 for Microsoft.VisualStudio.TestPlatform.CrossPlatEngine.DataCollection.ProxyOutOfProcDataCollectionManager.TriggerTestCaseStart, took 1 ms.
TpTrace Information: 0 : 27824, 4, 2022/12/11, 17:28:55.691, 16698790563859, testhost.dll, MSTest - Executing test TestProvjeraNeispravneSifreCSV
TpTrace Information: 0 : 27824, 4, 2022/12/11, 17:28:55.691, 16698790565924, testhost.dll, MSTest - Executed test TestProvjeraNeispravneSifreCSV
TpTrace Verbose: 0 : 27824, 4, 2022/12/11, 17:28:55.691, 16698790566405, testhost.dll, TestExecutionRecorder.RecordEnd: test: TestIzboriVVS.UnitTestFunkcionalnost5.TestProvjeraNeispravneSifreCSV execution completed.
TpTrace Verbose: 0 : 27824, 4, 2022/12/11, 17:28:55.692, 16698790576601, testhost.dll, MulticastDelegateUtilities.SafeInvoke: TestCaseEventsHandler.RaiseTestCaseEnd: Invoking callback 1/1 for Microsoft.VisualStudio.TestPlatform.CrossPlatEngine.DataCollection.ProxyOutOfProcDataCollectionManager.TriggerTestCaseEnd, took 0 ms.
TpTrace Verbose: 0 : 27824, 4, 2022/12/11, 17:28:55.692, 16698790577146, testhost.dll, TestExecutionRecorder.RecordResult: Received result for test: TestIzboriVVS.UnitTestFunkcionalnost5.TestProvjeraNeispravneSifreCSV.
TpTrace Verbose: 0 : 27824, 4, 2022/12/11, 17:28:55.692, 16698790577555, testhost.dll, MulticastDelegateUtilities.SafeInvoke: TestCaseEventsHandler.RaiseTestCaseEnd: Invoking callback 1/1 for Microsoft.VisualStudio.TestPlatform.CrossPlatEngine.DataCollection.ProxyOutOfProcDataCollectionManager.TriggerSendTestResult, took 0 ms.
TpTrace Warning: 0 : 27824, 4, 2022/12/11, 17:28:55.692, 16698790577869, testhost.dll, TestRunCache: InProgressTests is null
TpTrace Warning: 0 : 27824, 4, 2022/12/11, 17:28:55.692, 16698790578117, testhost.dll, TestRunCache: No test found corresponding to testResult 'TestProvjeraNeispravneSifreCSV (2032)' in inProgress list.
TpTrace Verbose: 0 : 27824, 4, 2022/12/11, 17:28:55.692, 16698790578611, testhost.dll, TestExecutionRecorder.RecordStart: Starting test: TestIzboriVVS.UnitTestFunkcionalnost5.TestProvjeraNeispravneSifreCSV.
TpTrace Verbose: 0 : 27824, 4, 2022/12/11, 17:28:55.693, 16698790588660, testhost.dll, MulticastDelegateUtilities.SafeInvoke: TestCaseEventsHandler.RaiseTestCaseStart: Invoking callback 1/1 for Microsoft.VisualStudio.TestPlatform.CrossPlatEngine.DataCollection.ProxyOutOfProcDataCollectionManager.TriggerTestCaseStart, took 0 ms.
TpTrace Information: 0 : 27824, 4, 2022/12/11, 17:28:55.693, 16698790589367, testhost.dll, MSTest - Executing test TestProvjeraNeispravneSifreCSV
TpTrace Information: 0 : 27824, 4, 2022/12/11, 17:28:55.694, 16698790592329, testhost.dll, MSTest - Executed test TestProvjeraNeispravneSifreCSV
TpTrace Verbose: 0 : 27824, 4, 2022/12/11, 17:28:55.694, 16698790592959, testhost.dll, TestExecutionRecorder.RecordEnd: test: TestIzboriVVS.UnitTestFunkcionalnost5.TestProvjeraNeispravneSifreCSV execution completed.
TpTrace Verbose: 0 : 27824, 4, 2022/12/11, 17:28:55.695, 16698790604233, testhost.dll, MulticastDelegateUtilities.SafeInvoke: TestCaseEventsHandler.RaiseTestCaseEnd: Invoking callback 1/1 for Microsoft.VisualStudio.TestPlatform.CrossPlatEngine.DataCollection.ProxyOutOfProcDataCollectionManager.TriggerTestCaseEnd, took 1 ms.
TpTrace Verbose: 0 : 27824, 4, 2022/12/11, 17:28:55.695, 16698790604748, testhost.dll, TestExecutionRecorder.RecordResult: Received result for test: TestIzboriVVS.UnitTestFunkcionalnost5.TestProvjeraNeispravneSifreCSV.
TpTrace Verbose: 0 : 27824, 4, 2022/12/11, 17:28:55.695, 16698790605164, testhost.dll, MulticastDelegateUtilities.SafeInvoke: TestCaseEventsHandler.RaiseTestCaseEnd: Invoking callback 1/1 for Microsoft.VisualStudio.TestPlatform.CrossPlatEngine.DataCollection.ProxyOutOfProcDataCollectionManager.TriggerSendTestResult, took 0 ms.
TpTrace Warning: 0 : 27824, 4, 2022/12/11, 17:28:55.695, 16698790605479, testhost.dll, TestRunCache: InProgressTests is null
TpTrace Warning: 0 : 27824, 4, 2022/12/11, 17:28:55.695, 16698790605780, testhost.dll, TestRunCache: No test found corresponding to testResult 'TestProvjeraNeispravneSifreCSV (vvs)' in inProgress list.
TpTrace Verbose: 0 : 27824, 4, 2022/12/11, 17:28:55.695, 16698790606316, testhost.dll, TestExecutionRecorder.RecordStart: Starting test: TestIzboriVVS.UnitTestFunkcionalnost5.TestRestartovanjGlasaCSV.
TpTrace Verbose: 0 : 27824, 4, 2022/12/11, 17:28:55.696, 16698790617088, testhost.dll, MulticastDelegateUtilities.SafeInvoke: TestCaseEventsHandler.RaiseTestCaseStart: Invoking callback 1/1 for Microsoft.VisualStudio.TestPlatform.CrossPlatEngine.DataCollection.ProxyOutOfProcDataCollectionManager.TriggerTestCaseStart, took 1 ms.
TpTrace Information: 0 : 27824, 4, 2022/12/11, 17:28:55.696, 16698790617596, testhost.dll, MSTest - Executing test TestRestartovanjGlasaCSV
TpTrace Information: 0 : 27824, 4, 2022/12/11, 17:28:55.697, 16698790630131, testhost.dll, AssemblyResolver.OnResolve: Microsoft.VisualStudio.TestPlatform.MSTest.TestAdapter.resources: Resolving assembly.
TpTrace Information: 0 : 27824, 4, 2022/12/11, 17:28:55.697, 16698790631108, testhost.dll, AssemblyResolver.OnResolve: Microsoft.VisualStudio.TestPlatform.MSTest.TestAdapter.resources: Searching in: 'C:\Users\bobici\Source\Repos\dina\vvs-zad1\TestIzboriVVS\bin\Debug\net5.0\fine-code-coverage\build-output'.
TpTrace Information: 0 : 27824, 4, 2022/12/11, 17:28:55.698, 16698790631795, testhost.dll, AssemblyResolver.OnResolve: Microsoft.VisualStudio.TestPlatform.MSTest.TestAdapter.resources: Assembly path does not exist: 'C:\Users\bobici\Source\Repos\dina\vvs-zad1\TestIzboriVVS\bin\Debug\net5.0\fine-code-coverage\build-output\Microsoft.VisualStudio.TestPlatform.MSTest.TestAdapter.resources.dll', returning.
TpTrace Information: 0 : 27824, 4, 2022/12/11, 17:28:55.698, 16698790632491, testhost.dll, AssemblyResolver.OnResolve: Microsoft.VisualStudio.TestPlatform.MSTest.TestAdapter.resources: Assembly path does not exist: 'C:\Users\bobici\Source\Repos\dina\vvs-zad1\TestIzboriVVS\bin\Debug\net5.0\fine-code-coverage\build-output\Microsoft.VisualStudio.TestPlatform.MSTest.TestAdapter.resources.exe', returning.
TpTrace Information: 0 : 27824, 4, 2022/12/11, 17:28:55.698, 16698790632781, testhost.dll, AssemblyResolver.OnResolve: Microsoft.VisualStudio.TestPlatform.MSTest.TestAdapter.resources: Failed to load assembly.
TpTrace Information: 0 : 27824, 4, 2022/12/11, 17:28:55.710, 16698790756695, testhost.dll, MSTest - Executed test TestRestartovanjGlasaCSV
TpTrace Verbose: 0 : 27824, 4, 2022/12/11, 17:28:55.710, 16698790757709, testhost.dll, TestExecutionRecorder.RecordEnd: test: TestIzboriVVS.UnitTestFunkcionalnost5.TestRestartovanjGlasaCSV execution completed.
TpTrace Verbose: 0 : 27824, 4, 2022/12/11, 17:28:55.711, 16698790771347, testhost.dll, MulticastDelegateUtilities.SafeInvoke: TestCaseEventsHandler.RaiseTestCaseEnd: Invoking callback 1/1 for Microsoft.VisualStudio.TestPlatform.CrossPlatEngine.DataCollection.ProxyOutOfProcDataCollectionManager.TriggerTestCaseEnd, took 1 ms.
TpTrace Information: 0 : 27824, 4, 2022/12/11, 17:28:55.712, 16698790772034, testhost.dll, MSTest - MSTestExecutor:Test TestIzboriVVS.UnitTestFunkcionalnost5.TestRestartovanjGlasaCSV failed. ErrorMessage:Test method TestIzboriVVS.UnitTestFunkcionalnost5.TestRestartovanjGlasaCSV threw exception: 
System.ArgumentException: Object of type 'System.String' cannot be converted to type 'System.Int32'., ErrorStackTrace:    at System.RuntimeType.TryChangeType(Object value, Binder binder, CultureInfo culture, Boolean needsSpecialCast)
   at System.RuntimeType.CheckValue(Object value, Binder binder, CultureInfo culture, BindingFlags invokeAttr)
   at System.Reflection.MethodBase.CheckArguments(Object[] parameters, Binder binder, BindingFlags invokeAttr, CultureInfo culture, Signature sig)
   at System.Reflection.RuntimeMethodInfo.InvokeArgumentsCheck(Object obj, BindingFlags invokeAttr, Binder binder, Object[] parameters, CultureInfo culture)
   at System.Reflection.RuntimeMethodInfo.Invoke(Object obj, BindingFlags invokeAttr, Binder binder, Object[] parameters, CultureInfo culture)
   at System.Reflection.MethodBase.Invoke(Object obj, Object[] parameters)
   at Microsoft.VisualStudio.TestPlatform.MSTestAdapter.PlatformServices.ThreadOperations.ExecuteWithAbortSafety(Action action)
.
TpTrace Verbose: 0 : 27824, 4, 2022/12/11, 17:28:55.712, 16698790772468, testhost.dll, TestExecutionRecorder.RecordResult: Received result for test: TestIzboriVVS.UnitTestFunkcionalnost5.TestRestartovanjGlasaCSV.
TpTrace Verbose: 0 : 27824, 4, 2022/12/11, 17:28:55.712, 16698790773015, testhost.dll, MulticastDelegateUtilities.SafeInvoke: TestCaseEventsHandler.RaiseTestCaseEnd: Invoking callback 1/1 for Microsoft.VisualStudio.TestPlatform.CrossPlatEngine.DataCollection.ProxyOutOfProcDataCollectionManager.TriggerSendTestResult, took 0 ms.
TpTrace Warning: 0 : 27824, 4, 2022/12/11, 17:28:55.712, 16698790773371, testhost.dll, TestRunCache: InProgressTests is null
TpTrace Warning: 0 : 27824, 4, 2022/12/11, 17:28:55.712, 16698790773638, testhost.dll, TestRunCache: No test found corresponding to testResult 'TestRestartovanjGlasaCSV (5,6,1 3)' in inProgress list.
TpTrace Verbose: 0 : 27824, 4, 2022/12/11, 17:28:55.712, 16698790774193, testhost.dll, TestExecutionRecorder.RecordStart: Starting test: TestIzboriVVS.UnitTestFunkcionalnost5.TestRestartovanjGlasaCSV.
TpTrace Verbose: 0 : 27824, 4, 2022/12/11, 17:28:55.713, 16698790784653, testhost.dll, MulticastDelegateUtilities.SafeInvoke: TestCaseEventsHandler.RaiseTestCaseStart: Invoking callback 1/1 for Microsoft.VisualStudio.TestPlatform.CrossPlatEngine.DataCollection.ProxyOutOfProcDataCollectionManager.TriggerTestCaseStart, took 1 ms.
TpTrace Information: 0 : 27824, 4, 2022/12/11, 17:28:55.713, 16698790785169, testhost.dll, MSTest - Executing test TestRestartovanjGlasaCSV
TpTrace Information: 0 : 27824, 4, 2022/12/11, 17:28:55.713, 16698790789374, testhost.dll, MSTest - Executed test TestRestartovanjGlasaCSV
TpTrace Verbose: 0 : 27824, 4, 2022/12/11, 17:28:55.713, 16698790789843, testhost.dll, TestExecutionRecorder.RecordEnd: test: TestIzboriVVS.UnitTestFunkcionalnost5.TestRestartovanjGlasaCSV execution completed.
TpTrace Verbose: 0 : 27824, 4, 2022/12/11, 17:28:55.714, 16698790801368, testhost.dll, MulticastDelegateUtilities.SafeInvoke: TestCaseEventsHandler.RaiseTestCaseEnd: Invoking callback 1/1 for Microsoft.VisualStudio.TestPlatform.CrossPlatEngine.DataCollection.ProxyOutOfProcDataCollectionManager.TriggerTestCaseEnd, took 1 ms.
TpTrace Information: 0 : 27824, 4, 2022/12/11, 17:28:55.715, 16698790801934, testhost.dll, MSTest - MSTestExecutor:Test TestIzboriVVS.UnitTestFunkcionalnost5.TestRestartovanjGlasaCSV failed. ErrorMessage:Test method TestIzboriVVS.UnitTestFunkcionalnost5.TestRestartovanjGlasaCSV threw exception: 
System.ArgumentException: Object of type 'System.String' cannot be converted to type 'System.Int32'., ErrorStackTrace:    at System.RuntimeType.TryChangeType(Object value, Binder binder, CultureInfo culture, Boolean needsSpecialCast)
   at System.RuntimeType.CheckValue(Object value, Binder binder, CultureInfo culture, BindingFlags invokeAttr)
   at System.Reflection.MethodBase.CheckArguments(Object[] parameters, Binder binder, BindingFlags invokeAttr, CultureInfo culture, Signature sig)
   at System.Reflection.RuntimeMethodInfo.InvokeArgumentsCheck(Object obj, BindingFlags invokeAttr, Binder binder, Object[] parameters, CultureInfo culture)
   at System.Reflection.RuntimeMethodInfo.Invoke(Object obj, BindingFlags invokeAttr, Binder binder, Object[] parameters, CultureInfo culture)
   at System.Reflection.MethodBase.Invoke(Object obj, Object[] parameters)
   at Microsoft.VisualStudio.TestPlatform.MSTestAdapter.PlatformServices.ThreadOperations.ExecuteWithAbortSafety(Action action)
.
TpTrace Verbose: 0 : 27824, 4, 2022/12/11, 17:28:55.715, 16698790802307, testhost.dll, TestExecutionRecorder.RecordResult: Received result for test: TestIzboriVVS.UnitTestFunkcionalnost5.TestRestartovanjGlasaCSV.
TpTrace Verbose: 0 : 27824, 4, 2022/12/11, 17:28:55.715, 16698790802720, testhost.dll, MulticastDelegateUtilities.SafeInvoke: TestCaseEventsHandler.RaiseTestCaseEnd: Invoking callback 1/1 for Microsoft.VisualStudio.TestPlatform.CrossPlatEngine.DataCollection.ProxyOutOfProcDataCollectionManager.TriggerSendTestResult, took 0 ms.
TpTrace Warning: 0 : 27824, 4, 2022/12/11, 17:28:55.715, 16698790803094, testhost.dll, TestRunCache: InProgressTests is null
TpTrace Warning: 0 : 27824, 4, 2022/12/11, 17:28:55.715, 16698790803391, testhost.dll, TestRunCache: No test found corresponding to testResult 'TestRestartovanjGlasaCSV (2,3,2 3)' in inProgress list.
TpTrace Verbose: 0 : 27824, 4, 2022/12/11, 17:28:55.715, 16698790803908, testhost.dll, TestExecutionRecorder.RecordStart: Starting test: TestIzboriVVS.UnitTestFunkcionalnost5.TestRestartovanjGlasaCSV.
TpTrace Verbose: 0 : 27824, 4, 2022/12/11, 17:28:55.716, 16698790813720, testhost.dll, MulticastDelegateUtilities.SafeInvoke: TestCaseEventsHandler.RaiseTestCaseStart: Invoking callback 1/1 for Microsoft.VisualStudio.TestPlatform.CrossPlatEngine.DataCollection.ProxyOutOfProcDataCollectionManager.TriggerTestCaseStart, took 0 ms.
TpTrace Information: 0 : 27824, 4, 2022/12/11, 17:28:55.716, 16698790814201, testhost.dll, MSTest - Executing test TestRestartovanjGlasaCSV
TpTrace Information: 0 : 27824, 4, 2022/12/11, 17:28:55.716, 16698790817858, testhost.dll, MSTest - Executed test TestRestartovanjGlasaCSV
TpTrace Verbose: 0 : 27824, 4, 2022/12/11, 17:28:55.716, 16698790818310, testhost.dll, TestExecutionRecorder.RecordEnd: test: TestIzboriVVS.UnitTestFunkcionalnost5.TestRestartovanjGlasaCSV execution completed.
TpTrace Verbose: 0 : 27824, 4, 2022/12/11, 17:28:55.717, 16698790828761, testhost.dll, MulticastDelegateUtilities.SafeInvoke: TestCaseEventsHandler.RaiseTestCaseEnd: Invoking callback 1/1 for Microsoft.VisualStudio.TestPlatform.CrossPlatEngine.DataCollection.ProxyOutOfProcDataCollectionManager.TriggerTestCaseEnd, took 1 ms.
TpTrace Information: 0 : 27824, 4, 2022/12/11, 17:28:55.717, 16698790829261, testhost.dll, MSTest - MSTestExecutor:Test TestIzboriVVS.UnitTestFunkcionalnost5.TestRestartovanjGlasaCSV failed. ErrorMessage:Test method TestIzboriVVS.UnitTestFunkcionalnost5.TestRestartovanjGlasaCSV threw exception: 
System.ArgumentException: Object of type 'System.String' cannot be converted to type 'System.Int32'., ErrorStackTrace:    at System.RuntimeType.TryChangeType(Object value, Binder binder, CultureInfo culture, Boolean needsSpecialCast)
   at System.RuntimeType.CheckValue(Object value, Binder binder, CultureInfo culture, BindingFlags invokeAttr)
   at System.Reflection.MethodBase.CheckArguments(Object[] parameters, Binder binder, BindingFlags invokeAttr, CultureInfo culture, Signature sig)
   at System.Reflection.RuntimeMethodInfo.InvokeArgumentsCheck(Object obj, BindingFlags invokeAttr, Binder binder, Object[] parameters, CultureInfo culture)
   at System.Reflection.RuntimeMethodInfo.Invoke(Object obj, BindingFlags invokeAttr, Binder binder, Object[] parameters, CultureInfo culture)
   at System.Reflection.MethodBase.Invoke(Object obj, Object[] parameters)
   at Microsoft.VisualStudio.TestPlatform.MSTestAdapter.PlatformServices.ThreadOperations.ExecuteWithAbortSafety(Action action)
.
TpTrace Verbose: 0 : 27824, 4, 2022/12/11, 17:28:55.717, 16698790829636, testhost.dll, TestExecutionRecorder.RecordResult: Received result for test: TestIzboriVVS.UnitTestFunkcionalnost5.TestRestartovanjGlasaCSV.
TpTrace Verbose: 0 : 27824, 4, 2022/12/11, 17:28:55.717, 16698790830020, testhost.dll, MulticastDelegateUtilities.SafeInvoke: TestCaseEventsHandler.RaiseTestCaseEnd: Invoking callback 1/1 for Microsoft.VisualStudio.TestPlatform.CrossPlatEngine.DataCollection.ProxyOutOfProcDataCollectionManager.TriggerSendTestResult, took 0 ms.
TpTrace Warning: 0 : 27824, 4, 2022/12/11, 17:28:55.717, 16698790830350, testhost.dll, TestRunCache: InProgressTests is null
TpTrace Warning: 0 : 27824, 4, 2022/12/11, 17:28:55.717, 16698790830615, testhost.dll, TestRunCache: No test found corresponding to testResult 'TestRestartovanjGlasaCSV (3,1,1 2)' in inProgress list.
TpTrace Verbose: 0 : 27824, 4, 2022/12/11, 17:28:55.717, 16698790831092, testhost.dll, TestExecutionRecorder.RecordStart: Starting test: TestIzboriVVS.UnitTestFunkcionalnost5.TestRestartovanjGlasaCSV.
TpTrace Verbose: 0 : 27824, 4, 2022/12/11, 17:28:55.718, 16698790840574, testhost.dll, MulticastDelegateUtilities.SafeInvoke: TestCaseEventsHandler.RaiseTestCaseStart: Invoking callback 1/1 for Microsoft.VisualStudio.TestPlatform.CrossPlatEngine.DataCollection.ProxyOutOfProcDataCollectionManager.TriggerTestCaseStart, took 0 ms.
TpTrace Information: 0 : 27824, 4, 2022/12/11, 17:28:55.718, 16698790841065, testhost.dll, MSTest - Executing test TestRestartovanjGlasaCSV
TpTrace Information: 0 : 27824, 4, 2022/12/11, 17:28:55.719, 16698790846459, testhost.dll, MSTest - Executed test TestRestartovanjGlasaCSV
TpTrace Verbose: 0 : 27824, 4, 2022/12/11, 17:28:55.719, 16698790846961, testhost.dll, TestExecutionRecorder.RecordEnd: test: TestIzboriVVS.UnitTestFunkcionalnost5.TestRestartovanjGlasaCSV execution completed.
TpTrace Verbose: 0 : 27824, 4, 2022/12/11, 17:28:55.720, 16698790857564, testhost.dll, MulticastDelegateUtilities.SafeInvoke: TestCaseEventsHandler.RaiseTestCaseEnd: Invoking callback 1/1 for Microsoft.VisualStudio.TestPlatform.CrossPlatEngine.DataCollection.ProxyOutOfProcDataCollectionManager.TriggerTestCaseEnd, took 1 ms.
TpTrace Information: 0 : 27824, 4, 2022/12/11, 17:28:55.720, 16698790858084, testhost.dll, MSTest - MSTestExecutor:Test TestIzboriVVS.UnitTestFunkcionalnost5.TestRestartovanjGlasaCSV failed. ErrorMessage:Test method TestIzboriVVS.UnitTestFunkcionalnost5.TestRestartovanjGlasaCSV threw exception: 
System.ArgumentException: Object of type 'System.String' cannot be converted to type 'System.Int32'., ErrorStackTrace:    at System.RuntimeType.TryChangeType(Object value, Binder binder, CultureInfo culture, Boolean needsSpecialCast)
   at System.RuntimeType.CheckValue(Object value, Binder binder, CultureInfo culture, BindingFlags invokeAttr)
   at System.Reflection.MethodBase.CheckArguments(Object[] parameters, Binder binder, BindingFlags invokeAttr, CultureInfo culture, Signature sig)
   at System.Reflection.RuntimeMethodInfo.InvokeArgumentsCheck(Object obj, BindingFlags invokeAttr, Binder binder, Object[] parameters, CultureInfo culture)
   at System.Reflection.RuntimeMethodInfo.Invoke(Object obj, BindingFlags invokeAttr, Binder binder, Object[] parameters, CultureInfo culture)
   at System.Reflection.MethodBase.Invoke(Object obj, Object[] parameters)
   at Microsoft.VisualStudio.TestPlatform.MSTestAdapter.PlatformServices.ThreadOperations.ExecuteWithAbortSafety(Action action)
.
TpTrace Verbose: 0 : 27824, 4, 2022/12/11, 17:28:55.720, 16698790858455, testhost.dll, TestExecutionRecorder.RecordResult: Received result for test: TestIzboriVVS.UnitTestFunkcionalnost5.TestRestartovanjGlasaCSV.
TpTrace Verbose: 0 : 27824, 4, 2022/12/11, 17:28:55.720, 16698790858856, testhost.dll, MulticastDelegateUtilities.SafeInvoke: TestCaseEventsHandler.RaiseTestCaseEnd: Invoking callback 1/1 for Microsoft.VisualStudio.TestPlatform.CrossPlatEngine.DataCollection.ProxyOutOfProcDataCollectionManager.TriggerSendTestResult, took 0 ms.
TpTrace Warning: 0 : 27824, 4, 2022/12/11, 17:28:55.720, 16698790859190, testhost.dll, TestRunCache: InProgressTests is null
TpTrace Warning: 0 : 27824, 4, 2022/12/11, 17:28:55.720, 16698790859452, testhost.dll, TestRunCache: No test found corresponding to testResult 'TestRestartovanjGlasaCSV (1,2,1 3)' in inProgress list.
TpTrace Verbose: 0 : 27824, 4, 2022/12/11, 17:28:55.720, 16698790859938, testhost.dll, TestExecutionRecorder.RecordStart: Starting test: TestnaKlasa.UnitTest1.TestDaLiSeGlasaloZaKandidata.
TpTrace Verbose: 0 : 27824, 4, 2022/12/11, 17:28:55.721, 16698790868423, testhost.dll, MulticastDelegateUtilities.SafeInvoke: TestCaseEventsHandler.RaiseTestCaseStart: Invoking callback 1/1 for Microsoft.VisualStudio.TestPlatform.CrossPlatEngine.DataCollection.ProxyOutOfProcDataCollectionManager.TriggerTestCaseStart, took 0 ms.
TpTrace Information: 0 : 27824, 4, 2022/12/11, 17:28:55.721, 16698790868879, testhost.dll, MSTest - Executing test TestDaLiSeGlasaloZaKandidata
TpTrace Information: 0 : 27824, 4, 2022/12/11, 17:28:55.722, 16698790873603, testhost.dll, MSTest - Executed test TestDaLiSeGlasaloZaKandidata
TpTrace Verbose: 0 : 27824, 4, 2022/12/11, 17:28:55.722, 16698790874168, testhost.dll, TestExecutionRecorder.RecordEnd: test: TestnaKlasa.UnitTest1.TestDaLiSeGlasaloZaKandidata execution completed.
TpTrace Verbose: 0 : 27824, 4, 2022/12/11, 17:28:55.723, 16698790883599, testhost.dll, MulticastDelegateUtilities.SafeInvoke: TestCaseEventsHandler.RaiseTestCaseEnd: Invoking callback 1/1 for Microsoft.VisualStudio.TestPlatform.CrossPlatEngine.DataCollection.ProxyOutOfProcDataCollectionManager.TriggerTestCaseEnd, took 0 ms.
TpTrace Verbose: 0 : 27824, 4, 2022/12/11, 17:28:55.723, 16698790884099, testhost.dll, TestExecutionRecorder.RecordResult: Received result for test: TestnaKlasa.UnitTest1.TestDaLiSeGlasaloZaKandidata.
TpTrace Verbose: 0 : 27824, 4, 2022/12/11, 17:28:55.723, 16698790884507, testhost.dll, MulticastDelegateUtilities.SafeInvoke: TestCaseEventsHandler.RaiseTestCaseEnd: Invoking callback 1/1 for Microsoft.VisualStudio.TestPlatform.CrossPlatEngine.DataCollection.ProxyOutOfProcDataCollectionManager.TriggerSendTestResult, took 0 ms.
TpTrace Warning: 0 : 27824, 4, 2022/12/11, 17:28:55.723, 16698790884845, testhost.dll, TestRunCache: InProgressTests is null
TpTrace Warning: 0 : 27824, 4, 2022/12/11, 17:28:55.723, 16698790885115, testhost.dll, TestRunCache: No test found corresponding to testResult 'TestDaLiSeGlasaloZaKandidata' in inProgress list.
TpTrace Information: 0 : 27824, 4, 2022/12/11, 17:28:55.723, 16698790886694, testhost.dll, MSTest - Executing cleanup methods.
TpTrace Information: 0 : 27824, 4, 2022/12/11, 17:28:55.724, 16698790897831, testhost.dll, MSTest - Executed cleanup methods.
TpTrace Information: 0 : 27824, 4, 2022/12/11, 17:28:55.724, 16698790898403, testhost.dll, MSTest - Executed tests belonging to source C:\Users\bobici\Source\Repos\dina\vvs-zad1\TestIzboriVVS\bin\Debug\net5.0\fine-code-coverage\build-output\TestIzboriVVS.dll
TpTrace Verbose: 0 : 27824, 4, 2022/12/11, 17:28:55.724, 16698790901074, testhost.dll, BaseRunTests.RunTestInternalWithExecutors: Completed running tests for executor://MSTestAdapter/v2
TpTrace Verbose: 0 : 27824, 4, 2022/12/11, 17:28:55.725, 16698790909948, testhost.dll, MulticastDelegateUtilities.SafeInvoke: TestCaseEventsHandler.RaiseSessionEnd: Invoking callback 1/1 for Microsoft.VisualStudio.TestPlatform.CrossPlatEngine.DataCollection.ProxyOutOfProcDataCollectionManager.TriggerTestSessionEnd, took 0 ms.
TpTrace Information: 0 : 27824, 4, 2022/12/11, 17:28:55.727, 16698790930865, testhost.dll, Sending test run complete
TpTrace Verbose: 0 : 27824, 4, 2022/12/11, 17:28:55.736, 16698791015311, testhost.dll, TestRequestHandler.SendData: sending data from testhost: {"Version":7,"MessageType":"TestExecution.Completed","Payload":{"TestRunCompleteArgs":{"TestRunStatistics":{"ExecutedTests":18,"Stats":{"Passed":14,"Failed":4}},"IsCanceled":false,"IsAborted":false,"Error":null,"AttachmentSets":[],"InvokedDataCollectors":[],"ElapsedTimeInRunningTests":"00:00:00.3593828","Metrics":{},"DiscoveredExtensions":{"TestDiscoverers":["Microsoft.VisualStudio.TestPlatform.MSTest.TestAdapter.MSTestDiscoverer, Microsoft.VisualStudio.TestPlatform.MSTest.TestAdapter, Version=14.0.0.0, Culture=neutral, PublicKeyToken=b03f5f7f11d50a3a"],"TestExecutors":["executor://MSTestAdapter/v2"],"TestExecutors2":[],"TestSettingsProviders":[]}},"LastRunTests":{"NewTestResults":[{"TestCase":{"Id":"c7c5100f-eae9-a1e5-238a-1312fc1be9c7","FullyQualifiedName":"TestIzboriVVS.UnitTestFunkcionalnost5.TestProvjeraNeispravneSifreCSV","DisplayName":"TestProvjeraNeispravneSifreCSV (novasifra)","ExecutorUri":"executor://MSTestAdapter/v2","Source":"C:\\Users\\bobici\\Source\\Repos\\dina\\vvs-zad1\\TestIzboriVVS\\bin\\Debug\\net5.0\\fine-code-coverage\\build-output\\TestIzboriVVS.dll","CodeFilePath":null,"LineNumber":-1,"Properties":[{"Key":{"Id":"TestCase.ManagedType","Label":"ManagedType","Category":"","Description":"","Attributes":1,"ValueType":"System.String"},"Value":"TestIzboriVVS.UnitTestFunkcionalnost5"},{"Key":{"Id":"TestCase.ManagedMethod","Label":"ManagedMethod","Category":"","Description":"","Attributes":1,"ValueType":"System.String"},"Value":"TestProvjeraNeispravneSifreCSV(System.String)"},{"Key":{"Id":"MSTestDiscoverer.TestClassName","Label":"ClassName","Category":"","Description":"","Attributes":1,"ValueType":"System.String"},"Value":"TestIzboriVVS.UnitTestFunkcionalnost5"},{"Key":{"Id":"TestCase.Hierarchy","Label":"Hierarchy","Category":"","Description":"","Attributes":2,"ValueType":"System.String[]"},"Value":["TestIzboriVVS","UnitTestFunkcionalnost5"]},{"Key":{"Id":"TestObject.Traits","Label":"Traits","Category":"","Description":"","Attributes":5,"ValueType":"System.Collections.Generic.KeyValuePair`2[[System.String],[System.String]][]"},"Value":[]},{"Key":{"Id":"MSTest.DynamicDataType","Label":"DynamicDataType","Category":"","Description":"","Attributes":1,"ValueType":"System.Int32"},"Value":2},{"Key":{"Id":"MSTest.DynamicData","Label":"DynamicData","Category":"","Description":"","Attributes":1,"ValueType":"System.String[]"},"Value":["System.String, System.Private.CoreLib, Version=5.0.0.0, Culture=neutral, PublicKeyToken=7cec85d7bea7798e","\"novasifra\""]}]},"Attachments":[],"Outcome":1,"ErrorMessage":null,"ErrorStackTrace":null,"DisplayName":"TestProvjeraNeispravneSifreCSV (novasifra)","Messages":[],"ComputerName":null,"Duration":"00:00:00.0000859","StartTime":"2022-12-11T17:28:55.6858617+01:00","EndTime":"2022-12-11T17:28:55.6861473+01:00","Properties":[{"Key":{"Id":"ExecutionId","Label":"ExecutionId","Category":"","Description":"","Attributes":1,"ValueType":"System.Guid"},"Value":"00000000-0000-0000-0000-000000000000"},{"Key":{"Id":"ParentExecId","Label":"ParentExecId","Category":"","Description":"","Attributes":1,"ValueType":"System.Guid"},"Value":"00000000-0000-0000-0000-000000000000"},{"Key":{"Id":"InnerResultsCount","Label":"InnerResultsCount","Category":"","Description":"","Attributes":1,"ValueType":"System.Int32"},"Value":0}]},{"TestCase":{"Id":"ee4370a6-dd70-dd02-a71b-3ad7714f6932","FullyQualifiedName":"TestIzboriVVS.UnitTestFunkcionalnost5.TestProvjeraNeispravneSifreCSV","DisplayName":"TestProvjeraNeispravneSifreCSV (2022)","ExecutorUri":"executor://MSTestAdapter/v2","Source":"C:\\Users\\bobici\\Source\\Repos\\dina\\vvs-zad1\\TestIzboriVVS\\bin\\Debug\\net5.0\\fine-code-coverage\\build-output\\TestIzboriVVS.dll","CodeFilePath":null,"LineNumber":-1,"Properties":[{"Key":{"Id":"TestCase.ManagedType","Label":"ManagedType","Category":"","Description":"","Attributes":1,"ValueType":"System.String"},"Value":"TestIzboriVVS.UnitTestFunkcionalnost5"},{"Key":{"Id":"TestCase.ManagedMethod","Label":"ManagedMethod","Category":"","Description":"","Attributes":1,"ValueType":"System.String"},"Value":"TestProvjeraNeispravneSifreCSV(System.String)"},{"Key":{"Id":"MSTestDiscoverer.TestClassName","Label":"ClassName","Category":"","Description":"","Attributes":1,"ValueType":"System.String"},"Value":"TestIzboriVVS.UnitTestFunkcionalnost5"},{"Key":{"Id":"TestCase.Hierarchy","Label":"Hierarchy","Category":"","Description":"","Attributes":2,"ValueType":"System.String[]"},"Value":["TestIzboriVVS","UnitTestFunkcionalnost5"]},{"Key":{"Id":"TestObject.Traits","Label":"Traits","Category":"","Description":"","Attributes":5,"ValueType":"System.Collections.Generic.KeyValuePair`2[[System.String],[System.String]][]"},"Value":[]},{"Key":{"Id":"MSTest.DynamicDataType","Label":"DynamicDataType","Category":"","Description":"","Attributes":1,"ValueType":"System.Int32"},"Value":2},{"Key":{"Id":"MSTest.DynamicData","Label":"DynamicData","Category":"","Description":"","Attributes":1,"ValueType":"System.String[]"},"Value":["System.String, System.Private.CoreLib, Version=5.0.0.0, Culture=neutral, PublicKeyToken=7cec85d7bea7798e","\"2022\""]}]},"Attachments":[],"Outcome":1,"ErrorMessage":null,"ErrorStackTrace":null,"DisplayName":"TestProvjeraNeispravneSifreCSV (2022)","Messages":[],"ComputerName":null,"Duration":"00:00:00.0000768","StartTime":"2022-12-11T17:28:55.6885859+01:00","EndTime":"2022-12-11T17:28:55.6888401+01:00","Properties":[{"Key":{"Id":"ExecutionId","Label":"ExecutionId","Category":"","Description":"","Attributes":1,"ValueType":"System.Guid"},"Value":"00000000-0000-0000-0000-000000000000"},{"Key":{"Id":"ParentExecId","Label":"ParentExecId","Category":"","Description":"","Attributes":1,"ValueType":"System.Guid"},"Value":"00000000-0000-0000-0000-000000000000"},{"Key":{"Id":"InnerResultsCount","Label":"InnerResultsCount","Category":"","Description":"","Attributes":1,"ValueType":"System.Int32"},"Value":0}]},{"TestCase":{"Id":"0e888671-f061-8ccc-6d27-c32e7837ae1b","FullyQualifiedName":"TestIzboriVVS.UnitTestFunkcionalnost5.TestProvjeraNeispravneSifreCSV","DisplayName":"TestProvjeraNeispravneSifreCSV (2032)","ExecutorUri":"executor://MSTestAdapter/v2","Source":"C:\\Users\\bobici\\Source\\Repos\\dina\\vvs-zad1\\TestIzboriVVS\\bin\\Debug\\net5.0\\fine-code-coverage\\build-output\\TestIzboriVVS.dll","CodeFilePath":null,"LineNumber":-1,"Properties":[{"Key":{"Id":"TestCase.ManagedType","Label":"ManagedType","Category":"","Description":"","Attributes":1,"ValueType":"System.String"},"Value":"TestIzboriVVS.UnitTestFunkcionalnost5"},{"Key":{"Id":"TestCase.ManagedMethod","Label":"ManagedMethod","Category":"","Description":"","Attributes":1,"ValueType":"System.String"},"Value":"TestProvjeraNeispravneSifreCSV(System.String)"},{"Key":{"Id":"MSTestDiscoverer.TestClassName","Label":"ClassName","Category":"","Description":"","Attributes":1,"ValueType":"System.String"},"Value":"TestIzboriVVS.UnitTestFunkcionalnost5"},{"Key":{"Id":"TestCase.Hierarchy","Label":"Hierarchy","Category":"","Description":"","Attributes":2,"ValueType":"System.String[]"},"Value":["TestIzboriVVS","UnitTestFunkcionalnost5"]},{"Key":{"Id":"TestObject.Traits","Label":"Traits","Category":"","Description":"","Attributes":5,"ValueType":"System.Collections.Generic.KeyValuePair`2[[System.String],[System.String]][]"},"Value":[]},{"Key":{"Id":"MSTest.DynamicDataType","Label":"DynamicDataType","Category":"","Description":"","Attributes":1,"ValueType":"System.Int32"},"Value":2},{"Key":{"Id":"MSTest.DynamicData","Label":"DynamicData","Category":"","Description":"","Attributes":1,"ValueType":"System.String[]"},"Value":["System.String, System.Private.CoreLib, Version=5.0.0.0, Culture=neutral, PublicKeyToken=7cec85d7bea7798e","\"2032\""]}]},"Attachments":[],"Outcome":1,"ErrorMessage":null,"ErrorStackTrace":null,"DisplayName":"TestProvjeraNeispravneSifreCSV (2032)","Messages":[],"ComputerName":null,"Duration":"00:00:00.0000691","StartTime":"2022-12-11T17:28:55.691221+01:00","EndTime":"2022-12-11T17:28:55.691472+01:00","Properties":[{"Key":{"Id":"ExecutionId","Label":"ExecutionId","Category":"","Description":"","Attributes":1,"ValueType":"System.Guid"},"Value":"00000000-0000-0000-0000-000000000000"},{"Key":{"Id":"ParentExecId","Label":"ParentExecId","Category":"","Description":"","Attributes":1,"ValueType":"System.Guid"},"Value":"00000000-0000-0000-0000-000000000000"},{"Key":{"Id":"InnerResultsCount","Label":"InnerResultsCount","Category":"","Description":"","Attributes":1,"ValueType":"System.Int32"},"Value":0}]},{"TestCase":{"Id":"86d49499-6f0a-2630-928a-38373e148a6f","FullyQualifiedName":"TestIzboriVVS.UnitTestFunkcionalnost5.TestProvjeraNeispravneSifreCSV","DisplayName":"TestProvjeraNeispravneSifreCSV (vvs)","ExecutorUri":"executor://MSTestAdapter/v2","Source":"C:\\Users\\bobici\\Source\\Repos\\dina\\vvs-zad1\\TestIzboriVVS\\bin\\Debug\\net5.0\\fine-code-coverage\\build-output\\TestIzboriVVS.dll","CodeFilePath":null,"LineNumber":-1,"Properties":[{"Key":{"Id":"TestCase.ManagedType","Label":"ManagedType","Category":"","Description":"","Attributes":1,"ValueType":"System.String"},"Value":"TestIzboriVVS.UnitTestFunkcionalnost5"},{"Key":{"Id":"TestCase.ManagedMethod","Label":"ManagedMethod","Category":"","Description":"","Attributes":1,"ValueType":"System.String"},"Value":"TestProvjeraNeispravneSifreCSV(System.String)"},{"Key":{"Id":"MSTestDiscoverer.TestClassName","Label":"ClassName","Category":"","Description":"","Attributes":1,"ValueType":"System.String"},"Value":"TestIzboriVVS.UnitTestFunkcionalnost5"},{"Key":{"Id":"TestCase.Hierarchy","Label":"Hierarchy","Category":"","Description":"","Attributes":2,"ValueType":"System.String[]"},"Value":["TestIzboriVVS","UnitTestFunkcionalnost5"]},{"Key":{"Id":"TestObject.Traits","Label":"Traits","Category":"","Description":"","Attributes":5,"ValueType":"System.Collections.Generic.KeyValuePair`2[[System.String],[System.String]][]"},"Value":[]},{"Key":{"Id":"MSTest.DynamicDataType","Label":"DynamicDataType","Category":"","Description":"","Attributes":1,"ValueType":"System.Int32"},"Value":2},{"Key":{"Id":"MSTest.DynamicData","Label":"DynamicData","Category":"","Description":"","Attributes":1,"ValueType":"System.String[]"},"Value":["System.String, System.Private.CoreLib, Version=5.0.0.0, Culture=neutral, PublicKeyToken=7cec85d7bea7798e","\"vvs\""]}]},"Attachments":[],"Outcome":1,"ErrorMessage":null,"ErrorStackTrace":null,"DisplayName":"TestProvjeraNeispravneSifreCSV (vvs)","Messages":[],"ComputerName":null,"Duration":"00:00:00.0001039","StartTime":"2022-12-11T17:28:55.6937696+01:00","EndTime":"2022-12-11T17:28:55.6941258+01:00","Properties":[{"Key":{"Id":"ExecutionId","Label":"ExecutionId","Category":"","Description":"","Attributes":1,"ValueType":"System.Guid"},"Value":"00000000-0000-0000-0000-000000000000"},{"Key":{"Id":"ParentExecId","Label":"ParentExecId","Category":"","Description":"","Attributes":1,"ValueType":"System.Guid"},"Value":"00000000-0000-0000-0000-000000000000"},{"Key":{"Id":"InnerResultsCount","Label":"InnerResultsCount","Category":"","Description":"","Attributes":1,"ValueType":"System.Int32"},"Value":0}]},{"TestCase":{"Id":"e66b3f62-0e8b-1158-9601-4ec01e336298","FullyQualifiedName":"TestIzboriVVS.UnitTestFunkcionalnost5.TestRestartovanjGlasaCSV","DisplayName":"TestRestartovanjGlasaCSV (5,6,1 3)","ExecutorUri":"executor://MSTestAdapter/v2","Source":"C:\\Users\\bobici\\Source\\Repos\\dina\\vvs-zad1\\TestIzboriVVS\\bin\\Debug\\net5.0\\fine-code-coverage\\build-output\\TestIzboriVVS.dll","CodeFilePath":null,"LineNumber":-1,"Properties":[{"Key":{"Id":"TestCase.ManagedType","Label":"ManagedType","Category":"","Description":"","Attributes":1,"ValueType":"System.String"},"Value":"TestIzboriVVS.UnitTestFunkcionalnost5"},{"Key":{"Id":"TestCase.ManagedMethod","Label":"ManagedMethod","Category":"","Description":"","Attributes":1,"ValueType":"System.String"},"Value":"TestRestartovanjGlasaCSV(System.Int32,System.Int32,System.Collections.Generic.List`1<System.Int32>)"},{"Key":{"Id":"MSTestDiscoverer.TestClassName","Label":"ClassName","Category":"","Description":"","Attributes":1,"ValueType":"System.String"},"Value":"TestIzboriVVS.UnitTestFunkcionalnost5"},{"Key":{"Id":"TestCase.Hierarchy","Label":"Hierarchy","Category":"","Description":"","Attributes":2,"ValueType":"System.String[]"},"Value":["TestIzboriVVS","UnitTestFunkcionalnost5"]},{"Key":{"Id":"TestObject.Traits","Label":"Traits","Category":"","Description":"","Attributes":5,"ValueType":"System.Collections.Generic.KeyValuePair`2[[System.String],[System.String]][]"},"Value":[]},{"Key":{"Id":"MSTest.DynamicDataType","Label":"DynamicDataType","Category":"","Description":"","Attributes":1,"ValueType":"System.Int32"},"Value":2},{"Key":{"Id":"MSTest.DynamicData","Label":"DynamicData","Category":"","Description":"","Attributes":1,"ValueType":"System.String[]"},"Value":["System.String, System.Private.CoreLib, Version=5.0.0.0, Culture=neutral, PublicKeyToken=7cec85d7bea7798e","\"5\"","System.String, System.Private.CoreLib, Version=5.0.0.0, Culture=neutral, PublicKeyToken=7cec85d7bea7798e","\"6\"","System.String, System.Private.CoreLib, Version=5.0.0.0, Culture=neutral, PublicKeyToken=7cec85d7bea7798e","\"1 3\""]}]},"Attachments":[],"Outcome":2,"ErrorMessage":"Test method TestIzboriVVS.UnitTestFunkcionalnost5.TestRestartovanjGlasaCSV threw exception: \r\nSystem.ArgumentException: Object of type 'System.String' cannot be converted to type 'System.Int32'.","ErrorStackTrace":"    at System.RuntimeType.TryChangeType(Object value, Binder binder, CultureInfo culture, Boolean needsSpecialCast)\r\n   at System.RuntimeType.CheckValue(Object value, Binder binder, CultureInfo culture, BindingFlags invokeAttr)\r\n   at System.Reflection.MethodBase.CheckArguments(Object[] parameters, Binder binder, BindingFlags invokeAttr, CultureInfo culture, Signature sig)\r\n   at System.Reflection.RuntimeMethodInfo.InvokeArgumentsCheck(Object obj, BindingFlags invokeAttr, Binder binder, Object[] parameters, CultureInfo culture)\r\n   at System.Reflection.RuntimeMethodInfo.Invoke(Object obj, BindingFlags invokeAttr, Binder binder, Object[] parameters, CultureInfo culture)\r\n   at System.Reflection.MethodBase.Invoke(Object obj, Object[] parameters)\r\n   at Microsoft.VisualStudio.TestPlatform.MSTestAdapter.PlatformServices.ThreadOperations.ExecuteWithAbortSafety(Action action)\r\n","DisplayName":"TestRestartovanjGlasaCSV (5,6,1 3)","Messages":[],"ComputerName":null,"Duration":"00:00:00.0134176","StartTime":"2022-12-11T17:28:55.6965946+01:00","EndTime":"2022-12-11T17:28:55.7105977+01:00","Properties":[{"Key":{"Id":"ExecutionId","Label":"ExecutionId","Category":"","Description":"","Attributes":1,"ValueType":"System.Guid"},"Value":"00000000-0000-0000-0000-000000000000"},{"Key":{"Id":"ParentExecId","Label":"ParentExecId","Category":"","Description":"","Attributes":1,"ValueType":"System.Guid"},"Value":"00000000-0000-0000-0000-000000000000"},{"Key":{"Id":"InnerResultsCount","Label":"InnerResultsCount","Category":"","Description":"","Attributes":1,"ValueType":"System.Int32"},"Value":0}]},{"TestCase":{"Id":"691b3880-2435-c166-c271-a7dee47f3293","FullyQualifiedName":"TestIzboriVVS.UnitTestFunkcionalnost5.TestRestartovanjGlasaCSV","DisplayName":"TestRestartovanjGlasaCSV (2,3,2 3)","ExecutorUri":"executor://MSTestAdapter/v2","Source":"C:\\Users\\bobici\\Source\\Repos\\dina\\vvs-zad1\\TestIzboriVVS\\bin\\Debug\\net5.0\\fine-code-coverage\\build-output\\TestIzboriVVS.dll","CodeFilePath":null,"LineNumber":-1,"Properties":[{"Key":{"Id":"TestCase.ManagedType","Label":"ManagedType","Category":"","Description":"","Attributes":1,"ValueType":"System.String"},"Value":"TestIzboriVVS.UnitTestFunkcionalnost5"},{"Key":{"Id":"TestCase.ManagedMethod","Label":"ManagedMethod","Category":"","Description":"","Attributes":1,"ValueType":"System.String"},"Value":"TestRestartovanjGlasaCSV(System.Int32,System.Int32,System.Collections.Generic.List`1<System.Int32>)"},{"Key":{"Id":"MSTestDiscoverer.TestClassName","Label":"ClassName","Category":"","Description":"","Attributes":1,"ValueType":"System.String"},"Value":"TestIzboriVVS.UnitTestFunkcionalnost5"},{"Key":{"Id":"TestCase.Hierarchy","Label":"Hierarchy","Category":"","Description":"","Attributes":2,"ValueType":"System.String[]"},"Value":["TestIzboriVVS","UnitTestFunkcionalnost5"]},{"Key":{"Id":"TestObject.Traits","Label":"Traits","Category":"","Description":"","Attributes":5,"ValueType":"System.Collections.Generic.KeyValuePair`2[[System.String],[System.String]][]"},"Value":[]},{"Key":{"Id":"MSTest.DynamicDataType","Label":"DynamicDataType","Category":"","Description":"","Attributes":1,"ValueType":"System.Int32"},"Value":2},{"Key":{"Id":"MSTest.DynamicData","Label":"DynamicData","Category":"","Description":"","Attributes":1,"ValueType":"System.String[]"},"Value":["System.String, System.Private.CoreLib, Version=5.0.0.0, Culture=neutral, PublicKeyToken=7cec85d7bea7798e","\"2\"","System.String, System.Private.CoreLib, Version=5.0.0.0, Culture=neutral, PublicKeyToken=7cec85d7bea7798e","\"3\"","System.String, System.Private.CoreLib, Version=5.0.0.0, Culture=neutral, PublicKeyToken=7cec85d7bea7798e","\"2 3\""]}]},"Attachments":[],"Outcome":2,"ErrorMessage":"Test method TestIzboriVVS.UnitTestFunkcionalnost5.TestRestartovanjGlasaCSV threw exception: \r\nSystem.ArgumentException: Object of type 'System.String' cannot be converted to type 'System.Int32'.","ErrorStackTrace":"    at System.RuntimeType.TryChangeType(Object value, Binder binder, CultureInfo culture, Boolean needsSpecialCast)\r\n   at System.RuntimeType.CheckValue(Object value, Binder binder, CultureInfo culture, BindingFlags invokeAttr)\r\n   at System.Reflection.MethodBase.CheckArguments(Object[] parameters, Binder binder, BindingFlags invokeAttr, CultureInfo culture, Signature sig)\r\n   at System.Reflection.RuntimeMethodInfo.InvokeArgumentsCheck(Object obj, BindingFlags invokeAttr, Binder binder, Object[] parameters, CultureInfo culture)\r\n   at System.Reflection.RuntimeMethodInfo.Invoke(Object obj, BindingFlags invokeAttr, Binder binder, Object[] parameters, CultureInfo culture)\r\n   at System.Reflection.MethodBase.Invoke(Object obj, Object[] parameters)\r\n   at Microsoft.VisualStudio.TestPlatform.MSTestAdapter.PlatformServices.ThreadOperations.ExecuteWithAbortSafety(Action action)\r\n","DisplayName":"TestRestartovanjGlasaCSV (2,3,2 3)","Messages":[],"ComputerName":null,"Duration":"00:00:00.0002619","StartTime":"2022-12-11T17:28:55.713352+01:00","EndTime":"2022-12-11T17:28:55.7138148+01:00","Properties":[{"Key":{"Id":"ExecutionId","Label":"ExecutionId","Category":"","Description":"","Attributes":1,"ValueType":"System.Guid"},"Value":"00000000-0000-0000-0000-000000000000"},{"Key":{"Id":"ParentExecId","Label":"ParentExecId","Category":"","Description":"","Attributes":1,"ValueType":"System.Guid"},"Value":"00000000-0000-0000-0000-000000000000"},{"Key":{"Id":"InnerResultsCount","Label":"InnerResultsCount","Category":"","Description":"","Attributes":1,"ValueType":"System.Int32"},"Value":0}]},{"TestCase":{"Id":"22efa341-ee29-f75c-f5c8-60b0400af4dc","FullyQualifiedName":"TestIzboriVVS.UnitTestFunkcionalnost5.TestRestartovanjGlasaCSV","DisplayName":"TestRestartovanjGlasaCSV (3,1,1 2)","ExecutorUri":"executor://MSTestAdapter/v2","Source":"C:\\Users\\bobici\\Source\\Repos\\dina\\vvs-zad1\\TestIzboriVVS\\bin\\Debug\\net5.0\\fine-code-coverage\\build-output\\TestIzboriVVS.dll","CodeFilePath":null,"LineNumber":-1,"Properties":[{"Key":{"Id":"TestCase.ManagedType","Label":"ManagedType","Category":"","Description":"","Attributes":1,"ValueType":"System.String"},"Value":"TestIzboriVVS.UnitTestFunkcionalnost5"},{"Key":{"Id":"TestCase.ManagedMethod","Label":"ManagedMethod","Category":"","Description":"","Attributes":1,"ValueType":"System.String"},"Value":"TestRestartovanjGlasaCSV(System.Int32,System.Int32,System.Collections.Generic.List`1<System.Int32>)"},{"Key":{"Id":"MSTestDiscoverer.TestClassName","Label":"ClassName","Category":"","Description":"","Attributes":1,"ValueType":"System.String"},"Value":"TestIzboriVVS.UnitTestFunkcionalnost5"},{"Key":{"Id":"TestCase.Hierarchy","Label":"Hierarchy","Category":"","Description":"","Attributes":2,"ValueType":"System.String[]"},"Value":["TestIzboriVVS","UnitTestFunkcionalnost5"]},{"Key":{"Id":"TestObject.Traits","Label":"Traits","Category":"","Description":"","Attributes":5,"ValueType":"System.Collections.Generic.KeyValuePair`2[[System.String],[System.String]][]"},"Value":[]},{"Key":{"Id":"MSTest.DynamicDataType","Label":"DynamicDataType","Category":"","Description":"","Attributes":1,"ValueType":"System.Int32"},"Value":2},{"Key":{"Id":"MSTest.DynamicData","Label":"DynamicData","Category":"","Description":"","Attributes":1,"ValueType":"System.String[]"},"Value":["System.String, System.Private.CoreLib, Version=5.0.0.0, Culture=neutral, PublicKeyToken=7cec85d7bea7798e","\"3\"","System.String, System.Private.CoreLib, Version=5.0.0.0, Culture=neutral, PublicKeyToken=7cec85d7bea7798e","\"1\"","System.String, System.Private.CoreLib, Version=5.0.0.0, Culture=neutral, PublicKeyToken=7cec85d7bea7798e","\"1 2\""]}]},"Attachments":[],"Outcome":2,"ErrorMessage":"Test method TestIzboriVVS.UnitTestFunkcionalnost5.TestRestartovanjGlasaCSV threw exception: \r\nSystem.ArgumentException: Object of type 'System.String' cannot be converted to type 'System.Int32'.","ErrorStackTrace":"    at System.RuntimeType.TryChangeType(Object value, Binder binder, CultureInfo culture, Boolean needsSpecialCast)\r\n   at System.RuntimeType.CheckValue(Object value, Binder binder, CultureInfo culture, BindingFlags invokeAttr)\r\n   at System.Reflection.MethodBase.CheckArguments(Object[] parameters, Binder binder, BindingFlags invokeAttr, CultureInfo culture, Signature sig)\r\n   at System.Reflection.RuntimeMethodInfo.InvokeArgumentsCheck(Object obj, BindingFlags invokeAttr, Binder binder, Object[] parameters, CultureInfo culture)\r\n   at System.Reflection.RuntimeMethodInfo.Invoke(Object obj, BindingFlags invokeAttr, Binder binder, Object[] parameters, CultureInfo culture)\r\n   at System.Reflection.MethodBase.Invoke(Object obj, Object[] parameters)\r\n   at Microsoft.VisualStudio.TestPlatform.MSTestAdapter.PlatformServices.ThreadOperations.ExecuteWithAbortSafety(Action action)\r\n","DisplayName":"TestRestartovanjGlasaCSV (3,1,1 2)","Messages":[],"ComputerName":null,"Duration":"00:00:00.0002296","StartTime":"2022-12-11T17:28:55.7162552+01:00","EndTime":"2022-12-11T17:28:55.7166616+01:00","Properties":[{"Key":{"Id":"ExecutionId","Label":"ExecutionId","Category":"","Description":"","Attributes":1,"ValueType":"System.Guid"},"Value":"00000000-0000-0000-0000-000000000000"},{"Key":{"Id":"ParentExecId","Label":"ParentExecId","Category":"","Description":"","Attributes":1,"ValueType":"System.Guid"},"Value":"00000000-0000-0000-0000-000000000000"},{"Key":{"Id":"InnerResultsCount","Label":"InnerResultsCount","Category":"","Description":"","Attributes":1,"ValueType":"System.Int32"},"Value":0}]},{"TestCase":{"Id":"4694adfa-9ea5-9022-6a3a-13b319e5b19b","FullyQualifiedName":"TestIzboriVVS.UnitTestFunkcionalnost5.TestRestartovanjGlasaCSV","DisplayName":"TestRestartovanjGlasaCSV (1,2,1 3)","ExecutorUri":"executor://MSTestAdapter/v2","Source":"C:\\Users\\bobici\\Source\\Repos\\dina\\vvs-zad1\\TestIzboriVVS\\bin\\Debug\\net5.0\\fine-code-coverage\\build-output\\TestIzboriVVS.dll","CodeFilePath":null,"LineNumber":-1,"Properties":[{"Key":{"Id":"TestCase.ManagedType","Label":"ManagedType","Category":"","Description":"","Attributes":1,"ValueType":"System.String"},"Value":"TestIzboriVVS.UnitTestFunkcionalnost5"},{"Key":{"Id":"TestCase.ManagedMethod","Label":"ManagedMethod","Category":"","Description":"","Attributes":1,"ValueType":"System.String"},"Value":"TestRestartovanjGlasaCSV(System.Int32,System.Int32,System.Collections.Generic.List`1<System.Int32>)"},{"Key":{"Id":"MSTestDiscoverer.TestClassName","Label":"ClassName","Category":"","Description":"","Attributes":1,"ValueType":"System.String"},"Value":"TestIzboriVVS.UnitTestFunkcionalnost5"},{"Key":{"Id":"TestCase.Hierarchy","Label":"Hierarchy","Category":"","Description":"","Attributes":2,"ValueType":"System.String[]"},"Value":["TestIzboriVVS","UnitTestFunkcionalnost5"]},{"Key":{"Id":"TestObject.Traits","Label":"Traits","Category":"","Description":"","Attributes":5,"ValueType":"System.Collections.Generic.KeyValuePair`2[[System.String],[System.String]][]"},"Value":[]},{"Key":{"Id":"MSTest.DynamicDataType","Label":"DynamicDataType","Category":"","Description":"","Attributes":1,"ValueType":"System.Int32"},"Value":2},{"Key":{"Id":"MSTest.DynamicData","Label":"DynamicData","Category":"","Description":"","Attributes":1,"ValueType":"System.String[]"},"Value":["System.String, System.Private.CoreLib, Version=5.0.0.0, Culture=neutral, PublicKeyToken=7cec85d7bea7798e","\"1\"","System.String, System.Private.CoreLib, Version=5.0.0.0, Culture=neutral, PublicKeyToken=7cec85d7bea7798e","\"2\"","System.String, System.Private.CoreLib, Version=5.0.0.0, Culture=neutral, PublicKeyToken=7cec85d7bea7798e","\"1 3\""]}]},"Attachments":[],"Outcome":2,"ErrorMessage":"Test method TestIzboriVVS.UnitTestFunkcionalnost5.TestRestartovanjGlasaCSV threw exception: \r\nSystem.ArgumentException: Object of type 'System.String' cannot be converted to type 'System.Int32'.","ErrorStackTrace":"    at System.RuntimeType.TryChangeType(Object value, Binder binder, CultureInfo culture, Boolean needsSpecialCast)\r\n   at System.RuntimeType.CheckValue(Object value, Binder binder, CultureInfo culture, BindingFlags invokeAttr)\r\n   at System.Reflection.MethodBase.CheckArguments(Object[] parameters, Binder binder, BindingFlags invokeAttr, CultureInfo culture, Signature sig)\r\n   at System.Reflection.RuntimeMethodInfo.InvokeArgumentsCheck(Object obj, BindingFlags invokeAttr, Binder binder, Object[] parameters, CultureInfo culture)\r\n   at System.Reflection.RuntimeMethodInfo.Invoke(Object obj, BindingFlags invokeAttr, Binder binder, Object[] parameters, CultureInfo culture)\r\n   at System.Reflection.MethodBase.Invoke(Object obj, Object[] parameters)\r\n   at Microsoft.VisualStudio.TestPlatform.MSTestAdapter.PlatformServices.ThreadOperations.ExecuteWithAbortSafety(Action action)\r\n","DisplayName":"TestRestartovanjGlasaCSV (1,2,1 3)","Messages":[],"ComputerName":null,"Duration":"00:00:00.0002222","StartTime":"2022-12-11T17:28:55.7189421+01:00","EndTime":"2022-12-11T17:28:55.7195271+01:00","Properties":[{"Key":{"Id":"ExecutionId","Label":"ExecutionId","Category":"","Description":"","Attributes":1,"ValueType":"System.Guid"},"Value":"00000000-0000-0000-0000-000000000000"},{"Key":{"Id":"ParentExecId","Label":"ParentExecId","Category":"","Description":"","Attributes":1,"ValueType":"System.Guid"},"Value":"00000000-0000-0000-0000-000000000000"},{"Key":{"Id":"InnerResultsCount","Label":"InnerResultsCount","Category":"","Description":"","Attributes":1,"ValueType":"System.Int32"},"Value":0}]},{"TestCase":{"Id":"7d7e024d-46e5-4e9e-13dc-1b4393dad7f6","FullyQualifiedName":"TestnaKlasa.UnitTest1.TestDaLiSeGlasaloZaKandidata","DisplayName":"TestDaLiSeGlasaloZaKandidata","ExecutorUri":"executor://MSTestAdapter/v2","Source":"C:\\Users\\bobici\\Source\\Repos\\dina\\vvs-zad1\\TestIzboriVVS\\bin\\Debug\\net5.0\\fine-code-coverage\\build-output\\TestIzboriVVS.dll","CodeFilePath":null,"LineNumber":-1,"Properties":[{"Key":{"Id":"TestCase.ManagedType","Label":"ManagedType","Category":"","Description":"","Attributes":1,"ValueType":"System.String"},"Value":"TestnaKlasa.UnitTest1"},{"Key":{"Id":"TestCase.ManagedMethod","Label":"ManagedMethod","Category":"","Description":"","Attributes":1,"ValueType":"System.String"},"Value":"TestDaLiSeGlasaloZaKandidata"},{"Key":{"Id":"MSTestDiscoverer.TestClassName","Label":"ClassName","Category":"","Description":"","Attributes":1,"ValueType":"System.String"},"Value":"TestnaKlasa.UnitTest1"},{"Key":{"Id":"TestCase.Hierarchy","Label":"Hierarchy","Category":"","Description":"","Attributes":2,"ValueType":"System.String[]"},"Value":["TestnaKlasa","UnitTest1"]},{"Key":{"Id":"TestObject.Traits","Label":"Traits","Category":"","Description":"","Attributes":5,"ValueType":"System.Collections.Generic.KeyValuePair`2[[System.String],[System.String]][]"},"Value":[]}]},"Attachments":[],"Outcome":1,"ErrorMessage":null,"ErrorStackTrace":null,"DisplayName":"TestDaLiSeGlasaloZaKandidata","Messages":[],"ComputerName":null,"Duration":"00:00:00.0002652","StartTime":"2022-12-11T17:28:55.7217234+01:00","EndTime":"2022-12-11T17:28:55.7222472+01:00","Properties":[{"Key":{"Id":"ExecutionId","Label":"ExecutionId","Category":"","Description":"","Attributes":1,"ValueType":"System.Guid"},"Value":"00000000-0000-0000-0000-000000000000"},{"Key":{"Id":"ParentExecId","Label":"ParentExecId","Category":"","Description":"","Attributes":1,"ValueType":"System.Guid"},"Value":"00000000-0000-0000-0000-000000000000"},{"Key":{"Id":"InnerResultsCount","Label":"InnerResultsCount","Category":"","Description":"","Attributes":1,"ValueType":"System.Int32"},"Value":0}]}],"TestRunStatistics":{"ExecutedTests":18,"Stats":{"Passed":14,"Failed":4}},"ActiveTests":[]},"RunAttachments":[],"ExecutorUris":["executor://mstestadapter/v2"]}}
TpTrace Verbose: 0 : 27824, 4, 2022/12/11, 17:28:55.736, 16698791020715, testhost.dll, BaseRunTests.RunTests: Run is complete.
TpTrace Verbose: 0 : 27824, 10, 2022/12/11, 17:28:55.737, 16698791028489, testhost.dll, TcpClientExtensions.MessageLoopAsync: NotifyDataAvailable remoteEndPoint: [::ffff:127.0.0.1]:63478 localEndPoint: [::ffff:127.0.0.1]:63479
TpTrace Information: 0 : 27824, 10, 2022/12/11, 17:28:55.737, 16698791029159, testhost.dll, TestRequestHandler.OnMessageReceived: received message: (TestSession.Terminate) -> {"MessageType":"TestSession.Terminate","Payload":null}
TpTrace Information: 0 : 27824, 10, 2022/12/11, 17:28:55.737, 16698791029476, testhost.dll, Session End message received from server. Closing the connection.
TpTrace Information: 0 : 27824, 10, 2022/12/11, 17:28:55.738, 16698791031674, testhost.dll, SocketClient.Stop: Stop communication from server endpoint: 127.0.0.1:063478
TpTrace Information: 0 : 27824, 10, 2022/12/11, 17:28:55.738, 16698791032089, testhost.dll, SocketClient: Stop: Cancellation requested. Stopping message loop.
TpTrace Verbose: 0 : 27824, 10, 2022/12/11, 17:28:55.738, 16698791033267, testhost.dll, LengthPrefixCommunicationChannel.Dispose: Dispose reader and writer.
TpTrace Information: 0 : 27824, 10, 2022/12/11, 17:28:55.738, 16698791033652, testhost.dll, Closing the connection !
TpTrace Verbose: 0 : 27824, 10, 2022/12/11, 17:28:55.738, 16698791033933, testhost.dll, MulticastDelegateUtilities.SafeInvoke: LengthPrefixCommunicationChannel: MessageReceived: Invoking callback 1/1 for Microsoft.VisualStudio.TestPlatform.CommunicationUtilities.TestRequestHandler.OnMessageReceived, took 0 ms.
TpTrace Information: 0 : 27824, 10, 2022/12/11, 17:28:55.738, 16698791035482, testhost.dll, SocketClient.PrivateStop: Stop communication from server endpoint: 127.0.0.1:063478, error:
TpTrace Information: 0 : 27824, 1, 2022/12/11, 17:28:55.738, 16698791037789, testhost.dll, Closing the connection!
TpTrace Information: 0 : 27824, 1, 2022/12/11, 17:28:55.738, 16698791038320, testhost.dll, SocketClient.Stop: Stop communication from server endpoint: 127.0.0.1:063478
TpTrace Verbose: 0 : 27824, 10, 2022/12/11, 17:28:55.738, 16698791037830, testhost.dll, LengthPrefixCommunicationChannel.Dispose: Dispose reader and writer.
TpTrace Verbose: 0 : 27824, 10, 2022/12/11, 17:28:55.738, 16698791039095, testhost.dll, TcpClientExtensions.MessageLoopAsync: exiting MessageLoopAsync remoteEndPoint: [::ffff:127.0.0.1]:63478 localEndPoint: [::ffff:127.0.0.1]:63479
TpTrace Verbose: 0 : 27824, 1, 2022/12/11, 17:28:55.738, 16698791038617, testhost.dll, LengthPrefixCommunicationChannel.Dispose: Dispose reader and writer.
TpTrace Information: 0 : 27824, 1, 2022/12/11, 17:28:55.738, 16698791040221, testhost.dll, Testhost process exiting.
