TpTrace Verbose: 0 : 23768, 1, 2022/12/11, 18:15:20.872, 16726642380258, testhost.dll, Version: 17.3.2 Current process architecture: X64
TpTrace Verbose: 0 : 23768, 1, 2022/12/11, 18:15:20.874, 16726642397167, testhost.dll, Runtime location: C:\Program Files\dotnet\shared\Microsoft.NETCore.App\5.0.17
TpTrace Information: 0 : 23768, 1, 2022/12/11, 18:15:20.875, 16726642409498, testhost.dll, DefaultEngineInvoker.Invoke: Testhost process started with args :[--port, 64611],[--endpoint, 127.0.0.1:064611],[--role, client],[--parentprocessid, 8428],[--diag, C:\Users\bobici\Source\Repos\dina\vvs-zad1\TestIzboriVVS\bin\Debug\net5.0\fine-code-coverage\coverage-tool-output\diagnostics.host.22-12-11_18-15-20_73521_7.log],[--tracelevel, 4],[--datacollectionport, 64610],[--telemetryoptedin, false]
TpTrace Information: 0 : 23768, 1, 2022/12/11, 18:15:20.876, 16726642420491, testhost.dll, Setting up debug trace listener.
TpTrace Verbose: 0 : 23768, 1, 2022/12/11, 18:15:20.877, 16726642421864, testhost.dll, TestPlatformTraceListener.Setup: Replacing listener System.Diagnostics.DefaultTraceListener with TestHostTraceListener.
TpTrace Verbose: 0 : 23768, 1, 2022/12/11, 18:15:20.877, 16726642422231, testhost.dll, TestPlatformTraceListener.Setup: Added test platform trace listener.
TpTrace Information: 0 : 23768, 1, 2022/12/11, 18:15:20.877, 16726642425259, testhost.dll, DefaultEngineInvoker.SetParentProcessExitCallback: Monitoring parent process with id: '8428'
TpTrace Information: 0 : 23768, 1, 2022/12/11, 18:15:20.879, 16726642450425, testhost.dll, DefaultEngineInvoker.GetConnectionInfo: Initialize communication on endpoint address: '127.0.0.1:064611'
TpTrace Information: 0 : 23768, 1, 2022/12/11, 18:15:20.890, 16726642552780, testhost.dll, SocketClient.Start: connecting to server endpoint: 127.0.0.1:064611
TpTrace Information: 0 : 23768, 1, 2022/12/11, 18:15:20.895, 16726642604470, testhost.dll, DefaultEngineInvoker.ConnectToDatacollector: Connecting to datacollector, port: 64610
TpTrace Information: 0 : 23768, 8, 2022/12/11, 18:15:20.895, 16726642611222, testhost.dll, SocketClient.OnServerConnected: connected to server endpoint: 127.0.0.1:064611
TpTrace Information: 0 : 23768, 1, 2022/12/11, 18:15:20.897, 16726642627408, testhost.dll, Trying to connect to server on socket : 127.0.0.1:64610 
TpTrace Verbose: 0 : 23768, 1, 2022/12/11, 18:15:20.897, 16726642629831, testhost.dll, SocketCommunicationManager : SetupClientAsync : Attempting to connect to the server.
TpTrace Verbose: 0 : 23768, 8, 2022/12/11, 18:15:20.898, 16726642639965, testhost.dll, MulticastDelegateUtilities.SafeInvoke: SocketClient: ServerConnected: Invoking callback 1/1 for Microsoft.VisualStudio.TestPlatform.CommunicationUtilities.TestRequestHandler.<InitializeCommunication>b__31_0, took 0 ms.
TpTrace Verbose: 0 : 23768, 8, 2022/12/11, 18:15:20.898, 16726642641078, testhost.dll, Connected to server, and starting MessageLoopAsync
TpTrace Information: 0 : 23768, 10, 2022/12/11, 18:15:20.898, 16726642640380, testhost.dll, Connected to the server successfully 
TpTrace Information: 0 : 23768, 10, 2022/12/11, 18:15:20.899, 16726642642266, testhost.dll, Using the buffer size of 16384 bytes
TpTrace Verbose: 0 : 23768, 1, 2022/12/11, 18:15:20.899, 16726642643358, testhost.dll, SocketCommunicationManager.WaitForServerConnection took: 0 ms, with 90000 ms timeout, and finished with True.
TpTrace Information: 0 : 23768, 1, 2022/12/11, 18:15:20.899, 16726642644456, testhost.dll, DefaultEngineInvoker.Invoke: Start Request Processing.
TpTrace Information: 0 : 23768, 11, 2022/12/11, 18:15:20.900, 16726642652463, testhost.dll, DefaultEngineInvoker.StartProcessingAsync: Connected to vstest.console, Starting process requests.
TpTrace Verbose: 0 : 23768, 10, 2022/12/11, 18:15:20.901, 16726642662272, testhost.dll, TcpClientExtensions.MessageLoopAsync: Polling on remoteEndPoint: [::ffff:127.0.0.1]:64611 localEndPoint: [::ffff:127.0.0.1]:64612
TpTrace Verbose: 0 : 23768, 10, 2022/12/11, 18:15:20.901, 16726642664582, testhost.dll, TcpClientExtensions.MessageLoopAsync: NotifyDataAvailable remoteEndPoint: [::ffff:127.0.0.1]:64611 localEndPoint: [::ffff:127.0.0.1]:64612
TpTrace Information: 0 : 23768, 10, 2022/12/11, 18:15:20.904, 16726642694396, testhost.dll, TestRequestHandler.OnMessageReceived: received message: (ProtocolVersion) -> {"MessageType":"ProtocolVersion","Payload":7}
TpTrace Verbose: 0 : 23768, 10, 2022/12/11, 18:15:21.009, 16726643743388, testhost.dll, TestRequestHandler.SendData: sending data from testhost: {"Version":7,"MessageType":"TestSession.Message","Payload":{"MessageLevel":0,"Message":"Logging TestHost Diagnostics in file: C:\\Users\\bobici\\Source\\Repos\\dina\\vvs-zad1\\TestIzboriVVS\\bin\\Debug\\net5.0\\fine-code-coverage\\coverage-tool-output\\diagnostics.host.22-12-11_18-15-20_73521_7.log"}}
TpTrace Verbose: 0 : 23768, 10, 2022/12/11, 18:15:21.009, 16726643745169, testhost.dll, MulticastDelegateUtilities.SafeInvoke: LengthPrefixCommunicationChannel: MessageReceived: Invoking callback 1/1 for Microsoft.VisualStudio.TestPlatform.CommunicationUtilities.TestRequestHandler.OnMessageReceived, took 107 ms.
TpTrace Verbose: 0 : 23768, 10, 2022/12/11, 18:15:21.009, 16726643745586, testhost.dll, TcpClientExtensions.MessageLoopAsync: Polling on remoteEndPoint: [::ffff:127.0.0.1]:64611 localEndPoint: [::ffff:127.0.0.1]:64612
TpTrace Verbose: 0 : 23768, 10, 2022/12/11, 18:15:21.009, 16726643745970, testhost.dll, TcpClientExtensions.MessageLoopAsync: NotifyDataAvailable remoteEndPoint: [::ffff:127.0.0.1]:64611 localEndPoint: [::ffff:127.0.0.1]:64612
TpTrace Information: 0 : 23768, 10, 2022/12/11, 18:15:21.009, 16726643746643, testhost.dll, TestRequestHandler.OnMessageReceived: received message: (TestExecution.Initialize) -> {"Version":7,"MessageType":"TestExecution.Initialize","Payload":["C:\\Users\\bobici\\Source\\Repos\\dina\\vvs-zad1\\TestIzboriVVS\\bin\\Debug\\net5.0\\fine-code-coverage\\build-output\\Microsoft.VisualStudio.TestPlatform.MSTest.TestAdapter.dll"]}
TpTrace Verbose: 0 : 23768, 10, 2022/12/11, 18:15:21.016, 16726643814619, testhost.dll, MulticastDelegateUtilities.SafeInvoke: LengthPrefixCommunicationChannel: MessageReceived: Invoking callback 1/1 for Microsoft.VisualStudio.TestPlatform.CommunicationUtilities.TestRequestHandler.OnMessageReceived, took 6 ms.
TpTrace Verbose: 0 : 23768, 10, 2022/12/11, 18:15:21.016, 16726643815361, testhost.dll, TcpClientExtensions.MessageLoopAsync: Polling on remoteEndPoint: [::ffff:127.0.0.1]:64611 localEndPoint: [::ffff:127.0.0.1]:64612
TpTrace Information: 0 : 23768, 4, 2022/12/11, 18:15:21.016, 16726643818226, testhost.dll, TestRequestHandler.OnMessageReceived: Running job 'TestExecution.Initialize'.
TpTrace Verbose: 0 : 23768, 10, 2022/12/11, 18:15:21.018, 16726643834552, testhost.dll, TcpClientExtensions.MessageLoopAsync: NotifyDataAvailable remoteEndPoint: [::ffff:127.0.0.1]:64611 localEndPoint: [::ffff:127.0.0.1]:64612
TpTrace Verbose: 0 : 23768, 4, 2022/12/11, 18:15:21.018, 16726643835565, testhost.dll, TestExecutorService: Loading the extensions
TpTrace Information: 0 : 23768, 10, 2022/12/11, 18:15:21.018, 16726643835679, testhost.dll, TestRequestHandler.OnMessageReceived: received message: (TestExecution.StartWithSources) -> {"Version":7,"MessageType":"TestExecution.StartWithSources","Payload":{"AdapterSourceMap":{"_none_":["C:\\Users\\bobici\\Source\\Repos\\dina\\vvs-zad1\\TestIzboriVVS\\bin\\Debug\\net5.0\\fine-code-coverage\\build-output\\TestIzboriVVS.dll"]},"RunSettings":"<RunSettings>\r\n  <RunConfiguration>\r\n    <ResultsDirectory>C:\\Users\\bobici\\Source\\Repos\\dina\\vvs-zad1\\TestIzboriVVS\\bin\\Debug\\net5.0\\fine-code-coverage\\coverage-tool-output</ResultsDirectory>\r\n    <TargetFrameworkVersion>.NETCoreApp,Version=v5.0</TargetFrameworkVersion>\r\n    <DesignMode>False</DesignMode>\r\n    <CollectSourceInformation>False</CollectSourceInformation>\r\n  </RunConfiguration>\r\n  <LoggerRunSettings>\r\n    <Loggers>\r\n      <Logger friendlyName=\"blame\" enabled=\"True\" />\r\n      <Logger friendlyName=\"Console\" uri=\"logger://microsoft/TestPlatform/ConsoleLogger/v1\" assemblyQualifiedName=\"Microsoft.VisualStudio.TestPlatform.CommandLine.Internal.ConsoleLogger, vstest.console, Version=15.0.0.0, Culture=neutral, PublicKeyToken=b03f5f7f11d50a3a\" codeBase=\"C:\\Program Files\\dotnet\\sdk\\7.0.100\\vstest.console.dll\" enabled=\"True\" />\r\n    </Loggers>\r\n  </LoggerRunSettings>\r\n  <DataCollectionRunSettings>\r\n    <DataCollectors>\r\n      <DataCollector friendlyName=\"blame\" enabled=\"True\">\r\n        <Configuration>\r\n          <ResultsDirectory>C:\\Users\\bobici\\Source\\Repos\\dina\\vvs-zad1\\TestIzboriVVS\\bin\\Debug\\net5.0\\fine-code-coverage\\coverage-tool-output</ResultsDirectory>\r\n        </Configuration>\r\n      </DataCollector>\r\n    </DataCollectors>\r\n  </DataCollectionRunSettings>\r\n</RunSettings>","TestExecutionContext":{"FrequencyOfRunStatsChangeEvent":10,"RunStatsChangeEventTimeout":"00:00:01.5000000","InIsolation":false,"KeepAlive":false,"AreTestCaseLevelEventsRequired":false,"IsDebug":false,"TestCaseFilter":null,"FilterOptions":null},"Package":null}}
TpTrace Verbose: 0 : 23768, 4, 2022/12/11, 18:15:21.019, 16726643851638, testhost.dll, TestPluginCache.DiscoverTestExtensions: finding test extensions in assemblies ends with: TestAdapter.dll TPluginInfo: Microsoft.VisualStudio.TestPlatform.Common.ExtensionFramework.Utilities.TestExecutorPluginInformation TExtension: Microsoft.VisualStudio.TestPlatform.ObjectModel.Adapter.ITestExecutor
TpTrace Verbose: 0 : 23768, 4, 2022/12/11, 18:15:21.020, 16726643858813, testhost.dll, TestPluginCache.GetExtensionPaths: Filtered extension paths: 
TpTrace Verbose: 0 : 23768, 4, 2022/12/11, 18:15:21.021, 16726643861633, testhost.dll, TestPluginCache.GetExtensionPaths: Added default extension paths: C:\Users\bobici\Source\Repos\dina\vvs-zad1\TestIzboriVVS\bin\Debug\net5.0\fine-code-coverage\build-output\Microsoft.VisualStudio.TestPlatform.MSTest.TestAdapter.dll
TpTrace Verbose: 0 : 23768, 4, 2022/12/11, 18:15:21.021, 16726643862083, testhost.dll, TestPluginCache.GetExtensionPaths: Added unfilterableExtensionPaths: 
TpTrace Information: 0 : 23768, 4, 2022/12/11, 18:15:21.022, 16726643874364, testhost.dll, AssemblyResolver.ctor: Creating AssemblyResolver with searchDirectories C:\Users\bobici\Source\Repos\dina\vvs-zad1\TestIzboriVVS\bin\Debug\net5.0\fine-code-coverage\build-output
TpTrace Verbose: 0 : 23768, 4, 2022/12/11, 18:15:21.023, 16726643886197, testhost.dll, TestPluginCache.DiscoverTestExtensions: Discovering the extensions using extension path.
TpTrace Verbose: 0 : 23768, 4, 2022/12/11, 18:15:21.023, 16726643887163, testhost.dll, TestPluginCache.GetExtensionPaths: Filtered extension paths: 
TpTrace Verbose: 0 : 23768, 4, 2022/12/11, 18:15:21.023, 16726643887966, testhost.dll, TestPluginCache.GetExtensionPaths: Added default extension paths: C:\Users\bobici\Source\Repos\dina\vvs-zad1\TestIzboriVVS\bin\Debug\net5.0\fine-code-coverage\build-output\Microsoft.VisualStudio.TestPlatform.MSTest.TestAdapter.dll
TpTrace Verbose: 0 : 23768, 4, 2022/12/11, 18:15:21.023, 16726643888761, testhost.dll, TestPluginCache.GetExtensionPaths: Added unfilterableExtensionPaths: 
TpTrace Verbose: 0 : 23768, 4, 2022/12/11, 18:15:21.023, 16726643889638, testhost.dll, TestPluginCache.DiscoverTestExtensions: Discovering the extensions using allExtensionPaths: C:\Users\bobici\Source\Repos\dina\vvs-zad1\TestIzboriVVS\bin\Debug\net5.0\fine-code-coverage\build-output\Microsoft.VisualStudio.TestPlatform.MSTest.TestAdapter.dll
TpTrace Information: 0 : 23768, 4, 2022/12/11, 18:15:21.024, 16726643897880, testhost.dll, AssemblyResolver.AddSearchDirectories: Adding more searchDirectories C:\Users\bobici\Source\Repos\dina\vvs-zad1\TestIzboriVVS\bin\Debug\net5.0\fine-code-coverage\build-output
TpTrace Information: 0 : 23768, 4, 2022/12/11, 18:15:21.027, 16726643925817, testhost.dll, AssemblyResolver.OnResolve: Microsoft.VisualStudio.TestPlatform.MSTest.TestAdapter: Resolving assembly.
TpTrace Information: 0 : 23768, 4, 2022/12/11, 18:15:21.027, 16726643926539, testhost.dll, AssemblyResolver.OnResolve: Microsoft.VisualStudio.TestPlatform.MSTest.TestAdapter: Searching in: 'C:\Users\bobici\Source\Repos\dina\vvs-zad1\TestIzboriVVS\bin\Debug\net5.0\fine-code-coverage\build-output'.
TpTrace Information: 0 : 23768, 4, 2022/12/11, 18:15:21.028, 16726643933724, testhost.dll, AssemblyResolver.OnResolve: Microsoft.VisualStudio.TestPlatform.MSTest.TestAdapter: Loading assembly 'C:\Users\bobici\Source\Repos\dina\vvs-zad1\TestIzboriVVS\bin\Debug\net5.0\fine-code-coverage\build-output\Microsoft.VisualStudio.TestPlatform.MSTest.TestAdapter.dll'.
TpTrace Information: 0 : 23768, 4, 2022/12/11, 18:15:21.028, 16726643938440, testhost.dll, AssemblyResolver.OnResolve: Resolved assembly: Microsoft.VisualStudio.TestPlatform.MSTest.TestAdapter, from path: C:\Users\bobici\Source\Repos\dina\vvs-zad1\TestIzboriVVS\bin\Debug\net5.0\fine-code-coverage\build-output\Microsoft.VisualStudio.TestPlatform.MSTest.TestAdapter.dll
TpTrace Verbose: 0 : 23768, 4, 2022/12/11, 18:15:21.035, 16726644007266, testhost.dll, MetadataReaderExtensionsHelper: Discovering extensions inside assembly 'Microsoft.VisualStudio.TestPlatform.MSTest.TestAdapter, Version=14.0.0.0, Culture=neutral, PublicKeyToken=b03f5f7f11d50a3a' file path 'C:\Users\bobici\Source\Repos\dina\vvs-zad1\TestIzboriVVS\bin\Debug\net5.0\fine-code-coverage\build-output\Microsoft.VisualStudio.TestPlatform.MSTest.TestAdapter.dll'
TpTrace Verbose: 0 : 23768, 10, 2022/12/11, 18:15:21.040, 16726644060959, testhost.dll, MulticastDelegateUtilities.SafeInvoke: LengthPrefixCommunicationChannel: MessageReceived: Invoking callback 1/1 for Microsoft.VisualStudio.TestPlatform.CommunicationUtilities.TestRequestHandler.OnMessageReceived, took 22 ms.
TpTrace Verbose: 0 : 23768, 10, 2022/12/11, 18:15:21.041, 16726644061889, testhost.dll, TcpClientExtensions.MessageLoopAsync: Polling on remoteEndPoint: [::ffff:127.0.0.1]:64611 localEndPoint: [::ffff:127.0.0.1]:64612
TpTrace Information: 0 : 23768, 4, 2022/12/11, 18:15:21.042, 16726644079786, testhost.dll, GetTestExtensionFromType: Register extension with identifier data 'executor://MSTestAdapter/v2' and type 'Microsoft.VisualStudio.TestPlatform.MSTest.TestAdapter.MSTestExecutor, Microsoft.VisualStudio.TestPlatform.MSTest.TestAdapter, Version=14.0.0.0, Culture=neutral, PublicKeyToken=b03f5f7f11d50a3a' inside file 'C:\Users\bobici\Source\Repos\dina\vvs-zad1\TestIzboriVVS\bin\Debug\net5.0\fine-code-coverage\build-output\Microsoft.VisualStudio.TestPlatform.MSTest.TestAdapter.dll'
TpTrace Verbose: 0 : 23768, 4, 2022/12/11, 18:15:21.044, 16726644098366, testhost.dll, TestPluginCache: Discovered the extensions using extension path ''.
TpTrace Verbose: 0 : 23768, 4, 2022/12/11, 18:15:21.045, 16726644102773, testhost.dll, TestPluginCache: Discoverers are ''.
TpTrace Verbose: 0 : 23768, 4, 2022/12/11, 18:15:21.045, 16726644103455, testhost.dll, TestPluginCache: Executors are 'executor://MSTestAdapter/v2'.
TpTrace Verbose: 0 : 23768, 4, 2022/12/11, 18:15:21.045, 16726644104055, testhost.dll, TestPluginCache: Executors2 are ''.
TpTrace Verbose: 0 : 23768, 4, 2022/12/11, 18:15:21.045, 16726644104565, testhost.dll, TestPluginCache: Setting providers are ''.
TpTrace Verbose: 0 : 23768, 4, 2022/12/11, 18:15:21.045, 16726644105055, testhost.dll, TestPluginCache: Loggers are ''.
TpTrace Verbose: 0 : 23768, 4, 2022/12/11, 18:15:21.045, 16726644105536, testhost.dll, TestPluginCache: TestHosts are ''.
TpTrace Verbose: 0 : 23768, 4, 2022/12/11, 18:15:21.045, 16726644106016, testhost.dll, TestPluginCache: DataCollectors are ''.
TpTrace Verbose: 0 : 23768, 4, 2022/12/11, 18:15:21.047, 16726644128133, testhost.dll, TestPluginCache.DiscoverTestExtensions: finding test extensions in assemblies ends with: TestAdapter.dll TPluginInfo: Microsoft.VisualStudio.TestPlatform.Common.ExtensionFramework.Utilities.TestExecutorPluginInformation2 TExtension: Microsoft.VisualStudio.TestPlatform.ObjectModel.Adapter.ITestExecutor2
TpTrace Verbose: 0 : 23768, 4, 2022/12/11, 18:15:21.047, 16726644130176, testhost.dll, TestPluginCache.GetExtensionPaths: Filtered extension paths: 
TpTrace Verbose: 0 : 23768, 4, 2022/12/11, 18:15:21.047, 16726644130569, testhost.dll, TestPluginCache.GetExtensionPaths: Added default extension paths: C:\Users\bobici\Source\Repos\dina\vvs-zad1\TestIzboriVVS\bin\Debug\net5.0\fine-code-coverage\build-output\Microsoft.VisualStudio.TestPlatform.MSTest.TestAdapter.dll
TpTrace Verbose: 0 : 23768, 4, 2022/12/11, 18:15:21.047, 16726644131426, testhost.dll, TestPluginCache.GetExtensionPaths: Added unfilterableExtensionPaths: 
TpTrace Information: 0 : 23768, 4, 2022/12/11, 18:15:21.048, 16726644132953, testhost.dll, AssemblyResolver.AddSearchDirectories: Adding more searchDirectories C:\Users\bobici\Source\Repos\dina\vvs-zad1\TestIzboriVVS\bin\Debug\net5.0\fine-code-coverage\build-output
TpTrace Verbose: 0 : 23768, 4, 2022/12/11, 18:15:21.048, 16726644133357, testhost.dll, TestPluginCache.DiscoverTestExtensions: Discovering the extensions using extension path.
TpTrace Verbose: 0 : 23768, 4, 2022/12/11, 18:15:21.048, 16726644133682, testhost.dll, TestPluginCache.GetExtensionPaths: Filtered extension paths: 
TpTrace Verbose: 0 : 23768, 4, 2022/12/11, 18:15:21.048, 16726644133939, testhost.dll, TestPluginCache.GetExtensionPaths: Added default extension paths: C:\Users\bobici\Source\Repos\dina\vvs-zad1\TestIzboriVVS\bin\Debug\net5.0\fine-code-coverage\build-output\Microsoft.VisualStudio.TestPlatform.MSTest.TestAdapter.dll
TpTrace Verbose: 0 : 23768, 4, 2022/12/11, 18:15:21.048, 16726644134192, testhost.dll, TestPluginCache.GetExtensionPaths: Added unfilterableExtensionPaths: 
TpTrace Verbose: 0 : 23768, 4, 2022/12/11, 18:15:21.048, 16726644134455, testhost.dll, TestPluginCache.DiscoverTestExtensions: Discovering the extensions using allExtensionPaths: C:\Users\bobici\Source\Repos\dina\vvs-zad1\TestIzboriVVS\bin\Debug\net5.0\fine-code-coverage\build-output\Microsoft.VisualStudio.TestPlatform.MSTest.TestAdapter.dll
TpTrace Information: 0 : 23768, 4, 2022/12/11, 18:15:21.048, 16726644134880, testhost.dll, AssemblyResolver.AddSearchDirectories: Adding more searchDirectories C:\Users\bobici\Source\Repos\dina\vvs-zad1\TestIzboriVVS\bin\Debug\net5.0\fine-code-coverage\build-output
TpTrace Verbose: 0 : 23768, 4, 2022/12/11, 18:15:21.048, 16726644135493, testhost.dll, MetadataReaderExtensionsHelper: Discovering extensions inside assembly 'Microsoft.VisualStudio.TestPlatform.MSTest.TestAdapter, Version=14.0.0.0, Culture=neutral, PublicKeyToken=b03f5f7f11d50a3a' file path 'C:\Users\bobici\Source\Repos\dina\vvs-zad1\TestIzboriVVS\bin\Debug\net5.0\fine-code-coverage\build-output\Microsoft.VisualStudio.TestPlatform.MSTest.TestAdapter.dll'
TpTrace Verbose: 0 : 23768, 4, 2022/12/11, 18:15:21.048, 16726644140034, testhost.dll, TestPluginCache: Discovered the extensions using extension path ''.
TpTrace Verbose: 0 : 23768, 4, 2022/12/11, 18:15:21.048, 16726644140442, testhost.dll, TestPluginCache: Discoverers are ''.
TpTrace Verbose: 0 : 23768, 4, 2022/12/11, 18:15:21.048, 16726644140763, testhost.dll, TestPluginCache: Executors are 'executor://MSTestAdapter/v2'.
TpTrace Verbose: 0 : 23768, 4, 2022/12/11, 18:15:21.048, 16726644141233, testhost.dll, TestPluginCache: Executors2 are ''.
TpTrace Verbose: 0 : 23768, 4, 2022/12/11, 18:15:21.048, 16726644141520, testhost.dll, TestPluginCache: Setting providers are ''.
TpTrace Verbose: 0 : 23768, 4, 2022/12/11, 18:15:21.049, 16726644141753, testhost.dll, TestPluginCache: Loggers are ''.
TpTrace Verbose: 0 : 23768, 4, 2022/12/11, 18:15:21.049, 16726644141985, testhost.dll, TestPluginCache: TestHosts are ''.
TpTrace Verbose: 0 : 23768, 4, 2022/12/11, 18:15:21.049, 16726644142215, testhost.dll, TestPluginCache: DataCollectors are ''.
TpTrace Information: 0 : 23768, 4, 2022/12/11, 18:15:21.052, 16726644180183, testhost.dll, TestPluginManager.CreateTestExtension: Attempting to load test extension: Microsoft.VisualStudio.TestPlatform.MSTest.TestAdapter.MSTestExecutor
TpTrace Verbose: 0 : 23768, 4, 2022/12/11, 18:15:21.059, 16726644243805, testhost.dll, TestExecutorExtensionManager: Loading executor Microsoft.VisualStudio.TestPlatform.MSTest.TestAdapter.MSTestExecutor
TpTrace Verbose: 0 : 23768, 4, 2022/12/11, 18:15:21.059, 16726644244715, testhost.dll, TestExecutorService: Loaded the executors
TpTrace Verbose: 0 : 23768, 4, 2022/12/11, 18:15:21.059, 16726644251209, testhost.dll, TestPluginCache.DiscoverTestExtensions: finding test extensions in assemblies ends with: TestAdapter.dll TPluginInfo: Microsoft.VisualStudio.TestPlatform.Common.ExtensionFramework.Utilities.TestSettingsProviderPluginInformation TExtension: Microsoft.VisualStudio.TestPlatform.ObjectModel.Adapter.ISettingsProvider
TpTrace Verbose: 0 : 23768, 4, 2022/12/11, 18:15:21.060, 16726644252036, testhost.dll, TestPluginCache.GetExtensionPaths: Filtered extension paths: 
TpTrace Verbose: 0 : 23768, 4, 2022/12/11, 18:15:21.060, 16726644252395, testhost.dll, TestPluginCache.GetExtensionPaths: Added default extension paths: C:\Users\bobici\Source\Repos\dina\vvs-zad1\TestIzboriVVS\bin\Debug\net5.0\fine-code-coverage\build-output\Microsoft.VisualStudio.TestPlatform.MSTest.TestAdapter.dll
TpTrace Verbose: 0 : 23768, 4, 2022/12/11, 18:15:21.060, 16726644252720, testhost.dll, TestPluginCache.GetExtensionPaths: Added unfilterableExtensionPaths: 
TpTrace Information: 0 : 23768, 4, 2022/12/11, 18:15:21.060, 16726644253740, testhost.dll, AssemblyResolver.AddSearchDirectories: Adding more searchDirectories C:\Users\bobici\Source\Repos\dina\vvs-zad1\TestIzboriVVS\bin\Debug\net5.0\fine-code-coverage\build-output
TpTrace Verbose: 0 : 23768, 4, 2022/12/11, 18:15:21.060, 16726644254096, testhost.dll, TestPluginCache.DiscoverTestExtensions: Discovering the extensions using extension path.
TpTrace Verbose: 0 : 23768, 4, 2022/12/11, 18:15:21.060, 16726644254422, testhost.dll, TestPluginCache.GetExtensionPaths: Filtered extension paths: 
TpTrace Verbose: 0 : 23768, 4, 2022/12/11, 18:15:21.060, 16726644254735, testhost.dll, TestPluginCache.GetExtensionPaths: Added default extension paths: C:\Users\bobici\Source\Repos\dina\vvs-zad1\TestIzboriVVS\bin\Debug\net5.0\fine-code-coverage\build-output\Microsoft.VisualStudio.TestPlatform.MSTest.TestAdapter.dll
TpTrace Verbose: 0 : 23768, 4, 2022/12/11, 18:15:21.060, 16726644254990, testhost.dll, TestPluginCache.GetExtensionPaths: Added unfilterableExtensionPaths: 
TpTrace Verbose: 0 : 23768, 4, 2022/12/11, 18:15:21.060, 16726644255250, testhost.dll, TestPluginCache.DiscoverTestExtensions: Discovering the extensions using allExtensionPaths: C:\Users\bobici\Source\Repos\dina\vvs-zad1\TestIzboriVVS\bin\Debug\net5.0\fine-code-coverage\build-output\Microsoft.VisualStudio.TestPlatform.MSTest.TestAdapter.dll
TpTrace Information: 0 : 23768, 4, 2022/12/11, 18:15:21.060, 16726644255663, testhost.dll, AssemblyResolver.AddSearchDirectories: Adding more searchDirectories C:\Users\bobici\Source\Repos\dina\vvs-zad1\TestIzboriVVS\bin\Debug\net5.0\fine-code-coverage\build-output
TpTrace Verbose: 0 : 23768, 4, 2022/12/11, 18:15:21.060, 16726644256373, testhost.dll, MetadataReaderExtensionsHelper: Discovering extensions inside assembly 'Microsoft.VisualStudio.TestPlatform.MSTest.TestAdapter, Version=14.0.0.0, Culture=neutral, PublicKeyToken=b03f5f7f11d50a3a' file path 'C:\Users\bobici\Source\Repos\dina\vvs-zad1\TestIzboriVVS\bin\Debug\net5.0\fine-code-coverage\build-output\Microsoft.VisualStudio.TestPlatform.MSTest.TestAdapter.dll'
TpTrace Verbose: 0 : 23768, 4, 2022/12/11, 18:15:21.060, 16726644259941, testhost.dll, TestPluginCache: Discovered the extensions using extension path ''.
TpTrace Verbose: 0 : 23768, 4, 2022/12/11, 18:15:21.060, 16726644260309, testhost.dll, TestPluginCache: Discoverers are ''.
TpTrace Verbose: 0 : 23768, 4, 2022/12/11, 18:15:21.060, 16726644260573, testhost.dll, TestPluginCache: Executors are 'executor://MSTestAdapter/v2'.
TpTrace Verbose: 0 : 23768, 4, 2022/12/11, 18:15:21.060, 16726644260821, testhost.dll, TestPluginCache: Executors2 are ''.
TpTrace Verbose: 0 : 23768, 4, 2022/12/11, 18:15:21.060, 16726644261139, testhost.dll, TestPluginCache: Setting providers are ''.
TpTrace Verbose: 0 : 23768, 4, 2022/12/11, 18:15:21.060, 16726644261391, testhost.dll, TestPluginCache: Loggers are ''.
TpTrace Verbose: 0 : 23768, 4, 2022/12/11, 18:15:21.061, 16726644261622, testhost.dll, TestPluginCache: TestHosts are ''.
TpTrace Verbose: 0 : 23768, 4, 2022/12/11, 18:15:21.061, 16726644261952, testhost.dll, TestPluginCache: DataCollectors are ''.
TpTrace Verbose: 0 : 23768, 4, 2022/12/11, 18:15:21.061, 16726644269242, testhost.dll, TestExecutorService: Loaded the settings providers
TpTrace Information: 0 : 23768, 4, 2022/12/11, 18:15:21.061, 16726644269658, testhost.dll, TestExecutorService: Loaded the extensions
TpTrace Information: 0 : 23768, 4, 2022/12/11, 18:15:21.062, 16726644273506, testhost.dll, TestRequestHandler.OnMessageReceived: Running job 'TestExecution.StartWithSources'.
TpTrace Verbose: 0 : 23768, 4, 2022/12/11, 18:15:21.117, 16726644829803, testhost.dll, MulticastDelegateUtilities.SafeInvoke: TestCaseEventsHandler.RaiseSessionStart: Invoking callbacks was skipped because there are no subscribers.
TpTrace Information: 0 : 23768, 4, 2022/12/11, 18:15:21.120, 16726644860888, testhost.dll, TestDiscoveryManager: Discovering tests from sources C:\Users\bobici\Source\Repos\dina\vvs-zad1\TestIzboriVVS\bin\Debug\net5.0\fine-code-coverage\build-output\TestIzboriVVS.dll
TpTrace Verbose: 0 : 23768, 4, 2022/12/11, 18:15:21.122, 16726644876011, testhost.dll, TestPluginCache.DiscoverTestExtensions: finding test extensions in assemblies ends with: TestAdapter.dll TPluginInfo: Microsoft.VisualStudio.TestPlatform.Common.ExtensionFramework.Utilities.TestDiscovererPluginInformation TExtension: Microsoft.VisualStudio.TestPlatform.ObjectModel.Adapter.ITestDiscoverer
TpTrace Verbose: 0 : 23768, 4, 2022/12/11, 18:15:21.122, 16726644876801, testhost.dll, TestPluginCache.GetExtensionPaths: Filtered extension paths: 
TpTrace Verbose: 0 : 23768, 4, 2022/12/11, 18:15:21.122, 16726644877146, testhost.dll, TestPluginCache.GetExtensionPaths: Added default extension paths: C:\Users\bobici\Source\Repos\dina\vvs-zad1\TestIzboriVVS\bin\Debug\net5.0\fine-code-coverage\build-output\Microsoft.VisualStudio.TestPlatform.MSTest.TestAdapter.dll
TpTrace Verbose: 0 : 23768, 4, 2022/12/11, 18:15:21.122, 16726644877408, testhost.dll, TestPluginCache.GetExtensionPaths: Added unfilterableExtensionPaths: 
TpTrace Information: 0 : 23768, 4, 2022/12/11, 18:15:21.122, 16726644878394, testhost.dll, AssemblyResolver.AddSearchDirectories: Adding more searchDirectories C:\Users\bobici\Source\Repos\dina\vvs-zad1\TestIzboriVVS\bin\Debug\net5.0\fine-code-coverage\build-output
TpTrace Verbose: 0 : 23768, 4, 2022/12/11, 18:15:21.122, 16726644878746, testhost.dll, TestPluginCache.DiscoverTestExtensions: Discovering the extensions using extension path.
TpTrace Verbose: 0 : 23768, 4, 2022/12/11, 18:15:21.122, 16726644879054, testhost.dll, TestPluginCache.GetExtensionPaths: Filtered extension paths: 
TpTrace Verbose: 0 : 23768, 4, 2022/12/11, 18:15:21.122, 16726644879298, testhost.dll, TestPluginCache.GetExtensionPaths: Added default extension paths: C:\Users\bobici\Source\Repos\dina\vvs-zad1\TestIzboriVVS\bin\Debug\net5.0\fine-code-coverage\build-output\Microsoft.VisualStudio.TestPlatform.MSTest.TestAdapter.dll
TpTrace Verbose: 0 : 23768, 4, 2022/12/11, 18:15:21.122, 16726644879542, testhost.dll, TestPluginCache.GetExtensionPaths: Added unfilterableExtensionPaths: 
TpTrace Verbose: 0 : 23768, 4, 2022/12/11, 18:15:21.122, 16726644879836, testhost.dll, TestPluginCache.DiscoverTestExtensions: Discovering the extensions using allExtensionPaths: C:\Users\bobici\Source\Repos\dina\vvs-zad1\TestIzboriVVS\bin\Debug\net5.0\fine-code-coverage\build-output\Microsoft.VisualStudio.TestPlatform.MSTest.TestAdapter.dll
TpTrace Information: 0 : 23768, 4, 2022/12/11, 18:15:21.122, 16726644880180, testhost.dll, AssemblyResolver.AddSearchDirectories: Adding more searchDirectories C:\Users\bobici\Source\Repos\dina\vvs-zad1\TestIzboriVVS\bin\Debug\net5.0\fine-code-coverage\build-output
TpTrace Verbose: 0 : 23768, 4, 2022/12/11, 18:15:21.122, 16726644880892, testhost.dll, MetadataReaderExtensionsHelper: Discovering extensions inside assembly 'Microsoft.VisualStudio.TestPlatform.MSTest.TestAdapter, Version=14.0.0.0, Culture=neutral, PublicKeyToken=b03f5f7f11d50a3a' file path 'C:\Users\bobici\Source\Repos\dina\vvs-zad1\TestIzboriVVS\bin\Debug\net5.0\fine-code-coverage\build-output\Microsoft.VisualStudio.TestPlatform.MSTest.TestAdapter.dll'
TpTrace Information: 0 : 23768, 4, 2022/12/11, 18:15:21.124, 16726644897804, testhost.dll, GetTestExtensionFromType: Register extension with identifier data 'Microsoft.VisualStudio.TestPlatform.MSTest.TestAdapter.MSTestDiscoverer, Microsoft.VisualStudio.TestPlatform.MSTest.TestAdapter, Version=14.0.0.0, Culture=neutral, PublicKeyToken=b03f5f7f11d50a3a' and type 'Microsoft.VisualStudio.TestPlatform.MSTest.TestAdapter.MSTestDiscoverer, Microsoft.VisualStudio.TestPlatform.MSTest.TestAdapter, Version=14.0.0.0, Culture=neutral, PublicKeyToken=b03f5f7f11d50a3a' inside file 'C:\Users\bobici\Source\Repos\dina\vvs-zad1\TestIzboriVVS\bin\Debug\net5.0\fine-code-coverage\build-output\Microsoft.VisualStudio.TestPlatform.MSTest.TestAdapter.dll'
TpTrace Verbose: 0 : 23768, 4, 2022/12/11, 18:15:21.124, 16726644898856, testhost.dll, TestPluginCache: Discovered the extensions using extension path ''.
TpTrace Verbose: 0 : 23768, 4, 2022/12/11, 18:15:21.124, 16726644899297, testhost.dll, TestPluginCache: Discoverers are 'Microsoft.VisualStudio.TestPlatform.MSTest.TestAdapter.MSTestDiscoverer, Microsoft.VisualStudio.TestPlatform.MSTest.TestAdapter, Version=14.0.0.0, Culture=neutral, PublicKeyToken=b03f5f7f11d50a3a'.
TpTrace Verbose: 0 : 23768, 4, 2022/12/11, 18:15:21.124, 16726644899589, testhost.dll, TestPluginCache: Executors are 'executor://MSTestAdapter/v2'.
TpTrace Verbose: 0 : 23768, 4, 2022/12/11, 18:15:21.124, 16726644899886, testhost.dll, TestPluginCache: Executors2 are ''.
TpTrace Verbose: 0 : 23768, 4, 2022/12/11, 18:15:21.124, 16726644900136, testhost.dll, TestPluginCache: Setting providers are ''.
TpTrace Verbose: 0 : 23768, 4, 2022/12/11, 18:15:21.124, 16726644900398, testhost.dll, TestPluginCache: Loggers are ''.
TpTrace Verbose: 0 : 23768, 4, 2022/12/11, 18:15:21.124, 16726644900664, testhost.dll, TestPluginCache: TestHosts are ''.
TpTrace Verbose: 0 : 23768, 4, 2022/12/11, 18:15:21.124, 16726644900897, testhost.dll, TestPluginCache: DataCollectors are ''.
TpTrace Verbose: 0 : 23768, 4, 2022/12/11, 18:15:21.129, 16726644943913, testhost.dll, BaseRunTests.RunTestInternalWithExecutors: Running tests for executor://MSTestAdapter/v2
TpTrace Information: 0 : 23768, 4, 2022/12/11, 18:15:21.129, 16726644947700, testhost.dll, AssemblyResolver.OnResolve: Microsoft.VisualStudio.TestPlatform.MSTestAdapter.PlatformServices.Interface: Resolving assembly.
TpTrace Information: 0 : 23768, 4, 2022/12/11, 18:15:21.129, 16726644948254, testhost.dll, AssemblyResolver.OnResolve: Microsoft.VisualStudio.TestPlatform.MSTestAdapter.PlatformServices.Interface: Searching in: 'C:\Users\bobici\Source\Repos\dina\vvs-zad1\TestIzboriVVS\bin\Debug\net5.0\fine-code-coverage\build-output'.
TpTrace Information: 0 : 23768, 4, 2022/12/11, 18:15:21.129, 16726644950720, testhost.dll, AssemblyResolver.OnResolve: Microsoft.VisualStudio.TestPlatform.MSTestAdapter.PlatformServices.Interface: Loading assembly 'C:\Users\bobici\Source\Repos\dina\vvs-zad1\TestIzboriVVS\bin\Debug\net5.0\fine-code-coverage\build-output\Microsoft.VisualStudio.TestPlatform.MSTestAdapter.PlatformServices.Interface.dll'.
TpTrace Information: 0 : 23768, 4, 2022/12/11, 18:15:21.130, 16726644953738, testhost.dll, AssemblyResolver.OnResolve: Resolved assembly: Microsoft.VisualStudio.TestPlatform.MSTestAdapter.PlatformServices.Interface, from path: C:\Users\bobici\Source\Repos\dina\vvs-zad1\TestIzboriVVS\bin\Debug\net5.0\fine-code-coverage\build-output\Microsoft.VisualStudio.TestPlatform.MSTestAdapter.PlatformServices.Interface.dll
TpTrace Information: 0 : 23768, 4, 2022/12/11, 18:15:21.130, 16726644961624, testhost.dll, AssemblyResolver.OnResolve: Microsoft.VisualStudio.TestPlatform.MSTestAdapter.PlatformServices: Resolving assembly.
TpTrace Information: 0 : 23768, 4, 2022/12/11, 18:15:21.131, 16726644962150, testhost.dll, AssemblyResolver.OnResolve: Microsoft.VisualStudio.TestPlatform.MSTestAdapter.PlatformServices: Searching in: 'C:\Users\bobici\Source\Repos\dina\vvs-zad1\TestIzboriVVS\bin\Debug\net5.0\fine-code-coverage\build-output'.
TpTrace Information: 0 : 23768, 4, 2022/12/11, 18:15:21.131, 16726644964420, testhost.dll, AssemblyResolver.OnResolve: Microsoft.VisualStudio.TestPlatform.MSTestAdapter.PlatformServices: Loading assembly 'C:\Users\bobici\Source\Repos\dina\vvs-zad1\TestIzboriVVS\bin\Debug\net5.0\fine-code-coverage\build-output\Microsoft.VisualStudio.TestPlatform.MSTestAdapter.PlatformServices.dll'.
TpTrace Information: 0 : 23768, 4, 2022/12/11, 18:15:21.131, 16726644967172, testhost.dll, AssemblyResolver.OnResolve: Resolved assembly: Microsoft.VisualStudio.TestPlatform.MSTestAdapter.PlatformServices, from path: C:\Users\bobici\Source\Repos\dina\vvs-zad1\TestIzboriVVS\bin\Debug\net5.0\fine-code-coverage\build-output\Microsoft.VisualStudio.TestPlatform.MSTestAdapter.PlatformServices.dll
TpTrace Information: 0 : 23768, 4, 2022/12/11, 18:15:21.131, 16726644969382, testhost.dll, MSTest - MSTestExecutor.RunTests: Running tests from sources.
TpTrace Information: 0 : 23768, 4, 2022/12/11, 18:15:21.134, 16726644996404, testhost.dll, MSTest - CollectSourceInformation value Found : False 
TpTrace Information: 0 : 23768, 4, 2022/12/11, 18:15:21.160, 16726645255532, testhost.dll, MSTest - DictionaryHelper.ConcatWithOverwrites: The source is null or empty, returning the overwrite dictionary.
TpTrace Information: 0 : 23768, 4, 2022/12/11, 18:15:21.164, 16726645292614, testhost.dll, MSTest - DictionaryHelper.ConcatWithOverwrites: The source is null or empty, returning the overwrite dictionary.
TpTrace Information: 0 : 23768, 4, 2022/12/11, 18:15:21.167, 16726645330830, testhost.dll, AssemblyResolver.OnResolve: Microsoft.TestPlatform.AdapterUtilities: Resolving assembly.
TpTrace Information: 0 : 23768, 4, 2022/12/11, 18:15:21.168, 16726645331626, testhost.dll, AssemblyResolver.OnResolve: Microsoft.TestPlatform.AdapterUtilities: Searching in: 'C:\Users\bobici\Source\Repos\dina\vvs-zad1\TestIzboriVVS\bin\Debug\net5.0\fine-code-coverage\build-output'.
TpTrace Information: 0 : 23768, 4, 2022/12/11, 18:15:21.168, 16726645333927, testhost.dll, AssemblyResolver.OnResolve: Microsoft.TestPlatform.AdapterUtilities: Loading assembly 'C:\Users\bobici\Source\Repos\dina\vvs-zad1\TestIzboriVVS\bin\Debug\net5.0\fine-code-coverage\build-output\Microsoft.TestPlatform.AdapterUtilities.dll'.
TpTrace Information: 0 : 23768, 4, 2022/12/11, 18:15:21.168, 16726645336624, testhost.dll, AssemblyResolver.OnResolve: Resolved assembly: Microsoft.TestPlatform.AdapterUtilities, from path: C:\Users\bobici\Source\Repos\dina\vvs-zad1\TestIzboriVVS\bin\Debug\net5.0\fine-code-coverage\build-output\Microsoft.TestPlatform.AdapterUtilities.dll
TpTrace Information: 0 : 23768, 4, 2022/12/11, 18:15:21.185, 16726645511040, testhost.dll, MSTest - DictionaryHelper.ConcatWithOverwrites: The source is null or empty, returning the overwrite dictionary.
TpTrace Information: 0 : 23768, 4, 2022/12/11, 18:15:21.250, 16726646155776, testhost.dll, AssemblyResolver.OnResolve: Microsoft.VisualStudio.TestPlatform.TestFramework.resources: Resolving assembly.
TpTrace Information: 0 : 23768, 4, 2022/12/11, 18:15:21.250, 16726646156594, testhost.dll, AssemblyResolver.OnResolve: Microsoft.VisualStudio.TestPlatform.TestFramework.resources: Searching in: 'C:\Users\bobici\Source\Repos\dina\vvs-zad1\TestIzboriVVS\bin\Debug\net5.0\fine-code-coverage\build-output'.
TpTrace Information: 0 : 23768, 4, 2022/12/11, 18:15:21.250, 16726646157333, testhost.dll, AssemblyResolver.OnResolve: Microsoft.VisualStudio.TestPlatform.TestFramework.resources: Assembly path does not exist: 'C:\Users\bobici\Source\Repos\dina\vvs-zad1\TestIzboriVVS\bin\Debug\net5.0\fine-code-coverage\build-output\Microsoft.VisualStudio.TestPlatform.TestFramework.resources.dll', returning.
TpTrace Information: 0 : 23768, 4, 2022/12/11, 18:15:21.250, 16726646158030, testhost.dll, AssemblyResolver.OnResolve: Microsoft.VisualStudio.TestPlatform.TestFramework.resources: Assembly path does not exist: 'C:\Users\bobici\Source\Repos\dina\vvs-zad1\TestIzboriVVS\bin\Debug\net5.0\fine-code-coverage\build-output\Microsoft.VisualStudio.TestPlatform.TestFramework.resources.exe', returning.
TpTrace Information: 0 : 23768, 4, 2022/12/11, 18:15:21.250, 16726646158369, testhost.dll, AssemblyResolver.OnResolve: Microsoft.VisualStudio.TestPlatform.TestFramework.resources: Failed to load assembly.
TpTrace Information: 0 : 23768, 4, 2022/12/11, 18:15:21.262, 16726646275142, testhost.dll, MSTest - DictionaryHelper.ConcatWithOverwrites: The source is null or empty, returning the overwrite dictionary.
TpTrace Information: 0 : 23768, 4, 2022/12/11, 18:15:21.262, 16726646276310, testhost.dll, MSTest - DictionaryHelper.ConcatWithOverwrites: The source is null or empty, returning the overwrite dictionary.
TpTrace Information: 0 : 23768, 4, 2022/12/11, 18:15:21.262, 16726646276950, testhost.dll, MSTest - DictionaryHelper.ConcatWithOverwrites: The source is null or empty, returning the overwrite dictionary.
TpTrace Information: 0 : 23768, 4, 2022/12/11, 18:15:21.262, 16726646277551, testhost.dll, MSTest - DictionaryHelper.ConcatWithOverwrites: The source is null or empty, returning the overwrite dictionary.
TpTrace Information: 0 : 23768, 4, 2022/12/11, 18:15:21.262, 16726646278121, testhost.dll, MSTest - DictionaryHelper.ConcatWithOverwrites: The source is null or empty, returning the overwrite dictionary.
TpTrace Information: 0 : 23768, 4, 2022/12/11, 18:15:21.262, 16726646278716, testhost.dll, MSTest - DictionaryHelper.ConcatWithOverwrites: The source is null or empty, returning the overwrite dictionary.
TpTrace Information: 0 : 23768, 4, 2022/12/11, 18:15:21.262, 16726646281293, testhost.dll, MSTest - DictionaryHelper.ConcatWithOverwrites: The source is null or empty, returning the overwrite dictionary.
TpTrace Information: 0 : 23768, 4, 2022/12/11, 18:15:21.263, 16726646282594, testhost.dll, MSTest - MSTestDiscoverer: Found 20 tests from source C:\Users\bobici\Source\Repos\dina\vvs-zad1\TestIzboriVVS\bin\Debug\net5.0\fine-code-coverage\build-output\TestIzboriVVS.dll
TpTrace Information: 0 : 23768, 4, 2022/12/11, 18:15:21.276, 16726646411876, testhost.dll, AssemblyResolver.OnResolve: Microsoft.VisualStudio.TestPlatform.MSTestAdapter.PlatformServices.resources: Resolving assembly.
TpTrace Information: 0 : 23768, 4, 2022/12/11, 18:15:21.276, 16726646412693, testhost.dll, AssemblyResolver.OnResolve: Microsoft.VisualStudio.TestPlatform.MSTestAdapter.PlatformServices.resources: Searching in: 'C:\Users\bobici\Source\Repos\dina\vvs-zad1\TestIzboriVVS\bin\Debug\net5.0\fine-code-coverage\build-output'.
TpTrace Information: 0 : 23768, 4, 2022/12/11, 18:15:21.276, 16726646413422, testhost.dll, AssemblyResolver.OnResolve: Microsoft.VisualStudio.TestPlatform.MSTestAdapter.PlatformServices.resources: Assembly path does not exist: 'C:\Users\bobici\Source\Repos\dina\vvs-zad1\TestIzboriVVS\bin\Debug\net5.0\fine-code-coverage\build-output\Microsoft.VisualStudio.TestPlatform.MSTestAdapter.PlatformServices.resources.dll', returning.
TpTrace Information: 0 : 23768, 4, 2022/12/11, 18:15:21.276, 16726646414069, testhost.dll, AssemblyResolver.OnResolve: Microsoft.VisualStudio.TestPlatform.MSTestAdapter.PlatformServices.resources: Assembly path does not exist: 'C:\Users\bobici\Source\Repos\dina\vvs-zad1\TestIzboriVVS\bin\Debug\net5.0\fine-code-coverage\build-output\Microsoft.VisualStudio.TestPlatform.MSTestAdapter.PlatformServices.resources.exe', returning.
TpTrace Information: 0 : 23768, 4, 2022/12/11, 18:15:21.276, 16726646414363, testhost.dll, AssemblyResolver.OnResolve: Microsoft.VisualStudio.TestPlatform.MSTestAdapter.PlatformServices.resources: Failed to load assembly.
TpTrace Information: 0 : 23768, 4, 2022/12/11, 18:15:21.276, 16726646415797, testhost.dll, AssemblyResolver.OnResolve: Microsoft.VisualStudio.TestPlatform.MSTestAdapter.PlatformServices.resources: Resolving assembly.
TpTrace Information: 0 : 23768, 4, 2022/12/11, 18:15:21.276, 16726646416165, testhost.dll, AssemblyResolver.OnResolve: Microsoft.VisualStudio.TestPlatform.MSTestAdapter.PlatformServices.resources: Resolved from cache.
TpTrace Information: 0 : 23768, 4, 2022/12/11, 18:15:21.282, 16726646480155, testhost.dll, MSTest - Created unit-test runner C:\Users\bobici\Source\Repos\dina\vvs-zad1\TestIzboriVVS\bin\Debug\net5.0\fine-code-coverage\build-output\TestIzboriVVS.dll
TpTrace Verbose: 0 : 23768, 4, 2022/12/11, 18:15:21.290, 16726646556553, testhost.dll, TestExecutionRecorder.RecordStart: Starting test: TestIzboriVVS.UnitTestDrugi.VjerodostojnostGlasacaTest.
TpTrace Verbose: 0 : 23768, 4, 2022/12/11, 18:15:21.345, 16726647102111, testhost.dll, MulticastDelegateUtilities.SafeInvoke: TestCaseEventsHandler.RaiseTestCaseStart: Invoking callback 1/1 for Microsoft.VisualStudio.TestPlatform.CrossPlatEngine.DataCollection.ProxyOutOfProcDataCollectionManager.TriggerTestCaseStart, took 52 ms.
TpTrace Information: 0 : 23768, 4, 2022/12/11, 18:15:21.345, 16726647103551, testhost.dll, MSTest - Executing test VjerodostojnostGlasacaTest
TpTrace Information: 0 : 23768, 4, 2022/12/11, 18:15:21.370, 16726647357043, testhost.dll, MSTest - Executed test VjerodostojnostGlasacaTest
TpTrace Verbose: 0 : 23768, 4, 2022/12/11, 18:15:21.373, 16726647384394, testhost.dll, TestExecutionRecorder.RecordEnd: test: TestIzboriVVS.UnitTestDrugi.VjerodostojnostGlasacaTest execution completed.
TpTrace Verbose: 0 : 23768, 4, 2022/12/11, 18:15:21.385, 16726647506334, testhost.dll, MulticastDelegateUtilities.SafeInvoke: TestCaseEventsHandler.RaiseTestCaseEnd: Invoking callback 1/1 for Microsoft.VisualStudio.TestPlatform.CrossPlatEngine.DataCollection.ProxyOutOfProcDataCollectionManager.TriggerTestCaseEnd, took 11 ms.
TpTrace Verbose: 0 : 23768, 4, 2022/12/11, 18:15:21.386, 16726647514097, testhost.dll, TestExecutionRecorder.RecordResult: Received result for test: TestIzboriVVS.UnitTestDrugi.VjerodostojnostGlasacaTest.
TpTrace Verbose: 0 : 23768, 4, 2022/12/11, 18:15:21.387, 16726647527203, testhost.dll, MulticastDelegateUtilities.SafeInvoke: TestCaseEventsHandler.RaiseTestCaseEnd: Invoking callback 1/1 for Microsoft.VisualStudio.TestPlatform.CrossPlatEngine.DataCollection.ProxyOutOfProcDataCollectionManager.TriggerSendTestResult, took 1 ms.
TpTrace Warning: 0 : 23768, 4, 2022/12/11, 18:15:21.389, 16726647550855, testhost.dll, TestRunCache: InProgressTests is null
TpTrace Warning: 0 : 23768, 4, 2022/12/11, 18:15:21.390, 16726647552634, testhost.dll, TestRunCache: No test found corresponding to testResult 'VjerodostojnostGlasacaTest' in inProgress list.
TpTrace Verbose: 0 : 23768, 4, 2022/12/11, 18:15:21.390, 16726647553430, testhost.dll, TestExecutionRecorder.RecordStart: Starting test: TestIzboriVVS.UnitTestDrugi.ProvjeraIspravneSifreTest.
TpTrace Verbose: 0 : 23768, 4, 2022/12/11, 18:15:21.391, 16726647570564, testhost.dll, MulticastDelegateUtilities.SafeInvoke: TestCaseEventsHandler.RaiseTestCaseStart: Invoking callback 1/1 for Microsoft.VisualStudio.TestPlatform.CrossPlatEngine.DataCollection.ProxyOutOfProcDataCollectionManager.TriggerTestCaseStart, took 1 ms.
TpTrace Information: 0 : 23768, 4, 2022/12/11, 18:15:21.391, 16726647571111, testhost.dll, MSTest - Executing test ProvjeraIspravneSifreTest
TpTrace Information: 0 : 23768, 4, 2022/12/11, 18:15:21.393, 16726647591313, testhost.dll, MSTest - Executed test ProvjeraIspravneSifreTest
TpTrace Verbose: 0 : 23768, 4, 2022/12/11, 18:15:21.394, 16726647592037, testhost.dll, TestExecutionRecorder.RecordEnd: test: TestIzboriVVS.UnitTestDrugi.ProvjeraIspravneSifreTest execution completed.
TpTrace Verbose: 0 : 23768, 4, 2022/12/11, 18:15:21.395, 16726647606364, testhost.dll, MulticastDelegateUtilities.SafeInvoke: TestCaseEventsHandler.RaiseTestCaseEnd: Invoking callback 1/1 for Microsoft.VisualStudio.TestPlatform.CrossPlatEngine.DataCollection.ProxyOutOfProcDataCollectionManager.TriggerTestCaseEnd, took 1 ms.
TpTrace Verbose: 0 : 23768, 4, 2022/12/11, 18:15:21.395, 16726647606988, testhost.dll, TestExecutionRecorder.RecordResult: Received result for test: TestIzboriVVS.UnitTestDrugi.ProvjeraIspravneSifreTest.
TpTrace Verbose: 0 : 23768, 4, 2022/12/11, 18:15:21.395, 16726647607435, testhost.dll, MulticastDelegateUtilities.SafeInvoke: TestCaseEventsHandler.RaiseTestCaseEnd: Invoking callback 1/1 for Microsoft.VisualStudio.TestPlatform.CrossPlatEngine.DataCollection.ProxyOutOfProcDataCollectionManager.TriggerSendTestResult, took 0 ms.
TpTrace Warning: 0 : 23768, 4, 2022/12/11, 18:15:21.395, 16726647607839, testhost.dll, TestRunCache: InProgressTests is null
TpTrace Warning: 0 : 23768, 4, 2022/12/11, 18:15:21.395, 16726647608144, testhost.dll, TestRunCache: No test found corresponding to testResult 'ProvjeraIspravneSifreTest' in inProgress list.
TpTrace Verbose: 0 : 23768, 4, 2022/12/11, 18:15:21.395, 16726647608695, testhost.dll, TestExecutionRecorder.RecordStart: Starting test: TestIzboriVVS.UnitTestFunkcionalnost5.ProvjeraPogresneSifreTest.
TpTrace Verbose: 0 : 23768, 4, 2022/12/11, 18:15:21.396, 16726647618616, testhost.dll, MulticastDelegateUtilities.SafeInvoke: TestCaseEventsHandler.RaiseTestCaseStart: Invoking callback 1/1 for Microsoft.VisualStudio.TestPlatform.CrossPlatEngine.DataCollection.ProxyOutOfProcDataCollectionManager.TriggerTestCaseStart, took 0 ms.
TpTrace Information: 0 : 23768, 4, 2022/12/11, 18:15:21.396, 16726647619119, testhost.dll, MSTest - Executing test ProvjeraPogresneSifreTest
TpTrace Information: 0 : 23768, 4, 2022/12/11, 18:15:21.399, 16726647642843, testhost.dll, MSTest - Executed test ProvjeraPogresneSifreTest
TpTrace Verbose: 0 : 23768, 4, 2022/12/11, 18:15:21.399, 16726647643658, testhost.dll, TestExecutionRecorder.RecordEnd: test: TestIzboriVVS.UnitTestFunkcionalnost5.ProvjeraPogresneSifreTest execution completed.
TpTrace Verbose: 0 : 23768, 4, 2022/12/11, 18:15:21.400, 16726647655581, testhost.dll, MulticastDelegateUtilities.SafeInvoke: TestCaseEventsHandler.RaiseTestCaseEnd: Invoking callback 1/1 for Microsoft.VisualStudio.TestPlatform.CrossPlatEngine.DataCollection.ProxyOutOfProcDataCollectionManager.TriggerTestCaseEnd, took 1 ms.
TpTrace Verbose: 0 : 23768, 4, 2022/12/11, 18:15:21.400, 16726647656158, testhost.dll, TestExecutionRecorder.RecordResult: Received result for test: TestIzboriVVS.UnitTestFunkcionalnost5.ProvjeraPogresneSifreTest.
TpTrace Verbose: 0 : 23768, 4, 2022/12/11, 18:15:21.400, 16726647656569, testhost.dll, MulticastDelegateUtilities.SafeInvoke: TestCaseEventsHandler.RaiseTestCaseEnd: Invoking callback 1/1 for Microsoft.VisualStudio.TestPlatform.CrossPlatEngine.DataCollection.ProxyOutOfProcDataCollectionManager.TriggerSendTestResult, took 0 ms.
TpTrace Warning: 0 : 23768, 4, 2022/12/11, 18:15:21.400, 16726647656911, testhost.dll, TestRunCache: InProgressTests is null
TpTrace Warning: 0 : 23768, 4, 2022/12/11, 18:15:21.400, 16726647657183, testhost.dll, TestRunCache: No test found corresponding to testResult 'ProvjeraPogresneSifreTest' in inProgress list.
TpTrace Verbose: 0 : 23768, 4, 2022/12/11, 18:15:21.400, 16726647657688, testhost.dll, TestExecutionRecorder.RecordStart: Starting test: TestIzboriVVS.UnitTestFunkcionalnost5.ProvjeraIspravneSifreTest.
TpTrace Verbose: 0 : 23768, 4, 2022/12/11, 18:15:21.401, 16726647666691, testhost.dll, MulticastDelegateUtilities.SafeInvoke: TestCaseEventsHandler.RaiseTestCaseStart: Invoking callback 1/1 for Microsoft.VisualStudio.TestPlatform.CrossPlatEngine.DataCollection.ProxyOutOfProcDataCollectionManager.TriggerTestCaseStart, took 0 ms.
TpTrace Information: 0 : 23768, 4, 2022/12/11, 18:15:21.401, 16726647667198, testhost.dll, MSTest - Executing test ProvjeraIspravneSifreTest
TpTrace Information: 0 : 23768, 4, 2022/12/11, 18:15:21.401, 16726647669835, testhost.dll, MSTest - Executed test ProvjeraIspravneSifreTest
TpTrace Verbose: 0 : 23768, 4, 2022/12/11, 18:15:21.401, 16726647670315, testhost.dll, TestExecutionRecorder.RecordEnd: test: TestIzboriVVS.UnitTestFunkcionalnost5.ProvjeraIspravneSifreTest execution completed.
TpTrace Verbose: 0 : 23768, 4, 2022/12/11, 18:15:21.402, 16726647680468, testhost.dll, MulticastDelegateUtilities.SafeInvoke: TestCaseEventsHandler.RaiseTestCaseEnd: Invoking callback 1/1 for Microsoft.VisualStudio.TestPlatform.CrossPlatEngine.DataCollection.ProxyOutOfProcDataCollectionManager.TriggerTestCaseEnd, took 0 ms.
TpTrace Verbose: 0 : 23768, 4, 2022/12/11, 18:15:21.402, 16726647681020, testhost.dll, TestExecutionRecorder.RecordResult: Received result for test: TestIzboriVVS.UnitTestFunkcionalnost5.ProvjeraIspravneSifreTest.
TpTrace Verbose: 0 : 23768, 4, 2022/12/11, 18:15:21.402, 16726647681454, testhost.dll, MulticastDelegateUtilities.SafeInvoke: TestCaseEventsHandler.RaiseTestCaseEnd: Invoking callback 1/1 for Microsoft.VisualStudio.TestPlatform.CrossPlatEngine.DataCollection.ProxyOutOfProcDataCollectionManager.TriggerSendTestResult, took 0 ms.
TpTrace Warning: 0 : 23768, 4, 2022/12/11, 18:15:21.403, 16726647681798, testhost.dll, TestRunCache: InProgressTests is null
TpTrace Warning: 0 : 23768, 4, 2022/12/11, 18:15:21.403, 16726647682114, testhost.dll, TestRunCache: No test found corresponding to testResult 'ProvjeraIspravneSifreTest' in inProgress list.
TpTrace Verbose: 0 : 23768, 4, 2022/12/11, 18:15:21.403, 16726647682599, testhost.dll, TestExecutionRecorder.RecordStart: Starting test: TestIzboriVVS.UnitTestFunkcionalnost5.RestartGlasanjaTest.
TpTrace Verbose: 0 : 23768, 4, 2022/12/11, 18:15:21.404, 16726647691931, testhost.dll, MulticastDelegateUtilities.SafeInvoke: TestCaseEventsHandler.RaiseTestCaseStart: Invoking callback 1/1 for Microsoft.VisualStudio.TestPlatform.CrossPlatEngine.DataCollection.ProxyOutOfProcDataCollectionManager.TriggerTestCaseStart, took 0 ms.
TpTrace Information: 0 : 23768, 4, 2022/12/11, 18:15:21.404, 16726647692423, testhost.dll, MSTest - Executing test RestartGlasanjaTest
TpTrace Information: 0 : 23768, 4, 2022/12/11, 18:15:21.405, 16726647708695, testhost.dll, MSTest - Executed test RestartGlasanjaTest
TpTrace Verbose: 0 : 23768, 4, 2022/12/11, 18:15:21.405, 16726647709303, testhost.dll, TestExecutionRecorder.RecordEnd: test: TestIzboriVVS.UnitTestFunkcionalnost5.RestartGlasanjaTest execution completed.
TpTrace Verbose: 0 : 23768, 4, 2022/12/11, 18:15:21.406, 16726647719955, testhost.dll, MulticastDelegateUtilities.SafeInvoke: TestCaseEventsHandler.RaiseTestCaseEnd: Invoking callback 1/1 for Microsoft.VisualStudio.TestPlatform.CrossPlatEngine.DataCollection.ProxyOutOfProcDataCollectionManager.TriggerTestCaseEnd, took 1 ms.
TpTrace Verbose: 0 : 23768, 4, 2022/12/11, 18:15:21.406, 16726647720521, testhost.dll, TestExecutionRecorder.RecordResult: Received result for test: TestIzboriVVS.UnitTestFunkcionalnost5.RestartGlasanjaTest.
TpTrace Verbose: 0 : 23768, 4, 2022/12/11, 18:15:21.406, 16726647720933, testhost.dll, MulticastDelegateUtilities.SafeInvoke: TestCaseEventsHandler.RaiseTestCaseEnd: Invoking callback 1/1 for Microsoft.VisualStudio.TestPlatform.CrossPlatEngine.DataCollection.ProxyOutOfProcDataCollectionManager.TriggerSendTestResult, took 0 ms.
TpTrace Warning: 0 : 23768, 4, 2022/12/11, 18:15:21.406, 16726647721273, testhost.dll, TestRunCache: InProgressTests is null
TpTrace Warning: 0 : 23768, 4, 2022/12/11, 18:15:21.406, 16726647721550, testhost.dll, TestRunCache: No test found corresponding to testResult 'RestartGlasanjaTest' in inProgress list.
TpTrace Verbose: 0 : 23768, 4, 2022/12/11, 18:15:21.407, 16726647722040, testhost.dll, TestExecutionRecorder.RecordStart: Starting test: TestIzboriVVS.UnitTestFunkcionalnost5.RestartGlasanja2Test.
TpTrace Verbose: 0 : 23768, 4, 2022/12/11, 18:15:21.407, 16726647730695, testhost.dll, MulticastDelegateUtilities.SafeInvoke: TestCaseEventsHandler.RaiseTestCaseStart: Invoking callback 1/1 for Microsoft.VisualStudio.TestPlatform.CrossPlatEngine.DataCollection.ProxyOutOfProcDataCollectionManager.TriggerTestCaseStart, took 0 ms.
TpTrace Information: 0 : 23768, 4, 2022/12/11, 18:15:21.407, 16726647731238, testhost.dll, MSTest - Executing test RestartGlasanja2Test
TpTrace Information: 0 : 23768, 4, 2022/12/11, 18:15:21.408, 16726647735362, testhost.dll, MSTest - Executed test RestartGlasanja2Test
TpTrace Verbose: 0 : 23768, 4, 2022/12/11, 18:15:21.408, 16726647735823, testhost.dll, TestExecutionRecorder.RecordEnd: test: TestIzboriVVS.UnitTestFunkcionalnost5.RestartGlasanja2Test execution completed.
TpTrace Verbose: 0 : 23768, 4, 2022/12/11, 18:15:21.409, 16726647745185, testhost.dll, MulticastDelegateUtilities.SafeInvoke: TestCaseEventsHandler.RaiseTestCaseEnd: Invoking callback 1/1 for Microsoft.VisualStudio.TestPlatform.CrossPlatEngine.DataCollection.ProxyOutOfProcDataCollectionManager.TriggerTestCaseEnd, took 0 ms.
TpTrace Verbose: 0 : 23768, 4, 2022/12/11, 18:15:21.409, 16726647745676, testhost.dll, TestExecutionRecorder.RecordResult: Received result for test: TestIzboriVVS.UnitTestFunkcionalnost5.RestartGlasanja2Test.
TpTrace Verbose: 0 : 23768, 4, 2022/12/11, 18:15:21.409, 16726647746062, testhost.dll, MulticastDelegateUtilities.SafeInvoke: TestCaseEventsHandler.RaiseTestCaseEnd: Invoking callback 1/1 for Microsoft.VisualStudio.TestPlatform.CrossPlatEngine.DataCollection.ProxyOutOfProcDataCollectionManager.TriggerSendTestResult, took 0 ms.
TpTrace Warning: 0 : 23768, 4, 2022/12/11, 18:15:21.409, 16726647746382, testhost.dll, TestRunCache: InProgressTests is null
TpTrace Warning: 0 : 23768, 4, 2022/12/11, 18:15:21.409, 16726647746653, testhost.dll, TestRunCache: No test found corresponding to testResult 'RestartGlasanja2Test' in inProgress list.
TpTrace Verbose: 0 : 23768, 4, 2022/12/11, 18:15:21.409, 16726647747135, testhost.dll, TestExecutionRecorder.RecordStart: Starting test: TestIzboriVVS.UnitTestFunkcionalnost5.TestProvjeraNeispravneSifreCSV.
TpTrace Verbose: 0 : 23768, 4, 2022/12/11, 18:15:21.414, 16726647795392, testhost.dll, MulticastDelegateUtilities.SafeInvoke: TestCaseEventsHandler.RaiseTestCaseStart: Invoking callback 1/1 for Microsoft.VisualStudio.TestPlatform.CrossPlatEngine.DataCollection.ProxyOutOfProcDataCollectionManager.TriggerTestCaseStart, took 4 ms.
TpTrace Information: 0 : 23768, 4, 2022/12/11, 18:15:21.414, 16726647796089, testhost.dll, MSTest - Executing test TestProvjeraNeispravneSifreCSV
TpTrace Information: 0 : 23768, 4, 2022/12/11, 18:15:21.417, 16726647829687, testhost.dll, MSTest - Executed test TestProvjeraNeispravneSifreCSV
TpTrace Verbose: 0 : 23768, 4, 2022/12/11, 18:15:21.417, 16726647830370, testhost.dll, TestExecutionRecorder.RecordEnd: test: TestIzboriVVS.UnitTestFunkcionalnost5.TestProvjeraNeispravneSifreCSV execution completed.
TpTrace Verbose: 0 : 23768, 4, 2022/12/11, 18:15:21.419, 16726647842568, testhost.dll, MulticastDelegateUtilities.SafeInvoke: TestCaseEventsHandler.RaiseTestCaseEnd: Invoking callback 1/1 for Microsoft.VisualStudio.TestPlatform.CrossPlatEngine.DataCollection.ProxyOutOfProcDataCollectionManager.TriggerTestCaseEnd, took 1 ms.
TpTrace Verbose: 0 : 23768, 4, 2022/12/11, 18:15:21.419, 16726647843178, testhost.dll, TestExecutionRecorder.RecordResult: Received result for test: TestIzboriVVS.UnitTestFunkcionalnost5.TestProvjeraNeispravneSifreCSV.
TpTrace Verbose: 0 : 23768, 4, 2022/12/11, 18:15:21.419, 16726647843559, testhost.dll, MulticastDelegateUtilities.SafeInvoke: TestCaseEventsHandler.RaiseTestCaseEnd: Invoking callback 1/1 for Microsoft.VisualStudio.TestPlatform.CrossPlatEngine.DataCollection.ProxyOutOfProcDataCollectionManager.TriggerSendTestResult, took 0 ms.
TpTrace Warning: 0 : 23768, 4, 2022/12/11, 18:15:21.419, 16726647843874, testhost.dll, TestRunCache: InProgressTests is null
TpTrace Warning: 0 : 23768, 4, 2022/12/11, 18:15:21.419, 16726647844121, testhost.dll, TestRunCache: No test found corresponding to testResult 'TestProvjeraNeispravneSifreCSV (prva)' in inProgress list.
TpTrace Verbose: 0 : 23768, 4, 2022/12/11, 18:15:21.419, 16726647844634, testhost.dll, TestExecutionRecorder.RecordStart: Starting test: TestIzboriVVS.UnitTestFunkcionalnost5.TestProvjeraNeispravneSifreCSV.
TpTrace Verbose: 0 : 23768, 4, 2022/12/11, 18:15:21.420, 16726647854841, testhost.dll, MulticastDelegateUtilities.SafeInvoke: TestCaseEventsHandler.RaiseTestCaseStart: Invoking callback 1/1 for Microsoft.VisualStudio.TestPlatform.CrossPlatEngine.DataCollection.ProxyOutOfProcDataCollectionManager.TriggerTestCaseStart, took 0 ms.
TpTrace Information: 0 : 23768, 4, 2022/12/11, 18:15:21.420, 16726647855371, testhost.dll, MSTest - Executing test TestProvjeraNeispravneSifreCSV
TpTrace Information: 0 : 23768, 4, 2022/12/11, 18:15:21.420, 16726647857834, testhost.dll, MSTest - Executed test TestProvjeraNeispravneSifreCSV
TpTrace Verbose: 0 : 23768, 4, 2022/12/11, 18:15:21.420, 16726647858277, testhost.dll, TestExecutionRecorder.RecordEnd: test: TestIzboriVVS.UnitTestFunkcionalnost5.TestProvjeraNeispravneSifreCSV execution completed.
TpTrace Verbose: 0 : 23768, 4, 2022/12/11, 18:15:21.421, 16726647867917, testhost.dll, MulticastDelegateUtilities.SafeInvoke: TestCaseEventsHandler.RaiseTestCaseEnd: Invoking callback 1/1 for Microsoft.VisualStudio.TestPlatform.CrossPlatEngine.DataCollection.ProxyOutOfProcDataCollectionManager.TriggerTestCaseEnd, took 0 ms.
TpTrace Verbose: 0 : 23768, 4, 2022/12/11, 18:15:21.421, 16726647868418, testhost.dll, TestExecutionRecorder.RecordResult: Received result for test: TestIzboriVVS.UnitTestFunkcionalnost5.TestProvjeraNeispravneSifreCSV.
TpTrace Verbose: 0 : 23768, 4, 2022/12/11, 18:15:21.421, 16726647868821, testhost.dll, MulticastDelegateUtilities.SafeInvoke: TestCaseEventsHandler.RaiseTestCaseEnd: Invoking callback 1/1 for Microsoft.VisualStudio.TestPlatform.CrossPlatEngine.DataCollection.ProxyOutOfProcDataCollectionManager.TriggerSendTestResult, took 0 ms.
TpTrace Warning: 0 : 23768, 4, 2022/12/11, 18:15:21.421, 16726647869136, testhost.dll, TestRunCache: InProgressTests is null
TpTrace Warning: 0 : 23768, 4, 2022/12/11, 18:15:21.421, 16726647869386, testhost.dll, TestRunCache: No test found corresponding to testResult 'TestProvjeraNeispravneSifreCSV (druga)' in inProgress list.
TpTrace Verbose: 0 : 23768, 4, 2022/12/11, 18:15:21.421, 16726647869844, testhost.dll, TestExecutionRecorder.RecordStart: Starting test: TestIzboriVVS.UnitTestFunkcionalnost5.TestProvjeraNeispravneSifreCSV.
TpTrace Verbose: 0 : 23768, 4, 2022/12/11, 18:15:21.422, 16726647879150, testhost.dll, MulticastDelegateUtilities.SafeInvoke: TestCaseEventsHandler.RaiseTestCaseStart: Invoking callback 1/1 for Microsoft.VisualStudio.TestPlatform.CrossPlatEngine.DataCollection.ProxyOutOfProcDataCollectionManager.TriggerTestCaseStart, took 0 ms.
TpTrace Information: 0 : 23768, 4, 2022/12/11, 18:15:21.422, 16726647879600, testhost.dll, MSTest - Executing test TestProvjeraNeispravneSifreCSV
TpTrace Information: 0 : 23768, 4, 2022/12/11, 18:15:21.422, 16726647881457, testhost.dll, MSTest - Executed test TestProvjeraNeispravneSifreCSV
TpTrace Verbose: 0 : 23768, 4, 2022/12/11, 18:15:21.423, 16726647881859, testhost.dll, TestExecutionRecorder.RecordEnd: test: TestIzboriVVS.UnitTestFunkcionalnost5.TestProvjeraNeispravneSifreCSV execution completed.
TpTrace Verbose: 0 : 23768, 4, 2022/12/11, 18:15:21.424, 16726647895293, testhost.dll, MulticastDelegateUtilities.SafeInvoke: TestCaseEventsHandler.RaiseTestCaseEnd: Invoking callback 1/1 for Microsoft.VisualStudio.TestPlatform.CrossPlatEngine.DataCollection.ProxyOutOfProcDataCollectionManager.TriggerTestCaseEnd, took 1 ms.
TpTrace Verbose: 0 : 23768, 4, 2022/12/11, 18:15:21.424, 16726647895809, testhost.dll, TestExecutionRecorder.RecordResult: Received result for test: TestIzboriVVS.UnitTestFunkcionalnost5.TestProvjeraNeispravneSifreCSV.
TpTrace Verbose: 0 : 23768, 4, 2022/12/11, 18:15:21.424, 16726647896204, testhost.dll, MulticastDelegateUtilities.SafeInvoke: TestCaseEventsHandler.RaiseTestCaseEnd: Invoking callback 1/1 for Microsoft.VisualStudio.TestPlatform.CrossPlatEngine.DataCollection.ProxyOutOfProcDataCollectionManager.TriggerSendTestResult, took 0 ms.
TpTrace Warning: 0 : 23768, 4, 2022/12/11, 18:15:21.424, 16726647896522, testhost.dll, TestRunCache: InProgressTests is null
TpTrace Warning: 0 : 23768, 4, 2022/12/11, 18:15:21.424, 16726647896826, testhost.dll, TestRunCache: No test found corresponding to testResult 'TestProvjeraNeispravneSifreCSV (nevalja)' in inProgress list.
TpTrace Verbose: 0 : 23768, 4, 2022/12/11, 18:15:21.424, 16726647897279, testhost.dll, TestExecutionRecorder.RecordStart: Starting test: TestIzboriVVS.UnitTestFunkcionalnost5.TestProvjeraNeispravneSifreCSV.
TpTrace Information: 0 : 23768, 4, 2022/12/11, 18:15:21.425, 16726647909467, testhost.dll, Sending test run statistics
TpTrace Verbose: 0 : 23768, 4, 2022/12/11, 18:15:21.447, 16726648129565, testhost.dll, TestRequestHandler.SendData: sending data from testhost: {"Version":7,"MessageType":"TestExecution.StatsChange","Payload":{"NewTestResults":[{"TestCase":{"Id":"3dfaa6c3-d7af-082e-7f9a-0bc38edc5e11","FullyQualifiedName":"TestIzboriVVS.UnitTestDrugi.VjerodostojnostGlasacaTest","DisplayName":"VjerodostojnostGlasacaTest","ExecutorUri":"executor://MSTestAdapter/v2","Source":"C:\\Users\\bobici\\Source\\Repos\\dina\\vvs-zad1\\TestIzboriVVS\\bin\\Debug\\net5.0\\fine-code-coverage\\build-output\\TestIzboriVVS.dll","CodeFilePath":null,"LineNumber":-1,"Properties":[{"Key":{"Id":"TestCase.ManagedType","Label":"ManagedType","Category":"","Description":"","Attributes":1,"ValueType":"System.String"},"Value":"TestIzboriVVS.UnitTestDrugi"},{"Key":{"Id":"TestCase.ManagedMethod","Label":"ManagedMethod","Category":"","Description":"","Attributes":1,"ValueType":"System.String"},"Value":"VjerodostojnostGlasacaTest"},{"Key":{"Id":"MSTestDiscoverer.TestClassName","Label":"ClassName","Category":"","Description":"","Attributes":1,"ValueType":"System.String"},"Value":"TestIzboriVVS.UnitTestDrugi"},{"Key":{"Id":"TestCase.Hierarchy","Label":"Hierarchy","Category":"","Description":"","Attributes":2,"ValueType":"System.String[]"},"Value":["TestIzboriVVS","UnitTestDrugi"]},{"Key":{"Id":"TestObject.Traits","Label":"Traits","Category":"","Description":"","Attributes":5,"ValueType":"System.Collections.Generic.KeyValuePair`2[[System.String],[System.String]][]"},"Value":[]}]},"Attachments":[],"Outcome":1,"ErrorMessage":null,"ErrorStackTrace":null,"DisplayName":"VjerodostojnostGlasacaTest","Messages":[],"ComputerName":null,"Duration":"00:00:00.0121127","StartTime":"2022-12-11T18:15:21.3451177+01:00","EndTime":"2022-12-11T18:15:21.3706279+01:00","Properties":[{"Key":{"Id":"ExecutionId","Label":"ExecutionId","Category":"","Description":"","Attributes":1,"ValueType":"System.Guid"},"Value":"00000000-0000-0000-0000-000000000000"},{"Key":{"Id":"ParentExecId","Label":"ParentExecId","Category":"","Description":"","Attributes":1,"ValueType":"System.Guid"},"Value":"00000000-0000-0000-0000-000000000000"},{"Key":{"Id":"InnerResultsCount","Label":"InnerResultsCount","Category":"","Description":"","Attributes":1,"ValueType":"System.Int32"},"Value":0}]},{"TestCase":{"Id":"ff236557-cedb-aed4-a075-285445e10243","FullyQualifiedName":"TestIzboriVVS.UnitTestDrugi.ProvjeraIspravneSifreTest","DisplayName":"ProvjeraIspravneSifreTest","ExecutorUri":"executor://MSTestAdapter/v2","Source":"C:\\Users\\bobici\\Source\\Repos\\dina\\vvs-zad1\\TestIzboriVVS\\bin\\Debug\\net5.0\\fine-code-coverage\\build-output\\TestIzboriVVS.dll","CodeFilePath":null,"LineNumber":-1,"Properties":[{"Key":{"Id":"TestCase.ManagedType","Label":"ManagedType","Category":"","Description":"","Attributes":1,"ValueType":"System.String"},"Value":"TestIzboriVVS.UnitTestDrugi"},{"Key":{"Id":"TestCase.ManagedMethod","Label":"ManagedMethod","Category":"","Description":"","Attributes":1,"ValueType":"System.String"},"Value":"ProvjeraIspravneSifreTest"},{"Key":{"Id":"MSTestDiscoverer.TestClassName","Label":"ClassName","Category":"","Description":"","Attributes":1,"ValueType":"System.String"},"Value":"TestIzboriVVS.UnitTestDrugi"},{"Key":{"Id":"TestCase.Hierarchy","Label":"Hierarchy","Category":"","Description":"","Attributes":2,"ValueType":"System.String[]"},"Value":["TestIzboriVVS","UnitTestDrugi"]},{"Key":{"Id":"TestObject.Traits","Label":"Traits","Category":"","Description":"","Attributes":5,"ValueType":"System.Collections.Generic.KeyValuePair`2[[System.String],[System.String]][]"},"Value":[]}]},"Attachments":[],"Outcome":1,"ErrorMessage":null,"ErrorStackTrace":null,"DisplayName":"ProvjeraIspravneSifreTest","Messages":[],"ComputerName":null,"Duration":"00:00:00.0017406","StartTime":"2022-12-11T18:15:21.3919457+01:00","EndTime":"2022-12-11T18:15:21.3940253+01:00","Properties":[{"Key":{"Id":"ExecutionId","Label":"ExecutionId","Category":"","Description":"","Attributes":1,"ValueType":"System.Guid"},"Value":"00000000-0000-0000-0000-000000000000"},{"Key":{"Id":"ParentExecId","Label":"ParentExecId","Category":"","Description":"","Attributes":1,"ValueType":"System.Guid"},"Value":"00000000-0000-0000-0000-000000000000"},{"Key":{"Id":"InnerResultsCount","Label":"InnerResultsCount","Category":"","Description":"","Attributes":1,"ValueType":"System.Int32"},"Value":0}]},{"TestCase":{"Id":"7e116520-37f2-7a45-3132-b51b14161603","FullyQualifiedName":"TestIzboriVVS.UnitTestFunkcionalnost5.ProvjeraPogresneSifreTest","DisplayName":"ProvjeraPogresneSifreTest","ExecutorUri":"executor://MSTestAdapter/v2","Source":"C:\\Users\\bobici\\Source\\Repos\\dina\\vvs-zad1\\TestIzboriVVS\\bin\\Debug\\net5.0\\fine-code-coverage\\build-output\\TestIzboriVVS.dll","CodeFilePath":null,"LineNumber":-1,"Properties":[{"Key":{"Id":"TestCase.ManagedType","Label":"ManagedType","Category":"","Description":"","Attributes":1,"ValueType":"System.String"},"Value":"TestIzboriVVS.UnitTestFunkcionalnost5"},{"Key":{"Id":"TestCase.ManagedMethod","Label":"ManagedMethod","Category":"","Description":"","Attributes":1,"ValueType":"System.String"},"Value":"ProvjeraPogresneSifreTest"},{"Key":{"Id":"MSTestDiscoverer.TestClassName","Label":"ClassName","Category":"","Description":"","Attributes":1,"ValueType":"System.String"},"Value":"TestIzboriVVS.UnitTestFunkcionalnost5"},{"Key":{"Id":"TestCase.Hierarchy","Label":"Hierarchy","Category":"","Description":"","Attributes":2,"ValueType":"System.String[]"},"Value":["TestIzboriVVS","UnitTestFunkcionalnost5"]},{"Key":{"Id":"TestObject.Traits","Label":"Traits","Category":"","Description":"","Attributes":5,"ValueType":"System.Collections.Generic.KeyValuePair`2[[System.String],[System.String]][]"},"Value":[]}]},"Attachments":[],"Outcome":1,"ErrorMessage":null,"ErrorStackTrace":null,"DisplayName":"ProvjeraPogresneSifreTest","Messages":[],"ComputerName":null,"Duration":"00:00:00.0003007","StartTime":"2022-12-11T18:15:21.3967469+01:00","EndTime":"2022-12-11T18:15:21.399193+01:00","Properties":[{"Key":{"Id":"ExecutionId","Label":"ExecutionId","Category":"","Description":"","Attributes":1,"ValueType":"System.Guid"},"Value":"00000000-0000-0000-0000-000000000000"},{"Key":{"Id":"ParentExecId","Label":"ParentExecId","Category":"","Description":"","Attributes":1,"ValueType":"System.Guid"},"Value":"00000000-0000-0000-0000-000000000000"},{"Key":{"Id":"InnerResultsCount","Label":"InnerResultsCount","Category":"","Description":"","Attributes":1,"ValueType":"System.Int32"},"Value":0}]},{"TestCase":{"Id":"79f74cc7-0cb5-9fe9-d520-7f977e4ec9b0","FullyQualifiedName":"TestIzboriVVS.UnitTestFunkcionalnost5.ProvjeraIspravneSifreTest","DisplayName":"ProvjeraIspravneSifreTest","ExecutorUri":"executor://MSTestAdapter/v2","Source":"C:\\Users\\bobici\\Source\\Repos\\dina\\vvs-zad1\\TestIzboriVVS\\bin\\Debug\\net5.0\\fine-code-coverage\\build-output\\TestIzboriVVS.dll","CodeFilePath":null,"LineNumber":-1,"Properties":[{"Key":{"Id":"TestCase.ManagedType","Label":"ManagedType","Category":"","Description":"","Attributes":1,"ValueType":"System.String"},"Value":"TestIzboriVVS.UnitTestFunkcionalnost5"},{"Key":{"Id":"TestCase.ManagedMethod","Label":"ManagedMethod","Category":"","Description":"","Attributes":1,"ValueType":"System.String"},"Value":"ProvjeraIspravneSifreTest"},{"Key":{"Id":"MSTestDiscoverer.TestClassName","Label":"ClassName","Category":"","Description":"","Attributes":1,"ValueType":"System.String"},"Value":"TestIzboriVVS.UnitTestFunkcionalnost5"},{"Key":{"Id":"TestCase.Hierarchy","Label":"Hierarchy","Category":"","Description":"","Attributes":2,"ValueType":"System.String[]"},"Value":["TestIzboriVVS","UnitTestFunkcionalnost5"]},{"Key":{"Id":"TestObject.Traits","Label":"Traits","Category":"","Description":"","Attributes":5,"ValueType":"System.Collections.Generic.KeyValuePair`2[[System.String],[System.String]][]"},"Value":[]}]},"Attachments":[],"Outcome":1,"ErrorMessage":null,"ErrorStackTrace":null,"DisplayName":"ProvjeraIspravneSifreTest","Messages":[],"ComputerName":null,"Duration":"00:00:00.0001488","StartTime":"2022-12-11T18:15:21.4015548+01:00","EndTime":"2022-12-11T18:15:21.4018579+01:00","Properties":[{"Key":{"Id":"ExecutionId","Label":"ExecutionId","Category":"","Description":"","Attributes":1,"ValueType":"System.Guid"},"Value":"00000000-0000-0000-0000-000000000000"},{"Key":{"Id":"ParentExecId","Label":"ParentExecId","Category":"","Description":"","Attributes":1,"ValueType":"System.Guid"},"Value":"00000000-0000-0000-0000-000000000000"},{"Key":{"Id":"InnerResultsCount","Label":"InnerResultsCount","Category":"","Description":"","Attributes":1,"ValueType":"System.Int32"},"Value":0}]},{"TestCase":{"Id":"2a195b40-7987-822f-1d6d-dd6d3cdbdbd3","FullyQualifiedName":"TestIzboriVVS.UnitTestFunkcionalnost5.RestartGlasanjaTest","DisplayName":"RestartGlasanjaTest","ExecutorUri":"executor://MSTestAdapter/v2","Source":"C:\\Users\\bobici\\Source\\Repos\\dina\\vvs-zad1\\TestIzboriVVS\\bin\\Debug\\net5.0\\fine-code-coverage\\build-output\\TestIzboriVVS.dll","CodeFilePath":null,"LineNumber":-1,"Properties":[{"Key":{"Id":"TestCase.ManagedType","Label":"ManagedType","Category":"","Description":"","Attributes":1,"ValueType":"System.String"},"Value":"TestIzboriVVS.UnitTestFunkcionalnost5"},{"Key":{"Id":"TestCase.ManagedMethod","Label":"ManagedMethod","Category":"","Description":"","Attributes":1,"ValueType":"System.String"},"Value":"RestartGlasanjaTest"},{"Key":{"Id":"MSTestDiscoverer.TestClassName","Label":"ClassName","Category":"","Description":"","Attributes":1,"ValueType":"System.String"},"Value":"TestIzboriVVS.UnitTestFunkcionalnost5"},{"Key":{"Id":"TestCase.Hierarchy","Label":"Hierarchy","Category":"","Description":"","Attributes":2,"ValueType":"System.String[]"},"Value":["TestIzboriVVS","UnitTestFunkcionalnost5"]},{"Key":{"Id":"TestObject.Traits","Label":"Traits","Category":"","Description":"","Attributes":5,"ValueType":"System.Collections.Generic.KeyValuePair`2[[System.String],[System.String]][]"},"Value":[]}]},"Attachments":[],"Outcome":1,"ErrorMessage":null,"ErrorStackTrace":null,"DisplayName":"RestartGlasanjaTest","Messages":[],"ComputerName":null,"Duration":"00:00:00.0014936","StartTime":"2022-12-11T18:15:21.4040773+01:00","EndTime":"2022-12-11T18:15:21.4057581+01:00","Properties":[{"Key":{"Id":"ExecutionId","Label":"ExecutionId","Category":"","Description":"","Attributes":1,"ValueType":"System.Guid"},"Value":"00000000-0000-0000-0000-000000000000"},{"Key":{"Id":"ParentExecId","Label":"ParentExecId","Category":"","Description":"","Attributes":1,"ValueType":"System.Guid"},"Value":"00000000-0000-0000-0000-000000000000"},{"Key":{"Id":"InnerResultsCount","Label":"InnerResultsCount","Category":"","Description":"","Attributes":1,"ValueType":"System.Int32"},"Value":0}]},{"TestCase":{"Id":"24ff35e5-ee62-4181-c5f6-0811dba15f53","FullyQualifiedName":"TestIzboriVVS.UnitTestFunkcionalnost5.RestartGlasanja2Test","DisplayName":"RestartGlasanja2Test","ExecutorUri":"executor://MSTestAdapter/v2","Source":"C:\\Users\\bobici\\Source\\Repos\\dina\\vvs-zad1\\TestIzboriVVS\\bin\\Debug\\net5.0\\fine-code-coverage\\build-output\\TestIzboriVVS.dll","CodeFilePath":null,"LineNumber":-1,"Properties":[{"Key":{"Id":"TestCase.ManagedType","Label":"ManagedType","Category":"","Description":"","Attributes":1,"ValueType":"System.String"},"Value":"TestIzboriVVS.UnitTestFunkcionalnost5"},{"Key":{"Id":"TestCase.ManagedMethod","Label":"ManagedMethod","Category":"","Description":"","Attributes":1,"ValueType":"System.String"},"Value":"RestartGlasanja2Test"},{"Key":{"Id":"MSTestDiscoverer.TestClassName","Label":"ClassName","Category":"","Description":"","Attributes":1,"ValueType":"System.String"},"Value":"TestIzboriVVS.UnitTestFunkcionalnost5"},{"Key":{"Id":"TestCase.Hierarchy","Label":"Hierarchy","Category":"","Description":"","Attributes":2,"ValueType":"System.String[]"},"Value":["TestIzboriVVS","UnitTestFunkcionalnost5"]},{"Key":{"Id":"TestObject.Traits","Label":"Traits","Category":"","Description":"","Attributes":5,"ValueType":"System.Collections.Generic.KeyValuePair`2[[System.String],[System.String]][]"},"Value":[]}]},"Attachments":[],"Outcome":1,"ErrorMessage":null,"ErrorStackTrace":null,"DisplayName":"RestartGlasanja2Test","Messages":[],"ComputerName":null,"Duration":"00:00:00.0002981","StartTime":"2022-12-11T18:15:21.4079591+01:00","EndTime":"2022-12-11T18:15:21.4084137+01:00","Properties":[{"Key":{"Id":"ExecutionId","Label":"ExecutionId","Category":"","Description":"","Attributes":1,"ValueType":"System.Guid"},"Value":"00000000-0000-0000-0000-000000000000"},{"Key":{"Id":"ParentExecId","Label":"ParentExecId","Category":"","Description":"","Attributes":1,"ValueType":"System.Guid"},"Value":"00000000-0000-0000-0000-000000000000"},{"Key":{"Id":"InnerResultsCount","Label":"InnerResultsCount","Category":"","Description":"","Attributes":1,"ValueType":"System.Int32"},"Value":0}]},{"TestCase":{"Id":"85b0a2df-7b82-ea16-f881-2e054f57b4f4","FullyQualifiedName":"TestIzboriVVS.UnitTestFunkcionalnost5.TestProvjeraNeispravneSifreCSV","DisplayName":"TestProvjeraNeispravneSifreCSV (prva)","ExecutorUri":"executor://MSTestAdapter/v2","Source":"C:\\Users\\bobici\\Source\\Repos\\dina\\vvs-zad1\\TestIzboriVVS\\bin\\Debug\\net5.0\\fine-code-coverage\\build-output\\TestIzboriVVS.dll","CodeFilePath":null,"LineNumber":-1,"Properties":[{"Key":{"Id":"TestCase.ManagedType","Label":"ManagedType","Category":"","Description":"","Attributes":1,"ValueType":"System.String"},"Value":"TestIzboriVVS.UnitTestFunkcionalnost5"},{"Key":{"Id":"TestCase.ManagedMethod","Label":"ManagedMethod","Category":"","Description":"","Attributes":1,"ValueType":"System.String"},"Value":"TestProvjeraNeispravneSifreCSV(System.String)"},{"Key":{"Id":"MSTestDiscoverer.TestClassName","Label":"ClassName","Category":"","Description":"","Attributes":1,"ValueType":"System.String"},"Value":"TestIzboriVVS.UnitTestFunkcionalnost5"},{"Key":{"Id":"TestCase.Hierarchy","Label":"Hierarchy","Category":"","Description":"","Attributes":2,"ValueType":"System.String[]"},"Value":["TestIzboriVVS","UnitTestFunkcionalnost5"]},{"Key":{"Id":"TestObject.Traits","Label":"Traits","Category":"","Description":"","Attributes":5,"ValueType":"System.Collections.Generic.KeyValuePair`2[[System.String],[System.String]][]"},"Value":[]},{"Key":{"Id":"MSTest.DynamicDataType","Label":"DynamicDataType","Category":"","Description":"","Attributes":1,"ValueType":"System.Int32"},"Value":2},{"Key":{"Id":"MSTest.DynamicData","Label":"DynamicData","Category":"","Description":"","Attributes":1,"ValueType":"System.String[]"},"Value":["System.String, System.Private.CoreLib, Version=5.0.0.0, Culture=neutral, PublicKeyToken=7cec85d7bea7798e","\"prva\""]}]},"Attachments":[],"Outcome":1,"ErrorMessage":null,"ErrorStackTrace":null,"DisplayName":"TestProvjeraNeispravneSifreCSV (prva)","Messages":[],"ComputerName":null,"Duration":"00:00:00.0001278","StartTime":"2022-12-11T18:15:21.4144425+01:00","EndTime":"2022-12-11T18:15:21.417865+01:00","Properties":[{"Key":{"Id":"ExecutionId","Label":"ExecutionId","Category":"","Description":"","Attributes":1,"ValueType":"System.Guid"},"Value":"00000000-0000-0000-0000-000000000000"},{"Key":{"Id":"ParentExecId","Label":"ParentExecId","Category":"","Description":"","Attributes":1,"ValueType":"System.Guid"},"Value":"00000000-0000-0000-0000-000000000000"},{"Key":{"Id":"InnerResultsCount","Label":"InnerResultsCount","Category":"","Description":"","Attributes":1,"ValueType":"System.Int32"},"Value":0}]},{"TestCase":{"Id":"f55fb2da-a364-b9d3-252b-ffbce02d0a52","FullyQualifiedName":"TestIzboriVVS.UnitTestFunkcionalnost5.TestProvjeraNeispravneSifreCSV","DisplayName":"TestProvjeraNeispravneSifreCSV (druga)","ExecutorUri":"executor://MSTestAdapter/v2","Source":"C:\\Users\\bobici\\Source\\Repos\\dina\\vvs-zad1\\TestIzboriVVS\\bin\\Debug\\net5.0\\fine-code-coverage\\build-output\\TestIzboriVVS.dll","CodeFilePath":null,"LineNumber":-1,"Properties":[{"Key":{"Id":"TestCase.ManagedType","Label":"ManagedType","Category":"","Description":"","Attributes":1,"ValueType":"System.String"},"Value":"TestIzboriVVS.UnitTestFunkcionalnost5"},{"Key":{"Id":"TestCase.ManagedMethod","Label":"ManagedMethod","Category":"","Description":"","Attributes":1,"ValueType":"System.String"},"Value":"TestProvjeraNeispravneSifreCSV(System.String)"},{"Key":{"Id":"MSTestDiscoverer.TestClassName","Label":"ClassName","Category":"","Description":"","Attributes":1,"ValueType":"System.String"},"Value":"TestIzboriVVS.UnitTestFunkcionalnost5"},{"Key":{"Id":"TestCase.Hierarchy","Label":"Hierarchy","Category":"","Description":"","Attributes":2,"ValueType":"System.String[]"},"Value":["TestIzboriVVS","UnitTestFunkcionalnost5"]},{"Key":{"Id":"TestObject.Traits","Label":"Traits","Category":"","Description":"","Attributes":5,"ValueType":"System.Collections.Generic.KeyValuePair`2[[System.String],[System.String]][]"},"Value":[]},{"Key":{"Id":"MSTest.DynamicDataType","Label":"DynamicDataType","Category":"","Description":"","Attributes":1,"ValueType":"System.Int32"},"Value":2},{"Key":{"Id":"MSTest.DynamicData","Label":"DynamicData","Category":"","Description":"","Attributes":1,"ValueType":"System.String[]"},"Value":["System.String, System.Private.CoreLib, Version=5.0.0.0, Culture=neutral, PublicKeyToken=7cec85d7bea7798e","\"druga\""]}]},"Attachments":[],"Outcome":1,"ErrorMessage":null,"ErrorStackTrace":null,"DisplayName":"TestProvjeraNeispravneSifreCSV (druga)","Messages":[],"ComputerName":null,"Duration":"00:00:00.0000706","StartTime":"2022-12-11T18:15:21.4203718+01:00","EndTime":"2022-12-11T18:15:21.4206587+01:00","Properties":[{"Key":{"Id":"ExecutionId","Label":"ExecutionId","Category":"","Description":"","Attributes":1,"ValueType":"System.Guid"},"Value":"00000000-0000-0000-0000-000000000000"},{"Key":{"Id":"ParentExecId","Label":"ParentExecId","Category":"","Description":"","Attributes":1,"ValueType":"System.Guid"},"Value":"00000000-0000-0000-0000-000000000000"},{"Key":{"Id":"InnerResultsCount","Label":"InnerResultsCount","Category":"","Description":"","Attributes":1,"ValueType":"System.Int32"},"Value":0}]},{"TestCase":{"Id":"913aec93-820c-d5b1-c186-e92749d8b1a1","FullyQualifiedName":"TestIzboriVVS.UnitTestFunkcionalnost5.TestProvjeraNeispravneSifreCSV","DisplayName":"TestProvjeraNeispravneSifreCSV (nevalja)","ExecutorUri":"executor://MSTestAdapter/v2","Source":"C:\\Users\\bobici\\Source\\Repos\\dina\\vvs-zad1\\TestIzboriVVS\\bin\\Debug\\net5.0\\fine-code-coverage\\build-output\\TestIzboriVVS.dll","CodeFilePath":null,"LineNumber":-1,"Properties":[{"Key":{"Id":"TestCase.ManagedType","Label":"ManagedType","Category":"","Description":"","Attributes":1,"ValueType":"System.String"},"Value":"TestIzboriVVS.UnitTestFunkcionalnost5"},{"Key":{"Id":"TestCase.ManagedMethod","Label":"ManagedMethod","Category":"","Description":"","Attributes":1,"ValueType":"System.String"},"Value":"TestProvjeraNeispravneSifreCSV(System.String)"},{"Key":{"Id":"MSTestDiscoverer.TestClassName","Label":"ClassName","Category":"","Description":"","Attributes":1,"ValueType":"System.String"},"Value":"TestIzboriVVS.UnitTestFunkcionalnost5"},{"Key":{"Id":"TestCase.Hierarchy","Label":"Hierarchy","Category":"","Description":"","Attributes":2,"ValueType":"System.String[]"},"Value":["TestIzboriVVS","UnitTestFunkcionalnost5"]},{"Key":{"Id":"TestObject.Traits","Label":"Traits","Category":"","Description":"","Attributes":5,"ValueType":"System.Collections.Generic.KeyValuePair`2[[System.String],[System.String]][]"},"Value":[]},{"Key":{"Id":"MSTest.DynamicDataType","Label":"DynamicDataType","Category":"","Description":"","Attributes":1,"ValueType":"System.Int32"},"Value":2},{"Key":{"Id":"MSTest.DynamicData","Label":"DynamicData","Category":"","Description":"","Attributes":1,"ValueType":"System.String[]"},"Value":["System.String, System.Private.CoreLib, Version=5.0.0.0, Culture=neutral, PublicKeyToken=7cec85d7bea7798e","\"nevalja\""]}]},"Attachments":[],"Outcome":1,"ErrorMessage":null,"ErrorStackTrace":null,"DisplayName":"TestProvjeraNeispravneSifreCSV (nevalja)","Messages":[],"ComputerName":null,"Duration":"00:00:00.0000685","StartTime":"2022-12-11T18:15:21.4227958+01:00","EndTime":"2022-12-11T18:15:21.4230181+01:00","Properties":[{"Key":{"Id":"ExecutionId","Label":"ExecutionId","Category":"","Description":"","Attributes":1,"ValueType":"System.Guid"},"Value":"00000000-0000-0000-0000-000000000000"},{"Key":{"Id":"ParentExecId","Label":"ParentExecId","Category":"","Description":"","Attributes":1,"ValueType":"System.Guid"},"Value":"00000000-0000-0000-0000-000000000000"},{"Key":{"Id":"InnerResultsCount","Label":"InnerResultsCount","Category":"","Description":"","Attributes":1,"ValueType":"System.Int32"},"Value":0}]}],"TestRunStatistics":{"ExecutedTests":9,"Stats":{"Passed":9}},"ActiveTests":[{"Id":"5e63c3b5-44ea-340d-9771-d30d38327d41","FullyQualifiedName":"TestIzboriVVS.UnitTestFunkcionalnost5.TestProvjeraNeispravneSifreCSV","DisplayName":"TestProvjeraNeispravneSifreCSV (ozda)","ExecutorUri":"executor://MSTestAdapter/v2","Source":"C:\\Users\\bobici\\Source\\Repos\\dina\\vvs-zad1\\TestIzboriVVS\\bin\\Debug\\net5.0\\fine-code-coverage\\build-output\\TestIzboriVVS.dll","CodeFilePath":null,"LineNumber":-1,"Properties":[{"Key":{"Id":"TestCase.ManagedType","Label":"ManagedType","Category":"","Description":"","Attributes":1,"ValueType":"System.String"},"Value":"TestIzboriVVS.UnitTestFunkcionalnost5"},{"Key":{"Id":"TestCase.ManagedMethod","Label":"ManagedMethod","Category":"","Description":"","Attributes":1,"ValueType":"System.String"},"Value":"TestProvjeraNeispravneSifreCSV(System.String)"},{"Key":{"Id":"MSTestDiscoverer.TestClassName","Label":"ClassName","Category":"","Description":"","Attributes":1,"ValueType":"System.String"},"Value":"TestIzboriVVS.UnitTestFunkcionalnost5"},{"Key":{"Id":"TestCase.Hierarchy","Label":"Hierarchy","Category":"","Description":"","Attributes":2,"ValueType":"System.String[]"},"Value":["TestIzboriVVS","UnitTestFunkcionalnost5"]},{"Key":{"Id":"TestObject.Traits","Label":"Traits","Category":"","Description":"","Attributes":5,"ValueType":"System.Collections.Generic.KeyValuePair`2[[System.String],[System.String]][]"},"Value":[]},{"Key":{"Id":"MSTest.DynamicDataType","Label":"DynamicDataType","Category":"","Description":"","Attributes":1,"ValueType":"System.Int32"},"Value":2},{"Key":{"Id":"MSTest.DynamicData","Label":"DynamicData","Category":"","Description":"","Attributes":1,"ValueType":"System.String[]"},"Value":["System.String, System.Private.CoreLib, Version=5.0.0.0, Culture=neutral, PublicKeyToken=7cec85d7bea7798e","\"ozda\""]}]}]}}
TpTrace Verbose: 0 : 23768, 4, 2022/12/11, 18:15:21.448, 16726648134174, testhost.dll, TestRunCache: OnNewTestResult: Notified the onCacheHit callback.
TpTrace Verbose: 0 : 23768, 4, 2022/12/11, 18:15:21.449, 16726648146243, testhost.dll, MulticastDelegateUtilities.SafeInvoke: TestCaseEventsHandler.RaiseTestCaseStart: Invoking callback 1/1 for Microsoft.VisualStudio.TestPlatform.CrossPlatEngine.DataCollection.ProxyOutOfProcDataCollectionManager.TriggerTestCaseStart, took 1 ms.
TpTrace Information: 0 : 23768, 4, 2022/12/11, 18:15:21.449, 16726648146851, testhost.dll, MSTest - Executing test TestProvjeraNeispravneSifreCSV
TpTrace Information: 0 : 23768, 4, 2022/12/11, 18:15:21.449, 16726648149255, testhost.dll, MSTest - Executed test TestProvjeraNeispravneSifreCSV
TpTrace Verbose: 0 : 23768, 4, 2022/12/11, 18:15:21.449, 16726648149682, testhost.dll, TestExecutionRecorder.RecordEnd: test: TestIzboriVVS.UnitTestFunkcionalnost5.TestProvjeraNeispravneSifreCSV execution completed.
TpTrace Warning: 0 : 23768, 4, 2022/12/11, 18:15:21.449, 16726648149951, testhost.dll, TestRunCache: InProgressTests is null
TpTrace Verbose: 0 : 23768, 4, 2022/12/11, 18:15:21.450, 16726648161535, testhost.dll, MulticastDelegateUtilities.SafeInvoke: TestCaseEventsHandler.RaiseTestCaseEnd: Invoking callback 1/1 for Microsoft.VisualStudio.TestPlatform.CrossPlatEngine.DataCollection.ProxyOutOfProcDataCollectionManager.TriggerTestCaseEnd, took 1 ms.
TpTrace Verbose: 0 : 23768, 4, 2022/12/11, 18:15:21.451, 16726648162236, testhost.dll, TestExecutionRecorder.RecordResult: Received result for test: TestIzboriVVS.UnitTestFunkcionalnost5.TestProvjeraNeispravneSifreCSV.
TpTrace Verbose: 0 : 23768, 4, 2022/12/11, 18:15:21.451, 16726648162685, testhost.dll, MulticastDelegateUtilities.SafeInvoke: TestCaseEventsHandler.RaiseTestCaseEnd: Invoking callback 1/1 for Microsoft.VisualStudio.TestPlatform.CrossPlatEngine.DataCollection.ProxyOutOfProcDataCollectionManager.TriggerSendTestResult, took 0 ms.
TpTrace Warning: 0 : 23768, 4, 2022/12/11, 18:15:21.451, 16726648163038, testhost.dll, TestRunCache: InProgressTests is null
TpTrace Warning: 0 : 23768, 4, 2022/12/11, 18:15:21.451, 16726648163329, testhost.dll, TestRunCache: No test found corresponding to testResult 'TestProvjeraNeispravneSifreCSV (ozda)' in inProgress list.
TpTrace Verbose: 0 : 23768, 4, 2022/12/11, 18:15:21.451, 16726648163863, testhost.dll, TestExecutionRecorder.RecordStart: Starting test: TestIzboriVVS.UnitTestFunkcionalnost5.TestProvjeraNeispravneSifreCSV.
TpTrace Verbose: 0 : 23768, 4, 2022/12/11, 18:15:21.452, 16726648174106, testhost.dll, MulticastDelegateUtilities.SafeInvoke: TestCaseEventsHandler.RaiseTestCaseStart: Invoking callback 1/1 for Microsoft.VisualStudio.TestPlatform.CrossPlatEngine.DataCollection.ProxyOutOfProcDataCollectionManager.TriggerTestCaseStart, took 0 ms.
TpTrace Information: 0 : 23768, 4, 2022/12/11, 18:15:21.452, 16726648174612, testhost.dll, MSTest - Executing test TestProvjeraNeispravneSifreCSV
TpTrace Information: 0 : 23768, 4, 2022/12/11, 18:15:21.452, 16726648176787, testhost.dll, MSTest - Executed test TestProvjeraNeispravneSifreCSV
TpTrace Verbose: 0 : 23768, 4, 2022/12/11, 18:15:21.452, 16726648177207, testhost.dll, TestExecutionRecorder.RecordEnd: test: TestIzboriVVS.UnitTestFunkcionalnost5.TestProvjeraNeispravneSifreCSV execution completed.
TpTrace Verbose: 0 : 23768, 4, 2022/12/11, 18:15:21.453, 16726648188447, testhost.dll, MulticastDelegateUtilities.SafeInvoke: TestCaseEventsHandler.RaiseTestCaseEnd: Invoking callback 1/1 for Microsoft.VisualStudio.TestPlatform.CrossPlatEngine.DataCollection.ProxyOutOfProcDataCollectionManager.TriggerTestCaseEnd, took 1 ms.
TpTrace Verbose: 0 : 23768, 4, 2022/12/11, 18:15:21.453, 16726648188961, testhost.dll, TestExecutionRecorder.RecordResult: Received result for test: TestIzboriVVS.UnitTestFunkcionalnost5.TestProvjeraNeispravneSifreCSV.
TpTrace Verbose: 0 : 23768, 4, 2022/12/11, 18:15:21.453, 16726648189361, testhost.dll, MulticastDelegateUtilities.SafeInvoke: TestCaseEventsHandler.RaiseTestCaseEnd: Invoking callback 1/1 for Microsoft.VisualStudio.TestPlatform.CrossPlatEngine.DataCollection.ProxyOutOfProcDataCollectionManager.TriggerSendTestResult, took 0 ms.
TpTrace Warning: 0 : 23768, 4, 2022/12/11, 18:15:21.453, 16726648189706, testhost.dll, TestRunCache: InProgressTests is null
TpTrace Warning: 0 : 23768, 4, 2022/12/11, 18:15:21.453, 16726648190007, testhost.dll, TestRunCache: No test found corresponding to testResult 'TestProvjeraNeispravneSifreCSV (koliko)' in inProgress list.
TpTrace Verbose: 0 : 23768, 4, 2022/12/11, 18:15:21.453, 16726648190468, testhost.dll, TestExecutionRecorder.RecordStart: Starting test: TestIzboriVVS.UnitTestFunkcionalnost5.TestProvjeraNeispravneSifreCSV.
TpTrace Verbose: 0 : 23768, 4, 2022/12/11, 18:15:21.454, 16726648200479, testhost.dll, MulticastDelegateUtilities.SafeInvoke: TestCaseEventsHandler.RaiseTestCaseStart: Invoking callback 1/1 for Microsoft.VisualStudio.TestPlatform.CrossPlatEngine.DataCollection.ProxyOutOfProcDataCollectionManager.TriggerTestCaseStart, took 0 ms.
TpTrace Information: 0 : 23768, 4, 2022/12/11, 18:15:21.454, 16726648201034, testhost.dll, MSTest - Executing test TestProvjeraNeispravneSifreCSV
TpTrace Information: 0 : 23768, 4, 2022/12/11, 18:15:21.455, 16726648203143, testhost.dll, MSTest - Executed test TestProvjeraNeispravneSifreCSV
TpTrace Verbose: 0 : 23768, 4, 2022/12/11, 18:15:21.455, 16726648203538, testhost.dll, TestExecutionRecorder.RecordEnd: test: TestIzboriVVS.UnitTestFunkcionalnost5.TestProvjeraNeispravneSifreCSV execution completed.
TpTrace Verbose: 0 : 23768, 4, 2022/12/11, 18:15:21.456, 16726648213946, testhost.dll, MulticastDelegateUtilities.SafeInvoke: TestCaseEventsHandler.RaiseTestCaseEnd: Invoking callback 1/1 for Microsoft.VisualStudio.TestPlatform.CrossPlatEngine.DataCollection.ProxyOutOfProcDataCollectionManager.TriggerTestCaseEnd, took 1 ms.
TpTrace Verbose: 0 : 23768, 4, 2022/12/11, 18:15:21.456, 16726648214450, testhost.dll, TestExecutionRecorder.RecordResult: Received result for test: TestIzboriVVS.UnitTestFunkcionalnost5.TestProvjeraNeispravneSifreCSV.
TpTrace Verbose: 0 : 23768, 4, 2022/12/11, 18:15:21.456, 16726648214856, testhost.dll, MulticastDelegateUtilities.SafeInvoke: TestCaseEventsHandler.RaiseTestCaseEnd: Invoking callback 1/1 for Microsoft.VisualStudio.TestPlatform.CrossPlatEngine.DataCollection.ProxyOutOfProcDataCollectionManager.TriggerSendTestResult, took 0 ms.
TpTrace Warning: 0 : 23768, 4, 2022/12/11, 18:15:21.456, 16726648215169, testhost.dll, TestRunCache: InProgressTests is null
TpTrace Warning: 0 : 23768, 4, 2022/12/11, 18:15:21.456, 16726648215472, testhost.dll, TestRunCache: No test found corresponding to testResult 'TestProvjeraNeispravneSifreCSV (novasifra)' in inProgress list.
TpTrace Verbose: 0 : 23768, 4, 2022/12/11, 18:15:21.456, 16726648215915, testhost.dll, TestExecutionRecorder.RecordStart: Starting test: TestIzboriVVS.UnitTestFunkcionalnost5.TestProvjeraNeispravneSifreCSV.
TpTrace Verbose: 0 : 23768, 4, 2022/12/11, 18:15:21.457, 16726648225563, testhost.dll, MulticastDelegateUtilities.SafeInvoke: TestCaseEventsHandler.RaiseTestCaseStart: Invoking callback 1/1 for Microsoft.VisualStudio.TestPlatform.CrossPlatEngine.DataCollection.ProxyOutOfProcDataCollectionManager.TriggerTestCaseStart, took 0 ms.
TpTrace Information: 0 : 23768, 4, 2022/12/11, 18:15:21.457, 16726648226106, testhost.dll, MSTest - Executing test TestProvjeraNeispravneSifreCSV
TpTrace Information: 0 : 23768, 4, 2022/12/11, 18:15:21.457, 16726648228151, testhost.dll, MSTest - Executed test TestProvjeraNeispravneSifreCSV
TpTrace Verbose: 0 : 23768, 4, 2022/12/11, 18:15:21.457, 16726648228545, testhost.dll, TestExecutionRecorder.RecordEnd: test: TestIzboriVVS.UnitTestFunkcionalnost5.TestProvjeraNeispravneSifreCSV execution completed.
TpTrace Verbose: 0 : 23768, 4, 2022/12/11, 18:15:21.458, 16726648238119, testhost.dll, MulticastDelegateUtilities.SafeInvoke: TestCaseEventsHandler.RaiseTestCaseEnd: Invoking callback 1/1 for Microsoft.VisualStudio.TestPlatform.CrossPlatEngine.DataCollection.ProxyOutOfProcDataCollectionManager.TriggerTestCaseEnd, took 0 ms.
TpTrace Verbose: 0 : 23768, 4, 2022/12/11, 18:15:21.458, 16726648238626, testhost.dll, TestExecutionRecorder.RecordResult: Received result for test: TestIzboriVVS.UnitTestFunkcionalnost5.TestProvjeraNeispravneSifreCSV.
TpTrace Verbose: 0 : 23768, 4, 2022/12/11, 18:15:21.458, 16726648238995, testhost.dll, MulticastDelegateUtilities.SafeInvoke: TestCaseEventsHandler.RaiseTestCaseEnd: Invoking callback 1/1 for Microsoft.VisualStudio.TestPlatform.CrossPlatEngine.DataCollection.ProxyOutOfProcDataCollectionManager.TriggerSendTestResult, took 0 ms.
TpTrace Warning: 0 : 23768, 4, 2022/12/11, 18:15:21.458, 16726648239296, testhost.dll, TestRunCache: InProgressTests is null
TpTrace Warning: 0 : 23768, 4, 2022/12/11, 18:15:21.458, 16726648239549, testhost.dll, TestRunCache: No test found corresponding to testResult 'TestProvjeraNeispravneSifreCSV (2022)' in inProgress list.
TpTrace Verbose: 0 : 23768, 4, 2022/12/11, 18:15:21.458, 16726648240035, testhost.dll, TestExecutionRecorder.RecordStart: Starting test: TestIzboriVVS.UnitTestFunkcionalnost5.TestProvjeraNeispravneSifreCSV.
TpTrace Verbose: 0 : 23768, 4, 2022/12/11, 18:15:21.459, 16726648251665, testhost.dll, MulticastDelegateUtilities.SafeInvoke: TestCaseEventsHandler.RaiseTestCaseStart: Invoking callback 1/1 for Microsoft.VisualStudio.TestPlatform.CrossPlatEngine.DataCollection.ProxyOutOfProcDataCollectionManager.TriggerTestCaseStart, took 1 ms.
TpTrace Information: 0 : 23768, 4, 2022/12/11, 18:15:21.460, 16726648252489, testhost.dll, MSTest - Executing test TestProvjeraNeispravneSifreCSV
TpTrace Information: 0 : 23768, 4, 2022/12/11, 18:15:21.460, 16726648255704, testhost.dll, MSTest - Executed test TestProvjeraNeispravneSifreCSV
TpTrace Verbose: 0 : 23768, 4, 2022/12/11, 18:15:21.460, 16726648256320, testhost.dll, TestExecutionRecorder.RecordEnd: test: TestIzboriVVS.UnitTestFunkcionalnost5.TestProvjeraNeispravneSifreCSV execution completed.
TpTrace Verbose: 0 : 23768, 4, 2022/12/11, 18:15:21.461, 16726648270525, testhost.dll, MulticastDelegateUtilities.SafeInvoke: TestCaseEventsHandler.RaiseTestCaseEnd: Invoking callback 1/1 for Microsoft.VisualStudio.TestPlatform.CrossPlatEngine.DataCollection.ProxyOutOfProcDataCollectionManager.TriggerTestCaseEnd, took 1 ms.
TpTrace Verbose: 0 : 23768, 4, 2022/12/11, 18:15:21.465, 16726648308281, testhost.dll, TestExecutionRecorder.RecordResult: Received result for test: TestIzboriVVS.UnitTestFunkcionalnost5.TestProvjeraNeispravneSifreCSV.
TpTrace Verbose: 0 : 23768, 4, 2022/12/11, 18:15:21.465, 16726648308933, testhost.dll, MulticastDelegateUtilities.SafeInvoke: TestCaseEventsHandler.RaiseTestCaseEnd: Invoking callback 1/1 for Microsoft.VisualStudio.TestPlatform.CrossPlatEngine.DataCollection.ProxyOutOfProcDataCollectionManager.TriggerSendTestResult, took 0 ms.
TpTrace Warning: 0 : 23768, 4, 2022/12/11, 18:15:21.465, 16726648309291, testhost.dll, TestRunCache: InProgressTests is null
TpTrace Warning: 0 : 23768, 4, 2022/12/11, 18:15:21.465, 16726648309539, testhost.dll, TestRunCache: No test found corresponding to testResult 'TestProvjeraNeispravneSifreCSV (2032)' in inProgress list.
TpTrace Verbose: 0 : 23768, 4, 2022/12/11, 18:15:21.465, 16726648310073, testhost.dll, TestExecutionRecorder.RecordStart: Starting test: TestIzboriVVS.UnitTestFunkcionalnost5.TestProvjeraNeispravneSifreCSV.
TpTrace Verbose: 0 : 23768, 4, 2022/12/11, 18:15:21.467, 16726648321833, testhost.dll, MulticastDelegateUtilities.SafeInvoke: TestCaseEventsHandler.RaiseTestCaseStart: Invoking callback 1/1 for Microsoft.VisualStudio.TestPlatform.CrossPlatEngine.DataCollection.ProxyOutOfProcDataCollectionManager.TriggerTestCaseStart, took 1 ms.
TpTrace Information: 0 : 23768, 4, 2022/12/11, 18:15:21.467, 16726648322324, testhost.dll, MSTest - Executing test TestProvjeraNeispravneSifreCSV
TpTrace Information: 0 : 23768, 4, 2022/12/11, 18:15:21.467, 16726648324410, testhost.dll, MSTest - Executed test TestProvjeraNeispravneSifreCSV
TpTrace Verbose: 0 : 23768, 4, 2022/12/11, 18:15:21.467, 16726648324834, testhost.dll, TestExecutionRecorder.RecordEnd: test: TestIzboriVVS.UnitTestFunkcionalnost5.TestProvjeraNeispravneSifreCSV execution completed.
TpTrace Verbose: 0 : 23768, 4, 2022/12/11, 18:15:21.468, 16726648335177, testhost.dll, MulticastDelegateUtilities.SafeInvoke: TestCaseEventsHandler.RaiseTestCaseEnd: Invoking callback 1/1 for Microsoft.VisualStudio.TestPlatform.CrossPlatEngine.DataCollection.ProxyOutOfProcDataCollectionManager.TriggerTestCaseEnd, took 0 ms.
TpTrace Verbose: 0 : 23768, 4, 2022/12/11, 18:15:21.468, 16726648335654, testhost.dll, TestExecutionRecorder.RecordResult: Received result for test: TestIzboriVVS.UnitTestFunkcionalnost5.TestProvjeraNeispravneSifreCSV.
TpTrace Verbose: 0 : 23768, 4, 2022/12/11, 18:15:21.468, 16726648336041, testhost.dll, MulticastDelegateUtilities.SafeInvoke: TestCaseEventsHandler.RaiseTestCaseEnd: Invoking callback 1/1 for Microsoft.VisualStudio.TestPlatform.CrossPlatEngine.DataCollection.ProxyOutOfProcDataCollectionManager.TriggerSendTestResult, took 0 ms.
TpTrace Warning: 0 : 23768, 4, 2022/12/11, 18:15:21.468, 16726648336364, testhost.dll, TestRunCache: InProgressTests is null
TpTrace Warning: 0 : 23768, 4, 2022/12/11, 18:15:21.468, 16726648336642, testhost.dll, TestRunCache: No test found corresponding to testResult 'TestProvjeraNeispravneSifreCSV (vvs)' in inProgress list.
TpTrace Verbose: 0 : 23768, 4, 2022/12/11, 18:15:21.468, 16726648337105, testhost.dll, TestExecutionRecorder.RecordStart: Starting test: TestIzboriVVS.UnitTestFunkcionalnost5.TestRestartovanjGlasaCSV.
TpTrace Verbose: 0 : 23768, 4, 2022/12/11, 18:15:21.469, 16726648347266, testhost.dll, MulticastDelegateUtilities.SafeInvoke: TestCaseEventsHandler.RaiseTestCaseStart: Invoking callback 1/1 for Microsoft.VisualStudio.TestPlatform.CrossPlatEngine.DataCollection.ProxyOutOfProcDataCollectionManager.TriggerTestCaseStart, took 0 ms.
TpTrace Information: 0 : 23768, 4, 2022/12/11, 18:15:21.469, 16726648347827, testhost.dll, MSTest - Executing test TestRestartovanjGlasaCSV
TpTrace Information: 0 : 23768, 4, 2022/12/11, 18:15:21.472, 16726648381614, testhost.dll, AssemblyResolver.OnResolve: Microsoft.VisualStudio.TestPlatform.MSTest.TestAdapter.resources: Resolving assembly.
TpTrace Information: 0 : 23768, 4, 2022/12/11, 18:15:21.473, 16726648382447, testhost.dll, AssemblyResolver.OnResolve: Microsoft.VisualStudio.TestPlatform.MSTest.TestAdapter.resources: Searching in: 'C:\Users\bobici\Source\Repos\dina\vvs-zad1\TestIzboriVVS\bin\Debug\net5.0\fine-code-coverage\build-output'.
TpTrace Information: 0 : 23768, 4, 2022/12/11, 18:15:21.473, 16726648383143, testhost.dll, AssemblyResolver.OnResolve: Microsoft.VisualStudio.TestPlatform.MSTest.TestAdapter.resources: Assembly path does not exist: 'C:\Users\bobici\Source\Repos\dina\vvs-zad1\TestIzboriVVS\bin\Debug\net5.0\fine-code-coverage\build-output\Microsoft.VisualStudio.TestPlatform.MSTest.TestAdapter.resources.dll', returning.
TpTrace Information: 0 : 23768, 4, 2022/12/11, 18:15:21.473, 16726648383758, testhost.dll, AssemblyResolver.OnResolve: Microsoft.VisualStudio.TestPlatform.MSTest.TestAdapter.resources: Assembly path does not exist: 'C:\Users\bobici\Source\Repos\dina\vvs-zad1\TestIzboriVVS\bin\Debug\net5.0\fine-code-coverage\build-output\Microsoft.VisualStudio.TestPlatform.MSTest.TestAdapter.resources.exe', returning.
TpTrace Information: 0 : 23768, 4, 2022/12/11, 18:15:21.473, 16726648384050, testhost.dll, AssemblyResolver.OnResolve: Microsoft.VisualStudio.TestPlatform.MSTest.TestAdapter.resources: Failed to load assembly.
TpTrace Information: 0 : 23768, 4, 2022/12/11, 18:15:21.482, 16726648477505, testhost.dll, MSTest - Executed test TestRestartovanjGlasaCSV
TpTrace Verbose: 0 : 23768, 4, 2022/12/11, 18:15:21.482, 16726648478414, testhost.dll, TestExecutionRecorder.RecordEnd: test: TestIzboriVVS.UnitTestFunkcionalnost5.TestRestartovanjGlasaCSV execution completed.
TpTrace Verbose: 0 : 23768, 4, 2022/12/11, 18:15:21.484, 16726648495056, testhost.dll, MulticastDelegateUtilities.SafeInvoke: TestCaseEventsHandler.RaiseTestCaseEnd: Invoking callback 1/1 for Microsoft.VisualStudio.TestPlatform.CrossPlatEngine.DataCollection.ProxyOutOfProcDataCollectionManager.TriggerTestCaseEnd, took 1 ms.
TpTrace Information: 0 : 23768, 4, 2022/12/11, 18:15:21.484, 16726648495806, testhost.dll, MSTest - MSTestExecutor:Test TestIzboriVVS.UnitTestFunkcionalnost5.TestRestartovanjGlasaCSV failed. ErrorMessage:Test method TestIzboriVVS.UnitTestFunkcionalnost5.TestRestartovanjGlasaCSV threw exception: 
System.ArgumentOutOfRangeException: Index was out of range. Must be non-negative and less than the size of the collection. (Parameter 'index'), ErrorStackTrace:    at System.Collections.Generic.List`1.get_Item(Int32 index)
   at TestIzboriVVS.UnitTestFunkcionalnost5.TestRestartovanjGlasaCSV(Int32 glas, Int32 starn, List`1 glasi) in C:\Users\bobici\Source\Repos\dina\vvs-zad1\TestIzboriVVS\UnitTestFunkcionalnost5.cs:line 82
.
TpTrace Verbose: 0 : 23768, 4, 2022/12/11, 18:15:21.484, 16726648496137, testhost.dll, TestExecutionRecorder.RecordResult: Received result for test: TestIzboriVVS.UnitTestFunkcionalnost5.TestRestartovanjGlasaCSV.
TpTrace Verbose: 0 : 23768, 4, 2022/12/11, 18:15:21.484, 16726648496605, testhost.dll, MulticastDelegateUtilities.SafeInvoke: TestCaseEventsHandler.RaiseTestCaseEnd: Invoking callback 1/1 for Microsoft.VisualStudio.TestPlatform.CrossPlatEngine.DataCollection.ProxyOutOfProcDataCollectionManager.TriggerSendTestResult, took 0 ms.
TpTrace Warning: 0 : 23768, 4, 2022/12/11, 18:15:21.484, 16726648496944, testhost.dll, TestRunCache: InProgressTests is null
TpTrace Warning: 0 : 23768, 4, 2022/12/11, 18:15:21.484, 16726648497216, testhost.dll, TestRunCache: No test found corresponding to testResult 'TestRestartovanjGlasaCSV (5,6,System.Collections.Generic.List`1[System.Int32])' in inProgress list.
TpTrace Verbose: 0 : 23768, 4, 2022/12/11, 18:15:21.484, 16726648497737, testhost.dll, TestExecutionRecorder.RecordStart: Starting test: TestIzboriVVS.UnitTestFunkcionalnost5.TestRestartovanjGlasaCSV.
TpTrace Verbose: 0 : 23768, 4, 2022/12/11, 18:15:21.485, 16726648508085, testhost.dll, MulticastDelegateUtilities.SafeInvoke: TestCaseEventsHandler.RaiseTestCaseStart: Invoking callback 1/1 for Microsoft.VisualStudio.TestPlatform.CrossPlatEngine.DataCollection.ProxyOutOfProcDataCollectionManager.TriggerTestCaseStart, took 0 ms.
TpTrace Information: 0 : 23768, 4, 2022/12/11, 18:15:21.485, 16726648508607, testhost.dll, MSTest - Executing test TestRestartovanjGlasaCSV
TpTrace Information: 0 : 23768, 4, 2022/12/11, 18:15:21.487, 16726648525223, testhost.dll, MSTest - Executed test TestRestartovanjGlasaCSV
TpTrace Verbose: 0 : 23768, 4, 2022/12/11, 18:15:21.487, 16726648525860, testhost.dll, TestExecutionRecorder.RecordEnd: test: TestIzboriVVS.UnitTestFunkcionalnost5.TestRestartovanjGlasaCSV execution completed.
TpTrace Verbose: 0 : 23768, 4, 2022/12/11, 18:15:21.488, 16726648537817, testhost.dll, MulticastDelegateUtilities.SafeInvoke: TestCaseEventsHandler.RaiseTestCaseEnd: Invoking callback 1/1 for Microsoft.VisualStudio.TestPlatform.CrossPlatEngine.DataCollection.ProxyOutOfProcDataCollectionManager.TriggerTestCaseEnd, took 1 ms.
TpTrace Information: 0 : 23768, 4, 2022/12/11, 18:15:21.488, 16726648538340, testhost.dll, MSTest - MSTestExecutor:Test TestIzboriVVS.UnitTestFunkcionalnost5.TestRestartovanjGlasaCSV failed. ErrorMessage:Assert.AreEqual failed. Expected:<-1>. Actual:<0>. , ErrorStackTrace:   at TestIzboriVVS.UnitTestFunkcionalnost5.TestRestartovanjGlasaCSV(Int32 glas, Int32 starn, List`1 glasi) in C:\Users\bobici\Source\Repos\dina\vvs-zad1\TestIzboriVVS\UnitTestFunkcionalnost5.cs:line 96
.
TpTrace Verbose: 0 : 23768, 4, 2022/12/11, 18:15:21.488, 16726648538649, testhost.dll, TestExecutionRecorder.RecordResult: Received result for test: TestIzboriVVS.UnitTestFunkcionalnost5.TestRestartovanjGlasaCSV.
TpTrace Verbose: 0 : 23768, 4, 2022/12/11, 18:15:21.488, 16726648539178, testhost.dll, MulticastDelegateUtilities.SafeInvoke: TestCaseEventsHandler.RaiseTestCaseEnd: Invoking callback 1/1 for Microsoft.VisualStudio.TestPlatform.CrossPlatEngine.DataCollection.ProxyOutOfProcDataCollectionManager.TriggerSendTestResult, took 0 ms.
TpTrace Warning: 0 : 23768, 4, 2022/12/11, 18:15:21.488, 16726648539695, testhost.dll, TestRunCache: InProgressTests is null
TpTrace Warning: 0 : 23768, 4, 2022/12/11, 18:15:21.488, 16726648539990, testhost.dll, TestRunCache: No test found corresponding to testResult 'TestRestartovanjGlasaCSV (2,3,System.Collections.Generic.List`1[System.Int32])' in inProgress list.
TpTrace Verbose: 0 : 23768, 4, 2022/12/11, 18:15:21.488, 16726648540502, testhost.dll, TestExecutionRecorder.RecordStart: Starting test: TestIzboriVVS.UnitTestFunkcionalnost5.TestRestartovanjGlasaCSV.
TpTrace Verbose: 0 : 23768, 4, 2022/12/11, 18:15:21.490, 16726648552332, testhost.dll, MulticastDelegateUtilities.SafeInvoke: TestCaseEventsHandler.RaiseTestCaseStart: Invoking callback 1/1 for Microsoft.VisualStudio.TestPlatform.CrossPlatEngine.DataCollection.ProxyOutOfProcDataCollectionManager.TriggerTestCaseStart, took 1 ms.
TpTrace Information: 0 : 23768, 4, 2022/12/11, 18:15:21.490, 16726648553126, testhost.dll, MSTest - Executing test TestRestartovanjGlasaCSV
TpTrace Information: 0 : 23768, 4, 2022/12/11, 18:15:21.490, 16726648559916, testhost.dll, MSTest - Executed test TestRestartovanjGlasaCSV
TpTrace Verbose: 0 : 23768, 4, 2022/12/11, 18:15:21.490, 16726648560380, testhost.dll, TestExecutionRecorder.RecordEnd: test: TestIzboriVVS.UnitTestFunkcionalnost5.TestRestartovanjGlasaCSV execution completed.
TpTrace Verbose: 0 : 23768, 4, 2022/12/11, 18:15:21.491, 16726648571303, testhost.dll, MulticastDelegateUtilities.SafeInvoke: TestCaseEventsHandler.RaiseTestCaseEnd: Invoking callback 1/1 for Microsoft.VisualStudio.TestPlatform.CrossPlatEngine.DataCollection.ProxyOutOfProcDataCollectionManager.TriggerTestCaseEnd, took 1 ms.
TpTrace Information: 0 : 23768, 4, 2022/12/11, 18:15:21.492, 16726648571761, testhost.dll, MSTest - MSTestExecutor:Test TestIzboriVVS.UnitTestFunkcionalnost5.TestRestartovanjGlasaCSV failed. ErrorMessage:Assert.AreEqual failed. Expected:<-1>. Actual:<0>. , ErrorStackTrace:   at TestIzboriVVS.UnitTestFunkcionalnost5.TestRestartovanjGlasaCSV(Int32 glas, Int32 starn, List`1 glasi) in C:\Users\bobici\Source\Repos\dina\vvs-zad1\TestIzboriVVS\UnitTestFunkcionalnost5.cs:line 96
.
TpTrace Verbose: 0 : 23768, 4, 2022/12/11, 18:15:21.492, 16726648572109, testhost.dll, TestExecutionRecorder.RecordResult: Received result for test: TestIzboriVVS.UnitTestFunkcionalnost5.TestRestartovanjGlasaCSV.
TpTrace Verbose: 0 : 23768, 4, 2022/12/11, 18:15:21.492, 16726648572494, testhost.dll, MulticastDelegateUtilities.SafeInvoke: TestCaseEventsHandler.RaiseTestCaseEnd: Invoking callback 1/1 for Microsoft.VisualStudio.TestPlatform.CrossPlatEngine.DataCollection.ProxyOutOfProcDataCollectionManager.TriggerSendTestResult, took 0 ms.
TpTrace Warning: 0 : 23768, 4, 2022/12/11, 18:15:21.492, 16726648572826, testhost.dll, TestRunCache: InProgressTests is null
TpTrace Warning: 0 : 23768, 4, 2022/12/11, 18:15:21.492, 16726648573095, testhost.dll, TestRunCache: No test found corresponding to testResult 'TestRestartovanjGlasaCSV (3,1,System.Collections.Generic.List`1[System.Int32])' in inProgress list.
TpTrace Verbose: 0 : 23768, 4, 2022/12/11, 18:15:21.492, 16726648573558, testhost.dll, TestExecutionRecorder.RecordStart: Starting test: TestIzboriVVS.UnitTestFunkcionalnost5.TestRestartovanjGlasaCSV.
TpTrace Information: 0 : 23768, 4, 2022/12/11, 18:15:21.492, 16726648574044, testhost.dll, Sending test run statistics
TpTrace Verbose: 0 : 23768, 4, 2022/12/11, 18:15:21.492, 16726648579555, testhost.dll, TestRequestHandler.SendData: sending data from testhost: {"Version":7,"MessageType":"TestExecution.StatsChange","Payload":{"NewTestResults":[{"TestCase":{"Id":"5e63c3b5-44ea-340d-9771-d30d38327d41","FullyQualifiedName":"TestIzboriVVS.UnitTestFunkcionalnost5.TestProvjeraNeispravneSifreCSV","DisplayName":"TestProvjeraNeispravneSifreCSV (ozda)","ExecutorUri":"executor://MSTestAdapter/v2","Source":"C:\\Users\\bobici\\Source\\Repos\\dina\\vvs-zad1\\TestIzboriVVS\\bin\\Debug\\net5.0\\fine-code-coverage\\build-output\\TestIzboriVVS.dll","CodeFilePath":null,"LineNumber":-1,"Properties":[{"Key":{"Id":"TestCase.ManagedType","Label":"ManagedType","Category":"","Description":"","Attributes":1,"ValueType":"System.String"},"Value":"TestIzboriVVS.UnitTestFunkcionalnost5"},{"Key":{"Id":"TestCase.ManagedMethod","Label":"ManagedMethod","Category":"","Description":"","Attributes":1,"ValueType":"System.String"},"Value":"TestProvjeraNeispravneSifreCSV(System.String)"},{"Key":{"Id":"MSTestDiscoverer.TestClassName","Label":"ClassName","Category":"","Description":"","Attributes":1,"ValueType":"System.String"},"Value":"TestIzboriVVS.UnitTestFunkcionalnost5"},{"Key":{"Id":"TestCase.Hierarchy","Label":"Hierarchy","Category":"","Description":"","Attributes":2,"ValueType":"System.String[]"},"Value":["TestIzboriVVS","UnitTestFunkcionalnost5"]},{"Key":{"Id":"TestObject.Traits","Label":"Traits","Category":"","Description":"","Attributes":5,"ValueType":"System.Collections.Generic.KeyValuePair`2[[System.String],[System.String]][]"},"Value":[]},{"Key":{"Id":"MSTest.DynamicDataType","Label":"DynamicDataType","Category":"","Description":"","Attributes":1,"ValueType":"System.Int32"},"Value":2},{"Key":{"Id":"MSTest.DynamicData","Label":"DynamicData","Category":"","Description":"","Attributes":1,"ValueType":"System.String[]"},"Value":["System.String, System.Private.CoreLib, Version=5.0.0.0, Culture=neutral, PublicKeyToken=7cec85d7bea7798e","\"ozda\""]}]},"Attachments":[],"Outcome":1,"ErrorMessage":null,"ErrorStackTrace":null,"DisplayName":"TestProvjeraNeispravneSifreCSV (ozda)","Messages":[],"ComputerName":null,"Duration":"00:00:00.0000741","StartTime":"2022-12-11T18:15:21.4495193+01:00","EndTime":"2022-12-11T18:15:21.4497984+01:00","Properties":[{"Key":{"Id":"ExecutionId","Label":"ExecutionId","Category":"","Description":"","Attributes":1,"ValueType":"System.Guid"},"Value":"00000000-0000-0000-0000-000000000000"},{"Key":{"Id":"ParentExecId","Label":"ParentExecId","Category":"","Description":"","Attributes":1,"ValueType":"System.Guid"},"Value":"00000000-0000-0000-0000-000000000000"},{"Key":{"Id":"InnerResultsCount","Label":"InnerResultsCount","Category":"","Description":"","Attributes":1,"ValueType":"System.Int32"},"Value":0}]},{"TestCase":{"Id":"87d8ca04-4488-bb60-fa45-594fee3d0a08","FullyQualifiedName":"TestIzboriVVS.UnitTestFunkcionalnost5.TestProvjeraNeispravneSifreCSV","DisplayName":"TestProvjeraNeispravneSifreCSV (koliko)","ExecutorUri":"executor://MSTestAdapter/v2","Source":"C:\\Users\\bobici\\Source\\Repos\\dina\\vvs-zad1\\TestIzboriVVS\\bin\\Debug\\net5.0\\fine-code-coverage\\build-output\\TestIzboriVVS.dll","CodeFilePath":null,"LineNumber":-1,"Properties":[{"Key":{"Id":"TestCase.ManagedType","Label":"ManagedType","Category":"","Description":"","Attributes":1,"ValueType":"System.String"},"Value":"TestIzboriVVS.UnitTestFunkcionalnost5"},{"Key":{"Id":"TestCase.ManagedMethod","Label":"ManagedMethod","Category":"","Description":"","Attributes":1,"ValueType":"System.String"},"Value":"TestProvjeraNeispravneSifreCSV(System.String)"},{"Key":{"Id":"MSTestDiscoverer.TestClassName","Label":"ClassName","Category":"","Description":"","Attributes":1,"ValueType":"System.String"},"Value":"TestIzboriVVS.UnitTestFunkcionalnost5"},{"Key":{"Id":"TestCase.Hierarchy","Label":"Hierarchy","Category":"","Description":"","Attributes":2,"ValueType":"System.String[]"},"Value":["TestIzboriVVS","UnitTestFunkcionalnost5"]},{"Key":{"Id":"TestObject.Traits","Label":"Traits","Category":"","Description":"","Attributes":5,"ValueType":"System.Collections.Generic.KeyValuePair`2[[System.String],[System.String]][]"},"Value":[]},{"Key":{"Id":"MSTest.DynamicDataType","Label":"DynamicDataType","Category":"","Description":"","Attributes":1,"ValueType":"System.Int32"},"Value":2},{"Key":{"Id":"MSTest.DynamicData","Label":"DynamicData","Category":"","Description":"","Attributes":1,"ValueType":"System.String[]"},"Value":["System.String, System.Private.CoreLib, Version=5.0.0.0, Culture=neutral, PublicKeyToken=7cec85d7bea7798e","\"koliko\""]}]},"Attachments":[],"Outcome":1,"ErrorMessage":null,"ErrorStackTrace":null,"DisplayName":"TestProvjeraNeispravneSifreCSV (koliko)","Messages":[],"ComputerName":null,"Duration":"00:00:00.0000757","StartTime":"2022-12-11T18:15:21.4522961+01:00","EndTime":"2022-12-11T18:15:21.4525514+01:00","Properties":[{"Key":{"Id":"ExecutionId","Label":"ExecutionId","Category":"","Description":"","Attributes":1,"ValueType":"System.Guid"},"Value":"00000000-0000-0000-0000-000000000000"},{"Key":{"Id":"ParentExecId","Label":"ParentExecId","Category":"","Description":"","Attributes":1,"ValueType":"System.Guid"},"Value":"00000000-0000-0000-0000-000000000000"},{"Key":{"Id":"InnerResultsCount","Label":"InnerResultsCount","Category":"","Description":"","Attributes":1,"ValueType":"System.Int32"},"Value":0}]},{"TestCase":{"Id":"c7c5100f-eae9-a1e5-238a-1312fc1be9c7","FullyQualifiedName":"TestIzboriVVS.UnitTestFunkcionalnost5.TestProvjeraNeispravneSifreCSV","DisplayName":"TestProvjeraNeispravneSifreCSV (novasifra)","ExecutorUri":"executor://MSTestAdapter/v2","Source":"C:\\Users\\bobici\\Source\\Repos\\dina\\vvs-zad1\\TestIzboriVVS\\bin\\Debug\\net5.0\\fine-code-coverage\\build-output\\TestIzboriVVS.dll","CodeFilePath":null,"LineNumber":-1,"Properties":[{"Key":{"Id":"TestCase.ManagedType","Label":"ManagedType","Category":"","Description":"","Attributes":1,"ValueType":"System.String"},"Value":"TestIzboriVVS.UnitTestFunkcionalnost5"},{"Key":{"Id":"TestCase.ManagedMethod","Label":"ManagedMethod","Category":"","Description":"","Attributes":1,"ValueType":"System.String"},"Value":"TestProvjeraNeispravneSifreCSV(System.String)"},{"Key":{"Id":"MSTestDiscoverer.TestClassName","Label":"ClassName","Category":"","Description":"","Attributes":1,"ValueType":"System.String"},"Value":"TestIzboriVVS.UnitTestFunkcionalnost5"},{"Key":{"Id":"TestCase.Hierarchy","Label":"Hierarchy","Category":"","Description":"","Attributes":2,"ValueType":"System.String[]"},"Value":["TestIzboriVVS","UnitTestFunkcionalnost5"]},{"Key":{"Id":"TestObject.Traits","Label":"Traits","Category":"","Description":"","Attributes":5,"ValueType":"System.Collections.Generic.KeyValuePair`2[[System.String],[System.String]][]"},"Value":[]},{"Key":{"Id":"MSTest.DynamicDataType","Label":"DynamicDataType","Category":"","Description":"","Attributes":1,"ValueType":"System.Int32"},"Value":2},{"Key":{"Id":"MSTest.DynamicData","Label":"DynamicData","Category":"","Description":"","Attributes":1,"ValueType":"System.String[]"},"Value":["System.String, System.Private.CoreLib, Version=5.0.0.0, Culture=neutral, PublicKeyToken=7cec85d7bea7798e","\"novasifra\""]}]},"Attachments":[],"Outcome":1,"ErrorMessage":null,"ErrorStackTrace":null,"DisplayName":"TestProvjeraNeispravneSifreCSV (novasifra)","Messages":[],"ComputerName":null,"Duration":"00:00:00.0000753","StartTime":"2022-12-11T18:15:21.4549385+01:00","EndTime":"2022-12-11T18:15:21.4551849+01:00","Properties":[{"Key":{"Id":"ExecutionId","Label":"ExecutionId","Category":"","Description":"","Attributes":1,"ValueType":"System.Guid"},"Value":"00000000-0000-0000-0000-000000000000"},{"Key":{"Id":"ParentExecId","Label":"ParentExecId","Category":"","Description":"","Attributes":1,"ValueType":"System.Guid"},"Value":"00000000-0000-0000-0000-000000000000"},{"Key":{"Id":"InnerResultsCount","Label":"InnerResultsCount","Category":"","Description":"","Attributes":1,"ValueType":"System.Int32"},"Value":0}]},{"TestCase":{"Id":"ee4370a6-dd70-dd02-a71b-3ad7714f6932","FullyQualifiedName":"TestIzboriVVS.UnitTestFunkcionalnost5.TestProvjeraNeispravneSifreCSV","DisplayName":"TestProvjeraNeispravneSifreCSV (2022)","ExecutorUri":"executor://MSTestAdapter/v2","Source":"C:\\Users\\bobici\\Source\\Repos\\dina\\vvs-zad1\\TestIzboriVVS\\bin\\Debug\\net5.0\\fine-code-coverage\\build-output\\TestIzboriVVS.dll","CodeFilePath":null,"LineNumber":-1,"Properties":[{"Key":{"Id":"TestCase.ManagedType","Label":"ManagedType","Category":"","Description":"","Attributes":1,"ValueType":"System.String"},"Value":"TestIzboriVVS.UnitTestFunkcionalnost5"},{"Key":{"Id":"TestCase.ManagedMethod","Label":"ManagedMethod","Category":"","Description":"","Attributes":1,"ValueType":"System.String"},"Value":"TestProvjeraNeispravneSifreCSV(System.String)"},{"Key":{"Id":"MSTestDiscoverer.TestClassName","Label":"ClassName","Category":"","Description":"","Attributes":1,"ValueType":"System.String"},"Value":"TestIzboriVVS.UnitTestFunkcionalnost5"},{"Key":{"Id":"TestCase.Hierarchy","Label":"Hierarchy","Category":"","Description":"","Attributes":2,"ValueType":"System.String[]"},"Value":["TestIzboriVVS","UnitTestFunkcionalnost5"]},{"Key":{"Id":"TestObject.Traits","Label":"Traits","Category":"","Description":"","Attributes":5,"ValueType":"System.Collections.Generic.KeyValuePair`2[[System.String],[System.String]][]"},"Value":[]},{"Key":{"Id":"MSTest.DynamicDataType","Label":"DynamicDataType","Category":"","Description":"","Attributes":1,"ValueType":"System.Int32"},"Value":2},{"Key":{"Id":"MSTest.DynamicData","Label":"DynamicData","Category":"","Description":"","Attributes":1,"ValueType":"System.String[]"},"Value":["System.String, System.Private.CoreLib, Version=5.0.0.0, Culture=neutral, PublicKeyToken=7cec85d7bea7798e","\"2022\""]}]},"Attachments":[],"Outcome":1,"ErrorMessage":null,"ErrorStackTrace":null,"DisplayName":"TestProvjeraNeispravneSifreCSV (2022)","Messages":[],"ComputerName":null,"Duration":"00:00:00.0000775","StartTime":"2022-12-11T18:15:21.4574453+01:00","EndTime":"2022-12-11T18:15:21.457686+01:00","Properties":[{"Key":{"Id":"ExecutionId","Label":"ExecutionId","Category":"","Description":"","Attributes":1,"ValueType":"System.Guid"},"Value":"00000000-0000-0000-0000-000000000000"},{"Key":{"Id":"ParentExecId","Label":"ParentExecId","Category":"","Description":"","Attributes":1,"ValueType":"System.Guid"},"Value":"00000000-0000-0000-0000-000000000000"},{"Key":{"Id":"InnerResultsCount","Label":"InnerResultsCount","Category":"","Description":"","Attributes":1,"ValueType":"System.Int32"},"Value":0}]},{"TestCase":{"Id":"0e888671-f061-8ccc-6d27-c32e7837ae1b","FullyQualifiedName":"TestIzboriVVS.UnitTestFunkcionalnost5.TestProvjeraNeispravneSifreCSV","DisplayName":"TestProvjeraNeispravneSifreCSV (2032)","ExecutorUri":"executor://MSTestAdapter/v2","Source":"C:\\Users\\bobici\\Source\\Repos\\dina\\vvs-zad1\\TestIzboriVVS\\bin\\Debug\\net5.0\\fine-code-coverage\\build-output\\TestIzboriVVS.dll","CodeFilePath":null,"LineNumber":-1,"Properties":[{"Key":{"Id":"TestCase.ManagedType","Label":"ManagedType","Category":"","Description":"","Attributes":1,"ValueType":"System.String"},"Value":"TestIzboriVVS.UnitTestFunkcionalnost5"},{"Key":{"Id":"TestCase.ManagedMethod","Label":"ManagedMethod","Category":"","Description":"","Attributes":1,"ValueType":"System.String"},"Value":"TestProvjeraNeispravneSifreCSV(System.String)"},{"Key":{"Id":"MSTestDiscoverer.TestClassName","Label":"ClassName","Category":"","Description":"","Attributes":1,"ValueType":"System.String"},"Value":"TestIzboriVVS.UnitTestFunkcionalnost5"},{"Key":{"Id":"TestCase.Hierarchy","Label":"Hierarchy","Category":"","Description":"","Attributes":2,"ValueType":"System.String[]"},"Value":["TestIzboriVVS","UnitTestFunkcionalnost5"]},{"Key":{"Id":"TestObject.Traits","Label":"Traits","Category":"","Description":"","Attributes":5,"ValueType":"System.Collections.Generic.KeyValuePair`2[[System.String],[System.String]][]"},"Value":[]},{"Key":{"Id":"MSTest.DynamicDataType","Label":"DynamicDataType","Category":"","Description":"","Attributes":1,"ValueType":"System.Int32"},"Value":2},{"Key":{"Id":"MSTest.DynamicData","Label":"DynamicData","Category":"","Description":"","Attributes":1,"ValueType":"System.String[]"},"Value":["System.String, System.Private.CoreLib, Version=5.0.0.0, Culture=neutral, PublicKeyToken=7cec85d7bea7798e","\"2032\""]}]},"Attachments":[],"Outcome":1,"ErrorMessage":null,"ErrorStackTrace":null,"DisplayName":"TestProvjeraNeispravneSifreCSV (2032)","Messages":[],"ComputerName":null,"Duration":"00:00:00.0001141","StartTime":"2022-12-11T18:15:21.4600815+01:00","EndTime":"2022-12-11T18:15:21.4604601+01:00","Properties":[{"Key":{"Id":"ExecutionId","Label":"ExecutionId","Category":"","Description":"","Attributes":1,"ValueType":"System.Guid"},"Value":"00000000-0000-0000-0000-000000000000"},{"Key":{"Id":"ParentExecId","Label":"ParentExecId","Category":"","Description":"","Attributes":1,"ValueType":"System.Guid"},"Value":"00000000-0000-0000-0000-000000000000"},{"Key":{"Id":"InnerResultsCount","Label":"InnerResultsCount","Category":"","Description":"","Attributes":1,"ValueType":"System.Int32"},"Value":0}]},{"TestCase":{"Id":"86d49499-6f0a-2630-928a-38373e148a6f","FullyQualifiedName":"TestIzboriVVS.UnitTestFunkcionalnost5.TestProvjeraNeispravneSifreCSV","DisplayName":"TestProvjeraNeispravneSifreCSV (vvs)","ExecutorUri":"executor://MSTestAdapter/v2","Source":"C:\\Users\\bobici\\Source\\Repos\\dina\\vvs-zad1\\TestIzboriVVS\\bin\\Debug\\net5.0\\fine-code-coverage\\build-output\\TestIzboriVVS.dll","CodeFilePath":null,"LineNumber":-1,"Properties":[{"Key":{"Id":"TestCase.ManagedType","Label":"ManagedType","Category":"","Description":"","Attributes":1,"ValueType":"System.String"},"Value":"TestIzboriVVS.UnitTestFunkcionalnost5"},{"Key":{"Id":"TestCase.ManagedMethod","Label":"ManagedMethod","Category":"","Description":"","Attributes":1,"ValueType":"System.String"},"Value":"TestProvjeraNeispravneSifreCSV(System.String)"},{"Key":{"Id":"MSTestDiscoverer.TestClassName","Label":"ClassName","Category":"","Description":"","Attributes":1,"ValueType":"System.String"},"Value":"TestIzboriVVS.UnitTestFunkcionalnost5"},{"Key":{"Id":"TestCase.Hierarchy","Label":"Hierarchy","Category":"","Description":"","Attributes":2,"ValueType":"System.String[]"},"Value":["TestIzboriVVS","UnitTestFunkcionalnost5"]},{"Key":{"Id":"TestObject.Traits","Label":"Traits","Category":"","Description":"","Attributes":5,"ValueType":"System.Collections.Generic.KeyValuePair`2[[System.String],[System.String]][]"},"Value":[]},{"Key":{"Id":"MSTest.DynamicDataType","Label":"DynamicDataType","Category":"","Description":"","Attributes":1,"ValueType":"System.Int32"},"Value":2},{"Key":{"Id":"MSTest.DynamicData","Label":"DynamicData","Category":"","Description":"","Attributes":1,"ValueType":"System.String[]"},"Value":["System.String, System.Private.CoreLib, Version=5.0.0.0, Culture=neutral, PublicKeyToken=7cec85d7bea7798e","\"vvs\""]}]},"Attachments":[],"Outcome":1,"ErrorMessage":null,"ErrorStackTrace":null,"DisplayName":"TestProvjeraNeispravneSifreCSV (vvs)","Messages":[],"ComputerName":null,"Duration":"00:00:00.0000679","StartTime":"2022-12-11T18:15:21.4670667+01:00","EndTime":"2022-12-11T18:15:21.4673136+01:00","Properties":[{"Key":{"Id":"ExecutionId","Label":"ExecutionId","Category":"","Description":"","Attributes":1,"ValueType":"System.Guid"},"Value":"00000000-0000-0000-0000-000000000000"},{"Key":{"Id":"ParentExecId","Label":"ParentExecId","Category":"","Description":"","Attributes":1,"ValueType":"System.Guid"},"Value":"00000000-0000-0000-0000-000000000000"},{"Key":{"Id":"InnerResultsCount","Label":"InnerResultsCount","Category":"","Description":"","Attributes":1,"ValueType":"System.Int32"},"Value":0}]},{"TestCase":{"Id":"c694441d-3cf1-a0bf-4935-616534fa34b1","FullyQualifiedName":"TestIzboriVVS.UnitTestFunkcionalnost5.TestRestartovanjGlasaCSV","DisplayName":"TestRestartovanjGlasaCSV (5,6,System.Collections.Generic.List`1[System.Int32])","ExecutorUri":"executor://MSTestAdapter/v2","Source":"C:\\Users\\bobici\\Source\\Repos\\dina\\vvs-zad1\\TestIzboriVVS\\bin\\Debug\\net5.0\\fine-code-coverage\\build-output\\TestIzboriVVS.dll","CodeFilePath":null,"LineNumber":-1,"Properties":[{"Key":{"Id":"TestCase.ManagedType","Label":"ManagedType","Category":"","Description":"","Attributes":1,"ValueType":"System.String"},"Value":"TestIzboriVVS.UnitTestFunkcionalnost5"},{"Key":{"Id":"TestCase.ManagedMethod","Label":"ManagedMethod","Category":"","Description":"","Attributes":1,"ValueType":"System.String"},"Value":"TestRestartovanjGlasaCSV(System.Int32,System.Int32,System.Collections.Generic.List`1<System.Int32>)"},{"Key":{"Id":"MSTestDiscoverer.TestClassName","Label":"ClassName","Category":"","Description":"","Attributes":1,"ValueType":"System.String"},"Value":"TestIzboriVVS.UnitTestFunkcionalnost5"},{"Key":{"Id":"TestCase.Hierarchy","Label":"Hierarchy","Category":"","Description":"","Attributes":2,"ValueType":"System.String[]"},"Value":["TestIzboriVVS","UnitTestFunkcionalnost5"]},{"Key":{"Id":"TestObject.Traits","Label":"Traits","Category":"","Description":"","Attributes":5,"ValueType":"System.Collections.Generic.KeyValuePair`2[[System.String],[System.String]][]"},"Value":[]},{"Key":{"Id":"MSTest.DynamicDataType","Label":"DynamicDataType","Category":"","Description":"","Attributes":1,"ValueType":"System.Int32"},"Value":2},{"Key":{"Id":"MSTest.DynamicData","Label":"DynamicData","Category":"","Description":"","Attributes":1,"ValueType":"System.String[]"},"Value":["System.Int32, System.Private.CoreLib, Version=5.0.0.0, Culture=neutral, PublicKeyToken=7cec85d7bea7798e","5","System.Int32, System.Private.CoreLib, Version=5.0.0.0, Culture=neutral, PublicKeyToken=7cec85d7bea7798e","6","System.Collections.Generic.List`1[[System.Int32, System.Private.CoreLib, Version=5.0.0.0, Culture=neutral, PublicKeyToken=7cec85d7bea7798e]], System.Private.CoreLib, Version=5.0.0.0, Culture=neutral, PublicKeyToken=7cec85d7bea7798e","[1,3]"]}]},"Attachments":[],"Outcome":2,"ErrorMessage":"Test method TestIzboriVVS.UnitTestFunkcionalnost5.TestRestartovanjGlasaCSV threw exception: \r\nSystem.ArgumentOutOfRangeException: Index was out of range. Must be non-negative and less than the size of the collection. (Parameter 'index')","ErrorStackTrace":"    at System.Collections.Generic.List`1.get_Item(Int32 index)\r\n   at TestIzboriVVS.UnitTestFunkcionalnost5.TestRestartovanjGlasaCSV(Int32 glas, Int32 starn, List`1 glasi) in C:\\Users\\bobici\\Source\\Repos\\dina\\vvs-zad1\\TestIzboriVVS\\UnitTestFunkcionalnost5.cs:line 82\r\n","DisplayName":"TestRestartovanjGlasaCSV (5,6,System.Collections.Generic.List`1[System.Int32])","Messages":[],"ComputerName":null,"Duration":"00:00:00.0106948","StartTime":"2022-12-11T18:15:21.4696174+01:00","EndTime":"2022-12-11T18:15:21.4826681+01:00","Properties":[{"Key":{"Id":"ExecutionId","Label":"ExecutionId","Category":"","Description":"","Attributes":1,"ValueType":"System.Guid"},"Value":"00000000-0000-0000-0000-000000000000"},{"Key":{"Id":"ParentExecId","Label":"ParentExecId","Category":"","Description":"","Attributes":1,"ValueType":"System.Guid"},"Value":"00000000-0000-0000-0000-000000000000"},{"Key":{"Id":"InnerResultsCount","Label":"InnerResultsCount","Category":"","Description":"","Attributes":1,"ValueType":"System.Int32"},"Value":0}]},{"TestCase":{"Id":"f830a608-238b-0139-a654-da64594be3ad","FullyQualifiedName":"TestIzboriVVS.UnitTestFunkcionalnost5.TestRestartovanjGlasaCSV","DisplayName":"TestRestartovanjGlasaCSV (2,3,System.Collections.Generic.List`1[System.Int32])","ExecutorUri":"executor://MSTestAdapter/v2","Source":"C:\\Users\\bobici\\Source\\Repos\\dina\\vvs-zad1\\TestIzboriVVS\\bin\\Debug\\net5.0\\fine-code-coverage\\build-output\\TestIzboriVVS.dll","CodeFilePath":null,"LineNumber":-1,"Properties":[{"Key":{"Id":"TestCase.ManagedType","Label":"ManagedType","Category":"","Description":"","Attributes":1,"ValueType":"System.String"},"Value":"TestIzboriVVS.UnitTestFunkcionalnost5"},{"Key":{"Id":"TestCase.ManagedMethod","Label":"ManagedMethod","Category":"","Description":"","Attributes":1,"ValueType":"System.String"},"Value":"TestRestartovanjGlasaCSV(System.Int32,System.Int32,System.Collections.Generic.List`1<System.Int32>)"},{"Key":{"Id":"MSTestDiscoverer.TestClassName","Label":"ClassName","Category":"","Description":"","Attributes":1,"ValueType":"System.String"},"Value":"TestIzboriVVS.UnitTestFunkcionalnost5"},{"Key":{"Id":"TestCase.Hierarchy","Label":"Hierarchy","Category":"","Description":"","Attributes":2,"ValueType":"System.String[]"},"Value":["TestIzboriVVS","UnitTestFunkcionalnost5"]},{"Key":{"Id":"TestObject.Traits","Label":"Traits","Category":"","Description":"","Attributes":5,"ValueType":"System.Collections.Generic.KeyValuePair`2[[System.String],[System.String]][]"},"Value":[]},{"Key":{"Id":"MSTest.DynamicDataType","Label":"DynamicDataType","Category":"","Description":"","Attributes":1,"ValueType":"System.Int32"},"Value":2},{"Key":{"Id":"MSTest.DynamicData","Label":"DynamicData","Category":"","Description":"","Attributes":1,"ValueType":"System.String[]"},"Value":["System.Int32, System.Private.CoreLib, Version=5.0.0.0, Culture=neutral, PublicKeyToken=7cec85d7bea7798e","2","System.Int32, System.Private.CoreLib, Version=5.0.0.0, Culture=neutral, PublicKeyToken=7cec85d7bea7798e","3","System.Collections.Generic.List`1[[System.Int32, System.Private.CoreLib, Version=5.0.0.0, Culture=neutral, PublicKeyToken=7cec85d7bea7798e]], System.Private.CoreLib, Version=5.0.0.0, Culture=neutral, PublicKeyToken=7cec85d7bea7798e","[2,3]"]}]},"Attachments":[],"Outcome":2,"ErrorMessage":"Assert.AreEqual failed. Expected:<-1>. Actual:<0>. ","ErrorStackTrace":"   at TestIzboriVVS.UnitTestFunkcionalnost5.TestRestartovanjGlasaCSV(Int32 glas, Int32 starn, List`1 glasi) in C:\\Users\\bobici\\Source\\Repos\\dina\\vvs-zad1\\TestIzboriVVS\\UnitTestFunkcionalnost5.cs:line 96\r\n","DisplayName":"TestRestartovanjGlasaCSV (2,3,System.Collections.Generic.List`1[System.Int32])","Messages":[],"ComputerName":null,"Duration":"00:00:00.0014803","StartTime":"2022-12-11T18:15:21.485696+01:00","EndTime":"2022-12-11T18:15:21.487413+01:00","Properties":[{"Key":{"Id":"ExecutionId","Label":"ExecutionId","Category":"","Description":"","Attributes":1,"ValueType":"System.Guid"},"Value":"00000000-0000-0000-0000-000000000000"},{"Key":{"Id":"ParentExecId","Label":"ParentExecId","Category":"","Description":"","Attributes":1,"ValueType":"System.Guid"},"Value":"00000000-0000-0000-0000-000000000000"},{"Key":{"Id":"InnerResultsCount","Label":"InnerResultsCount","Category":"","Description":"","Attributes":1,"ValueType":"System.Int32"},"Value":0}]},{"TestCase":{"Id":"63518042-234a-6195-14c8-e26ed9a84cc1","FullyQualifiedName":"TestIzboriVVS.UnitTestFunkcionalnost5.TestRestartovanjGlasaCSV","DisplayName":"TestRestartovanjGlasaCSV (3,1,System.Collections.Generic.List`1[System.Int32])","ExecutorUri":"executor://MSTestAdapter/v2","Source":"C:\\Users\\bobici\\Source\\Repos\\dina\\vvs-zad1\\TestIzboriVVS\\bin\\Debug\\net5.0\\fine-code-coverage\\build-output\\TestIzboriVVS.dll","CodeFilePath":null,"LineNumber":-1,"Properties":[{"Key":{"Id":"TestCase.ManagedType","Label":"ManagedType","Category":"","Description":"","Attributes":1,"ValueType":"System.String"},"Value":"TestIzboriVVS.UnitTestFunkcionalnost5"},{"Key":{"Id":"TestCase.ManagedMethod","Label":"ManagedMethod","Category":"","Description":"","Attributes":1,"ValueType":"System.String"},"Value":"TestRestartovanjGlasaCSV(System.Int32,System.Int32,System.Collections.Generic.List`1<System.Int32>)"},{"Key":{"Id":"MSTestDiscoverer.TestClassName","Label":"ClassName","Category":"","Description":"","Attributes":1,"ValueType":"System.String"},"Value":"TestIzboriVVS.UnitTestFunkcionalnost5"},{"Key":{"Id":"TestCase.Hierarchy","Label":"Hierarchy","Category":"","Description":"","Attributes":2,"ValueType":"System.String[]"},"Value":["TestIzboriVVS","UnitTestFunkcionalnost5"]},{"Key":{"Id":"TestObject.Traits","Label":"Traits","Category":"","Description":"","Attributes":5,"ValueType":"System.Collections.Generic.KeyValuePair`2[[System.String],[System.String]][]"},"Value":[]},{"Key":{"Id":"MSTest.DynamicDataType","Label":"DynamicDataType","Category":"","Description":"","Attributes":1,"ValueType":"System.Int32"},"Value":2},{"Key":{"Id":"MSTest.DynamicData","Label":"DynamicData","Category":"","Description":"","Attributes":1,"ValueType":"System.String[]"},"Value":["System.Int32, System.Private.CoreLib, Version=5.0.0.0, Culture=neutral, PublicKeyToken=7cec85d7bea7798e","3","System.Int32, System.Private.CoreLib, Version=5.0.0.0, Culture=neutral, PublicKeyToken=7cec85d7bea7798e","1","System.Collections.Generic.List`1[[System.Int32, System.Private.CoreLib, Version=5.0.0.0, Culture=neutral, PublicKeyToken=7cec85d7bea7798e]], System.Private.CoreLib, Version=5.0.0.0, Culture=neutral, PublicKeyToken=7cec85d7bea7798e","[1,2]"]}]},"Attachments":[],"Outcome":2,"ErrorMessage":"Assert.AreEqual failed. Expected:<-1>. Actual:<0>. ","ErrorStackTrace":"   at TestIzboriVVS.UnitTestFunkcionalnost5.TestRestartovanjGlasaCSV(Int32 glas, Int32 starn, List`1 glasi) in C:\\Users\\bobici\\Source\\Repos\\dina\\vvs-zad1\\TestIzboriVVS\\UnitTestFunkcionalnost5.cs:line 96\r\n","DisplayName":"TestRestartovanjGlasaCSV (3,1,System.Collections.Generic.List`1[System.Int32])","Messages":[],"ComputerName":null,"Duration":"00:00:00.0004628","StartTime":"2022-12-11T18:15:21.4901451+01:00","EndTime":"2022-12-11T18:15:21.4908686+01:00","Properties":[{"Key":{"Id":"ExecutionId","Label":"ExecutionId","Category":"","Description":"","Attributes":1,"ValueType":"System.Guid"},"Value":"00000000-0000-0000-0000-000000000000"},{"Key":{"Id":"ParentExecId","Label":"ParentExecId","Category":"","Description":"","Attributes":1,"ValueType":"System.Guid"},"Value":"00000000-0000-0000-0000-000000000000"},{"Key":{"Id":"InnerResultsCount","Label":"InnerResultsCount","Category":"","Description":"","Attributes":1,"ValueType":"System.Int32"},"Value":0}]}],"TestRunStatistics":{"ExecutedTests":18,"Stats":{"Passed":15,"Failed":3}},"ActiveTests":[{"Id":"07721db3-5843-5e47-097f-74133307c12d","FullyQualifiedName":"TestIzboriVVS.UnitTestFunkcionalnost5.TestRestartovanjGlasaCSV","DisplayName":"TestRestartovanjGlasaCSV (1,2,System.Collections.Generic.List`1[System.Int32])","ExecutorUri":"executor://MSTestAdapter/v2","Source":"C:\\Users\\bobici\\Source\\Repos\\dina\\vvs-zad1\\TestIzboriVVS\\bin\\Debug\\net5.0\\fine-code-coverage\\build-output\\TestIzboriVVS.dll","CodeFilePath":null,"LineNumber":-1,"Properties":[{"Key":{"Id":"TestCase.ManagedType","Label":"ManagedType","Category":"","Description":"","Attributes":1,"ValueType":"System.String"},"Value":"TestIzboriVVS.UnitTestFunkcionalnost5"},{"Key":{"Id":"TestCase.ManagedMethod","Label":"ManagedMethod","Category":"","Description":"","Attributes":1,"ValueType":"System.String"},"Value":"TestRestartovanjGlasaCSV(System.Int32,System.Int32,System.Collections.Generic.List`1<System.Int32>)"},{"Key":{"Id":"MSTestDiscoverer.TestClassName","Label":"ClassName","Category":"","Description":"","Attributes":1,"ValueType":"System.String"},"Value":"TestIzboriVVS.UnitTestFunkcionalnost5"},{"Key":{"Id":"TestCase.Hierarchy","Label":"Hierarchy","Category":"","Description":"","Attributes":2,"ValueType":"System.String[]"},"Value":["TestIzboriVVS","UnitTestFunkcionalnost5"]},{"Key":{"Id":"TestObject.Traits","Label":"Traits","Category":"","Description":"","Attributes":5,"ValueType":"System.Collections.Generic.KeyValuePair`2[[System.String],[System.String]][]"},"Value":[]},{"Key":{"Id":"MSTest.DynamicDataType","Label":"DynamicDataType","Category":"","Description":"","Attributes":1,"ValueType":"System.Int32"},"Value":2},{"Key":{"Id":"MSTest.DynamicData","Label":"DynamicData","Category":"","Description":"","Attributes":1,"ValueType":"System.String[]"},"Value":["System.Int32, System.Private.CoreLib, Version=5.0.0.0, Culture=neutral, PublicKeyToken=7cec85d7bea7798e","1","System.Int32, System.Private.CoreLib, Version=5.0.0.0, Culture=neutral, PublicKeyToken=7cec85d7bea7798e","2","System.Collections.Generic.List`1[[System.Int32, System.Private.CoreLib, Version=5.0.0.0, Culture=neutral, PublicKeyToken=7cec85d7bea7798e]], System.Private.CoreLib, Version=5.0.0.0, Culture=neutral, PublicKeyToken=7cec85d7bea7798e","[1,3]"]}]}]}}
TpTrace Verbose: 0 : 23768, 4, 2022/12/11, 18:15:21.493, 16726648583181, testhost.dll, TestRunCache: OnNewTestResult: Notified the onCacheHit callback.
TpTrace Verbose: 0 : 23768, 4, 2022/12/11, 18:15:21.494, 16726648592771, testhost.dll, MulticastDelegateUtilities.SafeInvoke: TestCaseEventsHandler.RaiseTestCaseStart: Invoking callback 1/1 for Microsoft.VisualStudio.TestPlatform.CrossPlatEngine.DataCollection.ProxyOutOfProcDataCollectionManager.TriggerTestCaseStart, took 0 ms.
TpTrace Information: 0 : 23768, 4, 2022/12/11, 18:15:21.494, 16726648593235, testhost.dll, MSTest - Executing test TestRestartovanjGlasaCSV
TpTrace Information: 0 : 23768, 4, 2022/12/11, 18:15:21.494, 16726648599081, testhost.dll, MSTest - Executed test TestRestartovanjGlasaCSV
TpTrace Verbose: 0 : 23768, 4, 2022/12/11, 18:15:21.494, 16726648599540, testhost.dll, TestExecutionRecorder.RecordEnd: test: TestIzboriVVS.UnitTestFunkcionalnost5.TestRestartovanjGlasaCSV execution completed.
TpTrace Warning: 0 : 23768, 4, 2022/12/11, 18:15:21.494, 16726648599833, testhost.dll, TestRunCache: InProgressTests is null
TpTrace Verbose: 0 : 23768, 4, 2022/12/11, 18:15:21.495, 16726648610102, testhost.dll, MulticastDelegateUtilities.SafeInvoke: TestCaseEventsHandler.RaiseTestCaseEnd: Invoking callback 1/1 for Microsoft.VisualStudio.TestPlatform.CrossPlatEngine.DataCollection.ProxyOutOfProcDataCollectionManager.TriggerTestCaseEnd, took 0 ms.
TpTrace Information: 0 : 23768, 4, 2022/12/11, 18:15:21.495, 16726648610566, testhost.dll, MSTest - MSTestExecutor:Test TestIzboriVVS.UnitTestFunkcionalnost5.TestRestartovanjGlasaCSV failed. ErrorMessage:Assert.AreEqual failed. Expected:<-1>. Actual:<0>. , ErrorStackTrace:   at TestIzboriVVS.UnitTestFunkcionalnost5.TestRestartovanjGlasaCSV(Int32 glas, Int32 starn, List`1 glasi) in C:\Users\bobici\Source\Repos\dina\vvs-zad1\TestIzboriVVS\UnitTestFunkcionalnost5.cs:line 96
.
TpTrace Verbose: 0 : 23768, 4, 2022/12/11, 18:15:21.495, 16726648610904, testhost.dll, TestExecutionRecorder.RecordResult: Received result for test: TestIzboriVVS.UnitTestFunkcionalnost5.TestRestartovanjGlasaCSV.
TpTrace Verbose: 0 : 23768, 4, 2022/12/11, 18:15:21.495, 16726648611272, testhost.dll, MulticastDelegateUtilities.SafeInvoke: TestCaseEventsHandler.RaiseTestCaseEnd: Invoking callback 1/1 for Microsoft.VisualStudio.TestPlatform.CrossPlatEngine.DataCollection.ProxyOutOfProcDataCollectionManager.TriggerSendTestResult, took 0 ms.
TpTrace Warning: 0 : 23768, 4, 2022/12/11, 18:15:21.495, 16726648611608, testhost.dll, TestRunCache: InProgressTests is null
TpTrace Warning: 0 : 23768, 4, 2022/12/11, 18:15:21.496, 16726648611875, testhost.dll, TestRunCache: No test found corresponding to testResult 'TestRestartovanjGlasaCSV (1,2,System.Collections.Generic.List`1[System.Int32])' in inProgress list.
TpTrace Verbose: 0 : 23768, 4, 2022/12/11, 18:15:21.496, 16726648612803, testhost.dll, TestExecutionRecorder.RecordStart: Starting test: TestnaKlasa.UnitTest1.TestDaLiSeGlasaloZaKandidata.
TpTrace Verbose: 0 : 23768, 4, 2022/12/11, 18:15:21.496, 16726648621485, testhost.dll, MulticastDelegateUtilities.SafeInvoke: TestCaseEventsHandler.RaiseTestCaseStart: Invoking callback 1/1 for Microsoft.VisualStudio.TestPlatform.CrossPlatEngine.DataCollection.ProxyOutOfProcDataCollectionManager.TriggerTestCaseStart, took 0 ms.
TpTrace Information: 0 : 23768, 4, 2022/12/11, 18:15:21.497, 16726648621976, testhost.dll, MSTest - Executing test TestDaLiSeGlasaloZaKandidata
TpTrace Information: 0 : 23768, 4, 2022/12/11, 18:15:21.497, 16726648627113, testhost.dll, MSTest - Executed test TestDaLiSeGlasaloZaKandidata
TpTrace Verbose: 0 : 23768, 4, 2022/12/11, 18:15:21.497, 16726648627605, testhost.dll, TestExecutionRecorder.RecordEnd: test: TestnaKlasa.UnitTest1.TestDaLiSeGlasaloZaKandidata execution completed.
TpTrace Verbose: 0 : 23768, 4, 2022/12/11, 18:15:21.498, 16726648639922, testhost.dll, MulticastDelegateUtilities.SafeInvoke: TestCaseEventsHandler.RaiseTestCaseEnd: Invoking callback 1/1 for Microsoft.VisualStudio.TestPlatform.CrossPlatEngine.DataCollection.ProxyOutOfProcDataCollectionManager.TriggerTestCaseEnd, took 1 ms.
TpTrace Verbose: 0 : 23768, 4, 2022/12/11, 18:15:21.498, 16726648640483, testhost.dll, TestExecutionRecorder.RecordResult: Received result for test: TestnaKlasa.UnitTest1.TestDaLiSeGlasaloZaKandidata.
TpTrace Verbose: 0 : 23768, 4, 2022/12/11, 18:15:21.498, 16726648640947, testhost.dll, MulticastDelegateUtilities.SafeInvoke: TestCaseEventsHandler.RaiseTestCaseEnd: Invoking callback 1/1 for Microsoft.VisualStudio.TestPlatform.CrossPlatEngine.DataCollection.ProxyOutOfProcDataCollectionManager.TriggerSendTestResult, took 0 ms.
TpTrace Warning: 0 : 23768, 4, 2022/12/11, 18:15:21.498, 16726648641311, testhost.dll, TestRunCache: InProgressTests is null
TpTrace Warning: 0 : 23768, 4, 2022/12/11, 18:15:21.498, 16726648641588, testhost.dll, TestRunCache: No test found corresponding to testResult 'TestDaLiSeGlasaloZaKandidata' in inProgress list.
TpTrace Information: 0 : 23768, 4, 2022/12/11, 18:15:21.499, 16726648642983, testhost.dll, MSTest - Executing cleanup methods.
TpTrace Information: 0 : 23768, 4, 2022/12/11, 18:15:21.500, 16726648653840, testhost.dll, MSTest - Executed cleanup methods.
TpTrace Information: 0 : 23768, 4, 2022/12/11, 18:15:21.500, 16726648654292, testhost.dll, MSTest - Executed tests belonging to source C:\Users\bobici\Source\Repos\dina\vvs-zad1\TestIzboriVVS\bin\Debug\net5.0\fine-code-coverage\build-output\TestIzboriVVS.dll
TpTrace Verbose: 0 : 23768, 4, 2022/12/11, 18:15:21.500, 16726648656845, testhost.dll, BaseRunTests.RunTestInternalWithExecutors: Completed running tests for executor://MSTestAdapter/v2
TpTrace Verbose: 0 : 23768, 4, 2022/12/11, 18:15:21.501, 16726648665657, testhost.dll, MulticastDelegateUtilities.SafeInvoke: TestCaseEventsHandler.RaiseSessionEnd: Invoking callback 1/1 for Microsoft.VisualStudio.TestPlatform.CrossPlatEngine.DataCollection.ProxyOutOfProcDataCollectionManager.TriggerTestSessionEnd, took 0 ms.
TpTrace Information: 0 : 23768, 4, 2022/12/11, 18:15:21.503, 16726648685162, testhost.dll, Sending test run complete
TpTrace Verbose: 0 : 23768, 4, 2022/12/11, 18:15:21.511, 16726648769316, testhost.dll, TestRequestHandler.SendData: sending data from testhost: {"Version":7,"MessageType":"TestExecution.Completed","Payload":{"TestRunCompleteArgs":{"TestRunStatistics":{"ExecutedTests":20,"Stats":{"Passed":16,"Failed":4}},"IsCanceled":false,"IsAborted":false,"Error":null,"AttachmentSets":[],"InvokedDataCollectors":[],"ElapsedTimeInRunningTests":"00:00:00.3747330","Metrics":{},"DiscoveredExtensions":{"TestDiscoverers":["Microsoft.VisualStudio.TestPlatform.MSTest.TestAdapter.MSTestDiscoverer, Microsoft.VisualStudio.TestPlatform.MSTest.TestAdapter, Version=14.0.0.0, Culture=neutral, PublicKeyToken=b03f5f7f11d50a3a"],"TestExecutors":["executor://MSTestAdapter/v2"],"TestExecutors2":[],"TestSettingsProviders":[]}},"LastRunTests":{"NewTestResults":[{"TestCase":{"Id":"07721db3-5843-5e47-097f-74133307c12d","FullyQualifiedName":"TestIzboriVVS.UnitTestFunkcionalnost5.TestRestartovanjGlasaCSV","DisplayName":"TestRestartovanjGlasaCSV (1,2,System.Collections.Generic.List`1[System.Int32])","ExecutorUri":"executor://MSTestAdapter/v2","Source":"C:\\Users\\bobici\\Source\\Repos\\dina\\vvs-zad1\\TestIzboriVVS\\bin\\Debug\\net5.0\\fine-code-coverage\\build-output\\TestIzboriVVS.dll","CodeFilePath":null,"LineNumber":-1,"Properties":[{"Key":{"Id":"TestCase.ManagedType","Label":"ManagedType","Category":"","Description":"","Attributes":1,"ValueType":"System.String"},"Value":"TestIzboriVVS.UnitTestFunkcionalnost5"},{"Key":{"Id":"TestCase.ManagedMethod","Label":"ManagedMethod","Category":"","Description":"","Attributes":1,"ValueType":"System.String"},"Value":"TestRestartovanjGlasaCSV(System.Int32,System.Int32,System.Collections.Generic.List`1<System.Int32>)"},{"Key":{"Id":"MSTestDiscoverer.TestClassName","Label":"ClassName","Category":"","Description":"","Attributes":1,"ValueType":"System.String"},"Value":"TestIzboriVVS.UnitTestFunkcionalnost5"},{"Key":{"Id":"TestCase.Hierarchy","Label":"Hierarchy","Category":"","Description":"","Attributes":2,"ValueType":"System.String[]"},"Value":["TestIzboriVVS","UnitTestFunkcionalnost5"]},{"Key":{"Id":"TestObject.Traits","Label":"Traits","Category":"","Description":"","Attributes":5,"ValueType":"System.Collections.Generic.KeyValuePair`2[[System.String],[System.String]][]"},"Value":[]},{"Key":{"Id":"MSTest.DynamicDataType","Label":"DynamicDataType","Category":"","Description":"","Attributes":1,"ValueType":"System.Int32"},"Value":2},{"Key":{"Id":"MSTest.DynamicData","Label":"DynamicData","Category":"","Description":"","Attributes":1,"ValueType":"System.String[]"},"Value":["System.Int32, System.Private.CoreLib, Version=5.0.0.0, Culture=neutral, PublicKeyToken=7cec85d7bea7798e","1","System.Int32, System.Private.CoreLib, Version=5.0.0.0, Culture=neutral, PublicKeyToken=7cec85d7bea7798e","2","System.Collections.Generic.List`1[[System.Int32, System.Private.CoreLib, Version=5.0.0.0, Culture=neutral, PublicKeyToken=7cec85d7bea7798e]], System.Private.CoreLib, Version=5.0.0.0, Culture=neutral, PublicKeyToken=7cec85d7bea7798e","[1,3]"]}]},"Attachments":[],"Outcome":2,"ErrorMessage":"Assert.AreEqual failed. Expected:<-1>. Actual:<0>. ","ErrorStackTrace":"   at TestIzboriVVS.UnitTestFunkcionalnost5.TestRestartovanjGlasaCSV(Int32 glas, Int32 starn, List`1 glasi) in C:\\Users\\bobici\\Source\\Repos\\dina\\vvs-zad1\\TestIzboriVVS\\UnitTestFunkcionalnost5.cs:line 96\r\n","DisplayName":"TestRestartovanjGlasaCSV (1,2,System.Collections.Generic.List`1[System.Int32])","Messages":[],"ComputerName":null,"Duration":"00:00:00.0004356","StartTime":"2022-12-11T18:15:21.4941584+01:00","EndTime":"2022-12-11T18:15:21.4947847+01:00","Properties":[{"Key":{"Id":"ExecutionId","Label":"ExecutionId","Category":"","Description":"","Attributes":1,"ValueType":"System.Guid"},"Value":"00000000-0000-0000-0000-000000000000"},{"Key":{"Id":"ParentExecId","Label":"ParentExecId","Category":"","Description":"","Attributes":1,"ValueType":"System.Guid"},"Value":"00000000-0000-0000-0000-000000000000"},{"Key":{"Id":"InnerResultsCount","Label":"InnerResultsCount","Category":"","Description":"","Attributes":1,"ValueType":"System.Int32"},"Value":0}]},{"TestCase":{"Id":"7d7e024d-46e5-4e9e-13dc-1b4393dad7f6","FullyQualifiedName":"TestnaKlasa.UnitTest1.TestDaLiSeGlasaloZaKandidata","DisplayName":"TestDaLiSeGlasaloZaKandidata","ExecutorUri":"executor://MSTestAdapter/v2","Source":"C:\\Users\\bobici\\Source\\Repos\\dina\\vvs-zad1\\TestIzboriVVS\\bin\\Debug\\net5.0\\fine-code-coverage\\build-output\\TestIzboriVVS.dll","CodeFilePath":null,"LineNumber":-1,"Properties":[{"Key":{"Id":"TestCase.ManagedType","Label":"ManagedType","Category":"","Description":"","Attributes":1,"ValueType":"System.String"},"Value":"TestnaKlasa.UnitTest1"},{"Key":{"Id":"TestCase.ManagedMethod","Label":"ManagedMethod","Category":"","Description":"","Attributes":1,"ValueType":"System.String"},"Value":"TestDaLiSeGlasaloZaKandidata"},{"Key":{"Id":"MSTestDiscoverer.TestClassName","Label":"ClassName","Category":"","Description":"","Attributes":1,"ValueType":"System.String"},"Value":"TestnaKlasa.UnitTest1"},{"Key":{"Id":"TestCase.Hierarchy","Label":"Hierarchy","Category":"","Description":"","Attributes":2,"ValueType":"System.String[]"},"Value":["TestnaKlasa","UnitTest1"]},{"Key":{"Id":"TestObject.Traits","Label":"Traits","Category":"","Description":"","Attributes":5,"ValueType":"System.Collections.Generic.KeyValuePair`2[[System.String],[System.String]][]"},"Value":[]}]},"Attachments":[],"Outcome":1,"ErrorMessage":null,"ErrorStackTrace":null,"DisplayName":"TestDaLiSeGlasaloZaKandidata","Messages":[],"ComputerName":null,"Duration":"00:00:00.0003037","StartTime":"2022-12-11T18:15:21.4970331+01:00","EndTime":"2022-12-11T18:15:21.4975897+01:00","Properties":[{"Key":{"Id":"ExecutionId","Label":"ExecutionId","Category":"","Description":"","Attributes":1,"ValueType":"System.Guid"},"Value":"00000000-0000-0000-0000-000000000000"},{"Key":{"Id":"ParentExecId","Label":"ParentExecId","Category":"","Description":"","Attributes":1,"ValueType":"System.Guid"},"Value":"00000000-0000-0000-0000-000000000000"},{"Key":{"Id":"InnerResultsCount","Label":"InnerResultsCount","Category":"","Description":"","Attributes":1,"ValueType":"System.Int32"},"Value":0}]}],"TestRunStatistics":{"ExecutedTests":20,"Stats":{"Passed":16,"Failed":4}},"ActiveTests":[]},"RunAttachments":[],"ExecutorUris":["executor://mstestadapter/v2"]}}
TpTrace Verbose: 0 : 23768, 4, 2022/12/11, 18:15:21.512, 16726648772759, testhost.dll, BaseRunTests.RunTests: Run is complete.
TpTrace Verbose: 0 : 23768, 10, 2022/12/11, 18:15:21.512, 16726648776573, testhost.dll, TcpClientExtensions.MessageLoopAsync: NotifyDataAvailable remoteEndPoint: [::ffff:127.0.0.1]:64611 localEndPoint: [::ffff:127.0.0.1]:64612
TpTrace Information: 0 : 23768, 10, 2022/12/11, 18:15:21.512, 16726648777241, testhost.dll, TestRequestHandler.OnMessageReceived: received message: (TestSession.Terminate) -> {"MessageType":"TestSession.Terminate","Payload":null}
TpTrace Information: 0 : 23768, 10, 2022/12/11, 18:15:21.512, 16726648777555, testhost.dll, Session End message received from server. Closing the connection.
TpTrace Information: 0 : 23768, 10, 2022/12/11, 18:15:21.512, 16726648779679, testhost.dll, SocketClient.Stop: Stop communication from server endpoint: 127.0.0.1:064611
TpTrace Information: 0 : 23768, 10, 2022/12/11, 18:15:21.512, 16726648780070, testhost.dll, SocketClient: Stop: Cancellation requested. Stopping message loop.
TpTrace Verbose: 0 : 23768, 10, 2022/12/11, 18:15:21.512, 16726648781292, testhost.dll, LengthPrefixCommunicationChannel.Dispose: Dispose reader and writer.
TpTrace Information: 0 : 23768, 10, 2022/12/11, 18:15:21.513, 16726648781685, testhost.dll, Closing the connection !
TpTrace Verbose: 0 : 23768, 10, 2022/12/11, 18:15:21.513, 16726648782028, testhost.dll, MulticastDelegateUtilities.SafeInvoke: LengthPrefixCommunicationChannel: MessageReceived: Invoking callback 1/1 for Microsoft.VisualStudio.TestPlatform.CommunicationUtilities.TestRequestHandler.OnMessageReceived, took 0 ms.
TpTrace Information: 0 : 23768, 10, 2022/12/11, 18:15:21.513, 16726648783596, testhost.dll, SocketClient.PrivateStop: Stop communication from server endpoint: 127.0.0.1:064611, error:
TpTrace Verbose: 0 : 23768, 10, 2022/12/11, 18:15:21.513, 16726648785706, testhost.dll, LengthPrefixCommunicationChannel.Dispose: Dispose reader and writer.
TpTrace Verbose: 0 : 23768, 10, 2022/12/11, 18:15:21.513, 16726648786214, testhost.dll, TcpClientExtensions.MessageLoopAsync: exiting MessageLoopAsync remoteEndPoint: [::ffff:127.0.0.1]:64611 localEndPoint: [::ffff:127.0.0.1]:64612
TpTrace Information: 0 : 23768, 1, 2022/12/11, 18:15:21.513, 16726648785718, testhost.dll, Closing the connection!
TpTrace Information: 0 : 23768, 1, 2022/12/11, 18:15:21.513, 16726648787050, testhost.dll, SocketClient.Stop: Stop communication from server endpoint: 127.0.0.1:064611
TpTrace Verbose: 0 : 23768, 1, 2022/12/11, 18:15:21.513, 16726648787402, testhost.dll, LengthPrefixCommunicationChannel.Dispose: Dispose reader and writer.
TpTrace Information: 0 : 23768, 1, 2022/12/11, 18:15:21.513, 16726648788038, testhost.dll, Testhost process exiting.
